file generated for tiny fixtures
file generated for tiny fixtures
file generated for tiny fixtures
file generated for tiny fixtures
file generated for tiny fixtures
file generated for tiny fixtures
   2.  CONTROL  DATA  FOR  THE  RUN
Nature and format of output:
 ntpr =       10000

Molecular dynamics:
 nstlim =       2500000, dt = 0.002

temperature regulation:
 temp0 = 300

Free energy options:
 clambda = 0.2

FEP MBAR options:
    ifmbar = 1, bar_intervall = 100
    mbar_states = 15

    MBAR - lambda values considered:
      15 total:  0.0000 0.0500 0.1000 0.1500 0.2000 0.3000 0.4000 0.5000 0.6000 0.7000 0.8000 0.8500 0.9000 0.9500 1.0000
    Extra energies will be computed  25000 times.
   3.  ATOMIC COORDINATES AND VELOCITIES
 begin time coords = 250.000

   4.  RESULTS
MBAR Energy analysis:
Energy at 0.0000 =    -12785.807429
Energy at 0.0500 =    -12787.240637
Energy at 0.1000 =    -12789.241426
Energy at 0.1500 =    -12791.580971
Energy at 0.2000 =    -12794.134381
Energy at 0.3000 =    -12799.621123
Energy at 0.4000 =    -12805.394577
Energy at 0.5000 =    -12811.326862
Energy at 0.6000 =    -12817.358495
Energy at 0.7000 =    -12823.459330
Energy at 0.8000 =    -12829.612902
Energy at 0.8500 =    -12832.706290
Energy at 0.9000 =    -12835.809580
Energy at 0.9500 =    -12838.922107
Energy at 1.0000 =    -12842.043326
 
 ------------------------------------------------------------------------------
MBAR Energy analysis:
Energy at 0.0000 =    -12674.375030
Energy at 0.0500 =    -12679.566569
Energy at 0.1000 =    -12684.480571
Energy at 0.1500 =    -12689.232297
Energy at 0.2000 =    -12693.880939
Energy at 0.3000 =    -12702.990573
Energy at 0.4000 =    -12711.955029
Energy at 0.5000 =    -12720.840510
Energy at 0.6000 =    -12729.682345
Energy at 0.7000 =    -12738.501414
Energy at 0.8000 =    -12747.310906
Energy at 0.8500 =    -12751.714898
Energy at 0.9000 =    -12756.119508
Energy at 0.9500 =    -12760.525392
Energy at 1.0000 =    -12764.933096
 
 ------------------------------------------------------------------------------
MBAR Energy analysis:
Energy at 0.0000 =    -12759.746981
Energy at 0.0500 =    -12763.448980
Energy at 0.1000 =    -12767.349407
Energy at 0.1500 =    -12771.374422
Energy at 0.2000 =    -12775.480416
Energy at 0.3000 =    -12783.838247
Energy at 0.4000 =    -12792.305782
Energy at 0.5000 =    -12800.833346
Energy at 0.6000 =    -12809.398714
Energy at 0.7000 =    -12817.991660
Energy at 0.8000 =    -12826.607420
Energy at 0.8500 =    -12830.923103
Energy at 0.9000 =    -12835.243765
Energy at 0.9500 =    -12839.569302
Energy at 1.0000 =    -12843.899639
 
 ------------------------------------------------------------------------------
MBAR Energy analysis:
Energy at 0.0000 =    -12761.884027
Energy at 0.0500 =    -12766.998218
Energy at 0.1000 =    -12771.833602
Energy at 0.1500 =    -12776.478321
Energy at 0.2000 =    -12780.984740
Energy at 0.3000 =    -12789.709645
Energy at 0.4000 =    -12798.180027
Energy at 0.5000 =    -12806.490586
Energy at 0.6000 =    -12814.698377
Energy at 0.7000 =    -12822.839682
Energy at 0.8000 =    -12830.938423
Energy at 0.8500 =    -12834.977117
Energy at 0.9000 =    -12839.010811
Energy at 0.9500 =    -12843.040769
Energy at 1.0000 =    -12847.068049
 
 ------------------------------------------------------------------------------
MBAR Energy analysis:
Energy at 0.0000 =    -12728.826644
Energy at 0.0500 =    -12733.928593
Energy at 0.1000 =    -12739.043591
Energy at 0.1500 =    -12744.166673
Energy at 0.2000 =    -12749.295117
Energy at 0.3000 =    -12759.563046
Energy at 0.4000 =    -12769.842903
Energy at 0.5000 =    -12780.134724
Energy at 0.6000 =    -12790.439853
Energy at 0.7000 =    -12800.759802
Energy at 0.8000 =    -12811.095874
Energy at 0.8500 =    -12816.270277
Energy at 0.9000 =    -12821.449055
Energy at 0.9500 =    -12826.632284
Energy at 1.0000 =    -12831.820021
 
 ------------------------------------------------------------------------------
MBAR Energy analysis:
Energy at 0.0000 =    -12666.368811
Energy at 0.0500 =    -12669.997792
Energy at 0.1000 =    -12673.933944
Energy at 0.1500 =    -12678.085217
Energy at 0.2000 =    -12682.392815
Energy at 0.3000 =    -12691.332393
Energy at 0.4000 =    -12700.561111
Energy at 0.5000 =    -12709.979398
Energy at 0.6000 =    -12719.531000
Energy at 0.7000 =    -12729.181969
Energy at 0.8000 =    -12738.910671
Energy at 0.8500 =    -12743.799459
Energy at 0.9000 =    -12748.702646
Energy at 0.9500 =    -12753.619090
Energy at 1.0000 =    -12758.547818
 
 ------------------------------------------------------------------------------
MBAR Energy analysis:
Energy at 0.0000 =    -12736.947236
Energy at 0.0500 =    -12739.176923
Energy at 0.1000 =    -12741.947834
Energy at 0.1500 =    -12745.064091
Energy at 0.2000 =    -12748.411809
Energy at 0.3000 =    -12755.547005
Energy at 0.4000 =    -12763.039506
Energy at 0.5000 =    -12770.745624
Energy at 0.6000 =    -12778.592439
Energy at 0.7000 =    -12786.539820
Energy at 0.8000 =    -12794.564086
Energy at 0.8500 =    -12798.600182
Energy at 0.9000 =    -12802.650378
Energy at 0.9500 =    -12806.713568
Energy at 1.0000 =    -12810.788827
 
 ------------------------------------------------------------------------------
MBAR Energy analysis:
Energy at 0.0000 =    -12721.280401
Energy at 0.0500 =    -12724.788833
Energy at 0.1000 =    -12728.601932
Energy at 0.1500 =    -12732.621333
Energy at 0.2000 =    -12736.785309
Energy at 0.3000 =    -12745.399128
Energy at 0.4000 =    -12754.252551
Energy at 0.5000 =    -12763.251782
Energy at 0.6000 =    -12772.347028
Energy at 0.7000 =    -12781.510195
Energy at 0.8000 =    -12790.724589
Energy at 0.8500 =    -12795.347587
Energy at 0.9000 =    -12799.979822
Energy at 0.9500 =    -12804.620544
Energy at 1.0000 =    -12809.269137
 
 ------------------------------------------------------------------------------
MBAR Energy analysis:
Energy at 0.0000 =    -12723.649435
Energy at 0.0500 =    -12727.342395
Energy at 0.1000 =    -12730.863386
Energy at 0.1500 =    -12734.241698
Energy at 0.2000 =    -12737.502959
Energy at 0.3000 =    -12743.755468
Energy at 0.4000 =    -12749.747829
Energy at 0.5000 =    -12755.564159
Energy at 0.6000 =    -12761.261012
Energy at 0.7000 =    -12766.877159
Energy at 0.8000 =    -12772.439651
Energy at 0.8500 =    -12775.207001
Energy at 0.9000 =    -12777.967656
Energy at 0.9500 =    -12780.723182
Energy at 1.0000 =    -12783.474914
 
 ------------------------------------------------------------------------------
MBAR Energy analysis:
Energy at 0.0000 =    -12669.603599
Energy at 0.0500 =    -12671.720466
Energy at 0.1000 =    -12673.913221
Energy at 0.1500 =    -12676.121004
Energy at 0.2000 =    -12678.318930
Energy at 0.3000 =    -12682.655942
Energy at 0.4000 =    -12686.915283
Energy at 0.5000 =    -12691.117064
Energy at 0.6000 =    -12695.282934
Energy at 0.7000 =    -12699.430448
Energy at 0.8000 =    -12703.572695
Energy at 0.8500 =    -12705.644901
Energy at 0.9000 =    -12707.719083
Energy at 0.9500 =    -12709.795991
Energy at 1.0000 =    -12711.876246
 
 ------------------------------------------------------------------------------
MBAR Energy analysis:
Energy at 0.0000 =    -12689.556766
Energy at 0.0500 =    -12695.314136
Energy at 0.1000 =    -12700.112003
Energy at 0.1500 =    -12704.338673
Energy at 0.2000 =    -12708.204977
Energy at 0.3000 =    -12715.298438
Energy at 0.4000 =    -12721.915259
Energy at 0.5000 =    -12728.280180
Energy at 0.6000 =    -12734.503263
Energy at 0.7000 =    -12740.643907
Energy at 0.8000 =    -12746.736653
Energy at 0.8500 =    -12749.772051
Energy at 0.9000 =    -12752.802771
Energy at 0.9500 =    -12755.830326
Energy at 1.0000 =    -12758.855953
 
 ------------------------------------------------------------------------------
MBAR Energy analysis:
Energy at 0.0000 =    -12744.604068
Energy at 0.0500 =    -12749.474016
Energy at 0.1000 =    -12754.429171
Energy at 0.1500 =    -12759.447038
Energy at 0.2000 =    -12764.512475
Energy at 0.3000 =    -12774.747062
Energy at 0.4000 =    -12785.079586
Energy at 0.5000 =    -12795.480962
Energy at 0.6000 =    -12805.934234
Energy at 0.7000 =    -12816.428951
Energy at 0.8000 =    -12826.958354
Energy at 0.8500 =    -12832.234574
Energy at 0.9000 =    -12837.517869
Energy at 0.9500 =    -12842.807871
Energy at 1.0000 =    -12848.104265
 
 ------------------------------------------------------------------------------
MBAR Energy analysis:
Energy at 0.0000 =    -12726.643893
Energy at 0.0500 =    -12731.246711
Energy at 0.1000 =    -12735.926973
Energy at 0.1500 =    -12740.667543
Energy at 0.2000 =    -12745.456289
Energy at 0.3000 =    -12755.145325
Energy at 0.4000 =    -12764.946860
Energy at 0.5000 =    -12774.832959
Energy at 0.6000 =    -12784.785966
Energy at 0.7000 =    -12794.794111
Energy at 0.8000 =    -12804.849147
Energy at 0.8500 =    -12809.892308
Energy at 0.9000 =    -12814.945063
Energy at 0.9500 =    -12820.006883
Energy at 1.0000 =    -12825.077302
 
 ------------------------------------------------------------------------------
MBAR Energy analysis:
Energy at 0.0000 =    -12868.431693
Energy at 0.0500 =    -12872.955929
Energy at 0.1000 =    -12877.522154
Energy at 0.1500 =    -12882.149577
Energy at 0.2000 =    -12886.837532
Energy at 0.3000 =    -12896.369371
Energy at 0.4000 =    -12906.064965
Energy at 0.5000 =    -12915.883162
Energy at 0.6000 =    -12925.795708
Energy at 0.7000 =    -12935.783383
Energy at 0.8000 =    -12945.832859
Energy at 0.8500 =    -12950.877694
Energy at 0.9000 =    -12955.934635
Energy at 0.9500 =    -12961.002881
Energy at 1.0000 =    -12966.081730
 
 ------------------------------------------------------------------------------
MBAR Energy analysis:
Energy at 0.0000 =    -12711.990937
Energy at 0.0500 =    -12715.121682
Energy at 0.1000 =    -12718.343779
Energy at 0.1500 =    -12721.535668
Energy at 0.2000 =    -12724.660180
Energy at 0.3000 =    -12730.692896
Energy at 0.4000 =    -12736.484852
Energy at 0.5000 =    -12742.104395
Energy at 0.6000 =    -12747.606548
Energy at 0.7000 =    -12753.030869
Energy at 0.8000 =    -12758.404988
Energy at 0.8500 =    -12761.079474
Energy at 0.9000 =    -12763.748106
Energy at 0.9500 =    -12766.412392
Energy at 1.0000 =    -12769.073597
 
 ------------------------------------------------------------------------------
MBAR Energy analysis:
Energy at 0.0000 =    -12725.666458
Energy at 0.0500 =    -12729.460871
Energy at 0.1000 =    -12733.254548
Energy at 0.1500 =    -12737.052837
Energy at 0.2000 =    -12740.857959
Energy at 0.3000 =    -12748.491782
Energy at 0.4000 =    -12756.158038
Energy at 0.5000 =    -12763.856277
Energy at 0.6000 =    -12771.585679
Energy at 0.7000 =    -12779.345412
Energy at 0.8000 =    -12787.134685
Energy at 0.8500 =    -12791.040155
Energy at 0.9000 =    -12794.952714
Energy at 0.9500 =    -12798.872265
Energy at 1.0000 =    -12802.798707
 
 ------------------------------------------------------------------------------
MBAR Energy analysis:
Energy at 0.0000 =    -12719.392928
Energy at 0.0500 =    -12722.182987
Energy at 0.1000 =    -12725.021692
Energy at 0.1500 =    -12727.863202
Energy at 0.2000 =    -12730.690521
Energy at 0.3000 =    -12736.287376
Energy at 0.4000 =    -12741.815915
Energy at 0.5000 =    -12747.297297
Energy at 0.6000 =    -12752.751202
Energy at 0.7000 =    -12758.192752
Energy at 0.8000 =    -12763.632909
Energy at 0.8500 =    -12766.354984
Energy at 0.9000 =    -12769.079410
Energy at 0.9500 =    -12771.806791
Energy at 1.0000 =    -12774.537626
 
 ------------------------------------------------------------------------------
MBAR Energy analysis:
Energy at 0.0000 =    -12728.020117
Energy at 0.0500 =    -12731.436933
Energy at 0.1000 =    -12734.882929
Energy at 0.1500 =    -12738.347198
Energy at 0.2000 =    -12741.822483
Energy at 0.3000 =    -12748.789716
Energy at 0.4000 =    -12755.766556
Energy at 0.5000 =    -12762.748484
Energy at 0.6000 =    -12769.736267
Energy at 0.7000 =    -12776.732432
Energy at 0.8000 =    -12783.739784
Energy at 0.8500 =    -12787.248455
Energy at 0.9000 =    -12790.760825
Energy at 0.9500 =    -12794.277132
Energy at 1.0000 =    -12797.797583
 
 ------------------------------------------------------------------------------
MBAR Energy analysis:
Energy at 0.0000 =    -12738.191388
Energy at 0.0500 =    -12741.872457
Energy at 0.1000 =    -12745.685664
Energy at 0.1500 =    -12749.581688
Energy at 0.2000 =    -12753.530502
Energy at 0.3000 =    -12761.518418
Energy at 0.4000 =    -12769.567312
Energy at 0.5000 =    -12777.643439
Energy at 0.6000 =    -12785.733196
Energy at 0.7000 =    -12793.831695
Energy at 0.8000 =    -12801.937843
Energy at 0.8500 =    -12805.993904
Energy at 0.9000 =    -12810.052115
Energy at 0.9500 =    -12814.112616
Energy at 1.0000 =    -12818.175549
 
 ------------------------------------------------------------------------------
MBAR Energy analysis:
Energy at 0.0000 =    -12812.313591
Energy at 0.0500 =    -12815.350927
Energy at 0.1000 =    -12818.598958
Energy at 0.1500 =    -12821.915537
Energy at 0.2000 =    -12825.242986
Energy at 0.3000 =    -12831.852409
Energy at 0.4000 =    -12838.374864
Energy at 0.5000 =    -12844.821512
Energy at 0.6000 =    -12851.212680
Energy at 0.7000 =    -12857.566382
Energy at 0.8000 =    -12863.896562
Energy at 0.8500 =    -12867.056180
Energy at 0.9000 =    -12870.213554
Energy at 0.9500 =    -12873.369547
Energy at 1.0000 =    -12876.524891
 
 ------------------------------------------------------------------------------
 NSTEP =    10000   TIME(PS) =     270.000  TEMP(K) =   302.51  PRESS =  -426.9
 Etot   =    -10379.9015  EKtot   =      2414.2329  EPtot      =    -12794.1344
 BOND   =         0.0000  ANGLE   =         0.0000  DIHED      =         0.0000
 1-4 NB =         0.0000  1-4 EEL =         0.0000  VDWAALS    =      1857.6936
 EELEC  =    -14651.8280  EHBOND  =         0.0000  RESTRAINT  =         0.0000
 EKCMT  =      1205.0928  VIRIAL  =      1581.8074  VOLUME     =     40865.9965
                                                    Density    =         0.9797
 DV/DL  =        25.9260
 ------------------------------------------------------------------------------
 NSTEP =   140000   TIME(PS) =     530.000  TEMP(K) =   295.84  PRESS =  -333.8
 Etot   =    -10332.8770  EKtot   =      2361.0039  EPtot      =    -12693.8809
 BOND   =         0.0000  ANGLE   =         0.0000  DIHED      =         0.0000
 1-4 NB =         0.0000  1-4 EEL =         0.0000  VDWAALS    =      1834.1839
 EELEC  =    -14528.0648  EHBOND  =         0.0000  RESTRAINT  =         0.0000
 EKCMT  =      1181.9714  VIRIAL  =      1477.2790  VOLUME     =     40969.9317
                                                    Density    =         0.9772
 DV/DL  =        13.1808
 ------------------------------------------------------------------------------
 NSTEP =   270000   TIME(PS) =     790.000  TEMP(K) =   297.00  PRESS =    71.0
 Etot   =    -10405.2163  EKtot   =      2370.2642  EPtot      =    -12775.4804
 BOND   =         0.0000  ANGLE   =         0.0000  DIHED      =         0.0000
 1-4 NB =         0.0000  1-4 EEL =         0.0000  VDWAALS    =      1922.0315
 EELEC  =    -14697.5119  EHBOND  =         0.0000  RESTRAINT  =         0.0000
 EKCMT  =      1195.1507  VIRIAL  =      1132.7930  VOLUME     =     40650.6769
                                                    Density    =         0.9849
 DV/DL  =        18.1454
 ------------------------------------------------------------------------------
 NSTEP =   400000   TIME(PS) =    1050.000  TEMP(K) =   301.92  PRESS =    31.4
 Etot   =    -10371.5316  EKtot   =      2409.4531  EPtot      =    -12780.9847
 BOND   =         0.0000  ANGLE   =         0.0000  DIHED      =         0.0000
 1-4 NB =         0.0000  1-4 EEL =         0.0000  VDWAALS    =      1935.6736
 EELEC  =    -14716.6584  EHBOND  =         0.0000  RESTRAINT  =         0.0000
 EKCMT  =      1200.0579  VIRIAL  =      1172.2820  VOLUME     =     40909.9979
                                                    Density    =         0.9787
 DV/DL  =         4.3077
 ------------------------------------------------------------------------------
 NSTEP =   530000   TIME(PS) =    1310.000  TEMP(K) =   308.96  PRESS =    15.0
 Etot   =    -10283.6037  EKtot   =      2465.6914  EPtot      =    -12749.2951
 BOND   =         0.0000  ANGLE   =         0.0000  DIHED      =         0.0000
 1-4 NB =         0.0000  1-4 EEL =         0.0000  VDWAALS    =      1903.4093
 EELEC  =    -14652.7044  EHBOND  =         0.0000  RESTRAINT  =         0.0000
 EKCMT  =      1257.1520  VIRIAL  =      1243.8961  VOLUME     =     40928.1857
                                                    Density    =         0.9782
 DV/DL  =        18.5230
 ------------------------------------------------------------------------------
 NSTEP =   670000   TIME(PS) =    1590.000  TEMP(K) =   297.57  PRESS =   505.7
 Etot   =    -10307.6247  EKtot   =      2374.7681  EPtot      =    -12682.3928
 BOND   =         0.0000  ANGLE   =         0.0000  DIHED      =         0.0000
 1-4 NB =         0.0000  1-4 EEL =         0.0000  VDWAALS    =      1973.1202
 EELEC  =    -14655.5130  EHBOND  =         0.0000  RESTRAINT  =         0.0000
 EKCMT  =      1206.8781  VIRIAL  =       760.7153  VOLUME     =     40859.3071
                                                    Density    =         0.9799
 DV/DL  =        30.1447
 ------------------------------------------------------------------------------
 NSTEP =   800000   TIME(PS) =    1850.000  TEMP(K) =   307.90  PRESS =  -187.8
 Etot   =    -10291.2311  EKtot   =      2457.1807  EPtot      =    -12748.4118
 BOND   =         0.0000  ANGLE   =         0.0000  DIHED      =         0.0000
 1-4 NB =         0.0000  1-4 EEL =         0.0000  VDWAALS    =      1859.7843
 EELEC  =    -14608.1961  EHBOND  =         0.0000  RESTRAINT  =         0.0000
 EKCMT  =      1239.6010  VIRIAL  =      1405.0155  VOLUME     =     40793.9642
                                                    Density    =         0.9814
 DV/DL  =        32.4549
 ------------------------------------------------------------------------------
 NSTEP =   930000   TIME(PS) =    2110.000  TEMP(K) =   298.05  PRESS =  -611.2
 Etot   =    -10358.1442  EKtot   =      2378.6411  EPtot      =    -12736.7853
 BOND   =         0.0000  ANGLE   =         0.0000  DIHED      =         0.0000
 1-4 NB =         0.0000  1-4 EEL =         0.0000  VDWAALS    =      1785.4893
 EELEC  =    -14522.2746  EHBOND  =         0.0000  RESTRAINT  =         0.0000
 EKCMT  =      1216.8386  VIRIAL  =      1754.4580  VOLUME     =     40738.3732
                                                    Density    =         0.9828
 DV/DL  =        24.0793
 ------------------------------------------------------------------------------
 NSTEP =  1060000   TIME(PS) =    2370.000  TEMP(K) =   300.26  PRESS =   259.0
 Etot   =    -10341.2654  EKtot   =      2396.2375  EPtot      =    -12737.5030
 BOND   =         0.0000  ANGLE   =         0.0000  DIHED      =         0.0000
 1-4 NB =         0.0000  1-4 EEL =         0.0000  VDWAALS    =      1939.9998
 EELEC  =    -14677.5028  EHBOND  =         0.0000  RESTRAINT  =         0.0000
 EKCMT  =      1206.1256  VIRIAL  =       977.6485  VOLUME     =     40863.9401
                                                    Density    =         0.9798
 DV/DL  =         5.1698
 ------------------------------------------------------------------------------
 NSTEP =  1190000   TIME(PS) =    2630.000  TEMP(K) =   301.09  PRESS =   -79.6
 Etot   =    -10275.4705  EKtot   =      2402.8484  EPtot      =    -12678.3189
 BOND   =         0.0000  ANGLE   =         0.0000  DIHED      =         0.0000
 1-4 NB =         0.0000  1-4 EEL =         0.0000  VDWAALS    =      1850.0807
 EELEC  =    -14528.3996  EHBOND  =         0.0000  RESTRAINT  =         0.0000
 EKCMT  =      1189.8626  VIRIAL  =      1259.9624  VOLUME     =     40781.0425
                                                    Density    =         0.9818
 DV/DL  =        17.3752
 ------------------------------------------------------------------------------
 NSTEP =  1320000   TIME(PS) =    2890.000  TEMP(K) =   295.80  PRESS =   561.0
 Etot   =    -10347.5766  EKtot   =      2360.6284  EPtot      =    -12708.2050
 BOND   =         0.0000  ANGLE   =         0.0000  DIHED      =         0.0000
 1-4 NB =         0.0000  1-4 EEL =         0.0000  VDWAALS    =      2000.0094
 EELEC  =    -14708.2144  EHBOND  =         0.0000  RESTRAINT  =         0.0000
 EKCMT  =      1186.7423  VIRIAL  =       691.8681  VOLUME     =     40854.9880
                                                    Density    =         0.9800
 DV/DL  =         2.7025
 ------------------------------------------------------------------------------
 NSTEP =  1450000   TIME(PS) =    3150.000  TEMP(K) =   292.53  PRESS =  -210.8
 Etot   =    -10429.9558  EKtot   =      2334.5566  EPtot      =    -12764.5125
 BOND   =         0.0000  ANGLE   =         0.0000  DIHED      =         0.0000
 1-4 NB =         0.0000  1-4 EEL =         0.0000  VDWAALS    =      1873.0740
 EELEC  =    -14637.5864  EHBOND  =         0.0000  RESTRAINT  =         0.0000
 EKCMT  =      1161.5206  VIRIAL  =      1347.1910  VOLUME     =     40801.3792
                                                    Density    =         0.9813
 DV/DL  =        19.2563
 ------------------------------------------------------------------------------
 NSTEP =  1580000   TIME(PS) =    3410.000  TEMP(K) =   299.34  PRESS =  -329.9
 Etot   =    -10356.5713  EKtot   =      2388.8850  EPtot      =    -12745.4563
 BOND   =         0.0000  ANGLE   =         0.0000  DIHED      =         0.0000
 1-4 NB =         0.0000  1-4 EEL =         0.0000  VDWAALS    =      1859.3380
 EELEC  =    -14604.7943  EHBOND  =         0.0000  RESTRAINT  =         0.0000
 EKCMT  =      1213.5394  VIRIAL  =      1505.1682  VOLUME     =     40936.7255
                                                    Density    =         0.9780
 DV/DL  =        21.1122
 ------------------------------------------------------------------------------
 NSTEP =  1710000   TIME(PS) =    3670.000  TEMP(K) =   298.14  PRESS =  -447.2
 Etot   =    -10507.5265  EKtot   =      2379.3110  EPtot      =    -12886.8375
 BOND   =         0.0000  ANGLE   =         0.0000  DIHED      =         0.0000
 1-4 NB =         0.0000  1-4 EEL =         0.0000  VDWAALS    =      1890.0717
 EELEC  =    -14776.9092  EHBOND  =         0.0000  RESTRAINT  =         0.0000
 EKCMT  =      1201.9814  VIRIAL  =      1596.6531  VOLUME     =     40871.8822
                                                    Density    =         0.9796
 DV/DL  =        25.3253
 ------------------------------------------------------------------------------
 NSTEP =  1840000   TIME(PS) =    3930.000  TEMP(K) =   292.23  PRESS =    48.9
 Etot   =    -10392.5088  EKtot   =      2332.1514  EPtot      =    -12724.6602
 BOND   =         0.0000  ANGLE   =         0.0000  DIHED      =         0.0000
 1-4 NB =         0.0000  1-4 EEL =         0.0000  VDWAALS    =      1905.5876
 EELEC  =    -14630.2478  EHBOND  =         0.0000  RESTRAINT  =         0.0000
 EKCMT  =      1158.3393  VIRIAL  =      1115.2155  VOLUME     =     40826.7261
                                                    Density    =         0.9807
 DV/DL  =         3.2121
 ------------------------------------------------------------------------------
 NSTEP =  1980000   TIME(PS) =    4210.000  TEMP(K) =   296.13  PRESS =  -201.7
 Etot   =    -10377.5547  EKtot   =      2363.3032  EPtot      =    -12740.8580
 BOND   =         0.0000  ANGLE   =         0.0000  DIHED      =         0.0000
 1-4 NB =         0.0000  1-4 EEL =         0.0000  VDWAALS    =      1879.2079
 EELEC  =    -14620.0659  EHBOND  =         0.0000  RESTRAINT  =         0.0000
 EKCMT  =      1160.2392  VIRIAL  =      1338.4973  VOLUME     =     40935.1686
                                                    Density    =         0.9781
 DV/DL  =        19.1691
 ------------------------------------------------------------------------------
 NSTEP =  2110000   TIME(PS) =    4470.000  TEMP(K) =   302.20  PRESS =  -339.7
 Etot   =    -10318.9271  EKtot   =      2411.7634  EPtot      =    -12730.6905
 BOND   =         0.0000  ANGLE   =         0.0000  DIHED      =         0.0000
 1-4 NB =         0.0000  1-4 EEL =         0.0000  VDWAALS    =      1834.6738
 EELEC  =    -14565.3643  EHBOND  =         0.0000  RESTRAINT  =         0.0000
 EKCMT  =      1194.7946  VIRIAL  =      1494.0868  VOLUME     =     40805.5211
                                                    Density    =         0.9812
 DV/DL  =        16.6301
 ------------------------------------------------------------------------------
 NSTEP =  2240000   TIME(PS) =    4730.000  TEMP(K) =   301.12  PRESS =   -77.3
 Etot   =    -10338.7165  EKtot   =      2403.1060  EPtot      =    -12741.8225
 BOND   =         0.0000  ANGLE   =         0.0000  DIHED      =         0.0000
 1-4 NB =         0.0000  1-4 EEL =         0.0000  VDWAALS    =      1888.4505
 EELEC  =    -14630.2730  EHBOND  =         0.0000  RESTRAINT  =         0.0000
 EKCMT  =      1189.7786  VIRIAL  =      1257.6102  VOLUME     =     40621.4635
                                                    Density    =         0.9856
 DV/DL  =        18.2834
 ------------------------------------------------------------------------------
 NSTEP =  2370000   TIME(PS) =    4990.000  TEMP(K) =   298.33  PRESS =    65.4
 Etot   =    -10372.6955  EKtot   =      2380.8350  EPtot      =    -12753.5305
 BOND   =         0.0000  ANGLE   =         0.0000  DIHED      =         0.0000
 1-4 NB =         0.0000  1-4 EEL =         0.0000  VDWAALS    =      1914.7575
 EELEC  =    -14668.2880  EHBOND  =         0.0000  RESTRAINT  =         0.0000
 EKCMT  =      1159.8600  VIRIAL  =      1102.4662  VOLUME     =     40630.7190
                                                    Density    =         0.9854
 DV/DL  =        15.6558
 ------------------------------------------------------------------------------
 NSTEP =  2500000   TIME(PS) =    5250.000  TEMP(K) =   294.52  PRESS =   -64.3
 Etot   =    -10474.8372  EKtot   =      2350.4058  EPtot      =    -12825.2430
 BOND   =         0.0000  ANGLE   =         0.0000  DIHED      =         0.0000
 1-4 NB =         0.0000  1-4 EEL =         0.0000  VDWAALS    =      1903.6917
 EELEC  =    -14728.9347  EHBOND  =         0.0000  RESTRAINT  =         0.0000
 EKCMT  =      1195.7804  VIRIAL  =      1252.2252  VOLUME     =     40625.5760
                                                    Density    =         0.9855
 DV/DL  =        10.2723
 ------------------------------------------------------------------------------
Summary of dvdl values over  20 steps:
    25.9260
    13.1808
    18.1454
    4.3077
    18.5230
    30.1447
    32.4549
    24.0793
    5.1698
    17.3752
    2.7025
    19.2563
    21.1122
    25.3253
    3.2121
    19.1691
    16.6301
    18.2834
    15.6558
    10.2723
End of dvdl summary
   5.  TIMINGS
