file generated for tiny fixtures
file generated for tiny fixtures
file generated for tiny fixtures
file generated for tiny fixtures
file generated for tiny fixtures
file generated for tiny fixtures
   2.  CONTROL  DATA  FOR  THE  RUN
Nature and format of output:
 ntpr =       10000

Molecular dynamics:
 nstlim =       2500000, dt = 0.002

temperature regulation:
 temp0 = 300

Free energy options:
 clambda = 0.3

FEP MBAR options:
    ifmbar = 1, bar_intervall = 100
    mbar_states = 15

    MBAR - lambda values considered:
      15 total:  0.0000 0.0500 0.1000 0.1500 0.2000 0.3000 0.4000 0.5000 0.6000 0.7000 0.8000 0.8500 0.9000 0.9500 1.0000
    Extra energies will be computed  25000 times.
   3.  ATOMIC COORDINATES AND VELOCITIES
 begin time coords = 250.000

   4.  RESULTS
MBAR Energy analysis:
Energy at 0.0000 =    -12678.088936
Energy at 0.0500 =    -12681.521932
Energy at 0.1000 =    -12684.566514
Energy at 0.1500 =    -12687.368844
Energy at 0.2000 =    -12690.013080
Energy at 0.3000 =    -12695.013355
Energy at 0.4000 =    -12699.795589
Energy at 0.5000 =    -12704.464151
Energy at 0.6000 =    -12709.072584
Energy at 0.7000 =    -12713.650796
Energy at 0.8000 =    -12718.216572
Energy at 0.8500 =    -12720.498432
Energy at 0.9000 =    -12722.780978
Energy at 0.9500 =    -12725.064995
Energy at 1.0000 =    -12727.351113
 
 ------------------------------------------------------------------------------
MBAR Energy analysis:
Energy at 0.0000 =    -12753.811229
Energy at 0.0500 =    -12755.797141
Energy at 0.1000 =    -12757.566963
Energy at 0.1500 =    -12759.164488
Energy at 0.2000 =    -12760.624510
Energy at 0.3000 =    -12763.235690
Energy at 0.4000 =    -12765.557351
Energy at 0.5000 =    -12767.689067
Energy at 0.6000 =    -12769.695800
Energy at 0.7000 =    -12771.620998
Energy at 0.8000 =    -12773.494333
Energy at 0.8500 =    -12774.418251
Energy at 0.9000 =    -12775.336396
Energy at 0.9500 =    -12776.250408
Energy at 1.0000 =    -12777.161668
 
 ------------------------------------------------------------------------------
MBAR Energy analysis:
Energy at 0.0000 =    -12703.832981
Energy at 0.0500 =    -12706.693046
Energy at 0.1000 =    -12709.579304
Energy at 0.1500 =    -12712.485422
Energy at 0.2000 =    -12715.406646
Energy at 0.3000 =    -12721.281778
Energy at 0.4000 =    -12727.187910
Energy at 0.5000 =    -12733.117128
Energy at 0.6000 =    -12739.065929
Energy at 0.7000 =    -12745.032937
Energy at 0.8000 =    -12751.017764
Energy at 0.8500 =    -12754.016856
Energy at 0.9000 =    -12757.020419
Energy at 0.9500 =    -12760.028475
Energy at 1.0000 =    -12763.041040
 
 ------------------------------------------------------------------------------
MBAR Energy analysis:
Energy at 0.0000 =    -12665.062272
Energy at 0.0500 =    -12668.740671
Energy at 0.1000 =    -12672.322107
Energy at 0.1500 =    -12675.837614
Energy at 0.2000 =    -12679.307127
Energy at 0.3000 =    -12686.157470
Energy at 0.4000 =    -12692.938664
Energy at 0.5000 =    -12699.684923
Energy at 0.6000 =    -12706.415502
Energy at 0.7000 =    -12713.141847
Energy at 0.8000 =    -12719.871003
Energy at 0.8500 =    -12723.238091
Energy at 0.9000 =    -12726.607400
Energy at 0.9500 =    -12729.979238
Energy at 1.0000 =    -12733.353850
 
 ------------------------------------------------------------------------------
MBAR Energy analysis:
Energy at 0.0000 =    -12724.417284
Energy at 0.0500 =    -12727.114538
Energy at 0.1000 =    -12729.839252
Energy at 0.1500 =    -12732.578410
Energy at 0.2000 =    -12735.324908
Energy at 0.3000 =    -12740.826397
Energy at 0.4000 =    -12746.330597
Energy at 0.5000 =    -12751.835573
Energy at 0.6000 =    -12757.342863
Energy at 0.7000 =    -12762.854843
Energy at 0.8000 =    -12768.373791
Energy at 0.8500 =    -12771.136488
Energy at 0.9000 =    -12773.901606
Energy at 0.9500 =    -12776.669316
Energy at 1.0000 =    -12779.439765
 
 ------------------------------------------------------------------------------
MBAR Energy analysis:
Energy at 0.0000 =    -12707.315514
Energy at 0.0500 =    -12711.129227
Energy at 0.1000 =    -12714.531590
Energy at 0.1500 =    -12717.663454
Energy at 0.2000 =    -12720.612132
Energy at 0.3000 =    -12726.165658
Energy at 0.4000 =    -12731.454283
Energy at 0.5000 =    -12736.604030
Energy at 0.6000 =    -12741.680648
Energy at 0.7000 =    -12746.720611
Energy at 0.8000 =    -12751.745094
Energy at 0.8500 =    -12754.255720
Energy at 0.9000 =    -12756.766800
Energy at 0.9500 =    -12759.279176
Energy at 1.0000 =    -12761.793514
 
 ------------------------------------------------------------------------------
MBAR Energy analysis:
Energy at 0.0000 =    -12693.212563
Energy at 0.0500 =    -12696.630092
Energy at 0.1000 =    -12700.144972
Energy at 0.1500 =    -12703.733464
Energy at 0.2000 =    -12707.378979
Energy at 0.3000 =    -12714.796656
Energy at 0.4000 =    -12722.335432
Energy at 0.5000 =    -12729.959450
Energy at 0.6000 =    -12737.646890
Energy at 0.7000 =    -12745.383783
Energy at 0.8000 =    -12753.160801
Energy at 0.8500 =    -12757.062253
Energy at 0.9000 =    -12760.971469
Energy at 0.9500 =    -12764.887915
Energy at 1.0000 =    -12768.811133
 
 ------------------------------------------------------------------------------
MBAR Energy analysis:
Energy at 0.0000 =    -12763.756438
Energy at 0.0500 =    -12765.469684
Energy at 0.1000 =    -12767.405559
Energy at 0.1500 =    -12769.469045
Energy at 0.2000 =    -12771.609656
Energy at 0.3000 =    -12776.021472
Energy at 0.4000 =    -12780.529217
Energy at 0.5000 =    -12785.092588
Energy at 0.6000 =    -12789.696049
Energy at 0.7000 =    -12794.333315
Energy at 0.8000 =    -12799.001653
Energy at 0.8500 =    -12801.347023
Energy at 0.9000 =    -12803.699696
Energy at 0.9500 =    -12806.059569
Energy at 1.0000 =    -12808.426548
 
 ------------------------------------------------------------------------------
MBAR Energy analysis:
Energy at 0.0000 =    -12670.167532
Energy at 0.0500 =    -12673.497003
Energy at 0.1000 =    -12676.404911
Energy at 0.1500 =    -12679.018721
Energy at 0.2000 =    -12681.419750
Energy at 0.3000 =    -12685.784650
Energy at 0.4000 =    -12689.769294
Energy at 0.5000 =    -12693.518047
Energy at 0.6000 =    -12697.115264
Energy at 0.7000 =    -12700.613426
Energy at 0.8000 =    -12704.046712
Energy at 0.8500 =    -12705.746537
Energy at 0.9000 =    -12707.438157
Energy at 0.9500 =    -12709.123372
Energy at 1.0000 =    -12710.803693
 
 ------------------------------------------------------------------------------
MBAR Energy analysis:
Energy at 0.0000 =    -12744.902051
Energy at 0.0500 =    -12747.110003
Energy at 0.1000 =    -12749.521595
Energy at 0.1500 =    -12752.057833
Energy at 0.2000 =    -12754.673998
Energy at 0.3000 =    -12760.050098
Energy at 0.4000 =    -12765.536437
Energy at 0.5000 =    -12771.085995
Energy at 0.6000 =    -12776.677553
Energy at 0.7000 =    -12782.300857
Energy at 0.8000 =    -12787.950599
Energy at 0.8500 =    -12790.784403
Energy at 0.9000 =    -12793.623808
Energy at 0.9500 =    -12796.468615
Energy at 1.0000 =    -12799.318655
 
 ------------------------------------------------------------------------------
MBAR Energy analysis:
Energy at 0.0000 =    -12729.481444
Energy at 0.0500 =    -12731.967646
Energy at 0.1000 =    -12734.223177
Energy at 0.1500 =    -12736.328475
Energy at 0.2000 =    -12738.330019
Energy at 0.3000 =    -12742.129856
Energy at 0.4000 =    -12745.763631
Energy at 0.5000 =    -12749.304658
Energy at 0.6000 =    -12752.795270
Energy at 0.7000 =    -12756.261494
Energy at 0.8000 =    -12759.719954
Energy at 0.8500 =    -12761.449828
Energy at 0.9000 =    -12763.181509
Energy at 0.9500 =    -12764.915794
Energy at 1.0000 =    -12766.653331
 
 ------------------------------------------------------------------------------
MBAR Energy analysis:
Energy at 0.0000 =    -12830.707054
Energy at 0.0500 =    -12837.839460
Energy at 0.1000 =    -12842.675399
Energy at 0.1500 =    -12846.260144
Energy at 0.2000 =    -12849.106892
Energy at 0.3000 =    -12853.572061
Energy at 0.4000 =    -12857.173883
Energy at 0.5000 =    -12860.343197
Energy at 0.6000 =    -12863.276620
Energy at 0.7000 =    -12866.074498
Energy at 0.8000 =    -12868.792513
Energy at 0.8500 =    -12870.132430
Energy at 0.9000 =    -12871.463606
Energy at 0.9500 =    -12872.788278
Energy at 1.0000 =    -12874.108246
 
 ------------------------------------------------------------------------------
MBAR Energy analysis:
Energy at 0.0000 =    -12793.175273
Energy at 0.0500 =    -12796.817075
Energy at 0.1000 =    -12799.996677
Energy at 0.1500 =    -12802.868054
Energy at 0.2000 =    -12805.524581
Energy at 0.3000 =    -12810.413665
Energy at 0.4000 =    -12814.950160
Energy at 0.5000 =    -12819.279128
Energy at 0.6000 =    -12823.481628
Energy at 0.7000 =    -12827.606143
Energy at 0.8000 =    -12831.683144
Energy at 0.8500 =    -12833.710319
Energy at 0.9000 =    -12835.732480
Energy at 0.9500 =    -12837.751112
Energy at 1.0000 =    -12839.767440
 
 ------------------------------------------------------------------------------
MBAR Energy analysis:
Energy at 0.0000 =    -12748.383860
Energy at 0.0500 =    -12752.202549
Energy at 0.1000 =    -12755.646042
Energy at 0.1500 =    -12758.840360
Energy at 0.2000 =    -12761.860081
Energy at 0.3000 =    -12767.550144
Energy at 0.4000 =    -12772.943150
Energy at 0.5000 =    -12778.156124
Energy at 0.6000 =    -12783.256242
Energy at 0.7000 =    -12788.284869
Energy at 0.8000 =    -12793.268738
Energy at 0.8500 =    -12795.749722
Energy at 0.9000 =    -12798.225728
Energy at 0.9500 =    -12800.698134
Energy at 1.0000 =    -12803.168095
 
 ------------------------------------------------------------------------------
MBAR Energy analysis:
Energy at 0.0000 =    -12719.007210
Energy at 0.0500 =    -12722.618291
Energy at 0.1000 =    -12726.264021
Energy at 0.1500 =    -12729.938593
Energy at 0.2000 =    -12733.637465
Energy at 0.3000 =    -12741.094379
Energy at 0.4000 =    -12748.613587
Energy at 0.5000 =    -12756.181057
Energy at 0.6000 =    -12763.787183
Energy at 0.7000 =    -12771.425184
Energy at 0.8000 =    -12779.090144
Energy at 0.8500 =    -12782.931555
Energy at 0.9000 =    -12786.778412
Energy at 0.9500 =    -12790.630391
Energy at 1.0000 =    -12794.487207
 
 ------------------------------------------------------------------------------
MBAR Energy analysis:
Energy at 0.0000 =    -12709.574998
Energy at 0.0500 =    -12712.119052
Energy at 0.1000 =    -12714.675621
Energy at 0.1500 =    -12717.227062
Energy at 0.2000 =    -12719.766851
Energy at 0.3000 =    -12724.807393
Energy at 0.4000 =    -12729.803951
Energy at 0.5000 =    -12734.770700
Energy at 0.6000 =    -12739.720516
Energy at 0.7000 =    -12744.663460
Energy at 0.8000 =    -12749.606997
Energy at 0.8500 =    -12752.080742
Energy at 0.9000 =    -12754.556529
Energy at 0.9500 =    -12757.034796
Energy at 1.0000 =    -12759.515906
 
 ------------------------------------------------------------------------------
MBAR Energy analysis:
Energy at 0.0000 =    -12715.134621
Energy at 0.0500 =    -12718.341207
Energy at 0.1000 =    -12721.612461
Energy at 0.1500 =    -12724.939983
Energy at 0.2000 =    -12728.315206
Energy at 0.3000 =    -12735.179730
Energy at 0.4000 =    -12742.159754
Energy at 0.5000 =    -12749.224545
Energy at 0.6000 =    -12756.353853
Energy at 0.7000 =    -12763.534124
Energy at 0.8000 =    -12770.756076
Energy at 0.8500 =    -12774.380565
Energy at 0.9000 =    -12778.013186
Energy at 0.9500 =    -12781.653400
Energy at 1.0000 =    -12785.300742
 
 ------------------------------------------------------------------------------
MBAR Energy analysis:
Energy at 0.0000 =    -12764.443733
Energy at 0.0500 =    -12766.862438
Energy at 0.1000 =    -12769.402506
Energy at 0.1500 =    -12772.015376
Energy at 0.2000 =    -12774.673064
Energy at 0.3000 =    -12780.062917
Energy at 0.4000 =    -12785.502720
Energy at 0.5000 =    -12790.966307
Energy at 0.6000 =    -12796.444098
Energy at 0.7000 =    -12801.933151
Energy at 0.8000 =    -12807.433147
Energy at 0.8500 =    -12810.187434
Energy at 0.9000 =    -12812.944721
Energy at 0.9500 =    -12815.705120
Energy at 1.0000 =    -12818.468740
 
 ------------------------------------------------------------------------------
MBAR Energy analysis:
Energy at 0.0000 =    -12751.387213
Energy at 0.0500 =    -12755.169971
Energy at 0.1000 =    -12758.727910
Energy at 0.1500 =    -12762.111479
Energy at 0.2000 =    -12765.359038
Energy at 0.3000 =    -12771.556262
Energy at 0.4000 =    -12777.481666
Energy at 0.5000 =    -12783.233427
Energy at 0.6000 =    -12788.872937
Energy at 0.7000 =    -12794.439725
Energy at 0.8000 =    -12799.959889
Energy at 0.8500 =    -12802.708231
Energy at 0.9000 =    -12805.451038
Energy at 0.9500 =    -12808.189671
Energy at 1.0000 =    -12810.925265
 
 ------------------------------------------------------------------------------
MBAR Energy analysis:
Energy at 0.0000 =    -12718.537715
Energy at 0.0500 =    -12720.748116
Energy at 0.1000 =    -12723.175367
Energy at 0.1500 =    -12725.724547
Energy at 0.2000 =    -12728.346317
Energy at 0.3000 =    -12733.710604
Energy at 0.4000 =    -12739.161138
Energy at 0.5000 =    -12744.659348
Energy at 0.6000 =    -12750.190208
Energy at 0.7000 =    -12755.747571
Energy at 0.8000 =    -12761.328801
Energy at 0.8500 =    -12764.127954
Energy at 0.9000 =    -12766.932665
Energy at 0.9500 =    -12769.742859
Energy at 1.0000 =    -12772.558471
 
 ------------------------------------------------------------------------------
 NSTEP =    10000   TIME(PS) =     270.000  TEMP(K) =   296.67  PRESS =  -460.9
 Etot   =    -10327.4225  EKtot   =      2367.5908  EPtot      =    -12695.0134
 BOND   =         0.0000  ANGLE   =         0.0000  DIHED      =         0.0000
 1-4 NB =         0.0000  1-4 EEL =         0.0000  VDWAALS    =      1827.2560
 EELEC  =    -14522.2693  EHBOND  =         0.0000  RESTRAINT  =         0.0000
 EKCMT  =      1149.4501  VIRIAL  =      1554.2889  VOLUME     =     40677.6128
                                                    Density    =         0.9843
 DV/DL  =        10.6385
 ------------------------------------------------------------------------------
 NSTEP =   140000   TIME(PS) =     530.000  TEMP(K) =   303.21  PRESS =  -221.4
 Etot   =    -10343.4525  EKtot   =      2419.7832  EPtot      =    -12763.2357
 BOND   =         0.0000  ANGLE   =         0.0000  DIHED      =         0.0000
 1-4 NB =         0.0000  1-4 EEL =         0.0000  VDWAALS    =      1873.4553
 EELEC  =    -14636.6910  EHBOND  =         0.0000  RESTRAINT  =         0.0000
 EKCMT  =      1220.9203  VIRIAL  =      1415.7347  VOLUME     =     40749.6277
                                                    Density    =         0.9825
 DV/DL  =         8.2385
 ------------------------------------------------------------------------------
 NSTEP =   270000   TIME(PS) =     790.000  TEMP(K) =   300.38  PRESS =   194.2
 Etot   =    -10324.0506  EKtot   =      2397.2312  EPtot      =    -12721.2818
 BOND   =         0.0000  ANGLE   =         0.0000  DIHED      =         0.0000
 1-4 NB =         0.0000  1-4 EEL =         0.0000  VDWAALS    =      1927.8851
 EELEC  =    -14649.1669  EHBOND  =         0.0000  RESTRAINT  =         0.0000
 EKCMT  =      1160.7064  VIRIAL  =       989.6917  VOLUME     =     40777.5359
                                                    Density    =         0.9818
 DV/DL  =        16.6733
 ------------------------------------------------------------------------------
 NSTEP =   400000   TIME(PS) =    1050.000  TEMP(K) =   294.25  PRESS =   214.5
 Etot   =    -10337.8523  EKtot   =      2348.3052  EPtot      =    -12686.1575
 BOND   =         0.0000  ANGLE   =         0.0000  DIHED      =         0.0000
 1-4 NB =         0.0000  1-4 EEL =         0.0000  VDWAALS    =      1904.4086
 EELEC  =    -14590.5661  EHBOND  =         0.0000  RESTRAINT  =         0.0000
 EKCMT  =      1178.0064  VIRIAL  =       989.2502  VOLUME     =     40764.1933
                                                    Density    =         0.9822
 DV/DL  =        12.0914
 ------------------------------------------------------------------------------
 NSTEP =   530000   TIME(PS) =    1310.000  TEMP(K) =   305.13  PRESS =    70.6
 Etot   =    -10305.6784  EKtot   =      2435.1479  EPtot      =    -12740.8264
 BOND   =         0.0000  ANGLE   =         0.0000  DIHED      =         0.0000
 1-4 NB =         0.0000  1-4 EEL =         0.0000  VDWAALS    =      1895.7753
 EELEC  =    -14636.6017  EHBOND  =         0.0000  RESTRAINT  =         0.0000
 EKCMT  =      1216.8169  VIRIAL  =      1154.8907  VOLUME     =     40622.3667
                                                    Density    =         0.9856
 DV/DL  =        14.6098
 ------------------------------------------------------------------------------
 NSTEP =   670000   TIME(PS) =    1590.000  TEMP(K) =   304.88  PRESS =    34.1
 Etot   =    -10293.0719  EKtot   =      2433.0938  EPtot      =    -12726.1657
 BOND   =         0.0000  ANGLE   =         0.0000  DIHED      =         0.0000
 1-4 NB =         0.0000  1-4 EEL =         0.0000  VDWAALS    =      1895.6603
 EELEC  =    -14621.8260  EHBOND  =         0.0000  RESTRAINT  =         0.0000
 EKCMT  =      1212.2913  VIRIAL  =      1182.2163  VOLUME     =     40800.7362
                                                    Density    =         0.9813
 DV/DL  =        10.9463
 ------------------------------------------------------------------------------
 NSTEP =   800000   TIME(PS) =    1850.000  TEMP(K) =   305.37  PRESS =  -149.1
 Etot   =    -10277.7859  EKtot   =      2437.0107  EPtot      =    -12714.7967
 BOND   =         0.0000  ANGLE   =         0.0000  DIHED      =         0.0000
 1-4 NB =         0.0000  1-4 EEL =         0.0000  VDWAALS    =      1863.2803
 EELEC  =    -14578.0769  EHBOND  =         0.0000  RESTRAINT  =         0.0000
 EKCMT  =      1197.9931  VIRIAL  =      1329.3102  VOLUME     =     40785.6335
                                                    Density    =         0.9816
 DV/DL  =        16.3627
 ------------------------------------------------------------------------------
 NSTEP =   930000   TIME(PS) =    2110.000  TEMP(K) =   299.76  PRESS =  -259.5
 Etot   =    -10383.7876  EKtot   =      2392.2339  EPtot      =    -12776.0215
 BOND   =         0.0000  ANGLE   =         0.0000  DIHED      =         0.0000
 1-4 NB =         0.0000  1-4 EEL =         0.0000  VDWAALS    =      1872.4301
 EELEC  =    -14648.4516  EHBOND  =         0.0000  RESTRAINT  =         0.0000
 EKCMT  =      1155.6575  VIRIAL  =      1383.4350  VOLUME     =     40656.9717
                                                    Density    =         0.9848
 DV/DL  =        20.6647
 ------------------------------------------------------------------------------
 NSTEP =  1060000   TIME(PS) =    2370.000  TEMP(K) =   304.43  PRESS =  -368.5
 Etot   =    -10256.2461  EKtot   =      2429.5386  EPtot      =    -12685.7846
 BOND   =         0.0000  ANGLE   =         0.0000  DIHED      =         0.0000
 1-4 NB =         0.0000  1-4 EEL =         0.0000  VDWAALS    =      1828.0687
 EELEC  =    -14513.8533  EHBOND  =         0.0000  RESTRAINT  =         0.0000
 EKCMT  =      1179.9086  VIRIAL  =      1505.6618  VOLUME     =     40941.6001
                                                    Density    =         0.9779
 DV/DL  =         6.0197
 ------------------------------------------------------------------------------
 NSTEP =  1190000   TIME(PS) =    2630.000  TEMP(K) =   294.07  PRESS =   472.2
 Etot   =    -10413.1678  EKtot   =      2346.8823  EPtot      =    -12760.0501
 BOND   =         0.0000  ANGLE   =         0.0000  DIHED      =         0.0000
 1-4 NB =         0.0000  1-4 EEL =         0.0000  VDWAALS    =      1984.9595
 EELEC  =    -14745.0096  EHBOND  =         0.0000  RESTRAINT  =         0.0000
 EKCMT  =      1188.9373  VIRIAL  =       774.0221  VOLUME     =     40698.4140
                                                    Density    =         0.9837
 DV/DL  =        16.1257
 ------------------------------------------------------------------------------
 NSTEP =  1320000   TIME(PS) =    2890.000  TEMP(K) =   295.64  PRESS =   -82.6
 Etot   =    -10382.7624  EKtot   =      2359.3674  EPtot      =    -12742.1299
 BOND   =         0.0000  ANGLE   =         0.0000  DIHED      =         0.0000
 1-4 NB =         0.0000  1-4 EEL =         0.0000  VDWAALS    =      1897.8172
 EELEC  =    -14639.9470  EHBOND  =         0.0000  RESTRAINT  =         0.0000
 EKCMT  =      1161.0213  VIRIAL  =      1233.5216  VOLUME     =     40631.5861
                                                    Density    =         0.9854
 DV/DL  =        17.0115
 ------------------------------------------------------------------------------
 NSTEP =  1450000   TIME(PS) =    3150.000  TEMP(K) =   306.91  PRESS =    57.9
 Etot   =    -10404.2229  EKtot   =      2449.3491  EPtot      =    -12853.5721
 BOND   =         0.0000  ANGLE   =         0.0000  DIHED      =         0.0000
 1-4 NB =         0.0000  1-4 EEL =         0.0000  VDWAALS    =      1937.7591
 EELEC  =    -14791.3311  EHBOND  =         0.0000  RESTRAINT  =         0.0000
 EKCMT  =      1238.8884  VIRIAL  =      1188.0046  VOLUME     =     40694.7699
                                                    Density    =         0.9838
 DV/DL  =         0.1330
 ------------------------------------------------------------------------------
 NSTEP =  1580000   TIME(PS) =    3410.000  TEMP(K) =   297.38  PRESS =  -267.0
 Etot   =    -10437.1939  EKtot   =      2373.2197  EPtot      =    -12810.4137
 BOND   =         0.0000  ANGLE   =         0.0000  DIHED      =         0.0000
 1-4 NB =         0.0000  1-4 EEL =         0.0000  VDWAALS    =      1866.5056
 EELEC  =    -14676.9193  EHBOND  =         0.0000  RESTRAINT  =         0.0000
 EKCMT  =      1189.8901  VIRIAL  =      1423.4155  VOLUME     =     40506.3438
                                                    Density    =         0.9884
 DV/DL  =         9.0386
 ------------------------------------------------------------------------------
 NSTEP =  1710000   TIME(PS) =    3670.000  TEMP(K) =   295.41  PRESS =  -150.7
 Etot   =    -10409.9740  EKtot   =      2357.5762  EPtot      =    -12767.5501
 BOND   =         0.0000  ANGLE   =         0.0000  DIHED      =         0.0000
 1-4 NB =         0.0000  1-4 EEL =         0.0000  VDWAALS    =      1895.7648
 EELEC  =    -14663.3150  EHBOND  =         0.0000  RESTRAINT  =         0.0000
 EKCMT  =      1160.4709  VIRIAL  =      1293.0141  VOLUME     =     40740.5828
                                                    Density    =         0.9827
 DV/DL  =         9.2436
 ------------------------------------------------------------------------------
 NSTEP =  1840000   TIME(PS) =    3930.000  TEMP(K) =   299.58  PRESS =    31.5
 Etot   =    -10350.3104  EKtot   =      2390.7839  EPtot      =    -12741.0944
 BOND   =         0.0000  ANGLE   =         0.0000  DIHED      =         0.0000
 1-4 NB =         0.0000  1-4 EEL =         0.0000  VDWAALS    =      1912.4849
 EELEC  =    -14653.5793  EHBOND  =         0.0000  RESTRAINT  =         0.0000
 EKCMT  =      1195.2097  VIRIAL  =      1167.4673  VOLUME     =     40823.1196
                                                    Density    =         0.9807
 DV/DL  =        14.7917
 ------------------------------------------------------------------------------
 NSTEP =  1980000   TIME(PS) =    4210.000  TEMP(K) =   301.60  PRESS =  -232.1
 Etot   =    -10317.8650  EKtot   =      2406.9424  EPtot      =    -12724.8074
 BOND   =         0.0000  ANGLE   =         0.0000  DIHED      =         0.0000
 1-4 NB =         0.0000  1-4 EEL =         0.0000  VDWAALS    =      1871.6123
 EELEC  =    -14596.4197  EHBOND  =         0.0000  RESTRAINT  =         0.0000
 EKCMT  =      1222.3313  VIRIAL  =      1426.9325  VOLUME     =     40824.7981
                                                    Density    =         0.9807
 DV/DL  =        15.1067
 ------------------------------------------------------------------------------
 NSTEP =  2110000   TIME(PS) =    4470.000  TEMP(K) =   302.42  PRESS =    61.1
 Etot   =    -10321.7046  EKtot   =      2413.4751  EPtot      =    -12735.1797
 BOND   =         0.0000  ANGLE   =         0.0000  DIHED      =         0.0000
 1-4 NB =         0.0000  1-4 EEL =         0.0000  VDWAALS    =      1905.1135
 EELEC  =    -14640.2932  EHBOND  =         0.0000  RESTRAINT  =         0.0000
 EKCMT  =      1194.3230  VIRIAL  =      1140.5368  VOLUME     =     40789.6268
                                                    Density    =         0.9815
 DV/DL  =        18.5003
 ------------------------------------------------------------------------------
 NSTEP =  2240000   TIME(PS) =    4730.000  TEMP(K) =   293.16  PRESS =   -33.8
 Etot   =    -10440.4889  EKtot   =      2339.5740  EPtot      =    -12780.0629
 BOND   =         0.0000  ANGLE   =         0.0000  DIHED      =         0.0000
 1-4 NB =         0.0000  1-4 EEL =         0.0000  VDWAALS    =      1926.9185
 EELEC  =    -14706.9814  EHBOND  =         0.0000  RESTRAINT  =         0.0000
 EKCMT  =      1151.6798  VIRIAL  =      1181.5234  VOLUME     =     40834.2287
                                                    Density    =         0.9805
 DV/DL  =        15.1488
 ------------------------------------------------------------------------------
 NSTEP =  2370000   TIME(PS) =    4990.000  TEMP(K) =   313.80  PRESS =    61.7
 Etot   =    -10267.2609  EKtot   =      2504.2954  EPtot      =    -12771.5563
 BOND   =         0.0000  ANGLE   =         0.0000  DIHED      =         0.0000
 1-4 NB =         0.0000  1-4 EEL =         0.0000  VDWAALS    =      1903.9503
 EELEC  =    -14675.5066  EHBOND  =         0.0000  RESTRAINT  =         0.0000
 EKCMT  =      1261.9981  VIRIAL  =      1207.8884  VOLUME     =     40636.4615
                                                    Density    =         0.9852
 DV/DL  =         5.4974
 ------------------------------------------------------------------------------
 NSTEP =  2500000   TIME(PS) =    5250.000  TEMP(K) =   295.95  PRESS =  -236.3
 Etot   =    -10371.8412  EKtot   =      2361.8694  EPtot      =    -12733.7106
 BOND   =         0.0000  ANGLE   =         0.0000  DIHED      =         0.0000
 1-4 NB =         0.0000  1-4 EEL =         0.0000  VDWAALS    =      1864.4678
 EELEC  =    -14598.1784  EHBOND  =         0.0000  RESTRAINT  =         0.0000
 EKCMT  =      1189.3030  VIRIAL  =      1397.7530  VOLUME     =     40849.0125
                                                    Density    =         0.9801
 DV/DL  =        17.4745
 ------------------------------------------------------------------------------
Summary of dvdl values over  20 steps:
    10.6385
    8.2385
    16.6733
    12.0914
    14.6098
    10.9463
    16.3627
    20.6647
    6.0197
    16.1257
    17.0115
    0.1330
    9.0386
    9.2436
    14.7917
    15.1067
    18.5003
    15.1488
    5.4974
    17.4745
End of dvdl summary
   5.  TIMINGS
