file generated for tiny fixtures
file generated for tiny fixtures
file generated for tiny fixtures
file generated for tiny fixtures
file generated for tiny fixtures
file generated for tiny fixtures
   2.  CONTROL  DATA  FOR  THE  RUN
Nature and format of output:
 ntpr =       10000

Molecular dynamics:
 nstlim =       2500000, dt = 0.002

temperature regulation:
 temp0 = 300

Free energy options:
 clambda = 0.05

FEP MBAR options:
    ifmbar = 1, bar_intervall = 100
    mbar_states = 15

    MBAR - lambda values considered:
      15 total:  0.0000 0.0500 0.1000 0.1500 0.2000 0.3000 0.4000 0.5000 0.6000 0.7000 0.8000 0.8500 0.9000 0.9500 1.0000
    Extra energies will be computed  25000 times.
   3.  ATOMIC COORDINATES AND VELOCITIES
 begin time coords = 250.000

   4.  RESULTS
MBAR Energy analysis:
Energy at 0.0000 =    -12723.869429
Energy at 0.0500 =    -12730.130790
Energy at 0.1000 =    -12736.814495
Energy at 0.1500 =    -12743.790340
Energy at 0.2000 =    -12750.976485
Energy at 0.3000 =    -12765.781314
Energy at 0.4000 =    -12780.968378
Energy at 0.5000 =    -12796.403639
Energy at 0.6000 =    -12812.011595
Energy at 0.7000 =    -12827.746605
Energy at 0.8000 =    -12843.579448
Energy at 0.8500 =    -12851.526159
Energy at 0.9000 =    -12859.490485
Energy at 0.9500 =    -12867.470866
Energy at 1.0000 =    -12875.465970
 
 ------------------------------------------------------------------------------
MBAR Energy analysis:
Energy at 0.0000 =    -12691.878782
Energy at 0.0500 =    -12699.284201
Energy at 0.1000 =    -12706.991258
Energy at 0.1500 =    -12714.911551
Energy at 0.2000 =    -12722.987518
Energy at 0.3000 =    -12739.462669
Energy at 0.4000 =    -12756.224197
Energy at 0.5000 =    -12773.170672
Energy at 0.6000 =    -12790.244482
Energy at 0.7000 =    -12807.410922
Energy at 0.8000 =    -12824.648048
Energy at 0.8500 =    -12833.288396
Energy at 0.9000 =    -12841.941396
Energy at 0.9500 =    -12850.605936
Energy at 1.0000 =    -12859.281077
 
 ------------------------------------------------------------------------------
MBAR Energy analysis:
Energy at 0.0000 =    -12639.727549
Energy at 0.0500 =    -12645.787328
Energy at 0.1000 =    -12652.238124
Energy at 0.1500 =    -12658.953933
Energy at 0.2000 =    -12665.857180
Energy at 0.3000 =    -12680.042153
Energy at 0.4000 =    -12694.555947
Energy at 0.5000 =    -12709.280604
Energy at 0.6000 =    -12724.151556
Energy at 0.7000 =    -12739.130659
Energy at 0.8000 =    -12754.193917
Energy at 0.8500 =    -12761.751907
Energy at 0.9000 =    -12769.325386
Energy at 0.9500 =    -12776.913095
Energy at 1.0000 =    -12784.513958
 
 ------------------------------------------------------------------------------
MBAR Energy analysis:
Energy at 0.0000 =    -12728.714370
Energy at 0.0500 =    -12734.269100
Energy at 0.1000 =    -12740.163801
Energy at 0.1500 =    -12746.293264
Energy at 0.2000 =    -12752.590338
Energy at 0.3000 =    -12765.523434
Energy at 0.4000 =    -12778.748285
Energy at 0.5000 =    -12792.156177
Energy at 0.6000 =    -12805.687702
Energy at 0.7000 =    -12819.308345
Energy at 0.8000 =    -12832.996980
Energy at 0.8500 =    -12839.862360
Energy at 0.9000 =    -12846.740056
Energy at 0.9500 =    -12853.629053
Energy at 1.0000 =    -12860.528500
 
 ------------------------------------------------------------------------------
MBAR Energy analysis:
Energy at 0.0000 =    -12775.062430
Energy at 0.0500 =    -12781.961579
Energy at 0.1000 =    -12789.048937
Energy at 0.1500 =    -12796.265187
Energy at 0.2000 =    -12803.573301
Energy at 0.3000 =    -12818.376708
Energy at 0.4000 =    -12833.344949
Energy at 0.5000 =    -12848.421429
Energy at 0.6000 =    -12863.575476
Energy at 0.7000 =    -12878.789190
Energy at 0.8000 =    -12894.051425
Energy at 0.8500 =    -12901.698340
Energy at 0.9000 =    -12909.354824
Energy at 0.9500 =    -12917.020298
Energy at 1.0000 =    -12924.694261
 
 ------------------------------------------------------------------------------
MBAR Energy analysis:
Energy at 0.0000 =    -12781.826387
Energy at 0.0500 =    -12789.398242
Energy at 0.1000 =    -12797.083702
Energy at 0.1500 =    -12804.851145
Energy at 0.2000 =    -12812.679962
Energy at 0.3000 =    -12828.469687
Energy at 0.4000 =    -12844.382528
Energy at 0.5000 =    -12860.380587
Energy at 0.6000 =    -12876.441862
Energy at 0.7000 =    -12892.552812
Energy at 0.8000 =    -12908.704675
Energy at 0.8500 =    -12916.794020
Energy at 0.9000 =    -12924.891527
Energy at 0.9500 =    -12932.996719
Energy at 1.0000 =    -12941.109189
 
 ------------------------------------------------------------------------------
MBAR Energy analysis:
Energy at 0.0000 =    -12682.310388
Energy at 0.0500 =    -12687.897719
Energy at 0.1000 =    -12694.001454
Energy at 0.1500 =    -12700.447161
Energy at 0.2000 =    -12707.129412
Energy at 0.3000 =    -12720.958597
Energy at 0.4000 =    -12735.178124
Energy at 0.5000 =    -12749.637959
Energy at 0.6000 =    -12764.258395
Energy at 0.7000 =    -12778.993753
Energy at 0.8000 =    -12793.816166
Energy at 0.8500 =    -12801.254148
Energy at 0.9000 =    -12808.707683
Energy at 0.9500 =    -12816.175408
Energy at 1.0000 =    -12823.656177
 
 ------------------------------------------------------------------------------
MBAR Energy analysis:
Energy at 0.0000 =    -12696.754081
Energy at 0.0500 =    -12703.347918
Energy at 0.1000 =    -12710.300436
Energy at 0.1500 =    -12717.468981
Energy at 0.2000 =    -12724.775398
Energy at 0.3000 =    -12739.636959
Energy at 0.4000 =    -12754.690284
Energy at 0.5000 =    -12769.852734
Energy at 0.6000 =    -12785.085021
Energy at 0.7000 =    -12800.366698
Energy at 0.8000 =    -12815.686305
Energy at 0.8500 =    -12823.358070
Energy at 0.9000 =    -12831.036962
Energy at 0.9500 =    -12838.722495
Energy at 1.0000 =    -12846.414267
 
 ------------------------------------------------------------------------------
MBAR Energy analysis:
Energy at 0.0000 =    -12689.105020
Energy at 0.0500 =    -12695.359755
Energy at 0.1000 =    -12701.802832
Energy at 0.1500 =    -12708.375701
Energy at 0.2000 =    -12715.040913
Energy at 0.3000 =    -12728.557230
Energy at 0.4000 =    -12742.233167
Energy at 0.5000 =    -12756.009803
Energy at 0.6000 =    -12769.855722
Energy at 0.7000 =    -12783.753151
Energy at 0.8000 =    -12797.691505
Energy at 0.8500 =    -12804.673857
Energy at 0.9000 =    -12811.664157
Energy at 0.9500 =    -12818.661919
Energy at 1.0000 =    -12825.666739
 
 ------------------------------------------------------------------------------
MBAR Energy analysis:
Energy at 0.0000 =    -12828.326372
Energy at 0.0500 =    -12833.300478
Energy at 0.1000 =    -12838.819810
Energy at 0.1500 =    -12844.686797
Energy at 0.2000 =    -12850.786825
Energy at 0.3000 =    -12863.430003
Energy at 0.4000 =    -12876.433522
Energy at 0.5000 =    -12889.652383
Energy at 0.6000 =    -12903.012633
Energy at 0.7000 =    -12916.473331
Energy at 0.8000 =    -12930.010199
Energy at 0.8500 =    -12936.802194
Energy at 0.9000 =    -12943.607962
Energy at 0.9500 =    -12950.426370
Energy at 1.0000 =    -12957.256470
 
 ------------------------------------------------------------------------------
MBAR Energy analysis:
Energy at 0.0000 =    -12704.717605
Energy at 0.0500 =    -12708.997514
Energy at 0.1000 =    -12713.846750
Energy at 0.1500 =    -12719.040788
Energy at 0.2000 =    -12724.459377
Energy at 0.3000 =    -12735.717700
Energy at 0.4000 =    -12747.319867
Energy at 0.5000 =    -12759.132215
Energy at 0.6000 =    -12771.086772
Energy at 0.7000 =    -12783.145242
Energy at 0.8000 =    -12795.284267
Energy at 0.8500 =    -12801.379023
Energy at 0.9000 =    -12807.488639
Energy at 0.9500 =    -12813.611933
Energy at 1.0000 =    -12819.747901
 
 ------------------------------------------------------------------------------
MBAR Energy analysis:
Energy at 0.0000 =    -12789.042360
Energy at 0.0500 =    -12793.201957
Energy at 0.1000 =    -12797.718099
Energy at 0.1500 =    -12802.476642
Energy at 0.2000 =    -12807.406049
Energy at 0.3000 =    -12817.605949
Energy at 0.4000 =    -12828.096103
Energy at 0.5000 =    -12838.766967
Energy at 0.6000 =    -12849.559921
Energy at 0.7000 =    -12860.441511
Energy at 0.8000 =    -12871.391559
Energy at 0.8500 =    -12876.888061
Energy at 0.9000 =    -12882.397260
Energy at 0.9500 =    -12887.918203
Energy at 1.0000 =    -12893.450093
 
 ------------------------------------------------------------------------------
MBAR Energy analysis:
Energy at 0.0000 =    -12699.401475
Energy at 0.0500 =    -12702.784084
Energy at 0.1000 =    -12706.585518
Energy at 0.1500 =    -12710.640099
Energy at 0.2000 =    -12714.856954
Energy at 0.3000 =    -12723.586211
Energy at 0.4000 =    -12732.547834
Energy at 0.5000 =    -12741.646631
Energy at 0.6000 =    -12750.837304
Energy at 0.7000 =    -12760.096103
Energy at 0.8000 =    -12769.409483
Energy at 0.8500 =    -12774.083902
Energy at 0.9000 =    -12778.769088
Energy at 0.9500 =    -12783.464417
Energy at 1.0000 =    -12788.169364
 
 ------------------------------------------------------------------------------
MBAR Energy analysis:
Energy at 0.0000 =    -12704.380505
Energy at 0.0500 =    -12711.251056
Energy at 0.1000 =    -12718.232934
Energy at 0.1500 =    -12725.295750
Energy at 0.2000 =    -12732.419770
Energy at 0.3000 =    -12746.802042
Energy at 0.4000 =    -12761.313359
Energy at 0.5000 =    -12775.918041
Energy at 0.6000 =    -12790.595034
Energy at 0.7000 =    -12805.330913
Energy at 0.8000 =    -12820.116553
Energy at 0.8500 =    -12827.525917
Energy at 0.9000 =    -12834.945409
Energy at 0.9500 =    -12842.374459
Energy at 1.0000 =    -12849.812566
 
 ------------------------------------------------------------------------------
MBAR Energy analysis:
Energy at 0.0000 =    -12747.287710
Energy at 0.0500 =    -12754.205669
Energy at 0.1000 =    -12761.417352
Energy at 0.1500 =    -12768.830361
Energy at 0.2000 =    -12776.387945
Energy at 0.3000 =    -12791.801436
Energy at 0.4000 =    -12807.481287
Energy at 0.5000 =    -12823.337518
Energy at 0.6000 =    -12839.319616
Energy at 0.7000 =    -12855.397079
Energy at 0.8000 =    -12871.550356
Energy at 0.8500 =    -12879.651135
Energy at 0.9000 =    -12887.766272
Energy at 0.9500 =    -12895.894712
Energy at 1.0000 =    -12904.035549
 
 ------------------------------------------------------------------------------
MBAR Energy analysis:
Energy at 0.0000 =    -12794.731348
Energy at 0.0500 =    -12802.375519
Energy at 0.1000 =    -12810.268442
Energy at 0.1500 =    -12818.345934
Energy at 0.2000 =    -12826.564014
Energy at 0.3000 =    -12843.306317
Energy at 0.4000 =    -12860.334479
Energy at 0.5000 =    -12877.558008
Energy at 0.6000 =    -12894.922529
Energy at 0.7000 =    -12912.393578
Energy at 0.8000 =    -12929.948323
Energy at 0.8500 =    -12938.751970
Energy at 0.9000 =    -12947.571042
Energy at 0.9500 =    -12956.404262
Energy at 1.0000 =    -12965.250535
 
 ------------------------------------------------------------------------------
MBAR Energy analysis:
Energy at 0.0000 =    -12802.102034
Energy at 0.0500 =    -12805.691985
Energy at 0.1000 =    -12809.917881
Energy at 0.1500 =    -12814.547122
Energy at 0.2000 =    -12819.444573
Energy at 0.3000 =    -12829.742791
Energy at 0.4000 =    -12840.442539
Energy at 0.5000 =    -12851.376236
Energy at 0.6000 =    -12862.460087
Energy at 0.7000 =    -12873.648793
Energy at 0.8000 =    -12884.916197
Energy at 0.8500 =    -12890.574148
Energy at 0.9000 =    -12896.246277
Energy at 0.9500 =    -12901.931431
Energy at 1.0000 =    -12907.628658
 
 ------------------------------------------------------------------------------
MBAR Energy analysis:
Energy at 0.0000 =    -12665.987048
Energy at 0.0500 =    -12670.198022
Energy at 0.1000 =    -12674.931539
Energy at 0.1500 =    -12679.989650
Energy at 0.2000 =    -12685.260316
Energy at 0.3000 =    -12696.195134
Energy at 0.4000 =    -12707.440573
Energy at 0.5000 =    -12718.866121
Energy at 0.6000 =    -12730.407788
Energy at 0.7000 =    -12742.031591
Energy at 0.8000 =    -12753.718233
Energy at 0.8500 =    -12759.581291
Energy at 0.9000 =    -12765.456080
Energy at 0.9500 =    -12771.341775
Energy at 1.0000 =    -12777.237701
 
 ------------------------------------------------------------------------------
MBAR Energy analysis:
Energy at 0.0000 =    -12796.414974
Energy at 0.0500 =    -12803.373746
Energy at 0.1000 =    -12810.623050
Energy at 0.1500 =    -12818.084859
Energy at 0.2000 =    -12825.706777
Energy at 0.3000 =    -12841.295636
Energy at 0.4000 =    -12857.203562
Energy at 0.5000 =    -12873.327665
Energy at 0.6000 =    -12889.606857
Energy at 0.7000 =    -12906.002787
Energy at 0.8000 =    -12922.490228
Energy at 0.8500 =    -12930.762655
Energy at 0.9000 =    -12939.051931
Energy at 0.9500 =    -12947.356669
Energy at 1.0000 =    -12955.675676
 
 ------------------------------------------------------------------------------
MBAR Energy analysis:
Energy at 0.0000 =    -12672.732137
Energy at 0.0500 =    -12680.011406
Energy at 0.1000 =    -12687.499443
Energy at 0.1500 =    -12695.129678
Energy at 0.2000 =    -12702.860529
Energy at 0.3000 =    -12718.524639
Energy at 0.4000 =    -12734.363381
Energy at 0.5000 =    -12750.313392
Energy at 0.6000 =    -12766.340768
Energy at 0.7000 =    -12782.426140
Energy at 0.8000 =    -12798.557799
Energy at 0.8500 =    -12806.638544
Energy at 0.9000 =    -12814.728284
Energy at 0.9500 =    -12822.826458
Energy at 1.0000 =    -12830.932594
 
 ------------------------------------------------------------------------------
 NSTEP =    10000   TIME(PS) =     270.000  TEMP(K) =   300.41  PRESS =  -556.3
 Etot   =    -10332.6813  EKtot   =      2397.4495  EPtot      =    -12730.1308
 BOND   =         0.0000  ANGLE   =         0.0000  DIHED      =         0.0000
 1-4 NB =         0.0000  1-4 EEL =         0.0000  VDWAALS    =      1792.5805
 EELEC  =    -14522.7113  EHBOND  =         0.0000  RESTRAINT  =         0.0000
 EKCMT  =      1199.3896  VIRIAL  =      1689.1103  VOLUME     =     40770.6818
                                                    Density    =         0.9820
 DV/DL  =        48.6015
 ------------------------------------------------------------------------------
 NSTEP =   140000   TIME(PS) =     530.000  TEMP(K) =   297.07  PRESS =   -23.1
 Etot   =    -10328.4925  EKtot   =      2370.7917  EPtot      =    -12699.2842
 BOND   =         0.0000  ANGLE   =         0.0000  DIHED      =         0.0000
 1-4 NB =         0.0000  1-4 EEL =         0.0000  VDWAALS    =      1872.3146
 EELEC  =    -14571.5988  EHBOND  =         0.0000  RESTRAINT  =         0.0000
 EKCMT  =      1222.2012  VIRIAL  =      1242.5159  VOLUME     =     40796.9727
                                                    Density    =         0.9814
 DV/DL  =        37.9617
 ------------------------------------------------------------------------------
 NSTEP =   270000   TIME(PS) =     790.000  TEMP(K) =   297.19  PRESS =  -415.2
 Etot   =    -10274.0674  EKtot   =      2371.7200  EPtot      =    -12645.7873
 BOND   =         0.0000  ANGLE   =         0.0000  DIHED      =         0.0000
 1-4 NB =         0.0000  1-4 EEL =         0.0000  VDWAALS    =      1803.4391
 EELEC  =    -14449.2265  EHBOND  =         0.0000  RESTRAINT  =         0.0000
 EKCMT  =      1162.3500  VIRIAL  =      1528.1763  VOLUME     =     40803.4972
                                                    Density    =         0.9812
 DV/DL  =        45.0629
 ------------------------------------------------------------------------------
 NSTEP =   400000   TIME(PS) =    1050.000  TEMP(K) =   303.03  PRESS =  -456.2
 Etot   =    -10315.8931  EKtot   =      2418.3760  EPtot      =    -12734.2691
 BOND   =         0.0000  ANGLE   =         0.0000  DIHED      =         0.0000
 1-4 NB =         0.0000  1-4 EEL =         0.0000  VDWAALS    =      1806.9347
 EELEC  =    -14541.2038  EHBOND  =         0.0000  RESTRAINT  =         0.0000
 EKCMT  =      1225.0371  VIRIAL  =      1624.5368  VOLUME     =     40560.8668
                                                    Density    =         0.9871
 DV/DL  =        39.1255
 ------------------------------------------------------------------------------
 NSTEP =   530000   TIME(PS) =    1310.000  TEMP(K) =   303.79  PRESS =  -337.3
 Etot   =    -10357.5094  EKtot   =      2424.4521  EPtot      =    -12781.9616
 BOND   =         0.0000  ANGLE   =         0.0000  DIHED      =         0.0000
 1-4 NB =         0.0000  1-4 EEL =         0.0000  VDWAALS    =      1874.0339
 EELEC  =    -14655.9955  EHBOND  =         0.0000  RESTRAINT  =         0.0000
 EKCMT  =      1201.4962  VIRIAL  =      1501.1538  VOLUME     =     41144.6830
                                                    Density    =         0.9731
 DV/DL  =        29.6418
 ------------------------------------------------------------------------------
 NSTEP =   670000   TIME(PS) =    1590.000  TEMP(K) =   295.67  PRESS =    70.0
 Etot   =    -10429.7564  EKtot   =      2359.6418  EPtot      =    -12789.3982
 BOND   =         0.0000  ANGLE   =         0.0000  DIHED      =         0.0000
 1-4 NB =         0.0000  1-4 EEL =         0.0000  VDWAALS    =      1942.3706
 EELEC  =    -14731.7688  EHBOND  =         0.0000  RESTRAINT  =         0.0000
 EKCMT  =      1152.7298  VIRIAL  =      1091.1626  VOLUME     =     40738.1279
                                                    Density    =         0.9828
 DV/DL  =        24.6465
 ------------------------------------------------------------------------------
 NSTEP =   800000   TIME(PS) =    1850.000  TEMP(K) =   297.65  PRESS =    45.6
 Etot   =    -10312.5205  EKtot   =      2375.3772  EPtot      =    -12687.8977
 BOND   =         0.0000  ANGLE   =         0.0000  DIHED      =         0.0000
 1-4 NB =         0.0000  1-4 EEL =         0.0000  VDWAALS    =      1897.5441
 EELEC  =    -14585.4418  EHBOND  =         0.0000  RESTRAINT  =         0.0000
 EKCMT  =      1196.0538  VIRIAL  =      1155.7810  VOLUME     =     40945.4896
                                                    Density    =         0.9778
 DV/DL  =        48.4545
 ------------------------------------------------------------------------------
 NSTEP =   930000   TIME(PS) =    2110.000  TEMP(K) =   302.95  PRESS =   594.6
 Etot   =    -10285.5974  EKtot   =      2417.7505  EPtot      =    -12703.3479
 BOND   =         0.0000  ANGLE   =         0.0000  DIHED      =         0.0000
 1-4 NB =         0.0000  1-4 EEL =         0.0000  VDWAALS    =      1978.5398
 EELEC  =    -14681.8877  EHBOND  =         0.0000  RESTRAINT  =         0.0000
 EKCMT  =      1205.0458  VIRIAL  =       681.5124  VOLUME     =     40782.4983
                                                    Density    =         0.9817
 DV/DL  =        32.1451
 ------------------------------------------------------------------------------
 NSTEP =  1060000   TIME(PS) =    2370.000  TEMP(K) =   302.24  PRESS =   -91.1
 Etot   =    -10283.3226  EKtot   =      2412.0371  EPtot      =    -12695.3598
 BOND   =         0.0000  ANGLE   =         0.0000  DIHED      =         0.0000
 1-4 NB =         0.0000  1-4 EEL =         0.0000  VDWAALS    =      1863.2311
 EELEC  =    -14558.5909  EHBOND  =         0.0000  RESTRAINT  =         0.0000
 EKCMT  =      1208.1506  VIRIAL  =      1288.3765  VOLUME     =     40804.7646
                                                    Density    =         0.9812
 DV/DL  =        27.8715
 ------------------------------------------------------------------------------
 NSTEP =  1190000   TIME(PS) =    2630.000  TEMP(K) =   304.28  PRESS =    81.8
 Etot   =    -10404.9904  EKtot   =      2428.3101  EPtot      =    -12833.3005
 BOND   =         0.0000  ANGLE   =         0.0000  DIHED      =         0.0000
 1-4 NB =         0.0000  1-4 EEL =         0.0000  VDWAALS    =      1969.3359
 EELEC  =    -14802.6363  EHBOND  =         0.0000  RESTRAINT  =         0.0000
 EKCMT  =      1196.4927  VIRIAL  =      1124.1281  VOLUME     =     40982.8808
                                                    Density    =         0.9769
 DV/DL  =        49.5177
 ------------------------------------------------------------------------------
 NSTEP =  1320000   TIME(PS) =    2890.000  TEMP(K) =   304.30  PRESS =   645.8
 Etot   =    -10280.4970  EKtot   =      2428.5005  EPtot      =    -12708.9975
 BOND   =         0.0000  ANGLE   =         0.0000  DIHED      =         0.0000
 1-4 NB =         0.0000  1-4 EEL =         0.0000  VDWAALS    =      1986.3457
 EELEC  =    -14695.3432  EHBOND  =         0.0000  RESTRAINT  =         0.0000
 EKCMT  =      1220.5768  VIRIAL  =       649.6737  VOLUME     =     40942.7537
                                                    Density    =         0.9779
 DV/DL  =        49.6875
 ------------------------------------------------------------------------------
 NSTEP =  1450000   TIME(PS) =    3150.000  TEMP(K) =   305.21  PRESS =  -463.0
 Etot   =    -10357.4214  EKtot   =      2435.7805  EPtot      =    -12793.2020
 BOND   =         0.0000  ANGLE   =         0.0000  DIHED      =         0.0000
 1-4 NB =         0.0000  1-4 EEL =         0.0000  VDWAALS    =      1810.3145
 EELEC  =    -14603.5164  EHBOND  =         0.0000  RESTRAINT  =         0.0000
 EKCMT  =      1188.9088  VIRIAL  =      1593.9254  VOLUME     =     40517.7603
                                                    Density    =         0.9881
 DV/DL  =        41.8967
 ------------------------------------------------------------------------------
 NSTEP =  1580000   TIME(PS) =    3410.000  TEMP(K) =   303.01  PRESS =    40.5
 Etot   =    -10284.5551  EKtot   =      2418.2290  EPtot      =    -12702.7841
 BOND   =         0.0000  ANGLE   =         0.0000  DIHED      =         0.0000
 1-4 NB =         0.0000  1-4 EEL =         0.0000  VDWAALS    =      1892.6992
 EELEC  =    -14595.4833  EHBOND  =         0.0000  RESTRAINT  =         0.0000
 EKCMT  =      1196.0637  VIRIAL  =      1160.4471  VOLUME     =     40775.0180
                                                    Density    =         0.9819
 DV/DL  =        39.4195
 ------------------------------------------------------------------------------
 NSTEP =  1710000   TIME(PS) =    3670.000  TEMP(K) =   300.79  PRESS =    15.0
 Etot   =    -10310.7818  EKtot   =      2400.4692  EPtot      =    -12711.2511
 BOND   =         0.0000  ANGLE   =         0.0000  DIHED      =         0.0000
 1-4 NB =         0.0000  1-4 EEL =         0.0000  VDWAALS    =      1870.4445
 EELEC  =    -14581.6955  EHBOND  =         0.0000  RESTRAINT  =         0.0000
 EKCMT  =      1166.1606  VIRIAL  =      1153.0225  VOLUME     =     40659.7916
                                                    Density    =         0.9847
 DV/DL  =        25.9750
 ------------------------------------------------------------------------------
 NSTEP =  1840000   TIME(PS) =    3930.000  TEMP(K) =   300.27  PRESS =   132.0
 Etot   =    -10357.9073  EKtot   =      2396.2983  EPtot      =    -12754.2057
 BOND   =         0.0000  ANGLE   =         0.0000  DIHED      =         0.0000
 1-4 NB =         0.0000  1-4 EEL =         0.0000  VDWAALS    =      1946.1849
 EELEC  =    -14700.3906  EHBOND  =         0.0000  RESTRAINT  =         0.0000
 EKCMT  =      1186.8739  VIRIAL  =      1070.1671  VOLUME     =     40952.9578
                                                    Density    =         0.9776
 DV/DL  =        41.9233
 ------------------------------------------------------------------------------
 NSTEP =  1980000   TIME(PS) =    4210.000  TEMP(K) =   306.20  PRESS =   377.4
 Etot   =    -10358.6968  EKtot   =      2443.6787  EPtot      =    -12802.3755
 BOND   =         0.0000  ANGLE   =         0.0000  DIHED      =         0.0000
 1-4 NB =         0.0000  1-4 EEL =         0.0000  VDWAALS    =      1968.4783
 EELEC  =    -14770.8539  EHBOND  =         0.0000  RESTRAINT  =         0.0000
 EKCMT  =      1245.7304  VIRIAL  =       913.6088  VOLUME     =     40758.2592
                                                    Density    =         0.9823
 DV/DL  =        40.2334
 ------------------------------------------------------------------------------
 NSTEP =  2110000   TIME(PS) =    4470.000  TEMP(K) =   297.12  PRESS =  -812.2
 Etot   =    -10434.5255  EKtot   =      2371.1665  EPtot      =    -12805.6920
 BOND   =         0.0000  ANGLE   =         0.0000  DIHED      =         0.0000
 1-4 NB =         0.0000  1-4 EEL =         0.0000  VDWAALS    =      1774.4129
 EELEC  =    -14580.1049  EHBOND  =         0.0000  RESTRAINT  =         0.0000
 EKCMT  =      1171.6277  VIRIAL  =      1886.9357  VOLUME     =     40790.2584
                                                    Density    =         0.9815
 DV/DL  =        54.6326
 ------------------------------------------------------------------------------
 NSTEP =  2240000   TIME(PS) =    4730.000  TEMP(K) =   292.85  PRESS =   -61.2
 Etot   =    -10333.0647  EKtot   =      2337.1333  EPtot      =    -12670.1980
 BOND   =         0.0000  ANGLE   =         0.0000  DIHED      =         0.0000
 1-4 NB =         0.0000  1-4 EEL =         0.0000  VDWAALS    =      1863.7630
 EELEC  =    -14533.9610  EHBOND  =         0.0000  RESTRAINT  =         0.0000
 EKCMT  =      1168.7921  VIRIAL  =      1222.6297  VOLUME     =     40750.0261
                                                    Density    =         0.9825
 DV/DL  =        47.0321
 ------------------------------------------------------------------------------
 NSTEP =  2370000   TIME(PS) =    4990.000  TEMP(K) =   298.79  PRESS =  -166.3
 Etot   =    -10418.8549  EKtot   =      2384.5188  EPtot      =    -12803.3737
 BOND   =         0.0000  ANGLE   =         0.0000  DIHED      =         0.0000
 1-4 NB =         0.0000  1-4 EEL =         0.0000  VDWAALS    =      1896.5642
 EELEC  =    -14699.9380  EHBOND  =         0.0000  RESTRAINT  =         0.0000
 EKCMT  =      1180.0968  VIRIAL  =      1326.1959  VOLUME     =     40684.3150
                                                    Density    =         0.9841
 DV/DL  =        43.3018
 ------------------------------------------------------------------------------
 NSTEP =  2500000   TIME(PS) =    5250.000  TEMP(K) =   295.94  PRESS =    21.5
 Etot   =    -10318.2770  EKtot   =      2361.7344  EPtot      =    -12680.0114
 BOND   =         0.0000  ANGLE   =         0.0000  DIHED      =         0.0000
 1-4 NB =         0.0000  1-4 EEL =         0.0000  VDWAALS    =      1902.1353
 EELEC  =    -14582.1467  EHBOND  =         0.0000  RESTRAINT  =         0.0000
 EKCMT  =      1153.7344  VIRIAL  =      1134.6789  VOLUME     =     41042.7801
                                                    Density    =         0.9755
 DV/DL  =        31.6842
 ------------------------------------------------------------------------------
Summary of dvdl values over  20 steps:
    48.6015
    37.9617
    45.0629
    39.1255
    29.6418
    24.6465
    48.4545
    32.1451
    27.8715
    49.5177
    49.6875
    41.8967
    39.4195
    25.9750
    41.9233
    40.2334
    54.6326
    47.0321
    43.3018
    31.6842
End of dvdl summary
   5.  TIMINGS
