file generated for tiny fixtures
file generated for tiny fixtures
file generated for tiny fixtures
file generated for tiny fixtures
file generated for tiny fixtures
file generated for tiny fixtures
   2.  CONTROL  DATA  FOR  THE  RUN
Nature and format of output:
 ntpr =       10000

Molecular dynamics:
 nstlim =       2500000, dt = 0.002

temperature regulation:
 temp0 = 300

Free energy options:
 clambda = 0.85

FEP MBAR options:
    ifmbar = 1, bar_intervall = 100
    mbar_states = 15

    MBAR - lambda values considered:
      15 total:  0.0000 0.0500 0.1000 0.1500 0.2000 0.3000 0.4000 0.5000 0.6000 0.7000 0.8000 0.8500 0.9000 0.9500 1.0000
    Extra energies will be computed  25000 times.
   3.  ATOMIC COORDINATES AND VELOCITIES
 begin time coords = 250.000

   4.  RESULTS
MBAR Energy analysis:
Energy at 0.0000 = 778013626.864926
Energy at 0.0500 =    -10789.532711
Energy at 0.1000 =    -12176.366602
Energy at 0.1500 =    -12507.537937
Energy at 0.2000 =    -12640.761926
Energy at 0.3000 =    -12741.340796
Energy at 0.4000 =    -12771.260290
Energy at 0.5000 =    -12777.484948
Energy at 0.6000 =    -12773.533910
Energy at 0.7000 =    -12764.531244
Energy at 0.8000 =    -12752.770818
Energy at 0.8500 =    -12746.240245
Energy at 0.9000 =    -12739.402330
Energy at 0.9500 =    -12732.322631
Energy at 1.0000 =    -12725.051194
 
 ------------------------------------------------------------------------------
MBAR Energy analysis:
Energy at 0.0000 =  57824844.704719
Energy at 0.0500 =     -9811.274700
Energy at 0.1000 =    -11883.773167
Energy at 0.1500 =    -12331.401475
Energy at 0.2000 =    -12496.693761
Energy at 0.3000 =    -12612.721682
Energy at 0.4000 =    -12645.115333
Energy at 0.5000 =    -12651.518766
Energy at 0.6000 =    -12647.227653
Energy at 0.7000 =    -12637.762416
Energy at 0.8000 =    -12625.519056
Energy at 0.8500 =    -12618.748839
Energy at 0.9000 =    -12611.674034
Energy at 0.9500 =    -12604.360487
Energy at 1.0000 =    -12596.858213
 
 ------------------------------------------------------------------------------
MBAR Energy analysis:
Energy at 0.0000 = 164837816.700566
Energy at 0.0500 =    -10453.172154
Energy at 0.1000 =    -12153.513061
Energy at 0.1500 =    -12521.759153
Energy at 0.2000 =    -12659.274608
Energy at 0.3000 =    -12755.903305
Energy at 0.4000 =    -12781.598102
Energy at 0.5000 =    -12784.905497
Energy at 0.6000 =    -12778.958417
Energy at 0.7000 =    -12768.539541
Energy at 0.8000 =    -12755.730069
Energy at 0.8500 =    -12748.770196
Energy at 0.9000 =    -12741.550912
Energy at 0.9500 =    -12734.129129
Energy at 1.0000 =    -12726.547997
 
 ------------------------------------------------------------------------------
MBAR Energy analysis:
Energy at 0.0000 =   2350620.593840
Energy at 0.0500 =    -10469.136888
Energy at 0.1000 =    -12063.361278
Energy at 0.1500 =    -12424.894351
Energy at 0.2000 =    -12560.771607
Energy at 0.3000 =    -12655.847295
Energy at 0.4000 =    -12680.943993
Energy at 0.5000 =    -12684.137942
Energy at 0.6000 =    -12678.317831
Energy at 0.7000 =    -12668.148441
Energy at 0.8000 =    -12655.654713
Energy at 0.8500 =    -12648.868268
Energy at 0.9000 =    -12641.829845
Energy at 0.9500 =    -12634.594893
Energy at 1.0000 =    -12627.205475
 
 ------------------------------------------------------------------------------
MBAR Energy analysis:
Energy at 0.0000 =    341746.441621
Energy at 0.0500 =    -11299.459330
Energy at 0.1000 =    -12389.512726
Energy at 0.1500 =    -12638.240513
Energy at 0.2000 =    -12731.745263
Energy at 0.3000 =    -12795.341683
Energy at 0.4000 =    -12809.358050
Energy at 0.5000 =    -12807.716971
Energy at 0.6000 =    -12799.631334
Energy at 0.7000 =    -12788.449902
Energy at 0.8000 =    -12775.624845
Energy at 0.8500 =    -12768.833255
Energy at 0.9000 =    -12761.865640
Energy at 0.9500 =    -12754.761322
Energy at 1.0000 =    -12747.550040
 
 ------------------------------------------------------------------------------
MBAR Energy analysis:
Energy at 0.0000 =   2850873.256354
Energy at 0.0500 =    -11053.352973
Energy at 0.1000 =    -12345.393664
Energy at 0.1500 =    -12633.757693
Energy at 0.2000 =    -12743.019584
Energy at 0.3000 =    -12820.140121
Energy at 0.4000 =    -12839.937134
Energy at 0.5000 =    -12841.238932
Energy at 0.6000 =    -12834.754208
Energy at 0.7000 =    -12824.449196
Energy at 0.8000 =    -12812.075810
Energy at 0.8500 =    -12805.404278
Energy at 0.9000 =    -12798.504684
Energy at 0.9500 =    -12791.426289
Energy at 1.0000 =    -12784.206617
 
 ------------------------------------------------------------------------------
MBAR Energy analysis:
Energy at 0.0000 =  13914489.820313
Energy at 0.0500 =    -10547.604718
Energy at 0.1000 =    -12132.207018
Energy at 0.1500 =    -12481.716393
Energy at 0.2000 =    -12613.373722
Energy at 0.3000 =    -12705.856234
Energy at 0.4000 =    -12729.972162
Energy at 0.5000 =    -12732.428434
Energy at 0.6000 =    -12725.898152
Energy at 0.7000 =    -12715.005847
Energy at 0.8000 =    -12701.770108
Energy at 0.8500 =    -12694.605747
Energy at 0.9000 =    -12687.185201
Energy at 0.9500 =    -12679.564255
Energy at 1.0000 =    -12671.785305
 
 ------------------------------------------------------------------------------
MBAR Energy analysis:
Energy at 0.0000 =  27772640.772489
Energy at 0.0500 =    -11209.284529
Energy at 0.1000 =    -12316.205013
Energy at 0.1500 =    -12562.902051
Energy at 0.2000 =    -12657.103341
Energy at 0.3000 =    -12723.521273
Energy at 0.4000 =    -12739.684374
Energy at 0.5000 =    -12739.325579
Energy at 0.6000 =    -12731.901142
Energy at 0.7000 =    -12720.963644
Energy at 0.8000 =    -12708.102658
Energy at 0.8500 =    -12701.217541
Energy at 0.9000 =    -12694.117339
Energy at 0.9500 =    -12686.847893
Energy at 1.0000 =    -12679.444263
 
 ------------------------------------------------------------------------------
MBAR Energy analysis:
Energy at 0.0000 =   5709813.432214
Energy at 0.0500 =     -9968.535932
Energy at 0.1000 =    -11933.952655
Energy at 0.1500 =    -12382.909561
Energy at 0.2000 =    -12551.815191
Energy at 0.3000 =    -12670.006703
Energy at 0.4000 =    -12701.833861
Energy at 0.5000 =    -12707.150429
Energy at 0.6000 =    -12701.826564
Energy at 0.7000 =    -12691.506656
Energy at 0.8000 =    -12678.590496
Energy at 0.8500 =    -12671.544418
Energy at 0.9000 =    -12664.229223
Energy at 0.9500 =    -12656.707209
Energy at 1.0000 =    -12649.025110
 
 ------------------------------------------------------------------------------
MBAR Energy analysis:
Energy at 0.0000 =    122665.236191
Energy at 0.0500 =    -10873.994720
Energy at 0.1000 =    -12142.184616
Energy at 0.1500 =    -12446.700535
Energy at 0.2000 =    -12564.783707
Energy at 0.3000 =    -12649.506191
Energy at 0.4000 =    -12672.051044
Energy at 0.5000 =    -12674.377441
Energy at 0.6000 =    -12668.142590
Energy at 0.7000 =    -12657.682335
Energy at 0.8000 =    -12644.919990
Energy at 0.8500 =    -12637.996137
Energy at 0.9000 =    -12630.815820
Energy at 0.9500 =    -12623.433734
Energy at 1.0000 =    -12615.891645
 
 ------------------------------------------------------------------------------
MBAR Energy analysis:
Energy at 0.0000 = 223863816.573935
Energy at 0.0500 =    -10195.704097
Energy at 0.1000 =    -12135.676000
Energy at 0.1500 =    -12522.122813
Energy at 0.2000 =    -12659.317388
Energy at 0.3000 =    -12751.198780
Energy at 0.4000 =    -12773.695723
Energy at 0.5000 =    -12775.165436
Energy at 0.6000 =    -12768.185046
Energy at 0.7000 =    -12757.217551
Energy at 0.8000 =    -12744.166204
Energy at 0.8500 =    -12737.166158
Energy at 0.9000 =    -12729.948085
Energy at 0.9500 =    -12722.561930
Energy at 1.0000 =    -12715.045239
 
 ------------------------------------------------------------------------------
MBAR Energy analysis:
Energy at 0.0000 =     55990.950725
Energy at 0.0500 =    -10205.629401
Energy at 0.1000 =    -11949.834013
Energy at 0.1500 =    -12401.529266
Energy at 0.2000 =    -12580.480824
Energy at 0.3000 =    -12711.475496
Energy at 0.4000 =    -12749.774248
Energy at 0.5000 =    -12758.748611
Energy at 0.6000 =    -12755.725722
Energy at 0.7000 =    -12746.981868
Energy at 0.8000 =    -12735.220349
Energy at 0.8500 =    -12728.646563
Energy at 0.9000 =    -12721.751596
Energy at 0.9500 =    -12714.607284
Energy at 1.0000 =    -12707.267761
 
 ------------------------------------------------------------------------------
MBAR Energy analysis:
Energy at 0.0000 =  49420648.255053
Energy at 0.0500 =    -11861.678262
Energy at 0.1000 =    -12449.042549
Energy at 0.1500 =    -12605.373954
Energy at 0.2000 =    -12670.143908
Energy at 0.3000 =    -12717.541086
Energy at 0.4000 =    -12727.942477
Energy at 0.5000 =    -12725.211626
Energy at 0.6000 =    -12716.588443
Energy at 0.7000 =    -12704.936587
Energy at 0.8000 =    -12691.585296
Energy at 0.8500 =    -12684.501185
Energy at 0.9000 =    -12677.221654
Energy at 0.9500 =    -12669.787266
Energy at 1.0000 =    -12662.229320
 
 ------------------------------------------------------------------------------
MBAR Energy analysis:
Energy at 0.0000 =   5736933.647365
Energy at 0.0500 =     -9798.857270
Energy at 0.1000 =    -11940.569979
Energy at 0.1500 =    -12429.907317
Energy at 0.2000 =    -12617.965603
Energy at 0.3000 =    -12754.153286
Energy at 0.4000 =    -12793.774562
Energy at 0.5000 =    -12803.004822
Energy at 0.6000 =    -12799.834357
Energy at 0.7000 =    -12790.772305
Energy at 0.8000 =    -12778.617986
Energy at 0.8500 =    -12771.834324
Energy at 0.9000 =    -12764.724747
Energy at 0.9500 =    -12757.363065
Energy at 1.0000 =    -12749.804759
 
 ------------------------------------------------------------------------------
MBAR Energy analysis:
Energy at 0.0000 = 179887476.935961
Energy at 0.0500 =    -10177.497582
Energy at 0.1000 =    -12124.993903
Energy at 0.1500 =    -12519.867552
Energy at 0.2000 =    -12662.292708
Energy at 0.3000 =    -12759.644185
Energy at 0.4000 =    -12784.703144
Energy at 0.5000 =    -12787.488041
Energy at 0.6000 =    -12781.179458
Energy at 0.7000 =    -12770.510124
Energy at 0.8000 =    -12757.523181
Energy at 0.8500 =    -12750.494199
Energy at 0.9000 =    -12743.216085
Energy at 0.9500 =    -12735.744203
Energy at 1.0000 =    -12728.120474
 
 ------------------------------------------------------------------------------
MBAR Energy analysis:
Energy at 0.0000 =    191921.867414
Energy at 0.0500 =    -11733.990296
Energy at 0.1000 =    -12481.132908
Energy at 0.1500 =    -12658.820435
Energy at 0.2000 =    -12729.165380
Energy at 0.3000 =    -12779.503119
Energy at 0.4000 =    -12790.795860
Energy at 0.5000 =    -12788.655555
Energy at 0.6000 =    -12780.592954
Energy at 0.7000 =    -12769.517552
Energy at 0.8000 =    -12756.760649
Energy at 0.8500 =    -12749.978665
Energy at 0.9000 =    -12743.003504
Energy at 0.9500 =    -12735.875034
Energy at 1.0000 =    -12728.623958
 
 ------------------------------------------------------------------------------
MBAR Energy analysis:
Energy at 0.0000 =   1843541.513502
Energy at 0.0500 =    -11327.805125
Energy at 0.1000 =    -12283.220282
Energy at 0.1500 =    -12517.626321
Energy at 0.2000 =    -12611.262846
Energy at 0.3000 =    -12680.811798
Energy at 0.4000 =    -12699.755890
Energy at 0.5000 =    -12701.221586
Energy at 0.6000 =    -12694.910789
Energy at 0.7000 =    -12684.607560
Energy at 0.8000 =    -12672.058809
Energy at 0.8500 =    -12665.242563
Energy at 0.9000 =    -12658.165924
Energy at 0.9500 =    -12650.882118
Energy at 1.0000 =    -12643.432239
 
 ------------------------------------------------------------------------------
MBAR Energy analysis:
Energy at 0.0000 =    114769.046284
Energy at 0.0500 =    -10978.287971
Energy at 0.1000 =    -12151.967718
Energy at 0.1500 =    -12453.536607
Energy at 0.2000 =    -12576.066634
Energy at 0.3000 =    -12667.443898
Energy at 0.4000 =    -12693.037492
Energy at 0.5000 =    -12696.659391
Energy at 0.6000 =    -12690.913316
Energy at 0.7000 =    -12680.555582
Energy at 0.8000 =    -12667.704233
Energy at 0.8500 =    -12660.695982
Energy at 0.9000 =    -12653.414720
Energy at 0.9500 =    -12645.920113
Energy at 1.0000 =    -12638.257550
 
 ------------------------------------------------------------------------------
MBAR Energy analysis:
Energy at 0.0000 =    -12636.654844
Energy at 0.0500 =    -12740.145857
Energy at 0.1000 =    -12781.356988
Energy at 0.1500 =    -12799.896042
Energy at 0.2000 =    -12808.056790
Energy at 0.3000 =    -12810.213766
Energy at 0.4000 =    -12803.847452
Energy at 0.5000 =    -12793.688188
Energy at 0.6000 =    -12781.578338
Energy at 0.7000 =    -12768.368143
Energy at 0.8000 =    -12754.497436
Energy at 0.8500 =    -12747.396095
Energy at 0.9000 =    -12740.213081
Energy at 0.9500 =    -12732.964280
Energy at 1.0000 =    -12725.662282
 
 ------------------------------------------------------------------------------
MBAR Energy analysis:
Energy at 0.0000 =      4588.945383
Energy at 0.0500 =    -12319.167094
Energy at 0.1000 =    -12629.993480
Energy at 0.1500 =    -12714.689743
Energy at 0.2000 =    -12748.834728
Energy at 0.3000 =    -12770.456149
Energy at 0.4000 =    -12770.492492
Energy at 0.5000 =    -12762.646744
Energy at 0.6000 =    -12751.183763
Energy at 0.7000 =    -12737.825725
Energy at 0.8000 =    -12723.386468
Energy at 0.8500 =    -12715.903583
Energy at 0.9000 =    -12708.293564
Energy at 0.9500 =    -12700.582176
Energy at 1.0000 =    -12692.789442
 
 ------------------------------------------------------------------------------
 NSTEP =    10000   TIME(PS) =     270.000  TEMP(K) =   303.07  PRESS =  -158.0
 Etot   =    -10327.5945  EKtot   =      2418.6458  EPtot      =    -12746.2402
 BOND   =         0.0000  ANGLE   =         0.0000  DIHED      =         0.0000
 1-4 NB =         0.0000  1-4 EEL =         0.0000  VDWAALS    =      1873.1958
 EELEC  =    -14619.4360  EHBOND  =         0.0000  RESTRAINT  =         0.0000
 EKCMT  =      1218.4873  VIRIAL  =      1357.2261  VOLUME     =     40675.5037
                                                    Density    =         0.9843
 DV/DL  =       -14.6693
 ------------------------------------------------------------------------------
 NSTEP =   140000   TIME(PS) =     530.000  TEMP(K) =   291.38  PRESS =   394.0
 Etot   =    -10409.9911  EKtot   =      2325.4026  EPtot      =    -12735.3937
 BOND   =         0.0000  ANGLE   =         0.0000  DIHED      =         0.0000
 1-4 NB =         0.0000  1-4 EEL =         0.0000  VDWAALS    =      1997.1284
 EELEC  =    -14732.5221  EHBOND  =         0.0000  RESTRAINT  =         0.0000
 EKCMT  =      1156.1271  VIRIAL  =       809.9082  VOLUME     =     40697.6075
                                                    Density    =         0.9838
 DV/DL  =        -1.9243
 ------------------------------------------------------------------------------
 NSTEP =   270000   TIME(PS) =     790.000  TEMP(K) =   300.90  PRESS =  -274.7
 Etot   =    -10290.6101  EKtot   =      2401.3398  EPtot      =    -12691.9499
 BOND   =         0.0000  ANGLE   =         0.0000  DIHED      =         0.0000
 1-4 NB =         0.0000  1-4 EEL =         0.0000  VDWAALS    =      1847.5227
 EELEC  =    -14539.4726  EHBOND  =         0.0000  RESTRAINT  =         0.0000
 EKCMT  =      1187.7442  VIRIAL  =      1429.6838  VOLUME     =     40796.7953
                                                    Density    =         0.9814
 DV/DL  =         1.0555
 ------------------------------------------------------------------------------
 NSTEP =   400000   TIME(PS) =    1050.000  TEMP(K) =   297.58  PRESS =  -216.1
 Etot   =    -10426.5348  EKtot   =      2374.8584  EPtot      =    -12801.3932
 BOND   =         0.0000  ANGLE   =         0.0000  DIHED      =         0.0000
 1-4 NB =         0.0000  1-4 EEL =         0.0000  VDWAALS    =      1894.6365
 EELEC  =    -14696.0297  EHBOND  =         0.0000  RESTRAINT  =         0.0000
 EKCMT  =      1186.5272  VIRIAL  =      1376.3282  VOLUME     =     40674.3178
                                                    Density    =         0.9843
 DV/DL  =        -9.2642
 ------------------------------------------------------------------------------
 NSTEP =   530000   TIME(PS) =    1310.000  TEMP(K) =   299.65  PRESS =   136.7
 Etot   =    -10419.4110  EKtot   =      2391.3677  EPtot      =    -12810.7787
 BOND   =         0.0000  ANGLE   =         0.0000  DIHED      =         0.0000
 1-4 NB =         0.0000  1-4 EEL =         0.0000  VDWAALS    =      1945.9469
 EELEC  =    -14756.7256  EHBOND  =         0.0000  RESTRAINT  =         0.0000
 EKCMT  =      1192.6185  VIRIAL  =      1072.8825  VOLUME     =     40581.1703
                                                    Density    =         0.9866
 DV/DL  =       -16.9000
 ------------------------------------------------------------------------------
 NSTEP =   670000   TIME(PS) =    1590.000  TEMP(K) =   303.20  PRESS =  -166.1
 Etot   =    -10330.7924  EKtot   =      2419.6853  EPtot      =    -12750.4777
 BOND   =         0.0000  ANGLE   =         0.0000  DIHED      =         0.0000
 1-4 NB =         0.0000  1-4 EEL =         0.0000  VDWAALS    =      1867.7700
 EELEC  =    -14618.2477  EHBOND  =         0.0000  RESTRAINT  =         0.0000
 EKCMT  =      1207.2421  VIRIAL  =      1352.6131  VOLUME     =     40537.5099
                                                    Density    =         0.9877
 DV/DL  =        11.5996
 ------------------------------------------------------------------------------
 NSTEP =   800000   TIME(PS) =    1850.000  TEMP(K) =   296.94  PRESS =   412.7
 Etot   =    -10372.4295  EKtot   =      2369.7153  EPtot      =    -12742.1448
 BOND   =         0.0000  ANGLE   =         0.0000  DIHED      =         0.0000
 1-4 NB =         0.0000  1-4 EEL =         0.0000  VDWAALS    =      1978.5881
 EELEC  =    -14720.7330  EHBOND  =         0.0000  RESTRAINT  =         0.0000
 EKCMT  =      1175.6023  VIRIAL  =       814.0167  VOLUME     =     40582.5498
                                                    Density    =         0.9866
 DV/DL  =       -10.3572
 ------------------------------------------------------------------------------
 NSTEP =   930000   TIME(PS) =    2110.000  TEMP(K) =   302.71  PRESS =  -168.5
 Etot   =    -10317.0990  EKtot   =      2415.7607  EPtot      =    -12732.8598
 BOND   =         0.0000  ANGLE   =         0.0000  DIHED      =         0.0000
 1-4 NB =         0.0000  1-4 EEL =         0.0000  VDWAALS    =      1859.6288
 EELEC  =    -14592.4886  EHBOND  =         0.0000  RESTRAINT  =         0.0000
 EKCMT  =      1188.1601  VIRIAL  =      1335.7823  VOLUME     =     40565.4387
                                                    Density    =         0.9870
 DV/DL  =        -8.9253
 ------------------------------------------------------------------------------
 NSTEP =  1060000   TIME(PS) =    2370.000  TEMP(K) =   296.24  PRESS =   300.8
 Etot   =    -10397.2854  EKtot   =      2364.1372  EPtot      =    -12761.4226
 BOND   =         0.0000  ANGLE   =         0.0000  DIHED      =         0.0000
 1-4 NB =         0.0000  1-4 EEL =         0.0000  VDWAALS    =      1984.9487
 EELEC  =    -14746.3713  EHBOND  =         0.0000  RESTRAINT  =         0.0000
 EKCMT  =      1153.7134  VIRIAL  =       889.1552  VOLUME     =     40736.9393
                                                    Density    =         0.9828
 DV/DL  =        -8.9020
 ------------------------------------------------------------------------------
 NSTEP =  1190000   TIME(PS) =    2630.000  TEMP(K) =   304.73  PRESS =   -71.4
 Etot   =    -10294.6428  EKtot   =      2431.9468  EPtot      =    -12726.5896
 BOND   =         0.0000  ANGLE   =         0.0000  DIHED      =         0.0000
 1-4 NB =         0.0000  1-4 EEL =         0.0000  VDWAALS    =      1882.0023
 EELEC  =    -14608.5919  EHBOND  =         0.0000  RESTRAINT  =         0.0000
 EKCMT  =      1206.7583  VIRIAL  =      1269.5258  VOLUME     =     40735.8700
                                                    Density    =         0.9828
 DV/DL  =        -3.6173
 ------------------------------------------------------------------------------
 NSTEP =  1320000   TIME(PS) =    2890.000  TEMP(K) =   288.92  PRESS =    15.0
 Etot   =    -10484.0945  EKtot   =      2305.7546  EPtot      =    -12789.8492
 BOND   =         0.0000  ANGLE   =         0.0000  DIHED      =         0.0000
 1-4 NB =         0.0000  1-4 EEL =         0.0000  VDWAALS    =      1924.4491
 EELEC  =    -14714.2983  EHBOND  =         0.0000  RESTRAINT  =         0.0000
 EKCMT  =      1168.2148  VIRIAL  =      1155.0244  VOLUME     =     40786.2328
                                                    Density    =         0.9816
 DV/DL  =         1.4111
 ------------------------------------------------------------------------------
 NSTEP =  1450000   TIME(PS) =    3150.000  TEMP(K) =   296.58  PRESS =  -284.7
 Etot   =    -10465.7563  EKtot   =      2366.8418  EPtot      =    -12832.5981
 BOND   =         0.0000  ANGLE   =         0.0000  DIHED      =         0.0000
 1-4 NB =         0.0000  1-4 EEL =         0.0000  VDWAALS    =      1903.7426
 EELEC  =    -14736.3407  EHBOND  =         0.0000  RESTRAINT  =         0.0000
 EKCMT  =      1177.4750  VIRIAL  =      1427.5505  VOLUME     =     40683.8229
                                                    Density    =         0.9841
 DV/DL  =        -9.9274
 ------------------------------------------------------------------------------
 NSTEP =  1580000   TIME(PS) =    3410.000  TEMP(K) =   304.45  PRESS =   272.5
 Etot   =    -10254.8271  EKtot   =      2429.6741  EPtot      =    -12684.5012
 BOND   =         0.0000  ANGLE   =         0.0000  DIHED      =         0.0000
 1-4 NB =         0.0000  1-4 EEL =         0.0000  VDWAALS    =      1967.0607
 EELEC  =    -14651.5619  EHBOND  =         0.0000  RESTRAINT  =         0.0000
 EKCMT  =      1174.0882  VIRIAL  =       933.5177  VOLUME     =     40895.4981
                                                    Density    =         0.9790
 DV/DL  =        -4.8194
 ------------------------------------------------------------------------------
 NSTEP =  1710000   TIME(PS) =    3670.000  TEMP(K) =   307.30  PRESS =  -285.5
 Etot   =    -10319.4388  EKtot   =      2452.3955  EPtot      =    -12771.8343
 BOND   =         0.0000  ANGLE   =         0.0000  DIHED      =         0.0000
 1-4 NB =         0.0000  1-4 EEL =         0.0000  VDWAALS    =      1869.1218
 EELEC  =    -14640.9561  EHBOND  =         0.0000  RESTRAINT  =         0.0000
 EKCMT  =      1206.0039  VIRIAL  =      1457.1021  VOLUME     =     40727.5485
                                                    Density    =         0.9830
 DV/DL  =       -10.6899
 ------------------------------------------------------------------------------
 NSTEP =  1840000   TIME(PS) =    3930.000  TEMP(K) =   299.18  PRESS =  -173.4
 Etot   =    -10359.0660  EKtot   =      2387.6121  EPtot      =    -12746.6780
 BOND   =         0.0000  ANGLE   =         0.0000  DIHED      =         0.0000
 1-4 NB =         0.0000  1-4 EEL =         0.0000  VDWAALS    =      1892.6863
 EELEC  =    -14639.3643  EHBOND  =         0.0000  RESTRAINT  =         0.0000
 EKCMT  =      1164.2778  VIRIAL  =      1316.5366  VOLUME     =     40678.8340
                                                    Density    =         0.9842
 DV/DL  =        -1.6726
 ------------------------------------------------------------------------------
 NSTEP =  1980000   TIME(PS) =    4210.000  TEMP(K) =   304.63  PRESS =  -436.0
 Etot   =    -10280.2898  EKtot   =      2431.1006  EPtot      =    -12711.3904
 BOND   =         0.0000  ANGLE   =         0.0000  DIHED      =         0.0000
 1-4 NB =         0.0000  1-4 EEL =         0.0000  VDWAALS    =      1802.7496
 EELEC  =    -14514.1400  EHBOND  =         0.0000  RESTRAINT  =         0.0000
 EKCMT  =      1233.7957  VIRIAL  =      1615.6031  VOLUME     =     40555.0422
                                                    Density    =         0.9872
 DV/DL  =        -9.2271
 ------------------------------------------------------------------------------
 NSTEP =  2110000   TIME(PS) =    4470.000  TEMP(K) =   296.88  PRESS =   904.8
 Etot   =    -10396.6621  EKtot   =      2369.2573  EPtot      =    -12765.9194
 BOND   =         0.0000  ANGLE   =         0.0000  DIHED      =         0.0000
 1-4 NB =         0.0000  1-4 EEL =         0.0000  VDWAALS    =      2080.8668
 EELEC  =    -14846.7862  EHBOND  =         0.0000  RESTRAINT  =         0.0000
 EKCMT  =      1160.8890  VIRIAL  =       364.9232  VOLUME     =     40744.3591
                                                    Density    =         0.9826
 DV/DL  =         2.6215
 ------------------------------------------------------------------------------
 NSTEP =  2240000   TIME(PS) =    4730.000  TEMP(K) =   303.25  PRESS =    -0.7
 Etot   =    -10355.9544  EKtot   =      2420.1001  EPtot      =    -12776.0545
 BOND   =         0.0000  ANGLE   =         0.0000  DIHED      =         0.0000
 1-4 NB =         0.0000  1-4 EEL =         0.0000  VDWAALS    =      1916.2008
 EELEC  =    -14692.2553  EHBOND  =         0.0000  RESTRAINT  =         0.0000
 EKCMT  =      1233.6866  VIRIAL  =      1234.2937  VOLUME     =     40910.9546
                                                    Density    =         0.9786
 DV/DL  =       -18.9205
 ------------------------------------------------------------------------------
 NSTEP =  2370000   TIME(PS) =    4990.000  TEMP(K) =   299.27  PRESS =   537.9
 Etot   =    -10303.8828  EKtot   =      2388.3550  EPtot      =    -12692.2378
 BOND   =         0.0000  ANGLE   =         0.0000  DIHED      =         0.0000
 1-4 NB =         0.0000  1-4 EEL =         0.0000  VDWAALS    =      1987.3835
 EELEC  =    -14679.6212  EHBOND  =         0.0000  RESTRAINT  =         0.0000
 EKCMT  =      1179.4334  VIRIAL  =       706.6631  VOLUME     =     40705.8399
                                                    Density    =         0.9836
 DV/DL  =        -8.1453
 ------------------------------------------------------------------------------
 NSTEP =  2500000   TIME(PS) =    5250.000  TEMP(K) =   290.28  PRESS =  -107.2
 Etot   =    -10399.3108  EKtot   =      2316.5928  EPtot      =    -12715.9036
 BOND   =         0.0000  ANGLE   =         0.0000  DIHED      =         0.0000
 1-4 NB =         0.0000  1-4 EEL =         0.0000  VDWAALS    =      1883.2654
 EELEC  =    -14599.1690  EHBOND  =         0.0000  RESTRAINT  =         0.0000
 EKCMT  =      1146.5728  VIRIAL  =      1240.7532  VOLUME     =     40686.1055
                                                    Density    =         0.9840
 DV/DL  =         2.1672
 ------------------------------------------------------------------------------
   5.  TIMINGS
