file generated for tiny fixtures
file generated for tiny fixtures
file generated for tiny fixtures
file generated for tiny fixtures
file generated for tiny fixtures
file generated for tiny fixtures
   2.  CONTROL  DATA  FOR  THE  RUN
Nature and format of output:
 ntpr =       10000

Molecular dynamics:
 nstlim =       2500000, dt = 0.002

temperature regulation:
 temp0 = 300

Free energy options:
 clambda = 0.8

FEP MBAR options:
    ifmbar = 1, bar_intervall = 100
    mbar_states = 15

    MBAR - lambda values considered:
      15 total:  0.0000 0.0500 0.1000 0.1500 0.2000 0.3000 0.4000 0.5000 0.6000 0.7000 0.8000 0.8500 0.9000 0.9500 1.0000
    Extra energies will be computed  25000 times.
   3.  ATOMIC COORDINATES AND VELOCITIES
 begin time coords = 250.000

   4.  RESULTS
MBAR Energy analysis:
Energy at 0.0000 =        34.184659
Energy at 0.0500 =    -11611.738246
Energy at 0.1000 =    -12331.170478
Energy at 0.1500 =    -12527.163266
Energy at 0.2000 =    -12605.863970
Energy at 0.3000 =    -12662.527438
Energy at 0.4000 =    -12676.599255
Energy at 0.5000 =    -12676.529828
Energy at 0.6000 =    -12670.384232
Energy at 0.7000 =    -12661.198670
Energy at 0.8000 =    -12650.334071
Energy at 0.8500 =    -12644.501126
Energy at 0.9000 =    -12638.476934
Energy at 0.9500 =    -12632.301160
Energy at 1.0000 =    -12626.004252
 
 ------------------------------------------------------------------------------
MBAR Energy analysis:
Energy at 0.0000 =  14893366.834793
Energy at 0.0500 =    -10171.887895
Energy at 0.1000 =    -12063.946313
Energy at 0.1500 =    -12467.485386
Energy at 0.2000 =    -12614.104647
Energy at 0.3000 =    -12713.795748
Energy at 0.4000 =    -12739.606264
Energy at 0.5000 =    -12743.283564
Energy at 0.6000 =    -12738.190471
Energy at 0.7000 =    -12729.002432
Energy at 0.8000 =    -12717.686646
Energy at 0.8500 =    -12711.545107
Energy at 0.9000 =    -12705.181012
Energy at 0.9500 =    -12698.644968
Energy at 1.0000 =    -12691.974944
 
 ------------------------------------------------------------------------------
MBAR Energy analysis:
Energy at 0.0000 =    -12496.610244
Energy at 0.0500 =    -12725.743594
Energy at 0.1000 =    -12790.817403
Energy at 0.1500 =    -12814.838553
Energy at 0.2000 =    -12823.960255
Energy at 0.3000 =    -12825.468135
Energy at 0.4000 =    -12818.551410
Energy at 0.5000 =    -12808.477827
Energy at 0.6000 =    -12796.965548
Energy at 0.7000 =    -12784.710131
Energy at 0.8000 =    -12772.037171
Energy at 0.8500 =    -12765.600426
Energy at 0.9000 =    -12759.115849
Energy at 0.9500 =    -12752.593513
Energy at 1.0000 =    -12746.041222
 
 ------------------------------------------------------------------------------
MBAR Energy analysis:
Energy at 0.0000 = 456716282.505437
Energy at 0.0500 =     -9598.165678
Energy at 0.1000 =    -11867.559117
Energy at 0.1500 =    -12379.988491
Energy at 0.2000 =    -12576.812814
Energy at 0.3000 =    -12720.845505
Energy at 0.4000 =    -12764.597539
Energy at 0.5000 =    -12776.656279
Energy at 0.6000 =    -12775.679594
Energy at 0.7000 =    -12768.455347
Energy at 0.8000 =    -12757.925535
Energy at 0.8500 =    -12751.901007
Energy at 0.9000 =    -12745.524819
Energy at 0.9500 =    -12738.876125
Energy at 1.0000 =    -12732.014671
 
 ------------------------------------------------------------------------------
MBAR Energy analysis:
Energy at 0.0000 =    158479.639350
Energy at 0.0500 =    -10990.525225
Energy at 0.1000 =    -12257.452457
Energy at 0.1500 =    -12555.011911
Energy at 0.2000 =    -12669.249448
Energy at 0.3000 =    -12750.537015
Energy at 0.4000 =    -12772.113919
Energy at 0.5000 =    -12774.588894
Energy at 0.6000 =    -12769.106024
Energy at 0.7000 =    -12759.758252
Energy at 0.8000 =    -12748.338120
Energy at 0.8500 =    -12742.146299
Energy at 0.9000 =    -12735.729401
Energy at 0.9500 =    -12729.136934
Energy at 1.0000 =    -12722.406479
 
 ------------------------------------------------------------------------------
MBAR Energy analysis:
Energy at 0.0000 =     29250.442674
Energy at 0.0500 =    -11413.677082
Energy at 0.1000 =    -12332.778709
Energy at 0.1500 =    -12565.997343
Energy at 0.2000 =    -12659.893713
Energy at 0.3000 =    -12729.332205
Energy at 0.4000 =    -12748.074088
Energy at 0.5000 =    -12749.726637
Energy at 0.6000 =    -12744.025790
Energy at 0.7000 =    -12734.684033
Energy at 0.8000 =    -12723.369761
Energy at 0.8500 =    -12717.252358
Energy at 0.9000 =    -12710.919901
Energy at 0.9500 =    -12704.419943
Energy at 1.0000 =    -12697.788688
 
 ------------------------------------------------------------------------------
MBAR Energy analysis:
Energy at 0.0000 =    -12354.036856
Energy at 0.0500 =    -12687.460583
Energy at 0.1000 =    -12762.744020
Energy at 0.1500 =    -12792.447019
Energy at 0.2000 =    -12805.956483
Energy at 0.3000 =    -12813.399520
Energy at 0.4000 =    -12809.818244
Energy at 0.5000 =    -12801.544533
Energy at 0.6000 =    -12790.925534
Energy at 0.7000 =    -12779.013482
Energy at 0.8000 =    -12766.340214
Energy at 0.8500 =    -12759.815054
Energy at 0.9000 =    -12753.198077
Energy at 0.9500 =    -12746.507630
Energy at 1.0000 =    -12739.758124
 
 ------------------------------------------------------------------------------
MBAR Energy analysis:
Energy at 0.0000 =   3262167.193056
Energy at 0.0500 =    -10714.620053
Energy at 0.1000 =    -12242.979472
Energy at 0.1500 =    -12577.213196
Energy at 0.2000 =    -12704.832930
Energy at 0.3000 =    -12797.543130
Energy at 0.4000 =    -12824.270120
Energy at 0.5000 =    -12829.719663
Energy at 0.6000 =    -12826.246135
Energy at 0.7000 =    -12818.416878
Energy at 0.8000 =    -12808.240752
Energy at 0.8500 =    -12802.604477
Energy at 0.9000 =    -12796.710866
Energy at 0.9500 =    -12790.615706
Energy at 1.0000 =    -12784.361390
 
 ------------------------------------------------------------------------------
MBAR Energy analysis:
Energy at 0.0000 =   7292314.688847
Energy at 0.0500 =    -10812.301484
Energy at 0.1000 =    -12228.941462
Energy at 0.1500 =    -12524.583576
Energy at 0.2000 =    -12632.742328
Energy at 0.3000 =    -12707.442700
Energy at 0.4000 =    -12726.843777
Energy at 0.5000 =    -12728.946799
Energy at 0.6000 =    -12723.868777
Energy at 0.7000 =    -12715.280198
Energy at 0.8000 =    -12704.784590
Energy at 0.8500 =    -12699.086672
Energy at 0.9000 =    -12693.175361
Energy at 0.9500 =    -12687.095592
Energy at 1.0000 =    -12680.881659
 
 ------------------------------------------------------------------------------
MBAR Energy analysis:
Energy at 0.0000 =    -11612.919151
Energy at 0.0500 =    -12445.132680
Energy at 0.1000 =    -12608.697521
Energy at 0.1500 =    -12673.402421
Energy at 0.2000 =    -12704.353598
Energy at 0.3000 =    -12727.598385
Energy at 0.4000 =    -12730.482126
Energy at 0.5000 =    -12725.321049
Energy at 0.6000 =    -12716.359736
Energy at 0.7000 =    -12705.390748
Energy at 0.8000 =    -12693.277411
Energy at 0.8500 =    -12686.943341
Energy at 0.9000 =    -12680.475943
Energy at 0.9500 =    -12673.902638
Energy at 1.0000 =    -12667.244677
 
 ------------------------------------------------------------------------------
MBAR Energy analysis:
Energy at 0.0000 =   7164711.704256
Energy at 0.0500 =    -10082.342028
Energy at 0.1000 =    -11995.241573
Energy at 0.1500 =    -12419.350007
Energy at 0.2000 =    -12578.859134
Energy at 0.3000 =    -12692.353275
Energy at 0.4000 =    -12724.743633
Energy at 0.5000 =    -12731.892209
Energy at 0.6000 =    -12728.725305
Energy at 0.7000 =    -12720.614773
Energy at 0.8000 =    -12709.875945
Energy at 0.8500 =    -12703.898032
Energy at 0.9000 =    -12697.636135
Energy at 0.9500 =    -12691.152615
Energy at 1.0000 =    -12684.494648
 
 ------------------------------------------------------------------------------
MBAR Energy analysis:
Energy at 0.0000 =      5033.347658
Energy at 0.0500 =    -11488.423418
Energy at 0.1000 =    -12325.827522
Energy at 0.1500 =    -12565.970557
Energy at 0.2000 =    -12668.099392
Energy at 0.3000 =    -12747.588884
Energy at 0.4000 =    -12771.445029
Energy at 0.5000 =    -12775.913182
Energy at 0.6000 =    -12771.830492
Energy at 0.7000 =    -12763.417026
Energy at 0.8000 =    -12752.603068
Energy at 0.8500 =    -12746.624132
Energy at 0.9000 =    -12740.373115
Energy at 0.9500 =    -12733.907211
Energy at 1.0000 =    -12727.270318
 
 ------------------------------------------------------------------------------
MBAR Energy analysis:
Energy at 0.0000 =    -11116.851883
Energy at 0.0500 =    -12476.033896
Energy at 0.1000 =    -12647.534490
Energy at 0.1500 =    -12705.487936
Energy at 0.2000 =    -12730.775661
Energy at 0.3000 =    -12747.543877
Energy at 0.4000 =    -12747.536548
Energy at 0.5000 =    -12741.081234
Energy at 0.6000 =    -12731.577383
Energy at 0.7000 =    -12720.443487
Energy at 0.8000 =    -12708.365445
Energy at 0.8500 =    -12702.094190
Energy at 0.9000 =    -12695.710047
Energy at 0.9500 =    -12689.235545
Energy at 1.0000 =    -12682.688296
 
 ------------------------------------------------------------------------------
MBAR Energy analysis:
Energy at 0.0000 =     47832.555184
Energy at 0.0500 =    -11907.211662
Energy at 0.1000 =    -12537.476904
Energy at 0.1500 =    -12685.118162
Energy at 0.2000 =    -12742.344111
Energy at 0.3000 =    -12781.975500
Energy at 0.4000 =    -12789.654933
Energy at 0.5000 =    -12786.433885
Energy at 0.6000 =    -12778.438137
Energy at 0.7000 =    -12768.030914
Energy at 0.8000 =    -12756.289162
Energy at 0.8500 =    -12750.100703
Energy at 0.9000 =    -12743.761355
Energy at 0.9500 =    -12737.302978
Energy at 1.0000 =    -12730.750038
 
 ------------------------------------------------------------------------------
MBAR Energy analysis:
Energy at 0.0000 = 355417645.526934
Energy at 0.0500 =    -10146.867941
Energy at 0.1000 =    -12064.613373
Energy at 0.1500 =    -12462.531470
Energy at 0.2000 =    -12608.346244
Energy at 0.3000 =    -12711.188791
Energy at 0.4000 =    -12740.699967
Energy at 0.5000 =    -12747.378527
Energy at 0.6000 =    -12744.636908
Energy at 0.7000 =    -12737.331885
Energy at 0.8000 =    -12727.577238
Energy at 0.8500 =    -12722.128768
Energy at 0.9000 =    -12716.412486
Energy at 0.9500 =    -12710.486597
Energy at 1.0000 =    -12704.395297
 
 ------------------------------------------------------------------------------
MBAR Energy analysis:
Energy at 0.0000 =    143757.189624
Energy at 0.0500 =    -10578.374535
Energy at 0.1000 =    -12127.812719
Energy at 0.1500 =    -12513.651635
Energy at 0.2000 =    -12664.032844
Energy at 0.3000 =    -12772.505012
Energy at 0.4000 =    -12803.397162
Energy at 0.5000 =    -12809.975823
Energy at 0.6000 =    -12806.646222
Energy at 0.7000 =    -12798.594913
Energy at 0.8000 =    -12788.049590
Energy at 0.8500 =    -12782.202918
Energy at 0.9000 =    -12776.089652
Energy at 0.9500 =    -12769.769075
Energy at 1.0000 =    -12763.285921
 
 ------------------------------------------------------------------------------
MBAR Energy analysis:
Energy at 0.0000 =    272190.584951
Energy at 0.0500 =    -10730.026630
Energy at 0.1000 =    -12125.277443
Energy at 0.1500 =    -12452.977615
Energy at 0.2000 =    -12579.071036
Energy at 0.3000 =    -12669.325579
Energy at 0.4000 =    -12694.136260
Energy at 0.5000 =    -12698.140855
Energy at 0.6000 =    -12693.510810
Energy at 0.7000 =    -12684.690935
Energy at 0.8000 =    -12673.620817
Energy at 0.8500 =    -12667.561022
Energy at 0.9000 =    -12661.255188
Energy at 0.9500 =    -12654.756813
Energy at 1.0000 =    -12648.106542
 
 ------------------------------------------------------------------------------
MBAR Energy analysis:
Energy at 0.0000 =    -11759.110948
Energy at 0.0500 =    -12476.242806
Energy at 0.1000 =    -12651.957219
Energy at 0.1500 =    -12722.895712
Energy at 0.2000 =    -12757.367227
Energy at 0.3000 =    -12784.323961
Energy at 0.4000 =    -12788.893580
Energy at 0.5000 =    -12784.430113
Energy at 0.6000 =    -12775.614050
Energy at 0.7000 =    -12764.461385
Energy at 0.8000 =    -12751.961017
Energy at 0.8500 =    -12745.381759
Energy at 0.9000 =    -12738.643714
Energy at 0.9500 =    -12731.779314
Energy at 1.0000 =    -12724.813810
 
 ------------------------------------------------------------------------------
MBAR Energy analysis:
Energy at 0.0000 =    -12706.270484
Energy at 0.0500 =    -12763.280082
Energy at 0.1000 =    -12790.457119
Energy at 0.1500 =    -12804.172003
Energy at 0.2000 =    -12810.787754
Energy at 0.3000 =    -12813.112014
Energy at 0.4000 =    -12808.171470
Energy at 0.5000 =    -12799.700037
Energy at 0.6000 =    -12789.306271
Energy at 0.7000 =    -12777.783932
Energy at 0.8000 =    -12765.563231
Energy at 0.8500 =    -12759.273442
Energy at 0.9000 =    -12752.893901
Energy at 0.9500 =    -12746.441217
Energy at 1.0000 =    -12739.928672
 
 ------------------------------------------------------------------------------
MBAR Energy analysis:
Energy at 0.0000 =  10402738.231261
Energy at 0.0500 =    -10902.757223
Energy at 0.1000 =    -12335.663611
Energy at 0.1500 =    -12644.076971
Energy at 0.2000 =    -12758.298499
Energy at 0.3000 =    -12837.997519
Energy at 0.4000 =    -12859.209390
Energy at 0.5000 =    -12862.082851
Energy at 0.6000 =    -12857.359296
Energy at 0.7000 =    -12848.938903
Energy at 0.8000 =    -12838.522961
Energy at 0.8500 =    -12832.847074
Energy at 0.9000 =    -12826.950689
Energy at 0.9500 =    -12820.881072
Energy at 1.0000 =    -12814.674216
 
 ------------------------------------------------------------------------------
 NSTEP =    10000   TIME(PS) =     270.000  TEMP(K) =   306.03  PRESS =   -72.7
 Etot   =    -10208.0826  EKtot   =      2442.2515  EPtot      =    -12650.3341
 BOND   =         0.0000  ANGLE   =         0.0000  DIHED      =         0.0000
 1-4 NB =         0.0000  1-4 EEL =         0.0000  VDWAALS    =      1836.7229
 EELEC  =    -14487.0569  EHBOND  =         0.0000  RESTRAINT  =         0.0000
 EKCMT  =      1203.0868  VIRIAL  =      1267.0394  VOLUME     =     40769.0672
                                                    Density    =         0.9820
 DV/DL  =       -12.3356
 ------------------------------------------------------------------------------
 NSTEP =   140000   TIME(PS) =     530.000  TEMP(K) =   299.68  PRESS =   429.2
 Etot   =    -10348.1718  EKtot   =      2391.5981  EPtot      =    -12739.7700
 BOND   =         0.0000  ANGLE   =         0.0000  DIHED      =         0.0000
 1-4 NB =         0.0000  1-4 EEL =         0.0000  VDWAALS    =      1984.9900
 EELEC  =    -14724.7599  EHBOND  =         0.0000  RESTRAINT  =         0.0000
 EKCMT  =      1204.0164  VIRIAL  =       825.9740  VOLUME     =     40794.5497
                                                    Density    =         0.9814
 DV/DL  =        -5.2518
 ------------------------------------------------------------------------------
 NSTEP =   270000   TIME(PS) =     790.000  TEMP(K) =   296.91  PRESS =   109.6
 Etot   =    -10402.4942  EKtot   =      2369.5430  EPtot      =    -12772.0372
 BOND   =         0.0000  ANGLE   =         0.0000  DIHED      =         0.0000
 1-4 NB =         0.0000  1-4 EEL =         0.0000  VDWAALS    =      1955.1356
 EELEC  =    -14727.1728  EHBOND  =         0.0000  RESTRAINT  =         0.0000
 EKCMT  =      1193.5514  VIRIAL  =      1096.7977  VOLUME     =     40876.5392
                                                    Density    =         0.9795
 DV/DL  =         4.8293
 ------------------------------------------------------------------------------
 NSTEP =   400000   TIME(PS) =    1050.000  TEMP(K) =   300.94  PRESS =   239.2
 Etot   =    -10356.2390  EKtot   =      2401.6865  EPtot      =    -12757.9255
 BOND   =         0.0000  ANGLE   =         0.0000  DIHED      =         0.0000
 1-4 NB =         0.0000  1-4 EEL =         0.0000  VDWAALS    =      1940.1968
 EELEC  =    -14698.1224  EHBOND  =         0.0000  RESTRAINT  =         0.0000
 EKCMT  =      1224.9152  VIRIAL  =      1015.3706  VOLUME     =     40578.6395
                                                    Density    =         0.9867
 DV/DL  =       -17.9889
 ------------------------------------------------------------------------------
 NSTEP =   530000   TIME(PS) =    1310.000  TEMP(K) =   293.96  PRESS =    77.5
 Etot   =    -10345.2003  EKtot   =      2345.9924  EPtot      =    -12691.1927
 BOND   =         0.0000  ANGLE   =         0.0000  DIHED      =         0.0000
 1-4 NB =         0.0000  1-4 EEL =         0.0000  VDWAALS    =      1911.4803
 EELEC  =    -14602.6730  EHBOND  =         0.0000  RESTRAINT  =         0.0000
 EKCMT  =      1209.8724  VIRIAL  =      1141.5442  VOLUME     =     40850.4411
                                                    Density    =         0.9801
 DV/DL  =        -8.2310
 ------------------------------------------------------------------------------
 NSTEP =   670000   TIME(PS) =    1590.000  TEMP(K) =   304.73  PRESS =  -178.8
 Etot   =    -10262.2175  EKtot   =      2431.8804  EPtot      =    -12694.0979
 BOND   =         0.0000  ANGLE   =         0.0000  DIHED      =         0.0000
 1-4 NB =         0.0000  1-4 EEL =         0.0000  VDWAALS    =      1857.0571
 EELEC  =    -14551.1549  EHBOND  =         0.0000  RESTRAINT  =         0.0000
 EKCMT  =      1179.4509  VIRIAL  =      1337.1468  VOLUME     =     40841.4538
                                                    Density    =         0.9803
 DV/DL  =        -3.3648
 ------------------------------------------------------------------------------
 NSTEP =   800000   TIME(PS) =    1850.000  TEMP(K) =   305.23  PRESS =  -274.1
 Etot   =    -10173.2277  EKtot   =      2435.9355  EPtot      =    -12609.1632
 BOND   =         0.0000  ANGLE   =         0.0000  DIHED      =         0.0000
 1-4 NB =         0.0000  1-4 EEL =         0.0000  VDWAALS    =      1821.2561
 EELEC  =    -14430.4194  EHBOND  =         0.0000  RESTRAINT  =         0.0000
 EKCMT  =      1221.2027  VIRIAL  =      1463.3248  VOLUME     =     40906.3540
                                                    Density    =         0.9787
 DV/DL  =       -15.0590
 ------------------------------------------------------------------------------
 NSTEP =   930000   TIME(PS) =    2110.000  TEMP(K) =   304.39  PRESS =   238.1
 Etot   =    -10308.4566  EKtot   =      2429.1948  EPtot      =    -12737.6514
 BOND   =         0.0000  ANGLE   =         0.0000  DIHED      =         0.0000
 1-4 NB =         0.0000  1-4 EEL =         0.0000  VDWAALS    =      1930.3570
 EELEC  =    -14668.0084  EHBOND  =         0.0000  RESTRAINT  =         0.0000
 EKCMT  =      1233.2495  VIRIAL  =      1024.4691  VOLUME     =     40616.2212
                                                    Density    =         0.9857
 DV/DL  =        -6.0770
 ------------------------------------------------------------------------------
 NSTEP =  1060000   TIME(PS) =    2370.000  TEMP(K) =   295.56  PRESS =   -90.3
 Etot   =    -10374.5511  EKtot   =      2358.7283  EPtot      =    -12733.2794
 BOND   =         0.0000  ANGLE   =         0.0000  DIHED      =         0.0000
 1-4 NB =         0.0000  1-4 EEL =         0.0000  VDWAALS    =      1895.6734
 EELEC  =    -14628.9528  EHBOND  =         0.0000  RESTRAINT  =         0.0000
 EKCMT  =      1182.8429  VIRIAL  =      1262.4804  VOLUME     =     40849.6909
                                                    Density    =         0.9801
 DV/DL  =        -7.2625
 ------------------------------------------------------------------------------
 NSTEP =  1190000   TIME(PS) =    2630.000  TEMP(K) =   297.03  PRESS =   638.8
 Etot   =    -10363.2417  EKtot   =      2370.4302  EPtot      =    -12733.6719
 BOND   =         0.0000  ANGLE   =         0.0000  DIHED      =         0.0000
 1-4 NB =         0.0000  1-4 EEL =         0.0000  VDWAALS    =      2003.7839
 EELEC  =    -14737.4558  EHBOND  =         0.0000  RESTRAINT  =         0.0000
 EKCMT  =      1217.7233  VIRIAL  =       657.4239  VOLUME     =     40623.4672
                                                    Density    =         0.9856
 DV/DL  =        -4.8796
 ------------------------------------------------------------------------------
 NSTEP =  1320000   TIME(PS) =    2890.000  TEMP(K) =   297.65  PRESS =    79.7
 Etot   =    -10362.0591  EKtot   =      2375.4438  EPtot      =    -12737.5030
 BOND   =         0.0000  ANGLE   =         0.0000  DIHED      =         0.0000
 1-4 NB =         0.0000  1-4 EEL =         0.0000  VDWAALS    =      1927.1540
 EELEC  =    -14664.6569  EHBOND  =         0.0000  RESTRAINT  =         0.0000
 EKCMT  =      1210.9214  VIRIAL  =      1140.9571  VOLUME     =     40677.0705
                                                    Density    =         0.9843
 DV/DL  =       -10.2262
 ------------------------------------------------------------------------------
 NSTEP =  1450000   TIME(PS) =    3150.000  TEMP(K) =   302.34  PRESS =  -300.9
 Etot   =    -10400.6420  EKtot   =      2412.8081  EPtot      =    -12813.4501
 BOND   =         0.0000  ANGLE   =         0.0000  DIHED      =         0.0000
 1-4 NB =         0.0000  1-4 EEL =         0.0000  VDWAALS    =      1888.9030
 EELEC  =    -14702.3531  EHBOND  =         0.0000  RESTRAINT  =         0.0000
 EKCMT  =      1221.5822  VIRIAL  =      1486.8308  VOLUME     =     40830.9572
                                                    Density    =         0.9806
 DV/DL  =       -10.0604
 ------------------------------------------------------------------------------
 NSTEP =  1580000   TIME(PS) =    3410.000  TEMP(K) =   297.54  PRESS =   308.0
 Etot   =    -10405.5012  EKtot   =      2374.5210  EPtot      =    -12780.0222
 BOND   =         0.0000  ANGLE   =         0.0000  DIHED      =         0.0000
 1-4 NB =         0.0000  1-4 EEL =         0.0000  VDWAALS    =      1991.6501
 EELEC  =    -14771.6723  EHBOND  =         0.0000  RESTRAINT  =         0.0000
 EKCMT  =      1203.5889  VIRIAL  =       931.7516  VOLUME     =     40873.5648
                                                    Density    =         0.9795
 DV/DL  =       -21.7340
 ------------------------------------------------------------------------------
 NSTEP =  1710000   TIME(PS) =    3670.000  TEMP(K) =   309.91  PRESS =   132.9
 Etot   =    -10309.3276  EKtot   =      2473.2573  EPtot      =    -12782.5849
 BOND   =         0.0000  ANGLE   =         0.0000  DIHED      =         0.0000
 1-4 NB =         0.0000  1-4 EEL =         0.0000  VDWAALS    =      1941.6669
 EELEC  =    -14724.2518  EHBOND  =         0.0000  RESTRAINT  =         0.0000
 EKCMT  =      1245.1257  VIRIAL  =      1128.3755  VOLUME     =     40697.0988
                                                    Density    =         0.9838
 DV/DL  =        -7.2290
 ------------------------------------------------------------------------------
 NSTEP =  1840000   TIME(PS) =    3930.000  TEMP(K) =   299.27  PRESS =    76.3
 Etot   =    -10343.1214  EKtot   =      2388.3044  EPtot      =    -12731.4259
 BOND   =         0.0000  ANGLE   =         0.0000  DIHED      =         0.0000
 1-4 NB =         0.0000  1-4 EEL =         0.0000  VDWAALS    =      1916.5157
 EELEC  =    -14647.9415  EHBOND  =         0.0000  RESTRAINT  =         0.0000
 EKCMT  =      1177.0402  VIRIAL  =      1109.9702  VOLUME     =     40715.3967
                                                    Density    =         0.9833
 DV/DL  =        -7.6268
 ------------------------------------------------------------------------------
 NSTEP =  1980000   TIME(PS) =    4210.000  TEMP(K) =   300.78  PRESS =  -117.3
 Etot   =    -10253.8547  EKtot   =      2400.4277  EPtot      =    -12654.2825
 BOND   =         0.0000  ANGLE   =         0.0000  DIHED      =         0.0000
 1-4 NB =         0.0000  1-4 EEL =         0.0000  VDWAALS    =      1860.0886
 EELEC  =    -14514.3711  EHBOND  =         0.0000  RESTRAINT  =         0.0000
 EKCMT  =      1158.2265  VIRIAL  =      1261.1501  VOLUME     =     40649.4879
                                                    Density    =         0.9849
 DV/DL  =       -17.2212
 ------------------------------------------------------------------------------
 NSTEP =  2110000   TIME(PS) =    4470.000  TEMP(K) =   300.31  PRESS =   -93.7
 Etot   =    -10252.3041  EKtot   =      2396.6194  EPtot      =    -12648.9235
 BOND   =         0.0000  ANGLE   =         0.0000  DIHED      =         0.0000
 1-4 NB =         0.0000  1-4 EEL =         0.0000  VDWAALS    =      1857.4209
 EELEC  =    -14506.3444  EHBOND  =         0.0000  RESTRAINT  =         0.0000
 EKCMT  =      1194.8970  VIRIAL  =      1277.3231  VOLUME     =     40743.7510
                                                    Density    =         0.9827
 DV/DL  =         1.5852
 ------------------------------------------------------------------------------
 NSTEP =  2240000   TIME(PS) =    4730.000  TEMP(K) =   304.23  PRESS =  -380.6
 Etot   =    -10292.2434  EKtot   =      2427.9404  EPtot      =    -12720.1839
 BOND   =         0.0000  ANGLE   =         0.0000  DIHED      =         0.0000
 1-4 NB =         0.0000  1-4 EEL =         0.0000  VDWAALS    =      1831.4778
 EELEC  =    -14551.6617  EHBOND  =         0.0000  RESTRAINT  =         0.0000
 EKCMT  =      1255.2284  VIRIAL  =      1589.9759  VOLUME     =     40730.9635
                                                    Density    =         0.9830
 DV/DL  =        -9.5110
 ------------------------------------------------------------------------------
 NSTEP =  2370000   TIME(PS) =    4990.000  TEMP(K) =   300.72  PRESS =  -417.0
 Etot   =    -10365.6562  EKtot   =      2399.9070  EPtot      =    -12765.5632
 BOND   =         0.0000  ANGLE   =         0.0000  DIHED      =         0.0000
 1-4 NB =         0.0000  1-4 EEL =         0.0000  VDWAALS    =      1835.3605
 EELEC  =    -14600.9238  EHBOND  =         0.0000  RESTRAINT  =         0.0000
 EKCMT  =      1172.4623  VIRIAL  =      1537.9294  VOLUME     =     40588.6597
                                                    Density    =         0.9864
 DV/DL  =         0.8946
 ------------------------------------------------------------------------------
 NSTEP =  2500000   TIME(PS) =    5250.000  TEMP(K) =   297.41  PRESS =  -112.8
 Etot   =    -10464.9846  EKtot   =      2373.5383  EPtot      =    -12838.5230
 BOND   =         0.0000  ANGLE   =         0.0000  DIHED      =         0.0000
 1-4 NB =         0.0000  1-4 EEL =         0.0000  VDWAALS    =      1924.0727
 EELEC  =    -14762.5957  EHBOND  =         0.0000  RESTRAINT  =         0.0000
 EKCMT  =      1161.7538  VIRIAL  =      1261.1291  VOLUME     =     40794.8389
                                                    Density    =         0.9814
 DV/DL  =        -9.2735
 ------------------------------------------------------------------------------
Summary of dvdl values over  20 steps:
    -12.3356
    -5.2518
    4.8293
    -17.9889
    -8.2310
    -3.3648
    -15.0590
    -6.0770
    -7.2625
    -4.8796
    -10.2262
    -10.0604
    -21.7340
    -7.2290
    -7.6268
    -17.2212
    1.5852
    -9.5110
    0.8946
    -9.2735
End of dvdl summary
   5.  TIMINGS
