file generated for tiny fixtures
file generated for tiny fixtures
file generated for tiny fixtures
file generated for tiny fixtures
file generated for tiny fixtures
file generated for tiny fixtures
   2.  CONTROL  DATA  FOR  THE  RUN
Nature and format of output:
 ntpr =       10000

Molecular dynamics:
 nstlim =       2500000, dt = 0.002

temperature regulation:
 temp0 = 300

Free energy options:
 clambda = 0.6

FEP MBAR options:
    ifmbar = 1, bar_intervall = 100
    mbar_states = 15

    MBAR - lambda values considered:
      15 total:  0.0000 0.0500 0.1000 0.1500 0.2000 0.3000 0.4000 0.5000 0.6000 0.7000 0.8000 0.8500 0.9000 0.9500 1.0000
    Extra energies will be computed  25000 times.
   3.  ATOMIC COORDINATES AND VELOCITIES
 begin time coords = 250.000

   4.  RESULTS
MBAR Energy analysis:
Energy at 0.0000 =    -12764.407561
Energy at 0.0500 =    -12785.411725
Energy at 0.1000 =    -12794.780134
Energy at 0.1500 =    -12799.108333
Energy at 0.2000 =    -12800.817374
Energy at 0.3000 =    -12800.215879
Energy at 0.4000 =    -12796.916585
Energy at 0.5000 =    -12792.290510
Energy at 0.6000 =    -12786.936451
Energy at 0.7000 =    -12781.154443
Energy at 0.8000 =    -12775.109276
Energy at 0.8500 =    -12772.019892
Energy at 0.9000 =    -12768.897601
Energy at 0.9500 =    -12765.748889
Energy at 1.0000 =    -12762.578956
 
 ------------------------------------------------------------------------------
MBAR Energy analysis:
Energy at 0.0000 =    -12806.722312
Energy at 0.0500 =    -12809.868731
Energy at 0.1000 =    -12811.114362
Energy at 0.1500 =    -12811.175005
Energy at 0.2000 =    -12810.456550
Energy at 0.3000 =    -12807.573332
Energy at 0.4000 =    -12803.555869
Energy at 0.5000 =    -12798.902855
Energy at 0.6000 =    -12793.870087
Energy at 0.7000 =    -12788.600258
Energy at 0.8000 =    -12783.178172
Energy at 0.8500 =    -12780.427400
Energy at 0.9000 =    -12777.656744
Energy at 0.9500 =    -12774.870000
Energy at 1.0000 =    -12772.070278
 
 ------------------------------------------------------------------------------
MBAR Energy analysis:
Energy at 0.0000 =    -12719.087461
Energy at 0.0500 =    -12800.980121
Energy at 0.1000 =    -12825.535268
Energy at 0.1500 =    -12835.389765
Energy at 0.2000 =    -12839.628703
Energy at 0.3000 =    -12841.289017
Energy at 0.4000 =    -12839.149781
Energy at 0.5000 =    -12835.401693
Energy at 0.6000 =    -12830.845512
Energy at 0.7000 =    -12825.839979
Energy at 0.8000 =    -12820.567884
Energy at 0.8500 =    -12817.865569
Energy at 0.9000 =    -12815.130975
Energy at 0.9500 =    -12812.370613
Energy at 1.0000 =    -12809.589628
 
 ------------------------------------------------------------------------------
MBAR Energy analysis:
Energy at 0.0000 =    -12670.000368
Energy at 0.0500 =    -12695.305051
Energy at 0.1000 =    -12707.305189
Energy at 0.1500 =    -12713.045886
Energy at 0.2000 =    -12715.447396
Energy at 0.3000 =    -12715.133543
Energy at 0.4000 =    -12711.447696
Energy at 0.5000 =    -12706.145401
Energy at 0.6000 =    -12699.971979
Energy at 0.7000 =    -12693.291236
Energy at 0.8000 =    -12686.299446
Energy at 0.8500 =    -12682.724546
Energy at 0.9000 =    -12679.110660
Energy at 0.9500 =    -12675.465431
Energy at 1.0000 =    -12671.794994
 
 ------------------------------------------------------------------------------
MBAR Energy analysis:
Energy at 0.0000 =    -10033.670692
Energy at 0.0500 =    -12548.787592
Energy at 0.1000 =    -12732.560255
Energy at 0.1500 =    -12782.064094
Energy at 0.2000 =    -12801.110116
Energy at 0.3000 =    -12812.889684
Energy at 0.4000 =    -12813.444744
Energy at 0.5000 =    -12810.222473
Energy at 0.6000 =    -12805.360242
Energy at 0.7000 =    -12799.674413
Energy at 0.8000 =    -12793.536176
Energy at 0.8500 =    -12790.360618
Energy at 0.9000 =    -12787.135228
Energy at 0.9500 =    -12783.871127
Energy at 1.0000 =    -12780.576884
 
 ------------------------------------------------------------------------------
MBAR Energy analysis:
Energy at 0.0000 =    -12646.354822
Energy at 0.0500 =    -12673.478434
Energy at 0.1000 =    -12686.934371
Energy at 0.1500 =    -12693.842846
Energy at 0.2000 =    -12697.138424
Energy at 0.3000 =    -12697.925913
Energy at 0.4000 =    -12694.672152
Energy at 0.5000 =    -12689.365901
Energy at 0.6000 =    -12682.907051
Energy at 0.7000 =    -12675.757766
Energy at 0.8000 =    -12668.176898
Energy at 0.8500 =    -12664.275461
Energy at 0.9000 =    -12660.318773
Energy at 0.9500 =    -12656.317390
Energy at 1.0000 =    -12652.279824
 
 ------------------------------------------------------------------------------
MBAR Energy analysis:
Energy at 0.0000 =    -12310.832010
Energy at 0.0500 =    -12655.825846
Energy at 0.1000 =    -12717.282054
Energy at 0.1500 =    -12739.285304
Energy at 0.2000 =    -12748.884181
Energy at 0.3000 =    -12754.581876
Energy at 0.4000 =    -12753.354443
Energy at 0.5000 =    -12749.403865
Energy at 0.6000 =    -12744.151652
Energy at 0.7000 =    -12738.200282
Energy at 0.8000 =    -12731.844463
Energy at 0.8500 =    -12728.567712
Energy at 0.9000 =    -12725.243385
Energy at 0.9500 =    -12721.881379
Energy at 1.0000 =    -12718.489463
 
 ------------------------------------------------------------------------------
MBAR Energy analysis:
Energy at 0.0000 =    -12432.273794
Energy at 0.0500 =    -12654.237841
Energy at 0.1000 =    -12729.777142
Energy at 0.1500 =    -12763.746906
Energy at 0.2000 =    -12781.034228
Energy at 0.3000 =    -12795.140312
Energy at 0.4000 =    -12798.121761
Energy at 0.5000 =    -12796.660620
Energy at 0.6000 =    -12793.107721
Energy at 0.7000 =    -12788.459261
Energy at 0.8000 =    -12783.193548
Energy at 0.8500 =    -12780.412850
Energy at 0.9000 =    -12777.561886
Energy at 0.9500 =    -12774.655622
Energy at 1.0000 =    -12771.705613
 
 ------------------------------------------------------------------------------
MBAR Energy analysis:
Energy at 0.0000 =    -12679.976992
Energy at 0.0500 =    -12748.820439
Energy at 0.1000 =    -12782.244749
Energy at 0.1500 =    -12800.035121
Energy at 0.2000 =    -12809.861698
Energy at 0.3000 =    -12817.827888
Energy at 0.4000 =    -12818.415314
Energy at 0.5000 =    -12815.619733
Energy at 0.6000 =    -12811.063481
Energy at 0.7000 =    -12805.508828
Energy at 0.8000 =    -12799.353068
Energy at 0.8500 =    -12796.123780
Energy at 0.9000 =    -12792.819837
Energy at 0.9500 =    -12789.455655
Energy at 1.0000 =    -12786.042662
 
 ------------------------------------------------------------------------------
MBAR Energy analysis:
Energy at 0.0000 =    -12782.796005
Energy at 0.0500 =    -12783.752523
Energy at 0.1000 =    -12783.590057
Energy at 0.1500 =    -12782.696896
Energy at 0.2000 =    -12781.301517
Energy at 0.3000 =    -12777.528782
Energy at 0.4000 =    -12772.939959
Energy at 0.5000 =    -12767.864089
Energy at 0.6000 =    -12762.481723
Energy at 0.7000 =    -12756.899765
Energy at 0.8000 =    -12751.185150
Energy at 0.8500 =    -12748.292389
Energy at 0.9000 =    -12745.381604
Energy at 0.9500 =    -12742.456103
Energy at 1.0000 =    -12739.518642
 
 ------------------------------------------------------------------------------
MBAR Energy analysis:
Energy at 0.0000 =    -12774.897963
Energy at 0.0500 =    -12774.905932
Energy at 0.1000 =    -12774.181266
Energy at 0.1500 =    -12772.962629
Energy at 0.2000 =    -12771.395733
Energy at 0.3000 =    -12767.564210
Energy at 0.4000 =    -12763.139920
Energy at 0.5000 =    -12758.355090
Energy at 0.6000 =    -12753.340625
Energy at 0.7000 =    -12748.175480
Energy at 0.8000 =    -12742.909712
Energy at 0.8500 =    -12740.249868
Energy at 0.9000 =    -12737.576300
Energy at 0.9500 =    -12734.891522
Energy at 1.0000 =    -12732.197628
 
 ------------------------------------------------------------------------------
MBAR Energy analysis:
Energy at 0.0000 =    -12463.954939
Energy at 0.0500 =    -12556.674980
Energy at 0.1000 =    -12593.885217
Energy at 0.1500 =    -12611.227678
Energy at 0.2000 =    -12619.768591
Energy at 0.3000 =    -12625.412692
Energy at 0.4000 =    -12624.612260
Energy at 0.5000 =    -12621.175765
Energy at 0.6000 =    -12616.483429
Energy at 0.7000 =    -12611.129637
Energy at 0.8000 =    -12605.403030
Energy at 0.8500 =    -12602.450834
Energy at 0.9000 =    -12599.456723
Energy at 0.9500 =    -12596.429923
Energy at 1.0000 =    -12593.377587
 
 ------------------------------------------------------------------------------
MBAR Energy analysis:
Energy at 0.0000 =    -12712.205417
Energy at 0.0500 =    -12712.668486
Energy at 0.1000 =    -12712.122636
Energy at 0.1500 =    -12710.903735
Energy at 0.2000 =    -12709.212233
Energy at 0.3000 =    -12704.886160
Energy at 0.4000 =    -12699.764581
Energy at 0.5000 =    -12694.165392
Energy at 0.6000 =    -12688.267178
Energy at 0.7000 =    -12682.176835
Energy at 0.8000 =    -12675.961413
Energy at 0.8500 =    -12672.821059
Energy at 0.9000 =    -12669.664506
Energy at 0.9500 =    -12666.495009
Energy at 1.0000 =    -12663.315263
 
 ------------------------------------------------------------------------------
MBAR Energy analysis:
Energy at 0.0000 =    -12559.035583
Energy at 0.0500 =    -12755.365741
Energy at 0.1000 =    -12800.770655
Energy at 0.1500 =    -12818.151319
Energy at 0.2000 =    -12826.070301
Energy at 0.3000 =    -12831.026243
Energy at 0.4000 =    -12829.983119
Energy at 0.5000 =    -12826.345979
Energy at 0.6000 =    -12821.361090
Energy at 0.7000 =    -12815.599563
Energy at 0.8000 =    -12809.360917
Energy at 0.8500 =    -12806.119368
Energy at 0.9000 =    -12802.816808
Energy at 0.9500 =    -12799.464624
Energy at 1.0000 =    -12796.071935
 
 ------------------------------------------------------------------------------
MBAR Energy analysis:
Energy at 0.0000 =    -12770.548848
Energy at 0.0500 =    -12769.393071
Energy at 0.1000 =    -12767.857821
Energy at 0.1500 =    -12766.037640
Energy at 0.2000 =    -12763.999804
Energy at 0.3000 =    -12759.454331
Energy at 0.4000 =    -12754.482355
Energy at 0.5000 =    -12749.235851
Energy at 0.6000 =    -12743.808158
Energy at 0.7000 =    -12738.259102
Energy at 0.8000 =    -12732.628361
Energy at 0.8500 =    -12729.791168
Energy at 0.9000 =    -12726.942982
Energy at 0.9500 =    -12724.085935
Energy at 1.0000 =    -12721.221825
 
 ------------------------------------------------------------------------------
MBAR Energy analysis:
Energy at 0.0000 =    -12664.729267
Energy at 0.0500 =    -12695.440131
Energy at 0.1000 =    -12710.378144
Energy at 0.1500 =    -12718.204143
Energy at 0.2000 =    -12722.185879
Energy at 0.3000 =    -12724.010777
Energy at 0.4000 =    -12721.562069
Energy at 0.5000 =    -12716.943412
Energy at 0.6000 =    -12711.109953
Energy at 0.7000 =    -12704.552685
Energy at 0.8000 =    -12697.545888
Energy at 0.8500 =    -12693.927540
Energy at 0.9000 =    -12690.252235
Energy at 0.9500 =    -12686.530993
Energy at 1.0000 =    -12682.772664
 
 ------------------------------------------------------------------------------
MBAR Energy analysis:
Energy at 0.0000 =    -12790.122087
Energy at 0.0500 =    -12801.815621
Energy at 0.1000 =    -12806.517636
Energy at 0.1500 =    -12808.129958
Energy at 0.2000 =    -12808.149560
Energy at 0.3000 =    -12805.798118
Energy at 0.4000 =    -12801.885315
Energy at 0.5000 =    -12797.222669
Energy at 0.6000 =    -12792.152261
Energy at 0.7000 =    -12786.841739
Energy at 0.8000 =    -12781.382457
Energy at 0.8500 =    -12778.614765
Energy at 0.9000 =    -12775.828227
Energy at 0.9500 =    -12773.026527
Energy at 1.0000 =    -12770.212647
 
 ------------------------------------------------------------------------------
MBAR Energy analysis:
Energy at 0.0000 =    -11753.324072
Energy at 0.0500 =    -12474.800408
Energy at 0.1000 =    -12621.391948
Energy at 0.1500 =    -12673.802677
Energy at 0.2000 =    -12697.288441
Energy at 0.3000 =    -12714.404705
Energy at 0.4000 =    -12717.002720
Energy at 0.5000 =    -12714.144457
Energy at 0.6000 =    -12708.742014
Energy at 0.7000 =    -12701.992489
Energy at 0.8000 =    -12694.470201
Energy at 0.8500 =    -12690.520909
Energy at 0.9000 =    -12686.481112
Energy at 0.9500 =    -12682.369551
Energy at 1.0000 =    -12678.200869
 
 ------------------------------------------------------------------------------
MBAR Energy analysis:
Energy at 0.0000 =    -12708.450116
Energy at 0.0500 =    -12734.318513
Energy at 0.1000 =    -12747.268761
Energy at 0.1500 =    -12753.876333
Energy at 0.2000 =    -12757.014582
Energy at 0.3000 =    -12757.901216
Energy at 0.4000 =    -12755.234824
Energy at 0.5000 =    -12750.892791
Energy at 0.6000 =    -12745.672558
Energy at 0.7000 =    -12739.957854
Energy at 0.8000 =    -12733.950909
Energy at 0.8500 =    -12730.875638
Energy at 0.9000 =    -12727.765906
Energy at 0.9500 =    -12724.629049
Energy at 1.0000 =    -12721.470859
 
 ------------------------------------------------------------------------------
MBAR Energy analysis:
Energy at 0.0000 =    -12711.186670
Energy at 0.0500 =    -12711.630726
Energy at 0.1000 =    -12711.051066
Energy at 0.1500 =    -12709.813257
Energy at 0.2000 =    -12708.130050
Energy at 0.3000 =    -12703.910308
Energy at 0.4000 =    -12699.000426
Energy at 0.5000 =    -12693.693790
Energy at 0.6000 =    -12688.147711
Energy at 0.7000 =    -12682.453020
Energy at 0.8000 =    -12676.665099
Energy at 0.8500 =    -12673.747710
Energy at 0.9000 =    -12670.819126
Energy at 0.9500 =    -12667.881904
Energy at 1.0000 =    -12664.938144
 
 ------------------------------------------------------------------------------
 NSTEP =    10000   TIME(PS) =     270.000  TEMP(K) =   300.96  PRESS =  -264.8
 Etot   =    -10385.0756  EKtot   =      2401.8608  EPtot      =    -12786.9365
 BOND   =         0.0000  ANGLE   =         0.0000  DIHED      =         0.0000
 1-4 NB =         0.0000  1-4 EEL =         0.0000  VDWAALS    =      1887.3660
 EELEC  =    -14674.3024  EHBOND  =         0.0000  RESTRAINT  =         0.0000
 EKCMT  =      1206.9176  VIRIAL  =      1440.6578  VOLUME     =     40881.7028
                                                    Density    =         0.9793
 DV/DL  =         2.9651
 ------------------------------------------------------------------------------
 NSTEP =   140000   TIME(PS) =     530.000  TEMP(K) =   302.98  PRESS =   139.6
 Etot   =    -10272.3275  EKtot   =      2417.9702  EPtot      =    -12690.2977
 BOND   =         0.0000  ANGLE   =         0.0000  DIHED      =         0.0000
 1-4 NB =         0.0000  1-4 EEL =         0.0000  VDWAALS    =      1905.3058
 EELEC  =    -14595.6035  EHBOND  =         0.0000  RESTRAINT  =         0.0000
 EKCMT  =      1225.3637  VIRIAL  =      1103.3465  VOLUME     =     40485.2889
                                                    Density    =         0.9889
 DV/DL  =        -6.3065
 ------------------------------------------------------------------------------
 NSTEP =   270000   TIME(PS) =     790.000  TEMP(K) =   300.50  PRESS =  -643.8
 Etot   =    -10337.4857  EKtot   =      2398.1724  EPtot      =    -12735.6580
 BOND   =         0.0000  ANGLE   =         0.0000  DIHED      =         0.0000
 1-4 NB =         0.0000  1-4 EEL =         0.0000  VDWAALS    =      1779.5544
 EELEC  =    -14515.2125  EHBOND  =         0.0000  RESTRAINT  =         0.0000
 EKCMT  =      1205.7567  VIRIAL  =      1769.9840  VOLUME     =     40592.0160
                                                    Density    =         0.9863
 DV/DL  =       -38.4628
 ------------------------------------------------------------------------------
 NSTEP =   400000   TIME(PS) =    1050.000  TEMP(K) =   294.97  PRESS =   110.9
 Etot   =    -10394.0752  EKtot   =      2353.9995  EPtot      =    -12748.0747
 BOND   =         0.0000  ANGLE   =         0.0000  DIHED      =         0.0000
 1-4 NB =         0.0000  1-4 EEL =         0.0000  VDWAALS    =      1940.8831
 EELEC  =    -14688.9578  EHBOND  =         0.0000  RESTRAINT  =         0.0000
 EKCMT  =      1196.4347  VIRIAL  =      1098.5807  VOLUME     =     40850.2228
                                                    Density    =         0.9801
 DV/DL  =       -17.3742
 ------------------------------------------------------------------------------
 NSTEP =   530000   TIME(PS) =    1310.000  TEMP(K) =   301.12  PRESS =  -124.0
 Etot   =    -10344.6571  EKtot   =      2403.0732  EPtot      =    -12747.7304
 BOND   =         0.0000  ANGLE   =         0.0000  DIHED      =         0.0000
 1-4 NB =         0.0000  1-4 EEL =         0.0000  VDWAALS    =      1897.2229
 EELEC  =    -14644.9533  EHBOND  =         0.0000  RESTRAINT  =         0.0000
 EKCMT  =      1228.8398  VIRIAL  =      1338.6406  VOLUME     =     41020.5987
                                                    Density    =         0.9760
 DV/DL  =         8.3395
 ------------------------------------------------------------------------------
 NSTEP =   670000   TIME(PS) =    1590.000  TEMP(K) =   307.20  PRESS =  -199.2
 Etot   =    -10256.6900  EKtot   =      2451.6013  EPtot      =    -12708.2913
 BOND   =         0.0000  ANGLE   =         0.0000  DIHED      =         0.0000
 1-4 NB =         0.0000  1-4 EEL =         0.0000  VDWAALS    =      1847.8665
 EELEC  =    -14556.1578  EHBOND  =         0.0000  RESTRAINT  =         0.0000
 EKCMT  =      1222.8897  VIRIAL  =      1398.9288  VOLUME     =     40930.1005
                                                    Density    =         0.9782
 DV/DL  =         4.1246
 ------------------------------------------------------------------------------
 NSTEP =   800000   TIME(PS) =    1850.000  TEMP(K) =   301.13  PRESS =   440.9
 Etot   =    -10331.1009  EKtot   =      2403.1575  EPtot      =    -12734.2583
 BOND   =         0.0000  ANGLE   =         0.0000  DIHED      =         0.0000
 1-4 NB =         0.0000  1-4 EEL =         0.0000  VDWAALS    =      1993.9228
 EELEC  =    -14728.1811  EHBOND  =         0.0000  RESTRAINT  =         0.0000
 EKCMT  =      1190.4901  VIRIAL  =       803.3727  VOLUME     =     40664.8070
                                                    Density    =         0.9846
 DV/DL  =        -3.7968
 ------------------------------------------------------------------------------
 NSTEP =   930000   TIME(PS) =    2110.000  TEMP(K) =   298.34  PRESS =   -86.7
 Etot   =    -10352.4702  EKtot   =      2380.9124  EPtot      =    -12733.3826
 BOND   =         0.0000  ANGLE   =         0.0000  DIHED      =         0.0000
 1-4 NB =         0.0000  1-4 EEL =         0.0000  VDWAALS    =      1884.6744
 EELEC  =    -14618.0570  EHBOND  =         0.0000  RESTRAINT  =         0.0000
 EKCMT  =      1219.0616  VIRIAL  =      1295.5640  VOLUME     =     40871.3239
                                                    Density    =         0.9796
 DV/DL  =        -4.5670
 ------------------------------------------------------------------------------
 NSTEP =  1060000   TIME(PS) =    2370.000  TEMP(K) =   290.78  PRESS =    17.0
 Etot   =    -10375.7549  EKtot   =      2320.5908  EPtot      =    -12696.3457
 BOND   =         0.0000  ANGLE   =         0.0000  DIHED      =         0.0000
 1-4 NB =         0.0000  1-4 EEL =         0.0000  VDWAALS    =      1902.8407
 EELEC  =    -14599.1864  EHBOND  =         0.0000  RESTRAINT  =         0.0000
 EKCMT  =      1160.4074  VIRIAL  =      1145.4817  VOLUME     =     40754.8661
                                                    Density    =         0.9824
 DV/DL  =         9.8685
 ------------------------------------------------------------------------------
 NSTEP =  1190000   TIME(PS) =    2630.000  TEMP(K) =   296.31  PRESS =  -485.0
 Etot   =    -10400.7361  EKtot   =      2364.7490  EPtot      =    -12765.4851
 BOND   =         0.0000  ANGLE   =         0.0000  DIHED      =         0.0000
 1-4 NB =         0.0000  1-4 EEL =         0.0000  VDWAALS    =      1861.3195
 EELEC  =    -14626.8046  EHBOND  =         0.0000  RESTRAINT  =         0.0000
 EKCMT  =      1173.1102  VIRIAL  =      1602.3842  VOLUME     =     40995.6805
                                                    Density    =         0.9766
 DV/DL  =         7.9161
 ------------------------------------------------------------------------------
 NSTEP =  1320000   TIME(PS) =    2890.000  TEMP(K) =   301.61  PRESS =   320.7
 Etot   =    -10282.7923  EKtot   =      2407.0146  EPtot      =    -12689.8069
 BOND   =         0.0000  ANGLE   =         0.0000  DIHED      =         0.0000
 1-4 NB =         0.0000  1-4 EEL =         0.0000  VDWAALS    =      1967.2376
 EELEC  =    -14657.0445  EHBOND  =         0.0000  RESTRAINT  =         0.0000
 EKCMT  =      1185.7729  VIRIAL  =       902.2403  VOLUME     =     40952.8561
                                                    Density    =         0.9776
 DV/DL  =       -16.0066
 ------------------------------------------------------------------------------
 NSTEP =  1450000   TIME(PS) =    3150.000  TEMP(K) =   294.36  PRESS =    18.5
 Etot   =    -10303.5151  EKtot   =      2349.1655  EPtot      =    -12652.6806
 BOND   =         0.0000  ANGLE   =         0.0000  DIHED      =         0.0000
 1-4 NB =         0.0000  1-4 EEL =         0.0000  VDWAALS    =      1898.0932
 EELEC  =    -14550.7738  EHBOND  =         0.0000  RESTRAINT  =         0.0000
 EKCMT  =      1133.2898  VIRIAL  =      1117.0010  VOLUME     =     40725.8375
                                                    Density    =         0.9831
 DV/DL  =        -7.9415
 ------------------------------------------------------------------------------
 NSTEP =  1580000   TIME(PS) =    3410.000  TEMP(K) =   300.30  PRESS =  -148.2
 Etot   =    -10309.1995  EKtot   =      2396.6006  EPtot      =    -12705.8001
 BOND   =         0.0000  ANGLE   =         0.0000  DIHED      =         0.0000
 1-4 NB =         0.0000  1-4 EEL =         0.0000  VDWAALS    =      1870.2098
 EELEC  =    -14576.0099  EHBOND  =         0.0000  RESTRAINT  =         0.0000
 EKCMT  =      1194.2694  VIRIAL  =      1325.1188  VOLUME     =     40891.1330
                                                    Density    =         0.9791
 DV/DL  =        -3.6962
 ------------------------------------------------------------------------------
 NSTEP =  1710000   TIME(PS) =    3670.000  TEMP(K) =   300.22  PRESS =    26.7
 Etot   =    -10320.3642  EKtot   =      2395.9375  EPtot      =    -12716.3017
 BOND   =         0.0000  ANGLE   =         0.0000  DIHED      =         0.0000
 1-4 NB =         0.0000  1-4 EEL =         0.0000  VDWAALS    =      1917.8549
 EELEC  =    -14634.1566  EHBOND  =         0.0000  RESTRAINT  =         0.0000
 EKCMT  =      1191.0254  VIRIAL  =      1167.4793  VOLUME     =     40804.1771
                                                    Density    =         0.9812
 DV/DL  =        -6.6190
 ------------------------------------------------------------------------------
 NSTEP =  1840000   TIME(PS) =    3930.000  TEMP(K) =   297.94  PRESS =  -451.9
 Etot   =    -10403.9152  EKtot   =      2377.7119  EPtot      =    -12781.6271
 BOND   =         0.0000  ANGLE   =         0.0000  DIHED      =         0.0000
 1-4 NB =         0.0000  1-4 EEL =         0.0000  VDWAALS    =      1845.2967
 EELEC  =    -14626.9238  EHBOND  =         0.0000  RESTRAINT  =         0.0000
 EKCMT  =      1181.7918  VIRIAL  =      1578.7943  VOLUME     =     40691.4356
                                                    Density    =         0.9839
 DV/DL  =        -2.8787
 ------------------------------------------------------------------------------
 NSTEP =  1980000   TIME(PS) =    4210.000  TEMP(K) =   299.43  PRESS =    30.9
 Etot   =    -10262.8861  EKtot   =      2389.6025  EPtot      =    -12652.4886
 BOND   =         0.0000  ANGLE   =         0.0000  DIHED      =         0.0000
 1-4 NB =         0.0000  1-4 EEL =         0.0000  VDWAALS    =      1873.4890
 EELEC  =    -14525.9776  EHBOND  =         0.0000  RESTRAINT  =         0.0000
 EKCMT  =      1216.8625  VIRIAL  =      1189.6161  VOLUME     =     40856.3482
                                                    Density    =         0.9799
 DV/DL  =         7.6716
 ------------------------------------------------------------------------------
 NSTEP =  2110000   TIME(PS) =    4470.000  TEMP(K) =   301.13  PRESS =  -501.7
 Etot   =    -10387.2389  EKtot   =      2403.1873  EPtot      =    -12790.4261
 BOND   =         0.0000  ANGLE   =         0.0000  DIHED      =         0.0000
 1-4 NB =         0.0000  1-4 EEL =         0.0000  VDWAALS    =      1845.6361
 EELEC  =    -14636.0623  EHBOND  =         0.0000  RESTRAINT  =         0.0000
 EKCMT  =      1167.6428  VIRIAL  =      1610.3536  VOLUME     =     40871.0657
                                                    Density    =         0.9796
 DV/DL  =         4.4138
 ------------------------------------------------------------------------------
 NSTEP =  2240000   TIME(PS) =    4730.000  TEMP(K) =   301.95  PRESS =   179.4
 Etot   =    -10285.5443  EKtot   =      2409.7361  EPtot      =    -12695.2803
 BOND   =         0.0000  ANGLE   =         0.0000  DIHED      =         0.0000
 1-4 NB =         0.0000  1-4 EEL =         0.0000  VDWAALS    =      1912.2263
 EELEC  =    -14607.5067  EHBOND  =         0.0000  RESTRAINT  =         0.0000
 EKCMT  =      1180.8226  VIRIAL  =      1023.3073  VOLUME     =     40663.9764
                                                    Density    =         0.9846
 DV/DL  =       -14.0797
 ------------------------------------------------------------------------------
 NSTEP =  2370000   TIME(PS) =    4990.000  TEMP(K) =   299.05  PRESS =  -169.8
 Etot   =    -10359.1027  EKtot   =      2386.5698  EPtot      =    -12745.6726
 BOND   =         0.0000  ANGLE   =         0.0000  DIHED      =         0.0000
 1-4 NB =         0.0000  1-4 EEL =         0.0000  VDWAALS    =      1848.3990
 EELEC  =    -14594.0716  EHBOND  =         0.0000  RESTRAINT  =         0.0000
 EKCMT  =      1179.2139  VIRIAL  =      1327.8792  VOLUME     =     40545.7149
                                                    Density    =         0.9875
 DV/DL  =         6.1058
 ------------------------------------------------------------------------------
 NSTEP =  2500000   TIME(PS) =    5250.000  TEMP(K) =   307.33  PRESS =    68.9
 Etot   =    -10235.4592  EKtot   =      2452.6885  EPtot      =    -12688.1477
 BOND   =         0.0000  ANGLE   =         0.0000  DIHED      =         0.0000
 1-4 NB =         0.0000  1-4 EEL =         0.0000  VDWAALS    =      1900.2495
 EELEC  =    -14588.3972  EHBOND  =         0.0000  RESTRAINT  =         0.0000
 EKCMT  =      1214.0306  VIRIAL  =      1153.2446  VOLUME     =     40833.0266
                                                    Density    =         0.9805
 DV/DL  =         9.7312
 ------------------------------------------------------------------------------
Summary of dvdl values over  20 steps:
    2.9651
    -6.3065
    -38.4628
    -17.3742
    8.3395
    4.1246
    -3.7968
    -4.5670
    9.8685
    7.9161
    -16.0066
    -7.9415
    -3.6962
    -6.6190
    -2.8787
    7.6716
    4.4138
    -14.0797
    6.1058
    9.7312
End of dvdl summary
   5.  TIMINGS
