file generated for tiny fixtures
file generated for tiny fixtures
file generated for tiny fixtures
file generated for tiny fixtures
file generated for tiny fixtures
file generated for tiny fixtures
   2.  CONTROL  DATA  FOR  THE  RUN
Nature and format of output:
 ntpr =       10000

Molecular dynamics:
 nstlim =       2500000, dt = 0.002

temperature regulation:
 temp0 = 300

Free energy options:
 clambda = 1.0

FEP MBAR options:
    ifmbar = 1, bar_intervall = 100
    mbar_states = 15

    MBAR - lambda values considered:
      15 total:  0.0000 0.0500 0.1000 0.1500 0.2000 0.3000 0.4000 0.5000 0.6000 0.7000 0.8000 0.8500 0.9000 0.9500 1.0000
    Extra energies will be computed  25000 times.
   3.  ATOMIC COORDINATES AND VELOCITIES
 begin time coords = 250.000

   4.  RESULTS
MBAR Energy analysis:
Energy at 0.0000 =     -8835.020195
Energy at 0.0500 =    -12458.112715
Energy at 0.1000 =    -12707.752782
Energy at 0.1500 =    -12788.200801
Energy at 0.2000 =    -12822.930972
Energy at 0.3000 =    -12845.090978
Energy at 0.4000 =    -12843.502510
Energy at 0.5000 =    -12832.685870
Energy at 0.6000 =    -12817.489403
Energy at 0.7000 =    -12799.951935
Energy at 0.8000 =    -12781.062149
Energy at 0.8500 =    -12771.285712
Energy at 0.9000 =    -12761.348581
Energy at 0.9500 =    -12751.283097
Energy at 1.0000 =    -12741.114489
 
 ------------------------------------------------------------------------------
MBAR Energy analysis:
Energy at 0.0000 =   3995604.254273
Energy at 0.0500 =    -10510.877510
Energy at 0.1000 =    -12174.912144
Energy at 0.1500 =    -12546.596498
Energy at 0.2000 =    -12685.323755
Energy at 0.3000 =    -12780.160047
Energy at 0.4000 =    -12802.277500
Energy at 0.5000 =    -12801.512984
Energy at 0.6000 =    -12791.295767
Energy at 0.7000 =    -12776.494770
Energy at 0.8000 =    -12759.223833
Energy at 0.8500 =    -12750.008789
Energy at 0.9000 =    -12740.519918
Energy at 0.9500 =    -12730.815215
Energy at 1.0000 =    -12720.938746
 
 ------------------------------------------------------------------------------
MBAR Energy analysis:
Energy at 0.0000 =    305215.966519
Energy at 0.0500 =    -10613.772826
Energy at 0.1000 =    -12163.320085
Energy at 0.1500 =    -12520.707895
Energy at 0.2000 =    -12657.249895
Energy at 0.3000 =    -12753.161808
Energy at 0.4000 =    -12776.526800
Energy at 0.5000 =    -12776.274858
Energy at 0.6000 =    -12766.011956
Energy at 0.7000 =    -12750.809503
Energy at 0.8000 =    -12732.920060
Energy at 0.8500 =    -12723.343292
Energy at 0.9000 =    -12713.468480
Energy at 0.9500 =    -12703.359612
Energy at 1.0000 =    -12693.065507
 
 ------------------------------------------------------------------------------
MBAR Energy analysis:
Energy at 0.0000 =      -222.625891
Energy at 0.0500 =    -11760.736607
Energy at 0.1000 =    -12411.957041
Energy at 0.1500 =    -12623.661400
Energy at 0.2000 =    -12717.676264
Energy at 0.3000 =    -12789.617991
Energy at 0.4000 =    -12806.778706
Energy at 0.5000 =    -12804.111303
Energy at 0.6000 =    -12792.549718
Energy at 0.7000 =    -12776.447073
Energy at 0.8000 =    -12757.818032
Energy at 0.8500 =    -12747.900795
Energy at 0.9000 =    -12737.696823
Energy at 0.9500 =    -12727.266480
Energy at 1.0000 =    -12716.656137
 
 ------------------------------------------------------------------------------
MBAR Energy analysis:
Energy at 0.0000 =      8208.289165
Energy at 0.0500 =    -12147.585871
Energy at 0.1000 =    -12645.691179
Energy at 0.1500 =    -12782.320879
Energy at 0.2000 =    -12835.480795
Energy at 0.3000 =    -12867.414474
Energy at 0.4000 =    -12867.146677
Energy at 0.5000 =    -12856.107778
Energy at 0.6000 =    -12840.474208
Energy at 0.7000 =    -12822.570675
Energy at 0.8000 =    -12803.430933
Energy at 0.8500 =    -12793.569668
Energy at 0.9000 =    -12783.570628
Energy at 0.9500 =    -12773.463123
Energy at 1.0000 =    -12763.269515
 
 ------------------------------------------------------------------------------
MBAR Energy analysis:
Energy at 0.0000 =    133179.170106
Energy at 0.0500 =    -11308.164796
Energy at 0.1000 =    -12345.396128
Energy at 0.1500 =    -12604.425519
Energy at 0.2000 =    -12707.920415
Energy at 0.3000 =    -12781.576255
Energy at 0.4000 =    -12797.695786
Energy at 0.5000 =    -12794.401295
Energy at 0.6000 =    -12782.784305
Energy at 0.7000 =    -12767.061746
Energy at 0.8000 =    -12749.117948
Energy at 0.8500 =    -12739.626957
Energy at 0.9000 =    -12729.892586
Energy at 0.9500 =    -12719.967894
Energy at 1.0000 =    -12709.893213
 
 ------------------------------------------------------------------------------
MBAR Energy analysis:
Energy at 0.0000 =     22666.555801
Energy at 0.0500 =    -10853.212232
Energy at 0.1000 =    -12207.254253
Energy at 0.1500 =    -12560.160830
Energy at 0.2000 =    -12699.709965
Energy at 0.3000 =    -12799.323362
Energy at 0.4000 =    -12824.480555
Energy at 0.5000 =    -12825.603243
Energy at 0.6000 =    -12816.714018
Energy at 0.7000 =    -12802.971750
Energy at 0.8000 =    -12786.629975
Energy at 0.8500 =    -12777.854262
Energy at 0.9000 =    -12768.795284
Energy at 0.9500 =    -12759.514692
Energy at 1.0000 =    -12750.059202
 
 ------------------------------------------------------------------------------
MBAR Energy analysis:
Energy at 0.0000 =   1019064.490648
Energy at 0.0500 =    -10247.327929
Energy at 0.1000 =    -12102.334276
Energy at 0.1500 =    -12534.547568
Energy at 0.2000 =    -12700.370786
Energy at 0.3000 =    -12818.477191
Energy at 0.4000 =    -12849.794885
Energy at 0.5000 =    -12853.189667
Energy at 0.6000 =    -12844.857034
Energy at 0.7000 =    -12830.769783
Energy at 0.8000 =    -12813.557155
Energy at 0.8500 =    -12804.214396
Energy at 0.9000 =    -12794.523104
Energy at 0.9500 =    -12784.557004
Energy at 1.0000 =    -12774.372277
 
 ------------------------------------------------------------------------------
MBAR Energy analysis:
Energy at 0.0000 =    391113.561777
Energy at 0.0500 =    -11495.002226
Energy at 0.1000 =    -12439.018303
Energy at 0.1500 =    -12668.171107
Energy at 0.2000 =    -12757.431165
Energy at 0.3000 =    -12818.955451
Energy at 0.4000 =    -12830.828340
Energy at 0.5000 =    -12826.006231
Energy at 0.6000 =    -12813.960087
Energy at 0.7000 =    -12798.297874
Energy at 0.8000 =    -12780.647234
Energy at 0.8500 =    -12771.350628
Energy at 0.9000 =    -12761.830628
Energy at 0.9500 =    -12752.134612
Energy at 1.0000 =    -12742.298863
 
 ------------------------------------------------------------------------------
MBAR Energy analysis:
Energy at 0.0000 =  96854160.087123
Energy at 0.0500 =    -10101.757565
Energy at 0.1000 =    -12033.899636
Energy at 0.1500 =    -12478.624743
Energy at 0.2000 =    -12646.857868
Energy at 0.3000 =    -12762.695942
Energy at 0.4000 =    -12790.242222
Energy at 0.5000 =    -12790.283881
Energy at 0.6000 =    -12779.214831
Energy at 0.7000 =    -12762.921045
Energy at 0.8000 =    -12743.916259
Energy at 0.8500 =    -12733.801661
Energy at 0.9000 =    -12723.407744
Energy at 0.9500 =    -12712.799747
Energy at 1.0000 =    -12702.026538
 
 ------------------------------------------------------------------------------
MBAR Energy analysis:
Energy at 0.0000 = 397673562.019663
Energy at 0.0500 =     -9703.800624
Energy at 0.1000 =    -11956.672084
Energy at 0.1500 =    -12450.716136
Energy at 0.2000 =    -12633.227072
Energy at 0.3000 =    -12758.277919
Energy at 0.4000 =    -12789.439825
Energy at 0.5000 =    -12791.650742
Energy at 0.6000 =    -12782.127863
Energy at 0.7000 =    -12767.030899
Energy at 0.8000 =    -12749.000211
Energy at 0.8500 =    -12739.312514
Energy at 0.9000 =    -12729.313940
Energy at 0.9500 =    -12719.074569
Energy at 1.0000 =    -12708.647231
 
 ------------------------------------------------------------------------------
MBAR Energy analysis:
Energy at 0.0000 =  26335819.988382
Energy at 0.0500 =    -10069.268673
Energy at 0.1000 =    -12050.748558
Energy at 0.1500 =    -12478.206166
Energy at 0.2000 =    -12636.245211
Energy at 0.3000 =    -12744.414438
Energy at 0.4000 =    -12770.427170
Energy at 0.5000 =    -12770.747755
Energy at 0.6000 =    -12760.526118
Energy at 0.7000 =    -12745.235620
Energy at 0.8000 =    -12727.241247
Energy at 0.8500 =    -12717.615822
Energy at 0.9000 =    -12707.696127
Energy at 0.9500 =    -12697.546031
Energy at 1.0000 =    -12687.213870
 
 ------------------------------------------------------------------------------
MBAR Energy analysis:
Energy at 0.0000 = 194039229.395087
Energy at 0.0500 =     -9977.752821
Energy at 0.1000 =    -12015.264827
Energy at 0.1500 =    -12435.964405
Energy at 0.2000 =    -12588.599488
Energy at 0.3000 =    -12691.974334
Energy at 0.4000 =    -12716.407370
Energy at 0.5000 =    -12716.129279
Energy at 0.6000 =    -12705.628503
Energy at 0.7000 =    -12690.162520
Energy at 0.8000 =    -12672.020049
Energy at 0.8500 =    -12662.321285
Energy at 0.9000 =    -12652.326459
Energy at 0.9500 =    -12642.098619
Energy at 1.0000 =    -12631.685678
 
 ------------------------------------------------------------------------------
MBAR Energy analysis:
Energy at 0.0000 =      2453.121942
Energy at 0.0500 =    -12158.032789
Energy at 0.1000 =    -12532.105068
Energy at 0.1500 =    -12648.041615
Energy at 0.2000 =    -12699.706637
Energy at 0.3000 =    -12738.127686
Energy at 0.4000 =    -12743.994570
Energy at 0.5000 =    -12737.089141
Energy at 0.6000 =    -12724.067450
Energy at 0.7000 =    -12707.758525
Energy at 0.8000 =    -12689.545150
Energy at 0.8500 =    -12679.970914
Energy at 0.9000 =    -12670.169882
Energy at 0.9500 =    -12660.187580
Energy at 1.0000 =    -12650.059516
 
 ------------------------------------------------------------------------------
MBAR Energy analysis:
Energy at 0.0000 =    124946.574487
Energy at 0.0500 =    -10385.440154
Energy at 0.1000 =    -12043.386171
Energy at 0.1500 =    -12465.189113
Energy at 0.2000 =    -12634.320418
Energy at 0.3000 =    -12759.000092
Energy at 0.4000 =    -12793.765587
Energy at 0.5000 =    -12799.038658
Energy at 0.6000 =    -12791.918383
Energy at 0.7000 =    -12778.770737
Energy at 0.8000 =    -12762.396386
Energy at 0.8500 =    -12753.460585
Energy at 0.9000 =    -12744.175461
Energy at 0.9500 =    -12734.617971
Energy at 1.0000 =    -12724.846394
 
 ------------------------------------------------------------------------------
MBAR Energy analysis:
Energy at 0.0000 =     -3093.395043
Energy at 0.0500 =    -11882.663375
Energy at 0.1000 =    -12470.761707
Energy at 0.1500 =    -12657.737569
Energy at 0.2000 =    -12740.094540
Energy at 0.3000 =    -12802.955815
Energy at 0.4000 =    -12817.722466
Energy at 0.5000 =    -12814.855207
Energy at 0.6000 =    -12803.944884
Energy at 0.7000 =    -12788.861450
Energy at 0.8000 =    -12771.422740
Energy at 0.8500 =    -12762.135245
Energy at 0.9000 =    -12752.575299
Energy at 0.9500 =    -12742.799105
Energy at 1.0000 =    -12732.850086
 
 ------------------------------------------------------------------------------
MBAR Energy analysis:
Energy at 0.0000 =   1353619.249895
Energy at 0.0500 =     -9988.894920
Energy at 0.1000 =    -11972.415471
Energy at 0.1500 =    -12422.545219
Energy at 0.2000 =    -12593.925871
Energy at 0.3000 =    -12715.994601
Energy at 0.4000 =    -12749.109683
Energy at 0.5000 =    -12753.847174
Energy at 0.6000 =    -12746.757603
Energy at 0.7000 =    -12733.908797
Energy at 0.8000 =    -12717.956570
Energy at 0.8500 =    -12709.254391
Energy at 0.9000 =    -12700.210665
Energy at 0.9500 =    -12690.898885
Energy at 1.0000 =    -12681.374898
 
 ------------------------------------------------------------------------------
MBAR Energy analysis:
Energy at 0.0000 =   3237908.737955
Energy at 0.0500 =     -9848.054708
Energy at 0.1000 =    -11934.142951
Energy at 0.1500 =    -12412.222295
Energy at 0.2000 =    -12591.829771
Energy at 0.3000 =    -12717.143845
Energy at 0.4000 =    -12749.966041
Energy at 0.5000 =    -12754.025917
Energy at 0.6000 =    -12746.370787
Energy at 0.7000 =    -12733.131181
Energy at 0.8000 =    -12716.942783
Energy at 0.8500 =    -12708.170482
Energy at 0.9000 =    -12699.083534
Energy at 0.9500 =    -12689.752089
Energy at 1.0000 =    -12680.229028
 
 ------------------------------------------------------------------------------
MBAR Energy analysis:
Energy at 0.0000 =     62381.533802
Energy at 0.0500 =     -9359.417061
Energy at 0.1000 =    -11734.976808
Energy at 0.1500 =    -12348.471971
Energy at 0.2000 =    -12590.203036
Energy at 0.3000 =    -12765.739646
Energy at 0.4000 =    -12816.411036
Energy at 0.5000 =    -12828.035604
Energy at 0.6000 =    -12823.872372
Energy at 0.7000 =    -12812.265527
Energy at 0.8000 =    -12796.773802
Energy at 0.8500 =    -12788.143326
Energy at 0.9000 =    -12779.105437
Energy at 0.9500 =    -12769.752560
Energy at 1.0000 =    -12760.154013
 
 ------------------------------------------------------------------------------
MBAR Energy analysis:
Energy at 0.0000 = 366767317.982953
Energy at 0.0500 =     -9232.358085
Energy at 0.1000 =    -11911.418590
Energy at 0.1500 =    -12461.010020
Energy at 0.2000 =    -12656.912473
Energy at 0.3000 =    -12788.462491
Energy at 0.4000 =    -12821.481752
Energy at 0.5000 =    -12824.762910
Energy at 0.6000 =    -12816.049607
Energy at 0.7000 =    -12801.612937
Energy at 0.8000 =    -12784.131498
Energy at 0.8500 =    -12774.683662
Energy at 0.9000 =    -12764.904552
Energy at 0.9500 =    -12754.866018
Energy at 1.0000 =    -12744.622466
 
 ------------------------------------------------------------------------------
 NSTEP =    10000   TIME(PS) =     270.000  TEMP(K) =   302.99  PRESS =  -280.6
 Etot   =    -10323.0681  EKtot   =      2418.0464  EPtot      =    -12741.1145
 BOND   =         0.0000  ANGLE   =         0.0000  DIHED      =         0.0000
 1-4 NB =         0.0000  1-4 EEL =         0.0000  VDWAALS    =      1841.4873
 EELEC  =    -14582.6018  EHBOND  =         0.0000  RESTRAINT  =         0.0000
 EKCMT  =      1245.6820  VIRIAL  =      1491.1267  VOLUME     =     40505.6801
                                                    Density    =         0.9884
 DV/DL  =         5.1122
 ------------------------------------------------------------------------------
 NSTEP =   140000   TIME(PS) =     530.000  TEMP(K) =   297.98  PRESS =  -146.9
 Etot   =    -10339.4909  EKtot   =      2378.0820  EPtot      =    -12717.5730
 BOND   =         0.0000  ANGLE   =         0.0000  DIHED      =         0.0000
 1-4 NB =         0.0000  1-4 EEL =         0.0000  VDWAALS    =      1859.0267
 EELEC  =    -14576.5997  EHBOND  =         0.0000  RESTRAINT  =         0.0000
 EKCMT  =      1220.6697  VIRIAL  =      1349.9418  VOLUME     =     40770.7070
                                                    Density    =         0.9820
 DV/DL  =        -4.0823
 ------------------------------------------------------------------------------
 NSTEP =   270000   TIME(PS) =     790.000  TEMP(K) =   296.38  PRESS =  -281.5
 Etot   =    -10372.4937  EKtot   =      2365.2788  EPtot      =    -12737.7725
 BOND   =         0.0000  ANGLE   =         0.0000  DIHED      =         0.0000
 1-4 NB =         0.0000  1-4 EEL =         0.0000  VDWAALS    =      1865.1509
 EELEC  =    -14602.9234  EHBOND  =         0.0000  RESTRAINT  =         0.0000
 EKCMT  =      1170.0661  VIRIAL  =      1417.4985  VOLUME     =     40714.1468
                                                    Density    =         0.9834
 DV/DL  =         6.5332
 ------------------------------------------------------------------------------
 NSTEP =   400000   TIME(PS) =    1050.000  TEMP(K) =   303.81  PRESS =   -62.0
 Etot   =    -10366.7423  EKtot   =      2424.5940  EPtot      =    -12791.3363
 BOND   =         0.0000  ANGLE   =         0.0000  DIHED      =         0.0000
 1-4 NB =         0.0000  1-4 EEL =         0.0000  VDWAALS    =      1919.1584
 EELEC  =    -14710.4947  EHBOND  =         0.0000  RESTRAINT  =         0.0000
 EKCMT  =      1214.7006  VIRIAL  =      1269.1987  VOLUME     =     40709.2893
                                                    Density    =         0.9835
 DV/DL  =        -1.2930
 ------------------------------------------------------------------------------
 NSTEP =   530000   TIME(PS) =    1310.000  TEMP(K) =   287.49  PRESS =    35.8
 Etot   =    -10490.6699  EKtot   =      2294.3433  EPtot      =    -12785.0132
 BOND   =         0.0000  ANGLE   =         0.0000  DIHED      =         0.0000
 1-4 NB =         0.0000  1-4 EEL =         0.0000  VDWAALS    =      1948.0552
 EELEC  =    -14733.0683  EHBOND  =         0.0000  RESTRAINT  =         0.0000
 EKCMT  =      1166.8826  VIRIAL  =      1135.3493  VOLUME     =     40760.2293
                                                    Density    =         0.9823
 DV/DL  =        -7.7458
 ------------------------------------------------------------------------------
 NSTEP =   670000   TIME(PS) =    1590.000  TEMP(K) =   288.10  PRESS =  -222.4
 Etot   =    -10482.8212  EKtot   =      2299.1750  EPtot      =    -12781.9963
 BOND   =         0.0000  ANGLE   =         0.0000  DIHED      =         0.0000
 1-4 NB =         0.0000  1-4 EEL =         0.0000  VDWAALS    =      1886.2066
 EELEC  =    -14668.2029  EHBOND  =         0.0000  RESTRAINT  =         0.0000
 EKCMT  =      1159.0579  VIRIAL  =      1354.4710  VOLUME     =     40701.1576
                                                    Density    =         0.9837
 DV/DL  =        -2.0706
 ------------------------------------------------------------------------------
 NSTEP =   800000   TIME(PS) =    1850.000  TEMP(K) =   307.96  PRESS =   -24.0
 Etot   =    -10202.8688  EKtot   =      2457.7290  EPtot      =    -12660.5978
 BOND   =         0.0000  ANGLE   =         0.0000  DIHED      =         0.0000
 1-4 NB =         0.0000  1-4 EEL =         0.0000  VDWAALS    =      1863.1976
 EELEC  =    -14523.7953  EHBOND  =         0.0000  RESTRAINT  =         0.0000
 EKCMT  =      1219.3131  VIRIAL  =      1240.3862  VOLUME     =     40717.6327
                                                    Density    =         0.9833
 DV/DL  =         5.0966
 ------------------------------------------------------------------------------
 NSTEP =   930000   TIME(PS) =    2110.000  TEMP(K) =   303.14  PRESS =  -148.3
 Etot   =    -10361.4838  EKtot   =      2419.2422  EPtot      =    -12780.7260
 BOND   =         0.0000  ANGLE   =         0.0000  DIHED      =         0.0000
 1-4 NB =         0.0000  1-4 EEL =         0.0000  VDWAALS    =      1910.2000
 EELEC  =    -14690.9260  EHBOND  =         0.0000  RESTRAINT  =         0.0000
 EKCMT  =      1207.2034  VIRIAL  =      1338.0789  VOLUME     =     40870.2319
                                                    Density    =         0.9796
 DV/DL  =         0.4879
 ------------------------------------------------------------------------------
 NSTEP =  1060000   TIME(PS) =    2370.000  TEMP(K) =   297.54  PRESS =   -39.1
 Etot   =    -10346.6288  EKtot   =      2374.5459  EPtot      =    -12721.1747
 BOND   =         0.0000  ANGLE   =         0.0000  DIHED      =         0.0000
 1-4 NB =         0.0000  1-4 EEL =         0.0000  VDWAALS    =      1904.1730
 EELEC  =    -14625.3477  EHBOND  =         0.0000  RESTRAINT  =         0.0000
 EKCMT  =      1174.2319  VIRIAL  =      1208.4438  VOLUME     =     40565.0680
                                                    Density    =         0.9870
 DV/DL  =         1.1817
 ------------------------------------------------------------------------------
 NSTEP =  1190000   TIME(PS) =    2630.000  TEMP(K) =   299.52  PRESS =    17.3
 Etot   =    -10319.0383  EKtot   =      2390.3064  EPtot      =    -12709.3446
 BOND   =         0.0000  ANGLE   =         0.0000  DIHED      =         0.0000
 1-4 NB =         0.0000  1-4 EEL =         0.0000  VDWAALS    =      1877.9226
 EELEC  =    -14587.2672  EHBOND  =         0.0000  RESTRAINT  =         0.0000
 EKCMT  =      1209.9927  VIRIAL  =      1194.8867  VOLUME     =     40537.9187
                                                    Density    =         0.9876
 DV/DL  =        -0.5751
 ------------------------------------------------------------------------------
 NSTEP =  1320000   TIME(PS) =    2890.000  TEMP(K) =   307.51  PRESS =    60.7
 Etot   =    -10336.7440  EKtot   =      2454.1379  EPtot      =    -12790.8820
 BOND   =         0.0000  ANGLE   =         0.0000  DIHED      =         0.0000
 1-4 NB =         0.0000  1-4 EEL =         0.0000  VDWAALS    =      1946.0263
 EELEC  =    -14736.9082  EHBOND  =         0.0000  RESTRAINT  =         0.0000
 EKCMT  =      1214.3007  VIRIAL  =      1160.7375  VOLUME     =     40895.1234
                                                    Density    =         0.9790
 DV/DL  =       -12.1295
 ------------------------------------------------------------------------------
 NSTEP =  1450000   TIME(PS) =    3150.000  TEMP(K) =   291.72  PRESS =   149.5
 Etot   =    -10391.4145  EKtot   =      2328.0596  EPtot      =    -12719.4741
 BOND   =         0.0000  ANGLE   =         0.0000  DIHED      =         0.0000
 1-4 NB =         0.0000  1-4 EEL =         0.0000  VDWAALS    =      1954.1637
 EELEC  =    -14673.6378  EHBOND  =         0.0000  RESTRAINT  =         0.0000
 EKCMT  =      1157.6920  VIRIAL  =      1026.0310  VOLUME     =     40783.3594
                                                    Density    =         0.9817
 DV/DL  =        -0.9818
 ------------------------------------------------------------------------------
 NSTEP =  1580000   TIME(PS) =    3410.000  TEMP(K) =   312.46  PRESS =   446.6
 Etot   =    -10277.6123  EKtot   =      2493.5688  EPtot      =    -12771.1811
 BOND   =         0.0000  ANGLE   =         0.0000  DIHED      =         0.0000
 1-4 NB =         0.0000  1-4 EEL =         0.0000  VDWAALS    =      1990.3955
 EELEC  =    -14761.5766  EHBOND  =         0.0000  RESTRAINT  =         0.0000
 EKCMT  =      1200.2302  VIRIAL  =       806.8095  VOLUME     =     40802.5260
                                                    Density    =         0.9812
 DV/DL  =        -3.7281
 ------------------------------------------------------------------------------
 NSTEP =  1710000   TIME(PS) =    3670.000  TEMP(K) =   297.12  PRESS =     9.8
 Etot   =    -10438.5095  EKtot   =      2371.1611  EPtot      =    -12809.6706
 BOND   =         0.0000  ANGLE   =         0.0000  DIHED      =         0.0000
 1-4 NB =         0.0000  1-4 EEL =         0.0000  VDWAALS    =      1945.8263
 EELEC  =    -14755.4970  EHBOND  =         0.0000  RESTRAINT  =         0.0000
 EKCMT  =      1194.1668  VIRIAL  =      1185.5729  VOLUME     =     40678.3004
                                                    Density    =         0.9842
 DV/DL  =         2.1386
 ------------------------------------------------------------------------------
 NSTEP =  1840000   TIME(PS) =    3930.000  TEMP(K) =   303.78  PRESS =   172.4
 Etot   =    -10362.2254  EKtot   =      2424.3455  EPtot      =    -12786.5708
 BOND   =         0.0000  ANGLE   =         0.0000  DIHED      =         0.0000
 1-4 NB =         0.0000  1-4 EEL =         0.0000  VDWAALS    =      1950.0334
 EELEC  =    -14736.6042  EHBOND  =         0.0000  RESTRAINT  =         0.0000
 EKCMT  =      1224.2324  VIRIAL  =      1073.1392  VOLUME     =     40595.1149
                                                    Density    =         0.9863
 DV/DL  =       -13.9608
 ------------------------------------------------------------------------------
 NSTEP =  1980000   TIME(PS) =    4210.000  TEMP(K) =   310.32  PRESS =   -76.9
 Etot   =    -10108.3835  EKtot   =      2476.5591  EPtot      =    -12584.9426
 BOND   =         0.0000  ANGLE   =         0.0000  DIHED      =         0.0000
 1-4 NB =         0.0000  1-4 EEL =         0.0000  VDWAALS    =      1813.2715
 EELEC  =    -14398.2141  EHBOND  =         0.0000  RESTRAINT  =         0.0000
 EKCMT  =      1222.5787  VIRIAL  =      1290.3119  VOLUME     =     40770.8893
                                                    Density    =         0.9820
 DV/DL  =        -1.9363
 ------------------------------------------------------------------------------
 NSTEP =  2110000   TIME(PS) =    4470.000  TEMP(K) =   309.14  PRESS =   686.2
 Etot   =    -10227.6832  EKtot   =      2467.1409  EPtot      =    -12694.8241
 BOND   =         0.0000  ANGLE   =         0.0000  DIHED      =         0.0000
 1-4 NB =         0.0000  1-4 EEL =         0.0000  VDWAALS    =      2000.9641
 EELEC  =    -14695.7881  EHBOND  =         0.0000  RESTRAINT  =         0.0000
 EKCMT  =      1263.7684  VIRIAL  =       659.8203  VOLUME     =     40761.1714
                                                    Density    =         0.9822
 DV/DL  =         1.3471
 ------------------------------------------------------------------------------
 NSTEP =  2240000   TIME(PS) =    4730.000  TEMP(K) =   304.44  PRESS =    40.3
 Etot   =    -10298.1388  EKtot   =      2429.5630  EPtot      =    -12727.7018
 BOND   =         0.0000  ANGLE   =         0.0000  DIHED      =         0.0000
 1-4 NB =         0.0000  1-4 EEL =         0.0000  VDWAALS    =      1903.8453
 EELEC  =    -14631.5471  EHBOND  =         0.0000  RESTRAINT  =         0.0000
 EKCMT  =      1224.8103  VIRIAL  =      1189.2636  VOLUME     =     40833.2465
                                                    Density    =         0.9805
 DV/DL  =         1.7986
 ------------------------------------------------------------------------------
 NSTEP =  2370000   TIME(PS) =    4990.000  TEMP(K) =   305.73  PRESS =    90.1
 Etot   =    -10285.1557  EKtot   =      2439.8809  EPtot      =    -12725.0366
 BOND   =         0.0000  ANGLE   =         0.0000  DIHED      =         0.0000
 1-4 NB =         0.0000  1-4 EEL =         0.0000  VDWAALS    =      1912.0086
 EELEC  =    -14637.0452  EHBOND  =         0.0000  RESTRAINT  =         0.0000
 EKCMT  =      1253.4360  VIRIAL  =      1174.3017  VOLUME     =     40658.6744
                                                    Density    =         0.9847
 DV/DL  =         0.1454
 ------------------------------------------------------------------------------
 NSTEP =  2500000   TIME(PS) =    5250.000  TEMP(K) =   305.21  PRESS =  -230.1
 Etot   =    -10308.9057  EKtot   =      2435.7168  EPtot      =    -12744.6225
 BOND   =         0.0000  ANGLE   =         0.0000  DIHED      =         0.0000
 1-4 NB =         0.0000  1-4 EEL =         0.0000  VDWAALS    =      1878.0432
 EELEC  =    -14622.6657  EHBOND  =         0.0000  RESTRAINT  =         0.0000
 EKCMT  =      1184.3244  VIRIAL  =      1386.9870  VOLUME     =     40789.0373
                                                    Density    =         0.9816
 DV/DL  =        -0.7369
 ------------------------------------------------------------------------------
Summary of dvdl values over  20 steps:
    5.1122
    -4.0823
    6.5332
    -1.2930
    -7.7458
    -2.0706
    5.0966
    0.4879
    1.1817
    -0.5751
    -12.1295
    -0.9818
    -3.7281
    2.1386
    -13.9608
    -1.9363
    1.3471
    1.7986
    0.1454
    -0.7369
End of dvdl summary
   5.  TIMINGS
