file generated for tiny fixtures
file generated for tiny fixtures
file generated for tiny fixtures
file generated for tiny fixtures
file generated for tiny fixtures
file generated for tiny fixtures
   2.  CONTROL  DATA  FOR  THE  RUN
Nature and format of output:
 ntpr =       10000

Molecular dynamics:
 nstlim =       2500000, dt = 0.002

temperature regulation:
 temp0 = 300

Free energy options:
 clambda = 0.4

FEP MBAR options:
    ifmbar = 1, bar_intervall = 100
    mbar_states = 15

    MBAR - lambda values considered:
      15 total:  0.0000 0.0500 0.1000 0.1500 0.2000 0.3000 0.4000 0.5000 0.6000 0.7000 0.8000 0.8500 0.9000 0.9500 1.0000
    Extra energies will be computed  25000 times.
   3.  ATOMIC COORDINATES AND VELOCITIES
 begin time coords = 250.000

   4.  RESULTS
MBAR Energy analysis:
Energy at 0.0000 =    -12757.288572
Energy at 0.0500 =    -12758.685817
Energy at 0.1000 =    -12760.101995
Energy at 0.1500 =    -12761.497163
Energy at 0.2000 =    -12762.858139
Energy at 0.3000 =    -12765.473335
Energy at 0.4000 =    -12767.968173
Energy at 0.5000 =    -12770.374896
Energy at 0.6000 =    -12772.720625
Energy at 0.7000 =    -12775.025641
Energy at 0.8000 =    -12777.304609
Energy at 0.8500 =    -12778.437736
Energy at 0.9000 =    -12779.568033
Energy at 0.9500 =    -12780.696358
Energy at 1.0000 =    -12781.823435
 
 ------------------------------------------------------------------------------
MBAR Energy analysis:
Energy at 0.0000 =    -12645.237458
Energy at 0.0500 =    -12646.515422
Energy at 0.1000 =    -12647.781209
Energy at 0.1500 =    -12649.036776
Energy at 0.2000 =    -12650.283500
Energy at 0.3000 =    -12652.755218
Energy at 0.4000 =    -12655.205423
Energy at 0.5000 =    -12657.642224
Energy at 0.6000 =    -12660.072459
Energy at 0.7000 =    -12662.501631
Energy at 0.8000 =    -12664.934041
Energy at 0.8500 =    -12666.152523
Energy at 0.9000 =    -12667.372981
Energy at 0.9500 =    -12668.595699
Energy at 1.0000 =    -12669.820923
 
 ------------------------------------------------------------------------------
MBAR Energy analysis:
Energy at 0.0000 =    -12765.248449
Energy at 0.0500 =    -12770.458627
Energy at 0.1000 =    -12773.811944
Energy at 0.1500 =    -12775.986580
Energy at 0.2000 =    -12777.370414
Energy at 0.3000 =    -12778.631839
Energy at 0.4000 =    -12778.676682
Energy at 0.5000 =    -12778.018354
Energy at 0.6000 =    -12776.930289
Energy at 0.7000 =    -12775.570191
Energy at 0.8000 =    -12774.034430
Energy at 0.8500 =    -12773.220832
Energy at 0.9000 =    -12772.384530
Energy at 0.9500 =    -12771.530045
Energy at 1.0000 =    -12770.661100
 
 ------------------------------------------------------------------------------
MBAR Energy analysis:
Energy at 0.0000 =    -12774.125003
Energy at 0.0500 =    -12774.545581
Energy at 0.1000 =    -12775.139786
Energy at 0.1500 =    -12775.832372
Energy at 0.2000 =    -12776.582229
Energy at 0.3000 =    -12778.169775
Energy at 0.4000 =    -12779.808455
Energy at 0.5000 =    -12781.465137
Energy at 0.6000 =    -12783.128808
Energy at 0.7000 =    -12784.796943
Energy at 0.8000 =    -12786.470212
Energy at 0.8500 =    -12787.309297
Energy at 0.9000 =    -12788.150338
Energy at 0.9500 =    -12788.993568
Energy at 1.0000 =    -12789.839212
 
 ------------------------------------------------------------------------------
MBAR Energy analysis:
Energy at 0.0000 =    -12757.189361
Energy at 0.0500 =    -12761.924114
Energy at 0.1000 =    -12764.739772
Energy at 0.1500 =    -12766.400860
Energy at 0.2000 =    -12767.310892
Energy at 0.3000 =    -12767.729659
Energy at 0.4000 =    -12767.030148
Energy at 0.5000 =    -12765.688089
Energy at 0.6000 =    -12763.954261
Energy at 0.7000 =    -12761.973121
Energy at 0.8000 =    -12759.833155
Energy at 0.8500 =    -12758.722164
Energy at 0.9000 =    -12757.591009
Energy at 0.9500 =    -12756.443861
Energy at 1.0000 =    -12755.284161
 
 ------------------------------------------------------------------------------
MBAR Energy analysis:
Energy at 0.0000 =    -12711.178852
Energy at 0.0500 =    -12713.115109
Energy at 0.1000 =    -12714.759146
Energy at 0.1500 =    -12716.186088
Energy at 0.2000 =    -12717.448918
Energy at 0.3000 =    -12719.625115
Energy at 0.4000 =    -12721.489920
Energy at 0.5000 =    -12723.159684
Energy at 0.6000 =    -12724.705070
Energy at 0.7000 =    -12726.170830
Energy at 0.8000 =    -12727.586261
Energy at 0.8500 =    -12728.281520
Energy at 0.9000 =    -12728.971031
Energy at 0.9500 =    -12729.656311
Energy at 1.0000 =    -12730.338626
 
 ------------------------------------------------------------------------------
MBAR Energy analysis:
Energy at 0.0000 =    -12653.285311
Energy at 0.0500 =    -12657.699393
Energy at 0.1000 =    -12660.915814
Energy at 0.1500 =    -12663.405235
Energy at 0.2000 =    -12665.423160
Energy at 0.3000 =    -12668.588854
Energy at 0.4000 =    -12671.070550
Energy at 0.5000 =    -12673.164931
Energy at 0.6000 =    -12675.024691
Energy at 0.7000 =    -12676.736126
Energy at 0.8000 =    -12678.351466
Energy at 0.8500 =    -12679.134002
Energy at 0.9000 =    -12679.903998
Energy at 0.9500 =    -12680.663912
Energy at 1.0000 =    -12681.415782
 
 ------------------------------------------------------------------------------
MBAR Energy analysis:
Energy at 0.0000 =    -12723.001662
Energy at 0.0500 =    -12725.112134
Energy at 0.1000 =    -12727.145162
Energy at 0.1500 =    -12729.126189
Energy at 0.2000 =    -12731.071019
Energy at 0.3000 =    -12734.889723
Energy at 0.4000 =    -12738.650053
Energy at 0.5000 =    -12742.376660
Energy at 0.6000 =    -12746.083426
Energy at 0.7000 =    -12749.778871
Energy at 0.8000 =    -12753.468579
Energy at 0.8500 =    -12755.312533
Energy at 0.9000 =    -12757.156401
Energy at 0.9500 =    -12759.000498
Energy at 1.0000 =    -12760.845092
 
 ------------------------------------------------------------------------------
MBAR Energy analysis:
Energy at 0.0000 =    -12678.693125
Energy at 0.0500 =    -12692.265762
Energy at 0.1000 =    -12699.536314
Energy at 0.1500 =    -12704.149691
Energy at 0.2000 =    -12707.462802
Energy at 0.3000 =    -12712.266979
Energy at 0.4000 =    -12715.985004
Energy at 0.5000 =    -12719.242719
Energy at 0.6000 =    -12722.281134
Energy at 0.7000 =    -12725.207950
Energy at 0.8000 =    -12728.076647
Energy at 0.8500 =    -12729.498740
Energy at 0.9000 =    -12730.915927
Energy at 0.9500 =    -12732.329942
Energy at 1.0000 =    -12733.742124
 
 ------------------------------------------------------------------------------
MBAR Energy analysis:
Energy at 0.0000 =    -12778.541696
Energy at 0.0500 =    -12779.823528
Energy at 0.1000 =    -12781.058689
Energy at 0.1500 =    -12782.230153
Energy at 0.2000 =    -12783.335564
Energy at 0.3000 =    -12785.365710
Energy at 0.4000 =    -12787.197756
Energy at 0.5000 =    -12788.880816
Energy at 0.6000 =    -12790.454512
Energy at 0.7000 =    -12791.948952
Energy at 0.8000 =    -12793.386609
Energy at 0.8500 =    -12794.089548
Energy at 0.9000 =    -12794.784198
Energy at 0.9500 =    -12795.471996
Energy at 1.0000 =    -12796.154187
 
 ------------------------------------------------------------------------------
MBAR Energy analysis:
Energy at 0.0000 =    -12757.088173
Energy at 0.0500 =    -12757.318252
Energy at 0.1000 =    -12757.919842
Energy at 0.1500 =    -12758.745499
Energy at 0.2000 =    -12759.715712
Energy at 0.3000 =    -12761.923727
Energy at 0.4000 =    -12764.347792
Energy at 0.5000 =    -12766.903787
Energy at 0.6000 =    -12769.550354
Energy at 0.7000 =    -12772.264792
Energy at 0.8000 =    -12775.033450
Energy at 0.8500 =    -12776.435213
Energy at 0.9000 =    -12777.847443
Energy at 0.9500 =    -12779.269437
Energy at 1.0000 =    -12780.700595
 
 ------------------------------------------------------------------------------
MBAR Energy analysis:
Energy at 0.0000 =    -12678.829145
Energy at 0.0500 =    -12681.280350
Energy at 0.1000 =    -12683.348858
Energy at 0.1500 =    -12685.121035
Energy at 0.2000 =    -12686.662396
Energy at 0.3000 =    -12689.239659
Energy at 0.4000 =    -12691.354254
Energy at 0.5000 =    -12693.170483
Energy at 0.6000 =    -12694.790494
Energy at 0.7000 =    -12696.279831
Energy at 0.8000 =    -12697.681717
Energy at 0.8500 =    -12698.359378
Energy at 0.9000 =    -12699.025319
Energy at 0.9500 =    -12699.681796
Energy at 1.0000 =    -12700.330702
 
 ------------------------------------------------------------------------------
MBAR Energy analysis:
Energy at 0.0000 =    -12661.736125
Energy at 0.0500 =    -12663.260358
Energy at 0.1000 =    -12664.670633
Energy at 0.1500 =    -12666.017517
Energy at 0.2000 =    -12667.328563
Energy at 0.3000 =    -12669.899875
Energy at 0.4000 =    -12672.449428
Energy at 0.5000 =    -12675.002250
Energy at 0.6000 =    -12677.568655
Energy at 0.7000 =    -12680.152991
Energy at 0.8000 =    -12682.757006
Energy at 0.8500 =    -12684.066592
Energy at 0.9000 =    -12685.381251
Energy at 0.9500 =    -12686.700967
Energy at 1.0000 =    -12688.025711
 
 ------------------------------------------------------------------------------
MBAR Energy analysis:
Energy at 0.0000 =    -12669.785618
Energy at 0.0500 =    -12671.999913
Energy at 0.1000 =    -12673.756709
Energy at 0.1500 =    -12675.163539
Energy at 0.2000 =    -12676.298263
Energy at 0.3000 =    -12677.968173
Energy at 0.4000 =    -12679.081332
Energy at 0.5000 =    -12679.827107
Energy at 0.6000 =    -12680.324861
Energy at 0.7000 =    -12680.652662
Energy at 0.8000 =    -12680.863105
Energy at 0.8500 =    -12680.936127
Energy at 0.9000 =    -12680.992485
Energy at 0.9500 =    -12681.035076
Energy at 1.0000 =    -12681.066354
 
 ------------------------------------------------------------------------------
MBAR Energy analysis:
Energy at 0.0000 =    -12700.172818
Energy at 0.0500 =    -12708.260734
Energy at 0.1000 =    -12713.148471
Energy at 0.1500 =    -12716.248411
Energy at 0.2000 =    -12718.253083
Energy at 0.3000 =    -12720.339827
Energy at 0.4000 =    -12720.983580
Energy at 0.5000 =    -12720.847208
Energy at 0.6000 =    -12720.256165
Energy at 0.7000 =    -12719.387345
Energy at 0.8000 =    -12718.344034
Energy at 0.8500 =    -12717.777839
Energy at 0.9000 =    -12717.189820
Energy at 0.9500 =    -12716.584471
Energy at 1.0000 =    -12715.965451
 
 ------------------------------------------------------------------------------
MBAR Energy analysis:
Energy at 0.0000 =    -12760.682661
Energy at 0.0500 =    -12763.163310
Energy at 0.1000 =    -12765.011577
Energy at 0.1500 =    -12766.438839
Energy at 0.2000 =    -12767.572139
Energy at 0.3000 =    -12769.255937
Energy at 0.4000 =    -12770.451860
Energy at 0.5000 =    -12771.358618
Energy at 0.6000 =    -12772.088241
Energy at 0.7000 =    -12772.708121
Energy at 0.8000 =    -12773.260691
Energy at 0.8500 =    -12773.520766
Energy at 0.9000 =    -12773.773550
Energy at 0.9500 =    -12774.021094
Energy at 1.0000 =    -12774.265086
 
 ------------------------------------------------------------------------------
MBAR Energy analysis:
Energy at 0.0000 =    -12717.075607
Energy at 0.0500 =    -12739.427511
Energy at 0.1000 =    -12749.263574
Energy at 0.1500 =    -12754.443108
Energy at 0.2000 =    -12757.487315
Energy at 0.3000 =    -12760.670944
Energy at 0.4000 =    -12762.108082
Energy at 0.5000 =    -12762.762793
Energy at 0.6000 =    -12763.011149
Energy at 0.7000 =    -12763.029467
Energy at 0.8000 =    -12762.911457
Energy at 0.8500 =    -12762.819255
Energy at 0.9000 =    -12762.711456
Energy at 0.9500 =    -12762.591721
Energy at 1.0000 =    -12762.462995
 
 ------------------------------------------------------------------------------
MBAR Energy analysis:
Energy at 0.0000 =    -12781.630729
Energy at 0.0500 =    -12783.488240
Energy at 0.1000 =    -12785.235794
Energy at 0.1500 =    -12786.901101
Energy at 0.2000 =    -12788.502772
Energy at 0.3000 =    -12791.564887
Energy at 0.4000 =    -12794.493719
Energy at 0.5000 =    -12797.332876
Energy at 0.6000 =    -12800.110872
Energy at 0.7000 =    -12802.847199
Energy at 0.8000 =    -12805.555584
Energy at 0.8500 =    -12806.902498
Energy at 0.9000 =    -12808.245903
Energy at 0.9500 =    -12809.586625
Energy at 1.0000 =    -12810.925377
 
 ------------------------------------------------------------------------------
MBAR Energy analysis:
Energy at 0.0000 =    -12777.051719
Energy at 0.0500 =    -12778.358136
Energy at 0.1000 =    -12779.620180
Energy at 0.1500 =    -12780.853358
Energy at 0.2000 =    -12782.068009
Energy at 0.3000 =    -12784.467943
Energy at 0.4000 =    -12786.854956
Energy at 0.5000 =    -12789.246851
Energy at 0.6000 =    -12791.652922
Energy at 0.7000 =    -12794.077978
Energy at 0.8000 =    -12796.524376
Energy at 0.8500 =    -12797.755917
Energy at 0.9000 =    -12798.993086
Energy at 0.9500 =    -12800.235883
Energy at 1.0000 =    -12801.484283
 
 ------------------------------------------------------------------------------
MBAR Energy analysis:
Energy at 0.0000 =    -12795.583591
Energy at 0.0500 =    -12797.126950
Energy at 0.1000 =    -12798.547179
Energy at 0.1500 =    -12799.772380
Energy at 0.2000 =    -12800.808772
Energy at 0.3000 =    -12802.421386
Energy at 0.4000 =    -12803.592218
Energy at 0.5000 =    -12804.475197
Energy at 0.6000 =    -12805.171762
Energy at 0.7000 =    -12805.747938
Energy at 0.8000 =    -12806.247145
Energy at 0.8500 =    -12806.477360
Energy at 0.9000 =    -12806.698392
Energy at 0.9500 =    -12806.912448
Energy at 1.0000 =    -12807.121356
 
 ------------------------------------------------------------------------------
 NSTEP =    10000   TIME(PS) =     270.000  TEMP(K) =   299.71  PRESS =  -343.6
 Etot   =    -10376.0995  EKtot   =      2391.8687  EPtot      =    -12767.9682
 BOND   =         0.0000  ANGLE   =         0.0000  DIHED      =         0.0000
 1-4 NB =         0.0000  1-4 EEL =         0.0000  VDWAALS    =      1858.6993
 EELEC  =    -14626.6674  EHBOND  =         0.0000  RESTRAINT  =         0.0000
 EKCMT  =      1201.3949  VIRIAL  =      1505.5582  VOLUME     =     40995.5829
                                                    Density    =         0.9766
 DV/DL  =         7.9781
 ------------------------------------------------------------------------------
 NSTEP =   140000   TIME(PS) =     530.000  TEMP(K) =   301.33  PRESS =   -61.5
 Etot   =    -10250.4520  EKtot   =      2404.7534  EPtot      =    -12655.2054
 BOND   =         0.0000  ANGLE   =         0.0000  DIHED      =         0.0000
 1-4 NB =         0.0000  1-4 EEL =         0.0000  VDWAALS    =      1843.2792
 EELEC  =    -14498.4847  EHBOND  =         0.0000  RESTRAINT  =         0.0000
 EKCMT  =      1174.0890  VIRIAL  =      1228.3214  VOLUME     =     40836.7207
                                                    Density    =         0.9804
 DV/DL  =        14.0941
 ------------------------------------------------------------------------------
 NSTEP =   270000   TIME(PS) =     790.000  TEMP(K) =   306.25  PRESS =   -71.6
 Etot   =    -10334.6518  EKtot   =      2444.0249  EPtot      =    -12778.6767
 BOND   =         0.0000  ANGLE   =         0.0000  DIHED      =         0.0000
 1-4 NB =         0.0000  1-4 EEL =         0.0000  VDWAALS    =      1905.0241
 EELEC  =    -14683.7008  EHBOND  =         0.0000  RESTRAINT  =         0.0000
 EKCMT  =      1228.7090  VIRIAL  =      1292.0797  VOLUME     =     40971.7496
                                                    Density    =         0.9772
 DV/DL  =         2.1161
 ------------------------------------------------------------------------------
 NSTEP =   400000   TIME(PS) =    1050.000  TEMP(K) =   304.90  PRESS =  -152.4
 Etot   =    -10346.5487  EKtot   =      2433.2598  EPtot      =    -12779.8085
 BOND   =         0.0000  ANGLE   =         0.0000  DIHED      =         0.0000
 1-4 NB =         0.0000  1-4 EEL =         0.0000  VDWAALS    =      1887.6128
 EELEC  =    -14667.4212  EHBOND  =         0.0000  RESTRAINT  =         0.0000
 EKCMT  =      1214.5373  VIRIAL  =      1349.0258  VOLUME     =     40860.5304
                                                    Density    =         0.9798
 DV/DL  =        12.8385
 ------------------------------------------------------------------------------
 NSTEP =   530000   TIME(PS) =    1310.000  TEMP(K) =   311.76  PRESS =   552.5
 Etot   =    -10278.9916  EKtot   =      2488.0386  EPtot      =    -12767.0301
 BOND   =         0.0000  ANGLE   =         0.0000  DIHED      =         0.0000
 1-4 NB =         0.0000  1-4 EEL =         0.0000  VDWAALS    =      2012.8878
 EELEC  =    -14779.9180  EHBOND  =         0.0000  RESTRAINT  =         0.0000
 EKCMT  =      1211.1753  VIRIAL  =       724.0159  VOLUME     =     40834.8675
                                                    Density    =         0.9805
 DV/DL  =         1.7966
 ------------------------------------------------------------------------------
 NSTEP =   670000   TIME(PS) =    1590.000  TEMP(K) =   299.38  PRESS =  -118.3
 Etot   =    -10332.2345  EKtot   =      2389.2554  EPtot      =    -12721.4899
 BOND   =         0.0000  ANGLE   =         0.0000  DIHED      =         0.0000
 1-4 NB =         0.0000  1-4 EEL =         0.0000  VDWAALS    =      1885.3195
 EELEC  =    -14606.8094  EHBOND  =         0.0000  RESTRAINT  =         0.0000
 EKCMT  =      1197.7987  VIRIAL  =      1302.2803  VOLUME     =     40909.1475
                                                    Density    =         0.9787
 DV/DL  =        10.3033
 ------------------------------------------------------------------------------
 NSTEP =   800000   TIME(PS) =    1850.000  TEMP(K) =   290.64  PRESS =  -171.2
 Etot   =    -10351.5657  EKtot   =      2319.5049  EPtot      =    -12671.0705
 BOND   =         0.0000  ANGLE   =         0.0000  DIHED      =         0.0000
 1-4 NB =         0.0000  1-4 EEL =         0.0000  VDWAALS    =      1846.6213
 EELEC  =    -14517.6918  EHBOND  =         0.0000  RESTRAINT  =         0.0000
 EKCMT  =      1205.6281  VIRIAL  =      1356.3900  VOLUME     =     40797.7308
                                                    Density    =         0.9814
 DV/DL  =         2.2709
 ------------------------------------------------------------------------------
 NSTEP =   930000   TIME(PS) =    2110.000  TEMP(K) =   301.07  PRESS =    41.8
 Etot   =    -10335.9464  EKtot   =      2402.7036  EPtot      =    -12738.6501
 BOND   =         0.0000  ANGLE   =         0.0000  DIHED      =         0.0000
 1-4 NB =         0.0000  1-4 EEL =         0.0000  VDWAALS    =      1891.4727
 EELEC  =    -14630.1228  EHBOND  =         0.0000  RESTRAINT  =         0.0000
 EKCMT  =      1218.3780  VIRIAL  =      1181.6445  VOLUME     =     40738.4263
                                                    Density    =         0.9828
 DV/DL  =        10.4293
 ------------------------------------------------------------------------------
 NSTEP =  1060000   TIME(PS) =    2370.000  TEMP(K) =   292.13  PRESS =   307.1
 Etot   =    -10384.6100  EKtot   =      2331.3750  EPtot      =    -12715.9850
 BOND   =         0.0000  ANGLE   =         0.0000  DIHED      =         0.0000
 1-4 NB =         0.0000  1-4 EEL =         0.0000  VDWAALS    =      1941.8172
 EELEC  =    -14657.8022  EHBOND  =         0.0000  RESTRAINT  =         0.0000
 EKCMT  =      1161.5894  VIRIAL  =       892.6237  VOLUME     =     40569.1799
                                                    Density    =         0.9869
 DV/DL  =         5.1470
 ------------------------------------------------------------------------------
 NSTEP =  1190000   TIME(PS) =    2630.000  TEMP(K) =   309.96  PRESS =   265.9
 Etot   =    -10313.5474  EKtot   =      2473.6504  EPtot      =    -12787.1978
 BOND   =         0.0000  ANGLE   =         0.0000  DIHED      =         0.0000
 1-4 NB =         0.0000  1-4 EEL =         0.0000  VDWAALS    =      1973.4064
 EELEC  =    -14760.6041  EHBOND  =         0.0000  RESTRAINT  =         0.0000
 EKCMT  =      1232.8507  VIRIAL  =       998.1713  VOLUME     =     40880.3400
                                                    Density    =         0.9794
 DV/DL  =         7.3667
 ------------------------------------------------------------------------------
 NSTEP =  1320000   TIME(PS) =    2890.000  TEMP(K) =   292.42  PRESS =   -30.9
 Etot   =    -10430.6911  EKtot   =      2333.6567  EPtot      =    -12764.3478
 BOND   =         0.0000  ANGLE   =         0.0000  DIHED      =         0.0000
 1-4 NB =         0.0000  1-4 EEL =         0.0000  VDWAALS    =      1902.7667
 EELEC  =    -14667.1145  EHBOND  =         0.0000  RESTRAINT  =         0.0000
 EKCMT  =      1163.1109  VIRIAL  =      1190.1869  VOLUME     =     40644.0996
                                                    Density    =         0.9851
 DV/DL  =        19.1911
 ------------------------------------------------------------------------------
 NSTEP =  1450000   TIME(PS) =    3150.000  TEMP(K) =   299.07  PRESS =    87.3
 Etot   =    -10304.6155  EKtot   =      2386.7388  EPtot      =    -12691.3543
 BOND   =         0.0000  ANGLE   =         0.0000  DIHED      =         0.0000
 1-4 NB =         0.0000  1-4 EEL =         0.0000  VDWAALS    =      1906.3135
 EELEC  =    -14597.6677  EHBOND  =         0.0000  RESTRAINT  =         0.0000
 EKCMT  =      1184.9890  VIRIAL  =      1107.7559  VOLUME     =     40989.6239
                                                    Density    =         0.9768
 DV/DL  =         3.7681
 ------------------------------------------------------------------------------
 NSTEP =  1580000   TIME(PS) =    3410.000  TEMP(K) =   299.48  PRESS =   108.4
 Etot   =    -10282.4636  EKtot   =      2389.9858  EPtot      =    -12672.4494
 BOND   =         0.0000  ANGLE   =         0.0000  DIHED      =         0.0000
 1-4 NB =         0.0000  1-4 EEL =         0.0000  VDWAALS    =      1896.0934
 EELEC  =    -14568.5428  EHBOND  =         0.0000  RESTRAINT  =         0.0000
 EKCMT  =      1177.5386  VIRIAL  =      1082.3383  VOLUME     =     40666.8549
                                                    Density    =         0.9845
 DV/DL  =        15.3064
 ------------------------------------------------------------------------------
 NSTEP =  1710000   TIME(PS) =    3670.000  TEMP(K) =   298.05  PRESS =  -362.5
 Etot   =    -10300.5088  EKtot   =      2378.5725  EPtot      =    -12679.0813
 BOND   =         0.0000  ANGLE   =         0.0000  DIHED      =         0.0000
 1-4 NB =         0.0000  1-4 EEL =         0.0000  VDWAALS    =      1829.6679
 EELEC  =    -14508.7492  EHBOND  =         0.0000  RESTRAINT  =         0.0000
 EKCMT  =      1178.8986  VIRIAL  =      1498.0444  VOLUME     =     40772.8487
                                                    Density    =         0.9820
 DV/DL  =         3.6396
 ------------------------------------------------------------------------------
 NSTEP =  1840000   TIME(PS) =    3930.000  TEMP(K) =   291.02  PRESS =  -195.0
 Etot   =    -10398.4518  EKtot   =      2322.5317  EPtot      =    -12720.9836
 BOND   =         0.0000  ANGLE   =         0.0000  DIHED      =         0.0000
 1-4 NB =         0.0000  1-4 EEL =         0.0000  VDWAALS    =      1856.8850
 EELEC  =    -14577.8685  EHBOND  =         0.0000  RESTRAINT  =         0.0000
 EKCMT  =      1174.7013  VIRIAL  =      1346.4355  VOLUME     =     40789.4972
                                                    Density    =         0.9816
 DV/DL  =        -1.6290
 ------------------------------------------------------------------------------
 NSTEP =  1980000   TIME(PS) =    4210.000  TEMP(K) =   290.53  PRESS =   444.3
 Etot   =    -10451.8862  EKtot   =      2318.5657  EPtot      =    -12770.4519
 BOND   =         0.0000  ANGLE   =         0.0000  DIHED      =         0.0000
 1-4 NB =         0.0000  1-4 EEL =         0.0000  VDWAALS    =      2017.7172
 EELEC  =    -14788.1691  EHBOND  =         0.0000  RESTRAINT  =         0.0000
 EKCMT  =      1140.7320  VIRIAL  =       748.8896  VOLUME     =     40842.8193
                                                    Density    =         0.9803
 DV/DL  =        11.1969
 ------------------------------------------------------------------------------
 NSTEP =  2110000   TIME(PS) =    4470.000  TEMP(K) =   289.40  PRESS =  -182.7
 Etot   =    -10452.5309  EKtot   =      2309.5771  EPtot      =    -12762.1081
 BOND   =         0.0000  ANGLE   =         0.0000  DIHED      =         0.0000
 1-4 NB =         0.0000  1-4 EEL =         0.0000  VDWAALS    =      1867.0806
 EELEC  =    -14629.1886  EHBOND  =         0.0000  RESTRAINT  =         0.0000
 EKCMT  =      1167.9681  VIRIAL  =      1328.1943  VOLUME     =     40628.5907
                                                    Density    =         0.9854
 DV/DL  =         1.7302
 ------------------------------------------------------------------------------
 NSTEP =  2240000   TIME(PS) =    4730.000  TEMP(K) =   299.55  PRESS =   139.1
 Etot   =    -10403.9178  EKtot   =      2390.5759  EPtot      =    -12794.4937
 BOND   =         0.0000  ANGLE   =         0.0000  DIHED      =         0.0000
 1-4 NB =         0.0000  1-4 EEL =         0.0000  VDWAALS    =      1928.9829
 EELEC  =    -14723.4766  EHBOND  =         0.0000  RESTRAINT  =         0.0000
 EKCMT  =      1202.3926  VIRIAL  =      1080.1610  VOLUME     =     40702.7794
                                                    Density    =         0.9836
 DV/DL  =         9.0120
 ------------------------------------------------------------------------------
 NSTEP =  2370000   TIME(PS) =    4990.000  TEMP(K) =   292.64  PRESS =   496.5
 Etot   =    -10451.4265  EKtot   =      2335.4285  EPtot      =    -12786.8550
 BOND   =         0.0000  ANGLE   =         0.0000  DIHED      =         0.0000
 1-4 NB =         0.0000  1-4 EEL =         0.0000  VDWAALS    =      2032.8396
 EELEC  =    -14819.6946  EHBOND  =         0.0000  RESTRAINT  =         0.0000
 EKCMT  =      1149.6664  VIRIAL  =       711.0452  VOLUME     =     40916.9131
                                                    Density    =         0.9785
 DV/DL  =        15.2985
 ------------------------------------------------------------------------------
 NSTEP =  2500000   TIME(PS) =    5250.000  TEMP(K) =   299.71  PRESS =  -222.0
 Etot   =    -10411.7734  EKtot   =      2391.8188  EPtot      =    -12803.5922
 BOND   =         0.0000  ANGLE   =         0.0000  DIHED      =         0.0000
 1-4 NB =         0.0000  1-4 EEL =         0.0000  VDWAALS    =      1895.0496
 EELEC  =    -14698.6419  EHBOND  =         0.0000  RESTRAINT  =         0.0000
 EKCMT  =      1196.7172  VIRIAL  =      1392.5485  VOLUME     =     40858.5005
                                                    Density    =         0.9799
 DV/DL  =         8.4726
 ------------------------------------------------------------------------------
Summary of dvdl values over  20 steps:
    7.9781
    14.0941
    2.1161
    12.8385
    1.7966
    10.3033
    2.2709
    10.4293
    5.1470
    7.3667
    19.1911
    3.7681
    15.3064
    3.6396
    -1.6290
    11.1969
    1.7302
    9.0120
    15.2985
    8.4726
End of dvdl summary
   5.  TIMINGS
