file generated for tiny fixtures
file generated for tiny fixtures
file generated for tiny fixtures
file generated for tiny fixtures
file generated for tiny fixtures
file generated for tiny fixtures
   2.  CONTROL  DATA  FOR  THE  RUN
Nature and format of output:
 ntpr =       10000

Molecular dynamics:
 nstlim =       2500000, dt = 0.002

temperature regulation:
 temp0 = 300

Free energy options:
 clambda = 0.5

FEP MBAR options:
    ifmbar = 1, bar_intervall = 100
    mbar_states = 15

    MBAR - lambda values considered:
      15 total:  0.0000 0.0500 0.1000 0.1500 0.2000 0.3000 0.4000 0.5000 0.6000 0.7000 0.8000 0.8500 0.9000 0.9500 1.0000
    Extra energies will be computed  25000 times.
   3.  ATOMIC COORDINATES AND VELOCITIES
 begin time coords = 250.000

   4.  RESULTS
MBAR Energy analysis:
Energy at 0.0000 =    -12677.092033
Energy at 0.0500 =    -12676.098870
Energy at 0.1000 =    -12675.000718
Energy at 0.1500 =    -12673.837510
Energy at 0.2000 =    -12672.632329
Energy at 0.3000 =    -12670.147498
Energy at 0.4000 =    -12667.610029
Energy at 0.5000 =    -12665.050144
Energy at 0.6000 =    -12662.484216
Energy at 0.7000 =    -12659.922005
Energy at 0.8000 =    -12657.369693
Energy at 0.8500 =    -12656.098577
Energy at 0.9000 =    -12654.831340
Energy at 0.9500 =    -12653.568281
Energy at 1.0000 =    -12652.309643
 
 ------------------------------------------------------------------------------
MBAR Energy analysis:
Energy at 0.0000 =    -12719.980338
Energy at 0.0500 =    -12718.402715
Energy at 0.1000 =    -12717.118448
Energy at 0.1500 =    -12715.972602
Energy at 0.2000 =    -12714.895464
Energy at 0.3000 =    -12712.830456
Energy at 0.4000 =    -12710.810604
Energy at 0.5000 =    -12708.807838
Energy at 0.6000 =    -12706.816804
Energy at 0.7000 =    -12704.838310
Energy at 0.8000 =    -12702.874485
Energy at 0.8500 =    -12701.898721
Energy at 0.9000 =    -12700.927346
Energy at 0.9500 =    -12699.960537
Energy at 1.0000 =    -12698.998440
 
 ------------------------------------------------------------------------------
MBAR Energy analysis:
Energy at 0.0000 =    -12736.261470
Energy at 0.0500 =    -12735.289134
Energy at 0.1000 =    -12734.343927
Energy at 0.1500 =    -12733.416140
Energy at 0.2000 =    -12732.499722
Energy at 0.3000 =    -12730.687726
Energy at 0.4000 =    -12728.893280
Energy at 0.5000 =    -12727.112260
Energy at 0.6000 =    -12725.344552
Energy at 0.7000 =    -12723.591359
Energy at 0.8000 =    -12721.854132
Energy at 0.8500 =    -12720.991918
Energy at 0.9000 =    -12720.134154
Energy at 0.9500 =    -12719.280953
Energy at 1.0000 =    -12718.432409
 
 ------------------------------------------------------------------------------
MBAR Energy analysis:
Energy at 0.0000 =    -12720.640578
Energy at 0.0500 =    -12720.970861
Energy at 0.1000 =    -12720.954614
Energy at 0.1500 =    -12720.659749
Energy at 0.2000 =    -12720.142119
Energy at 0.3000 =    -12718.606280
Energy at 0.4000 =    -12716.599664
Energy at 0.5000 =    -12714.280225
Energy at 0.6000 =    -12711.749369
Energy at 0.7000 =    -12709.074090
Energy at 0.8000 =    -12706.299784
Energy at 0.8500 =    -12704.885725
Energy at 0.9000 =    -12703.457893
Energy at 0.9500 =    -12702.018803
Energy at 1.0000 =    -12700.570583
 
 ------------------------------------------------------------------------------
MBAR Energy analysis:
Energy at 0.0000 =    -12727.825746
Energy at 0.0500 =    -12729.827041
Energy at 0.1000 =    -12730.916952
Energy at 0.1500 =    -12731.434152
Energy at 0.2000 =    -12731.570280
Energy at 0.3000 =    -12731.121237
Energy at 0.4000 =    -12730.090575
Energy at 0.5000 =    -12728.721925
Energy at 0.6000 =    -12727.144330
Energy at 0.7000 =    -12725.432445
Energy at 0.8000 =    -12723.632337
Energy at 0.8500 =    -12722.708955
Energy at 0.9000 =    -12721.773835
Energy at 0.9500 =    -12720.829218
Energy at 1.0000 =    -12719.876971
 
 ------------------------------------------------------------------------------
MBAR Energy analysis:
Energy at 0.0000 =    -12569.968175
Energy at 0.0500 =    -12604.572417
Energy at 0.1000 =    -12617.739485
Energy at 0.1500 =    -12623.740052
Energy at 0.2000 =    -12626.620656
Energy at 0.3000 =    -12628.250203
Energy at 0.4000 =    -12627.414844
Energy at 0.5000 =    -12625.465350
Energy at 0.6000 =    -12622.925432
Energy at 0.7000 =    -12620.041499
Energy at 0.8000 =    -12616.945274
Energy at 0.8500 =    -12615.342905
Energy at 0.9000 =    -12613.713659
Energy at 0.9500 =    -12612.062770
Energy at 1.0000 =    -12610.394469
 
 ------------------------------------------------------------------------------
MBAR Energy analysis:
Energy at 0.0000 =    -12641.251400
Energy at 0.0500 =    -12682.429796
Energy at 0.1000 =    -12702.899297
Energy at 0.1500 =    -12713.954121
Energy at 0.2000 =    -12720.111906
Energy at 0.3000 =    -12725.126289
Energy at 0.4000 =    -12725.491786
Energy at 0.5000 =    -12723.731310
Energy at 0.6000 =    -12720.880805
Energy at 0.7000 =    -12717.427585
Energy at 0.8000 =    -12713.624158
Energy at 0.8500 =    -12711.637703
Energy at 0.9000 =    -12709.611115
Energy at 0.9500 =    -12707.553275
Energy at 1.0000 =    -12705.471156
 
 ------------------------------------------------------------------------------
MBAR Energy analysis:
Energy at 0.0000 =    -12699.408685
Energy at 0.0500 =    -12704.593222
Energy at 0.1000 =    -12707.084141
Energy at 0.1500 =    -12708.255382
Energy at 0.2000 =    -12708.710201
Energy at 0.3000 =    -12708.521722
Energy at 0.4000 =    -12707.625246
Energy at 0.5000 =    -12706.407984
Energy at 0.6000 =    -12705.032668
Energy at 0.7000 =    -12703.576824
Energy at 0.8000 =    -12702.080836
Energy at 0.8500 =    -12701.325229
Energy at 0.9000 =    -12700.567144
Energy at 0.9500 =    -12699.807976
Energy at 1.0000 =    -12699.048809
 
 ------------------------------------------------------------------------------
MBAR Energy analysis:
Energy at 0.0000 =    -12746.607676
Energy at 0.0500 =    -12750.121860
Energy at 0.1000 =    -12752.448702
Energy at 0.1500 =    -12753.917529
Energy at 0.2000 =    -12754.748771
Energy at 0.3000 =    -12755.069898
Energy at 0.4000 =    -12754.200927
Energy at 0.5000 =    -12752.579800
Energy at 0.6000 =    -12750.465883
Energy at 0.7000 =    -12748.020426
Energy at 0.8000 =    -12745.347618
Energy at 0.8500 =    -12743.948621
Energy at 0.9000 =    -12742.516893
Energy at 0.9500 =    -12741.057773
Energy at 1.0000 =    -12739.575727
 
 ------------------------------------------------------------------------------
MBAR Energy analysis:
Energy at 0.0000 =    -12718.967271
Energy at 0.0500 =    -12742.039378
Energy at 0.1000 =    -12753.965615
Energy at 0.1500 =    -12760.532630
Energy at 0.2000 =    -12764.164076
Energy at 0.3000 =    -12766.779908
Energy at 0.4000 =    -12766.220903
Energy at 0.5000 =    -12764.082982
Energy at 0.6000 =    -12761.072300
Energy at 0.7000 =    -12757.544969
Energy at 0.8000 =    -12753.697784
Energy at 0.8500 =    -12751.692573
Energy at 0.9000 =    -12749.647018
Energy at 0.9500 =    -12747.569017
Energy at 1.0000 =    -12745.464928
 
 ------------------------------------------------------------------------------
MBAR Energy analysis:
Energy at 0.0000 =    -12541.735398
Energy at 0.0500 =    -12616.345851
Energy at 0.1000 =    -12639.461408
Energy at 0.1500 =    -12649.217546
Energy at 0.2000 =    -12653.910213
Energy at 0.3000 =    -12657.258320
Energy at 0.4000 =    -12657.320954
Energy at 0.5000 =    -12656.027635
Energy at 0.6000 =    -12654.065203
Energy at 0.7000 =    -12651.735517
Energy at 0.8000 =    -12649.190629
Energy at 0.8500 =    -12647.865357
Energy at 0.9000 =    -12646.514696
Energy at 0.9500 =    -12645.144020
Energy at 1.0000 =    -12643.757580
 
 ------------------------------------------------------------------------------
MBAR Energy analysis:
Energy at 0.0000 =    -12741.136429
Energy at 0.0500 =    -12745.388361
Energy at 0.1000 =    -12747.649575
Energy at 0.1500 =    -12748.798839
Energy at 0.2000 =    -12749.267779
Energy at 0.3000 =    -12749.006694
Energy at 0.4000 =    -12747.831660
Energy at 0.5000 =    -12746.145937
Energy at 0.6000 =    -12744.149434
Energy at 0.7000 =    -12741.953427
Energy at 0.8000 =    -12739.625115
Energy at 0.8500 =    -12738.425420
Energy at 0.9000 =    -12737.207507
Energy at 0.9500 =    -12735.974589
Energy at 1.0000 =    -12734.729340
 
 ------------------------------------------------------------------------------
MBAR Energy analysis:
Energy at 0.0000 =    -12703.123774
Energy at 0.0500 =    -12704.502808
Energy at 0.1000 =    -12705.277772
Energy at 0.1500 =    -12705.632963
Energy at 0.2000 =    -12705.688231
Energy at 0.3000 =    -12705.196519
Energy at 0.4000 =    -12704.198053
Energy at 0.5000 =    -12702.898340
Energy at 0.6000 =    -12701.412623
Energy at 0.7000 =    -12699.809427
Energy at 0.8000 =    -12698.131407
Energy at 0.8500 =    -12697.273348
Energy at 0.9000 =    -12696.406089
Energy at 0.9500 =    -12695.531666
Energy at 1.0000 =    -12694.651760
 
 ------------------------------------------------------------------------------
MBAR Energy analysis:
Energy at 0.0000 =    -12796.163231
Energy at 0.0500 =    -12815.079829
Energy at 0.1000 =    -12823.084745
Energy at 0.1500 =    -12826.893311
Energy at 0.2000 =    -12828.735258
Energy at 0.3000 =    -12829.693133
Energy at 0.4000 =    -12828.982775
Energy at 0.5000 =    -12827.511048
Energy at 0.6000 =    -12825.637027
Energy at 0.7000 =    -12823.530727
Energy at 0.8000 =    -12821.283098
Energy at 0.8500 =    -12820.123774
Energy at 0.9000 =    -12818.947177
Energy at 0.9500 =    -12817.756905
Energy at 1.0000 =    -12816.555866
 
 ------------------------------------------------------------------------------
MBAR Energy analysis:
Energy at 0.0000 =    -12538.339659
Energy at 0.0500 =    -12651.745534
Energy at 0.1000 =    -12684.839658
Energy at 0.1500 =    -12699.153608
Energy at 0.2000 =    -12706.320392
Energy at 0.3000 =    -12711.926791
Energy at 0.4000 =    -12712.711093
Energy at 0.5000 =    -12711.525749
Energy at 0.6000 =    -12709.404088
Energy at 0.7000 =    -12706.796007
Energy at 0.8000 =    -12703.921877
Energy at 0.8500 =    -12702.424018
Energy at 0.9000 =    -12700.898874
Energy at 0.9500 =    -12699.353450
Energy at 1.0000 =    -12697.793141
 
 ------------------------------------------------------------------------------
MBAR Energy analysis:
Energy at 0.0000 =    -12740.559707
Energy at 0.0500 =    -12747.126624
Energy at 0.1000 =    -12750.951048
Energy at 0.1500 =    -12753.115934
Energy at 0.2000 =    -12754.227228
Energy at 0.3000 =    -12754.563628
Energy at 0.4000 =    -12753.467661
Energy at 0.5000 =    -12751.589067
Energy at 0.6000 =    -12749.248597
Energy at 0.7000 =    -12746.620978
Energy at 0.8000 =    -12743.808573
Energy at 0.8500 =    -12742.353883
Energy at 0.9000 =    -12740.874745
Energy at 0.9500 =    -12739.375683
Energy at 1.0000 =    -12737.860401
 
 ------------------------------------------------------------------------------
MBAR Energy analysis:
Energy at 0.0000 =    -12696.421996
Energy at 0.0500 =    -12695.282437
Energy at 0.1000 =    -12694.205756
Energy at 0.1500 =    -12693.170648
Energy at 0.2000 =    -12692.163529
Energy at 0.3000 =    -12690.201208
Energy at 0.4000 =    -12688.279245
Energy at 0.5000 =    -12686.380928
Energy at 0.6000 =    -12684.499562
Energy at 0.7000 =    -12682.632916
Energy at 0.8000 =    -12680.780698
Energy at 0.8500 =    -12679.860140
Energy at 0.9000 =    -12678.943396
Energy at 0.9500 =    -12678.030561
Energy at 1.0000 =    -12677.121724
 
 ------------------------------------------------------------------------------
MBAR Energy analysis:
Energy at 0.0000 =    -12700.466017
Energy at 0.0500 =    -12701.292318
Energy at 0.1000 =    -12701.577264
Energy at 0.1500 =    -12701.521450
Energy at 0.2000 =    -12701.242437
Energy at 0.3000 =    -12700.278271
Energy at 0.4000 =    -12699.009534
Energy at 0.5000 =    -12697.584466
Energy at 0.6000 =    -12696.077728
Energy at 0.7000 =    -12694.529734
Energy at 0.8000 =    -12692.963556
Energy at 0.8500 =    -12692.178166
Energy at 0.9000 =    -12691.392884
Energy at 0.9500 =    -12690.608611
Energy at 1.0000 =    -12689.826058
 
 ------------------------------------------------------------------------------
MBAR Energy analysis:
Energy at 0.0000 =    -12673.126010
Energy at 0.0500 =    -12675.838238
Energy at 0.1000 =    -12677.480999
Energy at 0.1500 =    -12678.415371
Energy at 0.2000 =    -12678.861907
Energy at 0.3000 =    -12678.809219
Energy at 0.4000 =    -12677.985738
Energy at 0.5000 =    -12676.716279
Energy at 0.6000 =    -12675.175494
Energy at 0.7000 =    -12673.464044
Energy at 0.8000 =    -12671.643121
Energy at 0.8500 =    -12670.704325
Energy at 0.9000 =    -12669.751519
Energy at 0.9500 =    -12668.787525
Energy at 1.0000 =    -12667.814662
 
 ------------------------------------------------------------------------------
MBAR Energy analysis:
Energy at 0.0000 =    -12693.696378
Energy at 0.0500 =    -12695.382872
Energy at 0.1000 =    -12696.204063
Energy at 0.1500 =    -12696.414503
Energy at 0.2000 =    -12696.180979
Energy at 0.3000 =    -12694.801781
Energy at 0.4000 =    -12692.632293
Energy at 0.5000 =    -12689.975253
Energy at 0.6000 =    -12687.005618
Energy at 0.7000 =    -12683.830520
Energy at 0.8000 =    -12680.518575
Energy at 0.8500 =    -12678.826142
Energy at 0.9000 =    -12677.115284
Energy at 0.9500 =    -12675.389486
Energy at 1.0000 =    -12673.651659
 
 ------------------------------------------------------------------------------
 NSTEP =    10000   TIME(PS) =     270.000  TEMP(K) =   296.97  PRESS =   365.8
 Etot   =    -10295.0501  EKtot   =      2370.0000  EPtot      =    -12665.0501
 BOND   =         0.0000  ANGLE   =         0.0000  DIHED      =         0.0000
 1-4 NB =         0.0000  1-4 EEL =         0.0000  VDWAALS    =      1959.1656
 EELEC  =    -14624.2158  EHBOND  =         0.0000  RESTRAINT  =         0.0000
 EKCMT  =      1174.0108  VIRIAL  =       851.4115  VOLUME     =     40849.5805
                                                    Density    =         0.9801
 DV/DL  =        18.1932
 ------------------------------------------------------------------------------
 NSTEP =   140000   TIME(PS) =     530.000  TEMP(K) =   296.85  PRESS =   245.8
 Etot   =    -10339.7888  EKtot   =      2369.0190  EPtot      =    -12708.8078
 BOND   =         0.0000  ANGLE   =         0.0000  DIHED      =         0.0000
 1-4 NB =         0.0000  1-4 EEL =         0.0000  VDWAALS    =      1926.1045
 EELEC  =    -14634.9123  EHBOND  =         0.0000  RESTRAINT  =         0.0000
 EKCMT  =      1199.9336  VIRIAL  =       984.2864  VOLUME     =     40631.8859
                                                    Density    =         0.9854
 DV/DL  =        15.7444
 ------------------------------------------------------------------------------
 NSTEP =   270000   TIME(PS) =     790.000  TEMP(K) =   294.03  PRESS =   474.7
 Etot   =    -10380.6240  EKtot   =      2346.4883  EPtot      =    -12727.1123
 BOND   =         0.0000  ANGLE   =         0.0000  DIHED      =         0.0000
 1-4 NB =         0.0000  1-4 EEL =         0.0000  VDWAALS    =      1965.0937
 EELEC  =    -14692.2060  EHBOND  =         0.0000  RESTRAINT  =         0.0000
 EKCMT  =      1161.9518  VIRIAL  =       746.6652  VOLUME     =     40517.2873
                                                    Density    =         0.9881
 DV/DL  =        16.1997
 ------------------------------------------------------------------------------
 NSTEP =   400000   TIME(PS) =    1050.000  TEMP(K) =   303.91  PRESS =  -626.7
 Etot   =    -10288.9018  EKtot   =      2425.3784  EPtot      =    -12714.2802
 BOND   =         0.0000  ANGLE   =         0.0000  DIHED      =         0.0000
 1-4 NB =         0.0000  1-4 EEL =         0.0000  VDWAALS    =      1789.5706
 EELEC  =    -14503.8508  EHBOND  =         0.0000  RESTRAINT  =         0.0000
 EKCMT  =      1196.0647  VIRIAL  =      1749.6432  VOLUME     =     40910.3618
                                                    Density    =         0.9787
 DV/DL  =         6.4188
 ------------------------------------------------------------------------------
 NSTEP =   530000   TIME(PS) =    1310.000  TEMP(K) =   301.22  PRESS =   480.0
 Etot   =    -10324.7971  EKtot   =      2403.9248  EPtot      =    -12728.7219
 BOND   =         0.0000  ANGLE   =         0.0000  DIHED      =         0.0000
 1-4 NB =         0.0000  1-4 EEL =         0.0000  VDWAALS    =      1963.5226
 EELEC  =    -14692.2446  EHBOND  =         0.0000  RESTRAINT  =         0.0000
 EKCMT  =      1190.9273  VIRIAL  =       769.4882  VOLUME     =     40667.9262
                                                    Density    =         0.9845
 DV/DL  =         7.8318
 ------------------------------------------------------------------------------
 NSTEP =   670000   TIME(PS) =    1590.000  TEMP(K) =   306.77  PRESS =    68.9
 Etot   =    -10177.3071  EKtot   =      2448.1582  EPtot      =    -12625.4654
 BOND   =         0.0000  ANGLE   =         0.0000  DIHED      =         0.0000
 1-4 NB =         0.0000  1-4 EEL =         0.0000  VDWAALS    =      1893.1032
 EELEC  =    -14518.5685  EHBOND  =         0.0000  RESTRAINT  =         0.0000
 EKCMT  =      1216.9628  VIRIAL  =      1155.8216  VOLUME     =     41115.0632
                                                    Density    =         0.9738
 DV/DL  =         1.3303
 ------------------------------------------------------------------------------
 NSTEP =   800000   TIME(PS) =    1850.000  TEMP(K) =   302.32  PRESS =  -201.7
 Etot   =    -10311.0863  EKtot   =      2412.6450  EPtot      =    -12723.7313
 BOND   =         0.0000  ANGLE   =         0.0000  DIHED      =         0.0000
 1-4 NB =         0.0000  1-4 EEL =         0.0000  VDWAALS    =      1861.3352
 EELEC  =    -14585.0666  EHBOND  =         0.0000  RESTRAINT  =         0.0000
 EKCMT  =      1219.3764  VIRIAL  =      1396.9484  VOLUME     =     40779.5256
                                                    Density    =         0.9818
 DV/DL  =        -3.5698
 ------------------------------------------------------------------------------
 NSTEP =   930000   TIME(PS) =    2110.000  TEMP(K) =   297.20  PRESS =   -53.5
 Etot   =    -10334.5645  EKtot   =      2371.8435  EPtot      =    -12706.4080
 BOND   =         0.0000  ANGLE   =         0.0000  DIHED      =         0.0000
 1-4 NB =         0.0000  1-4 EEL =         0.0000  VDWAALS    =      1887.4710
 EELEC  =    -14593.8790  EHBOND  =         0.0000  RESTRAINT  =         0.0000
 EKCMT  =      1171.9328  VIRIAL  =      1218.9344  VOLUME     =     40681.1800
                                                    Density    =         0.9842
 DV/DL  =        12.6913
 ------------------------------------------------------------------------------
 NSTEP =  1060000   TIME(PS) =    2370.000  TEMP(K) =   301.63  PRESS =   210.6
 Etot   =    -10345.4179  EKtot   =      2407.1619  EPtot      =    -12752.5798
 BOND   =         0.0000  ANGLE   =         0.0000  DIHED      =         0.0000
 1-4 NB =         0.0000  1-4 EEL =         0.0000  VDWAALS    =      1940.0821
 EELEC  =    -14692.6619  EHBOND  =         0.0000  RESTRAINT  =         0.0000
 EKCMT  =      1200.2103  VIRIAL  =      1014.6577  VOLUME     =     40806.7891
                                                    Density    =         0.9811
 DV/DL  =        -3.2560
 ------------------------------------------------------------------------------
 NSTEP =  1190000   TIME(PS) =    2630.000  TEMP(K) =   290.95  PRESS =   517.1
 Etot   =    -10442.1758  EKtot   =      2321.9072  EPtot      =    -12764.0830
 BOND   =         0.0000  ANGLE   =         0.0000  DIHED      =         0.0000
 1-4 NB =         0.0000  1-4 EEL =         0.0000  VDWAALS    =      1998.1700
 EELEC  =    -14762.2529  EHBOND  =         0.0000  RESTRAINT  =         0.0000
 EKCMT  =      1130.6599  VIRIAL  =       675.4073  VOLUME     =     40778.8056
                                                    Density    =         0.9818
 DV/DL  =        -1.7407
 ------------------------------------------------------------------------------
 NSTEP =  1320000   TIME(PS) =    2890.000  TEMP(K) =   302.54  PRESS =    76.1
 Etot   =    -10241.5784  EKtot   =      2414.4492  EPtot      =    -12656.0276
 BOND   =         0.0000  ANGLE   =         0.0000  DIHED      =         0.0000
 1-4 NB =         0.0000  1-4 EEL =         0.0000  VDWAALS    =      1882.8935
 EELEC  =    -14538.9211  EHBOND  =         0.0000  RESTRAINT  =         0.0000
 EKCMT  =      1205.1550  VIRIAL  =      1138.2595  VOLUME     =     40711.3456
                                                    Density    =         0.9834
 DV/DL  =        -1.2917
 ------------------------------------------------------------------------------
 NSTEP =  1450000   TIME(PS) =    3150.000  TEMP(K) =   304.16  PRESS =  -182.5
 Etot   =    -10318.7460  EKtot   =      2427.3999  EPtot      =    -12746.1459
 BOND   =         0.0000  ANGLE   =         0.0000  DIHED      =         0.0000
 1-4 NB =         0.0000  1-4 EEL =         0.0000  VDWAALS    =      1853.5961
 EELEC  =    -14599.7420  EHBOND  =         0.0000  RESTRAINT  =         0.0000
 EKCMT  =      1225.6650  VIRIAL  =      1385.4691  VOLUME     =     40555.6524
                                                    Density    =         0.9872
 DV/DL  =         2.7155
 ------------------------------------------------------------------------------
 NSTEP =  1580000   TIME(PS) =    3410.000  TEMP(K) =   304.17  PRESS =   423.8
 Etot   =    -10275.4240  EKtot   =      2427.4744  EPtot      =    -12702.8983
 BOND   =         0.0000  ANGLE   =         0.0000  DIHED      =         0.0000
 1-4 NB =         0.0000  1-4 EEL =         0.0000  VDWAALS    =      1961.4532
 EELEC  =    -14664.3515  EHBOND  =         0.0000  RESTRAINT  =         0.0000
 EKCMT  =      1202.4152  VIRIAL  =       828.1546  VOLUME     =     40897.4365
                                                    Density    =         0.9790
 DV/DL  =         8.3553
 ------------------------------------------------------------------------------
 NSTEP =  1710000   TIME(PS) =    3670.000  TEMP(K) =   297.89  PRESS =  -355.8
 Etot   =    -10450.1546  EKtot   =      2377.3564  EPtot      =    -12827.5110
 BOND   =         0.0000  ANGLE   =         0.0000  DIHED      =         0.0000
 1-4 NB =         0.0000  1-4 EEL =         0.0000  VDWAALS    =      1880.1305
 EELEC  =    -14707.6415  EHBOND  =         0.0000  RESTRAINT  =         0.0000
 EKCMT  =      1195.8199  VIRIAL  =      1508.6213  VOLUME     =     40717.8907
                                                    Density    =         0.9833
 DV/DL  =         4.4054
 ------------------------------------------------------------------------------
 NSTEP =  1840000   TIME(PS) =    3930.000  TEMP(K) =   300.28  PRESS =   203.5
 Etot   =    -10315.1234  EKtot   =      2396.4023  EPtot      =    -12711.5257
 BOND   =         0.0000  ANGLE   =         0.0000  DIHED      =         0.0000
 1-4 NB =         0.0000  1-4 EEL =         0.0000  VDWAALS    =      1925.3201
 EELEC  =    -14636.8459  EHBOND  =         0.0000  RESTRAINT  =         0.0000
 EKCMT  =      1241.1413  VIRIAL  =      1061.7325  VOLUME     =     40841.5819
                                                    Density    =         0.9803
 DV/DL  =         1.6929
 ------------------------------------------------------------------------------
 NSTEP =  1980000   TIME(PS) =    4210.000  TEMP(K) =   302.91  PRESS =  -358.9
 Etot   =    -10334.2150  EKtot   =      2417.3740  EPtot      =    -12751.5891
 BOND   =         0.0000  ANGLE   =         0.0000  DIHED      =         0.0000
 1-4 NB =         0.0000  1-4 EEL =         0.0000  VDWAALS    =      1840.7765
 EELEC  =    -14592.3656  EHBOND  =         0.0000  RESTRAINT  =         0.0000
 EKCMT  =      1190.5798  VIRIAL  =      1505.2500  VOLUME     =     40609.5934
                                                    Density    =         0.9859
 DV/DL  =         0.7165
 ------------------------------------------------------------------------------
 NSTEP =  2110000   TIME(PS) =    4470.000  TEMP(K) =   297.98  PRESS =  -218.9
 Etot   =    -10308.3629  EKtot   =      2378.0181  EPtot      =    -12686.3809
 BOND   =         0.0000  ANGLE   =         0.0000  DIHED      =         0.0000
 1-4 NB =         0.0000  1-4 EEL =         0.0000  VDWAALS    =      1850.1767
 EELEC  =    -14536.5576  EHBOND  =         0.0000  RESTRAINT  =         0.0000
 EKCMT  =      1186.7481  VIRIAL  =      1379.8745  VOLUME     =     40866.4301
                                                    Density    =         0.9797
 DV/DL  =        16.9288
 ------------------------------------------------------------------------------
 NSTEP =  2240000   TIME(PS) =    4730.000  TEMP(K) =   290.12  PRESS =  -302.1
 Etot   =    -10382.2842  EKtot   =      2315.3003  EPtot      =    -12697.5845
 BOND   =         0.0000  ANGLE   =         0.0000  DIHED      =         0.0000
 1-4 NB =         0.0000  1-4 EEL =         0.0000  VDWAALS    =      1828.8977
 EELEC  =    -14526.4822  EHBOND  =         0.0000  RESTRAINT  =         0.0000
 EKCMT  =      1146.7177  VIRIAL  =      1412.1437  VOLUME     =     40695.4681
                                                    Density    =         0.9838
 DV/DL  =        13.7278
 ------------------------------------------------------------------------------
 NSTEP =  2370000   TIME(PS) =    4990.000  TEMP(K) =   297.10  PRESS =  -181.0
 Etot   =    -10305.7158  EKtot   =      2371.0005  EPtot      =    -12676.7163
 BOND   =         0.0000  ANGLE   =         0.0000  DIHED      =         0.0000
 1-4 NB =         0.0000  1-4 EEL =         0.0000  VDWAALS    =      1851.4861
 EELEC  =    -14528.2024  EHBOND  =         0.0000  RESTRAINT  =         0.0000
 EKCMT  =      1176.8675  VIRIAL  =      1336.0989  VOLUME     =     40735.5675
                                                    Density    =         0.9829
 DV/DL  =         6.1267
 ------------------------------------------------------------------------------
 NSTEP =  2500000   TIME(PS) =    5250.000  TEMP(K) =   302.26  PRESS =   -94.3
 Etot   =    -10277.8041  EKtot   =      2412.1711  EPtot      =    -12689.9753
 BOND   =         0.0000  ANGLE   =         0.0000  DIHED      =         0.0000
 1-4 NB =         0.0000  1-4 EEL =         0.0000  VDWAALS    =      1872.9727
 EELEC  =    -14562.9479  EHBOND  =         0.0000  RESTRAINT  =         0.0000
 EKCMT  =      1208.7997  VIRIAL  =      1291.6615  VOLUME     =     40679.9753
                                                    Density    =         0.9842
 DV/DL  =         8.2799
 ------------------------------------------------------------------------------
Summary of dvdl values over  20 steps:
    18.1932
    15.7444
    16.1997
    6.4188
    7.8318
    1.3303
    -3.5698
    12.6913
    -3.2560
    -1.7407
    -1.2917
    2.7155
    8.3553
    4.4054
    1.6929
    0.7165
    16.9288
    13.7278
    6.1267
    8.2799
End of dvdl summary
   5.  TIMINGS
