file generated for tiny fixtures
file generated for tiny fixtures
file generated for tiny fixtures
file generated for tiny fixtures
file generated for tiny fixtures
file generated for tiny fixtures
   2.  CONTROL  DATA  FOR  THE  RUN
Nature and format of output:
 ntpr =       10000

Molecular dynamics:
 nstlim =       2500000, dt = 0.002

temperature regulation:
 temp0 = 300

Free energy options:
 clambda = 0.95

FEP MBAR options:
    ifmbar = 1, bar_intervall = 100
    mbar_states = 15

    MBAR - lambda values considered:
      15 total:  0.0000 0.0500 0.1000 0.1500 0.2000 0.3000 0.4000 0.5000 0.6000 0.7000 0.8000 0.8500 0.9000 0.9500 1.0000
    Extra energies will be computed  25000 times.
   3.  ATOMIC COORDINATES AND VELOCITIES
 begin time coords = 250.000

   4.  RESULTS
MBAR Energy analysis:
Energy at 0.0000 = 140313662.293733
Energy at 0.0500 =    -10066.467903
Energy at 0.1000 =    -12049.171804
Energy at 0.1500 =    -12482.832101
Energy at 0.2000 =    -12643.711301
Energy at 0.3000 =    -12755.103062
Energy at 0.4000 =    -12783.766995
Energy at 0.5000 =    -12786.704922
Energy at 0.6000 =    -12779.122966
Energy at 0.7000 =    -12766.495392
Energy at 0.8000 =    -12751.183338
Energy at 0.8500 =    -12742.905406
Energy at 0.9000 =    -12734.337059
Energy at 0.9500 =    -12725.541949
Energy at 1.0000 =    -12716.568226
 
 ------------------------------------------------------------------------------
MBAR Energy analysis:
Energy at 0.0000 =     -8945.746989
Energy at 0.0500 =    -12169.431920
Energy at 0.1000 =    -12564.567183
Energy at 0.1500 =    -12692.399450
Energy at 0.2000 =    -12747.873979
Energy at 0.3000 =    -12787.449573
Energy at 0.4000 =    -12792.951978
Energy at 0.5000 =    -12785.807011
Energy at 0.6000 =    -12772.834698
Energy at 0.7000 =    -12756.813951
Energy at 0.8000 =    -12739.061490
Energy at 0.8500 =    -12729.765702
Energy at 0.9000 =    -12720.268171
Energy at 0.9500 =    -12710.610278
Energy at 1.0000 =    -12700.824081
 
 ------------------------------------------------------------------------------
MBAR Energy analysis:
Energy at 0.0000 = 117664413.927170
Energy at 0.0500 =    -10136.790163
Energy at 0.1000 =    -11989.218439
Energy at 0.1500 =    -12411.891649
Energy at 0.2000 =    -12574.355051
Energy at 0.3000 =    -12690.780827
Energy at 0.4000 =    -12722.641448
Energy at 0.5000 =    -12727.536914
Energy at 0.6000 =    -12721.242440
Energy at 0.7000 =    -12709.522459
Energy at 0.8000 =    -12694.886874
Energy at 0.8500 =    -12686.887328
Energy at 0.9000 =    -12678.566741
Energy at 0.9500 =    -12669.993746
Energy at 1.0000 =    -12661.220406
 
 ------------------------------------------------------------------------------
MBAR Energy analysis:
Energy at 0.0000 =  22872351.918782
Energy at 0.0500 =    -10279.496615
Energy at 0.1000 =    -12087.743406
Energy at 0.1500 =    -12500.317788
Energy at 0.2000 =    -12657.346434
Energy at 0.3000 =    -12768.155037
Energy at 0.4000 =    -12797.155935
Energy at 0.5000 =    -12800.270454
Energy at 0.6000 =    -12792.719859
Energy at 0.7000 =    -12780.042567
Energy at 0.8000 =    -12764.640046
Energy at 0.8500 =    -12756.308934
Energy at 0.9000 =    -12747.684499
Energy at 0.9500 =    -12738.831578
Energy at 1.0000 =    -12729.799178
 
 ------------------------------------------------------------------------------
MBAR Energy analysis:
Energy at 0.0000 =   2208386.611023
Energy at 0.0500 =    -10023.569370
Energy at 0.1000 =    -12062.075372
Energy at 0.1500 =    -12549.080447
Energy at 0.2000 =    -12737.029441
Energy at 0.3000 =    -12871.913356
Energy at 0.4000 =    -12909.674857
Energy at 0.5000 =    -12916.855248
Energy at 0.6000 =    -12911.505913
Energy at 0.7000 =    -12900.160513
Energy at 0.8000 =    -12885.639482
Energy at 0.8500 =    -12877.647229
Energy at 0.9000 =    -12869.315085
Energy at 0.9500 =    -12860.718729
Energy at 1.0000 =    -12851.915318
 
 ------------------------------------------------------------------------------
MBAR Energy analysis:
Energy at 0.0000 =     29878.620928
Energy at 0.0500 =    -11146.181097
Energy at 0.1000 =    -12278.197654
Energy at 0.1500 =    -12582.832111
Energy at 0.2000 =    -12707.042186
Energy at 0.3000 =    -12798.420495
Energy at 0.4000 =    -12822.240761
Energy at 0.5000 =    -12823.447946
Energy at 0.6000 =    -12815.018056
Energy at 0.7000 =    -12801.853738
Energy at 0.8000 =    -12786.136847
Energy at 0.8500 =    -12777.683696
Energy at 0.9000 =    -12768.952452
Energy at 0.9500 =    -12760.004203
Energy at 1.0000 =    -12750.885338
 
 ------------------------------------------------------------------------------
MBAR Energy analysis:
Energy at 0.0000 =     -8418.929733
Energy at 0.0500 =    -12115.921868
Energy at 0.1000 =    -12566.960342
Energy at 0.1500 =    -12715.884726
Energy at 0.2000 =    -12781.193715
Energy at 0.3000 =    -12828.601355
Energy at 0.4000 =    -12836.665755
Energy at 0.5000 =    -12830.534829
Energy at 0.6000 =    -12818.071409
Energy at 0.7000 =    -12802.392964
Energy at 0.8000 =    -12784.934720
Energy at 0.8500 =    -12775.782558
Energy at 0.9000 =    -12766.429663
Energy at 0.9500 =    -12756.918557
Energy at 1.0000 =    -12747.281857
 
 ------------------------------------------------------------------------------
MBAR Energy analysis:
Energy at 0.0000 =    993611.553573
Energy at 0.0500 =    -10921.018091
Energy at 0.1000 =    -12265.709417
Energy at 0.1500 =    -12582.011704
Energy at 0.2000 =    -12704.991900
Energy at 0.3000 =    -12792.992811
Energy at 0.4000 =    -12815.429918
Energy at 0.5000 =    -12816.400287
Energy at 0.6000 =    -12808.303525
Energy at 0.7000 =    -12795.768442
Energy at 0.8000 =    -12780.842685
Energy at 0.8500 =    -12772.822540
Energy at 0.9000 =    -12764.541535
Energy at 0.9500 =    -12756.056745
Energy at 1.0000 =    -12747.411516
 
 ------------------------------------------------------------------------------
MBAR Energy analysis:
Energy at 0.0000 =    141470.610952
Energy at 0.0500 =     -9976.589967
Energy at 0.1000 =    -11900.645028
Energy at 0.1500 =    -12356.173374
Energy at 0.2000 =    -12530.849795
Energy at 0.3000 =    -12654.853616
Energy at 0.4000 =    -12687.989078
Energy at 0.5000 =    -12692.383354
Energy at 0.6000 =    -12684.944194
Energy at 0.7000 =    -12671.818904
Energy at 0.8000 =    -12655.671648
Energy at 0.8500 =    -12646.899673
Energy at 0.9000 =    -12637.802504
Energy at 0.9500 =    -12628.452021
Energy at 1.0000 =    -12618.902548
 
 ------------------------------------------------------------------------------
MBAR Energy analysis:
Energy at 0.0000 =    157912.679381
Energy at 0.0500 =    -11126.247143
Energy at 0.1000 =    -12295.612770
Energy at 0.1500 =    -12585.425632
Energy at 0.2000 =    -12699.165669
Energy at 0.3000 =    -12779.246370
Energy at 0.4000 =    -12797.823757
Energy at 0.5000 =    -12796.342573
Energy at 0.6000 =    -12786.420788
Energy at 0.7000 =    -12772.368336
Energy at 0.8000 =    -12756.083839
Energy at 0.8500 =    -12747.418709
Energy at 0.9000 =    -12738.507524
Energy at 0.9500 =    -12729.403261
Energy at 1.0000 =    -12720.146231
 
 ------------------------------------------------------------------------------
MBAR Energy analysis:
Energy at 0.0000 =      9025.952463
Energy at 0.0500 =    -11056.484745
Energy at 0.1000 =    -12203.544451
Energy at 0.1500 =    -12524.973800
Energy at 0.2000 =    -12656.057498
Energy at 0.3000 =    -12751.369822
Energy at 0.4000 =    -12775.676831
Energy at 0.5000 =    -12776.658006
Energy at 0.6000 =    -12767.836420
Energy at 0.7000 =    -12754.238971
Energy at 0.8000 =    -12738.076058
Energy at 0.8500 =    -12729.397040
Energy at 0.9000 =    -12720.438172
Energy at 0.9500 =    -12711.260486
Energy at 1.0000 =    -12701.910288
 
 ------------------------------------------------------------------------------
MBAR Energy analysis:
Energy at 0.0000 =    -12812.250882
Energy at 0.0500 =    -12863.404669
Energy at 0.1000 =    -12885.009365
Energy at 0.1500 =    -12893.543692
Energy at 0.2000 =    -12895.389129
Energy at 0.3000 =    -12889.196576
Energy at 0.4000 =    -12876.709270
Energy at 0.5000 =    -12861.305900
Energy at 0.6000 =    -12844.372112
Energy at 0.7000 =    -12826.565248
Energy at 0.8000 =    -12808.230926
Energy at 0.8500 =    -12798.930814
Energy at 0.9000 =    -12789.565223
Energy at 0.9500 =    -12780.146904
Energy at 1.0000 =    -12770.685991
 
 ------------------------------------------------------------------------------
MBAR Energy analysis:
Energy at 0.0000 =     79676.640028
Energy at 0.0500 =    -11424.481660
Energy at 0.1000 =    -12414.748560
Energy at 0.1500 =    -12638.390679
Energy at 0.2000 =    -12723.816427
Energy at 0.3000 =    -12783.365935
Energy at 0.4000 =    -12796.151452
Energy at 0.5000 =    -12793.098675
Energy at 0.6000 =    -12783.109942
Energy at 0.7000 =    -12769.612079
Energy at 0.8000 =    -12754.167623
Energy at 0.8500 =    -12745.981022
Energy at 0.9000 =    -12737.573262
Energy at 0.9500 =    -12728.990670
Energy at 1.0000 =    -12720.268821
 
 ------------------------------------------------------------------------------
MBAR Energy analysis:
Energy at 0.0000 =  19660457.391121
Energy at 0.0500 =    -10110.629793
Energy at 0.1000 =    -12051.606198
Energy at 0.1500 =    -12468.327496
Energy at 0.2000 =    -12625.113516
Energy at 0.3000 =    -12737.016109
Energy at 0.4000 =    -12767.767757
Energy at 0.5000 =    -12772.381122
Energy at 0.6000 =    -12765.962734
Energy at 0.7000 =    -12754.105233
Energy at 0.8000 =    -12739.281760
Energy at 0.8500 =    -12731.169078
Energy at 0.9000 =    -12722.723984
Energy at 0.9500 =    -12714.016452
Energy at 1.0000 =    -12705.099882
 
 ------------------------------------------------------------------------------
MBAR Energy analysis:
Energy at 0.0000 =     45178.603571
Energy at 0.0500 =    -11287.048580
Energy at 0.1000 =    -12353.173435
Energy at 0.1500 =    -12601.851761
Energy at 0.2000 =    -12695.339260
Energy at 0.3000 =    -12758.267699
Energy at 0.4000 =    -12770.550110
Energy at 0.5000 =    -12766.268161
Energy at 0.6000 =    -12754.883855
Energy at 0.7000 =    -12739.942201
Energy at 0.8000 =    -12723.032127
Energy at 0.8500 =    -12714.106592
Energy at 0.9000 =    -12704.956152
Energy at 0.9500 =    -12695.627263
Energy at 1.0000 =    -12686.155604
 
 ------------------------------------------------------------------------------
MBAR Energy analysis:
Energy at 0.0000 = 757114034.740282
Energy at 0.0500 =    -10030.434797
Energy at 0.1000 =    -12150.234654
Energy at 0.1500 =    -12572.692645
Energy at 0.2000 =    -12719.780824
Energy at 0.3000 =    -12814.495636
Energy at 0.4000 =    -12834.975959
Energy at 0.5000 =    -12833.502283
Energy at 0.6000 =    -12823.323735
Energy at 0.7000 =    -12809.056715
Energy at 0.8000 =    -12792.650065
Energy at 0.8500 =    -12783.957687
Energy at 0.9000 =    -12775.039526
Energy at 0.9500 =    -12765.946675
Energy at 1.0000 =    -12756.717641
 
 ------------------------------------------------------------------------------
MBAR Energy analysis:
Energy at 0.0000 =    151277.531938
Energy at 0.0500 =    -10356.788605
Energy at 0.1000 =    -12037.450821
Energy at 0.1500 =    -12437.573665
Energy at 0.2000 =    -12593.500846
Energy at 0.3000 =    -12707.079202
Energy at 0.4000 =    -12738.869150
Energy at 0.5000 =    -12743.963411
Energy at 0.6000 =    -12737.770387
Energy at 0.7000 =    -12726.034340
Energy at 0.8000 =    -12711.298801
Energy at 0.8500 =    -12703.228465
Energy at 0.9000 =    -12694.827790
Energy at 0.9500 =    -12686.168129
Energy at 1.0000 =    -12677.303763
 
 ------------------------------------------------------------------------------
MBAR Energy analysis:
Energy at 0.0000 =   2265242.956518
Energy at 0.0500 =    -11301.715945
Energy at 0.1000 =    -12443.668046
Energy at 0.1500 =    -12707.214525
Energy at 0.2000 =    -12806.499462
Energy at 0.3000 =    -12873.138605
Energy at 0.4000 =    -12886.210835
Energy at 0.5000 =    -12882.144429
Energy at 0.6000 =    -12870.939682
Energy at 0.7000 =    -12856.268515
Energy at 0.8000 =    -12839.738885
Energy at 0.8500 =    -12831.042148
Energy at 0.9000 =    -12822.143705
Energy at 0.9500 =    -12813.088008
Energy at 1.0000 =    -12803.908817
 
 ------------------------------------------------------------------------------
MBAR Energy analysis:
Energy at 0.0000 =   4340977.500122
Energy at 0.0500 =    -11252.598752
Energy at 0.1000 =    -12411.731578
Energy at 0.1500 =    -12677.401298
Energy at 0.2000 =    -12779.834223
Energy at 0.3000 =    -12851.297946
Energy at 0.4000 =    -12867.137689
Energy at 0.5000 =    -12864.658598
Energy at 0.6000 =    -12854.397086
Energy at 0.7000 =    -12840.301513
Energy at 0.8000 =    -12824.125918
Energy at 0.8500 =    -12815.550026
Energy at 0.9000 =    -12806.744374
Energy at 0.9500 =    -12797.758494
Energy at 1.0000 =    -12788.630122
 
 ------------------------------------------------------------------------------
MBAR Energy analysis:
Energy at 0.0000 =     19000.045560
Energy at 0.0500 =    -11237.574374
Energy at 0.1000 =    -12324.089878
Energy at 0.1500 =    -12616.619588
Energy at 0.2000 =    -12737.543721
Energy at 0.3000 =    -12829.324963
Energy at 0.4000 =    -12855.470659
Energy at 0.5000 =    -12859.022388
Energy at 0.6000 =    -12852.668709
Energy at 0.7000 =    -12841.315702
Energy at 0.8000 =    -12827.197095
Energy at 0.8500 =    -12819.479311
Energy at 0.9000 =    -12811.448245
Energy at 0.9500 =    -12803.169623
Energy at 1.0000 =    -12794.693837
 
 ------------------------------------------------------------------------------
 NSTEP =    10000   TIME(PS) =     270.000  TEMP(K) =   299.01  PRESS =   169.7
 Etot   =    -10339.2680  EKtot   =      2386.2739  EPtot      =    -12725.5419
 BOND   =         0.0000  ANGLE   =         0.0000  DIHED      =         0.0000
 1-4 NB =         0.0000  1-4 EEL =         0.0000  VDWAALS    =      1954.4697
 EELEC  =    -14680.0116  EHBOND  =         0.0000  RESTRAINT  =         0.0000
 EKCMT  =      1175.3366  VIRIAL  =      1025.2456  VOLUME     =     40964.1895
                                                    Density    =         0.9774
 DV/DL  =        -3.4783
 ------------------------------------------------------------------------------
 NSTEP =   140000   TIME(PS) =     530.000  TEMP(K) =   297.99  PRESS =    37.6
 Etot   =    -10262.8407  EKtot   =      2378.1343  EPtot      =    -12640.9750
 BOND   =         0.0000  ANGLE   =         0.0000  DIHED      =         0.0000
 1-4 NB =         0.0000  1-4 EEL =         0.0000  VDWAALS    =      1886.8522
 EELEC  =    -14527.8272  EHBOND  =         0.0000  RESTRAINT  =         0.0000
 EKCMT  =      1201.8446  VIRIAL  =      1168.6542  VOLUME     =     40907.5546
                                                    Density    =         0.9787
 DV/DL  =        -4.1650
 ------------------------------------------------------------------------------
 NSTEP =   270000   TIME(PS) =     790.000  TEMP(K) =   308.14  PRESS =   137.9
 Etot   =    -10220.7222  EKtot   =      2459.1436  EPtot      =    -12679.8658
 BOND   =         0.0000  ANGLE   =         0.0000  DIHED      =         0.0000
 1-4 NB =         0.0000  1-4 EEL =         0.0000  VDWAALS    =      1921.5224
 EELEC  =    -14601.3881  EHBOND  =         0.0000  RESTRAINT  =         0.0000
 EKCMT  =      1221.0805  VIRIAL  =      1098.9825  VOLUME     =     41002.4459
                                                    Density    =         0.9765
 DV/DL  =        -0.9428
 ------------------------------------------------------------------------------
 NSTEP =   400000   TIME(PS) =    1050.000  TEMP(K) =   307.02  PRESS =   -58.4
 Etot   =    -10317.9781  EKtot   =      2450.2012  EPtot      =    -12768.1793
 BOND   =         0.0000  ANGLE   =         0.0000  DIHED      =         0.0000
 1-4 NB =         0.0000  1-4 EEL =         0.0000  VDWAALS    =      1889.1021
 EELEC  =    -14657.2814  EHBOND  =         0.0000  RESTRAINT  =         0.0000
 EKCMT  =      1239.6180  VIRIAL  =      1290.7982  VOLUME     =     40597.3028
                                                    Density    =         0.9862
 DV/DL  =        -5.3412
 ------------------------------------------------------------------------------
 NSTEP =   530000   TIME(PS) =    1310.000  TEMP(K) =   306.48  PRESS =   210.1
 Etot   =    -10316.7184  EKtot   =      2445.8926  EPtot      =    -12762.6110
 BOND   =         0.0000  ANGLE   =         0.0000  DIHED      =         0.0000
 1-4 NB =         0.0000  1-4 EEL =         0.0000  VDWAALS    =      1944.5448
 EELEC  =    -14707.1558  EHBOND  =         0.0000  RESTRAINT  =         0.0000
 EKCMT  =      1224.4625  VIRIAL  =      1039.9295  VOLUME     =     40672.7590
                                                    Density    =         0.9844
 DV/DL  =         0.7179
 ------------------------------------------------------------------------------
 NSTEP =   670000   TIME(PS) =    1590.000  TEMP(K) =   306.69  PRESS =   285.5
 Etot   =    -10231.0250  EKtot   =      2447.5562  EPtot      =    -12678.5812
 BOND   =         0.0000  ANGLE   =         0.0000  DIHED      =         0.0000
 1-4 NB =         0.0000  1-4 EEL =         0.0000  VDWAALS    =      1933.0786
 EELEC  =    -14611.6598  EHBOND  =         0.0000  RESTRAINT  =         0.0000
 EKCMT  =      1208.3022  VIRIAL  =       957.3935  VOLUME     =     40705.1543
                                                    Density    =         0.9836
 DV/DL  =         4.2503
 ------------------------------------------------------------------------------
 NSTEP =   800000   TIME(PS) =    1850.000  TEMP(K) =   309.15  PRESS =  -143.8
 Etot   =    -10288.1586  EKtot   =      2467.2007  EPtot      =    -12755.3593
 BOND   =         0.0000  ANGLE   =         0.0000  DIHED      =         0.0000
 1-4 NB =         0.0000  1-4 EEL =         0.0000  VDWAALS    =      1862.7927
 EELEC  =    -14618.1520  EHBOND  =         0.0000  RESTRAINT  =         0.0000
 EKCMT  =      1239.3095  VIRIAL  =      1365.4102  VOLUME     =     40601.8044
                                                    Density    =         0.9861
 DV/DL  =        -0.9105
 ------------------------------------------------------------------------------
 NSTEP =   930000   TIME(PS) =    2110.000  TEMP(K) =   302.97  PRESS =  -570.6
 Etot   =    -10338.2213  EKtot   =      2417.8354  EPtot      =    -12756.0567
 BOND   =         0.0000  ANGLE   =         0.0000  DIHED      =         0.0000
 1-4 NB =         0.0000  1-4 EEL =         0.0000  VDWAALS    =      1817.7972
 EELEC  =    -14573.8539  EHBOND  =         0.0000  RESTRAINT  =         0.0000
 EKCMT  =      1194.1561  VIRIAL  =      1698.2015  VOLUME     =     40910.8349
                                                    Density    =         0.9786
 DV/DL  =        -1.3199
 ------------------------------------------------------------------------------
 NSTEP =  1060000   TIME(PS) =    2370.000  TEMP(K) =   303.57  PRESS =  -361.1
 Etot   =    -10205.8068  EKtot   =      2422.6453  EPtot      =    -12628.4520
 BOND   =         0.0000  ANGLE   =         0.0000  DIHED      =         0.0000
 1-4 NB =         0.0000  1-4 EEL =         0.0000  VDWAALS    =      1798.6032
 EELEC  =    -14427.0552  EHBOND  =         0.0000  RESTRAINT  =         0.0000
 EKCMT  =      1204.4222  VIRIAL  =      1522.4472  VOLUME     =     40789.2480
                                                    Density    =         0.9816
 DV/DL  =        -3.9974
 ------------------------------------------------------------------------------
 NSTEP =  1190000   TIME(PS) =    2630.000  TEMP(K) =   289.19  PRESS =   -33.7
 Etot   =    -10421.4667  EKtot   =      2307.9365  EPtot      =    -12729.4033
 BOND   =         0.0000  ANGLE   =         0.0000  DIHED      =         0.0000
 1-4 NB =         0.0000  1-4 EEL =         0.0000  VDWAALS    =      1893.4689
 EELEC  =    -14622.8721  EHBOND  =         0.0000  RESTRAINT  =         0.0000
 EKCMT  =      1150.1996  VIRIAL  =      1179.6478  VOLUME     =     40512.2948
                                                    Density    =         0.9883
 DV/DL  =        -0.3111
 ------------------------------------------------------------------------------
 NSTEP =  1320000   TIME(PS) =    2890.000  TEMP(K) =   293.50  PRESS =  -402.3
 Etot   =    -10329.5501  EKtot   =      2342.2734  EPtot      =    -12671.8235
 BOND   =         0.0000  ANGLE   =         0.0000  DIHED      =         0.0000
 1-4 NB =         0.0000  1-4 EEL =         0.0000  VDWAALS    =      1811.3959
 EELEC  =    -14483.2195  EHBOND  =         0.0000  RESTRAINT  =         0.0000
 EKCMT  =      1179.8310  VIRIAL  =      1533.7984  VOLUME     =     40746.4808
                                                    Density    =         0.9826
 DV/DL  =        -6.4633
 ------------------------------------------------------------------------------
 NSTEP =  1450000   TIME(PS) =    3150.000  TEMP(K) =   308.68  PRESS =   551.5
 Etot   =    -10316.7363  EKtot   =      2463.4106  EPtot      =    -12780.1469
 BOND   =         0.0000  ANGLE   =         0.0000  DIHED      =         0.0000
 1-4 NB =         0.0000  1-4 EEL =         0.0000  VDWAALS    =      2010.2526
 EELEC  =    -14790.3995  EHBOND  =         0.0000  RESTRAINT  =         0.0000
 EKCMT  =      1227.2510  VIRIAL  =       742.6866  VOLUME     =     40694.7209
                                                    Density    =         0.9838
 DV/DL  =         8.2747
 ------------------------------------------------------------------------------
 NSTEP =  1580000   TIME(PS) =    3410.000  TEMP(K) =   307.90  PRESS =  -228.1
 Etot   =    -10271.7365  EKtot   =      2457.2542  EPtot      =    -12728.9907
 BOND   =         0.0000  ANGLE   =         0.0000  DIHED      =         0.0000
 1-4 NB =         0.0000  1-4 EEL =         0.0000  VDWAALS    =      1855.2722
 EELEC  =    -14584.2628  EHBOND  =         0.0000  RESTRAINT  =         0.0000
 EKCMT  =      1212.2132  VIRIAL  =      1413.0976  VOLUME     =     40781.5525
                                                    Density    =         0.9817
 DV/DL  =        -0.4255
 ------------------------------------------------------------------------------
 NSTEP =  1710000   TIME(PS) =    3670.000  TEMP(K) =   297.72  PRESS =  -422.4
 Etot   =    -10295.6836  EKtot   =      2375.9917  EPtot      =    -12671.6753
 BOND   =         0.0000  ANGLE   =         0.0000  DIHED      =         0.0000
 1-4 NB =         0.0000  1-4 EEL =         0.0000  VDWAALS    =      1813.8577
 EELEC  =    -14485.5330  EHBOND  =         0.0000  RESTRAINT  =         0.0000
 EKCMT  =      1216.8216  VIRIAL  =      1589.6005  VOLUME     =     40874.4311
                                                    Density    =         0.9795
 DV/DL  =        -4.3609
 ------------------------------------------------------------------------------
 NSTEP =  1840000   TIME(PS) =    3930.000  TEMP(K) =   307.46  PRESS =   -91.4
 Etot   =    -10274.9132  EKtot   =      2453.7141  EPtot      =    -12728.6273
 BOND   =         0.0000  ANGLE   =         0.0000  DIHED      =         0.0000
 1-4 NB =         0.0000  1-4 EEL =         0.0000  VDWAALS    =      1895.9161
 EELEC  =    -14624.5434  EHBOND  =         0.0000  RESTRAINT  =         0.0000
 EKCMT  =      1195.0301  VIRIAL  =      1275.3869  VOLUME     =     40731.5265
                                                    Density    =         0.9829
 DV/DL  =        -9.7564
 ------------------------------------------------------------------------------
 NSTEP =  1980000   TIME(PS) =    4210.000  TEMP(K) =   297.42  PRESS =   368.3
 Etot   =    -10438.0339  EKtot   =      2373.6108  EPtot      =    -12811.6448
 BOND   =         0.0000  ANGLE   =         0.0000  DIHED      =         0.0000
 1-4 NB =         0.0000  1-4 EEL =         0.0000  VDWAALS    =      1996.9249
 EELEC  =    -14808.5697  EHBOND  =         0.0000  RESTRAINT  =         0.0000
 EKCMT  =      1196.3157  VIRIAL  =       873.5237  VOLUME     =     40591.6265
                                                    Density    =         0.9863
 DV/DL  =         2.0305
 ------------------------------------------------------------------------------
 NSTEP =  2110000   TIME(PS) =    4470.000  TEMP(K) =   299.49  PRESS =    24.0
 Etot   =    -10500.4534  EKtot   =      2390.1165  EPtot      =    -12890.5698
 BOND   =         0.0000  ANGLE   =         0.0000  DIHED      =         0.0000
 1-4 NB =         0.0000  1-4 EEL =         0.0000  VDWAALS    =      1956.9530
 EELEC  =    -14847.5228  EHBOND  =         0.0000  RESTRAINT  =         0.0000
 EKCMT  =      1231.2792  VIRIAL  =      1210.1658  VOLUME     =     40678.0476
                                                    Density    =         0.9842
 DV/DL  =        -5.7276
 ------------------------------------------------------------------------------
 NSTEP =  2240000   TIME(PS) =    4730.000  TEMP(K) =   303.24  PRESS =   138.9
 Etot   =    -10255.7848  EKtot   =      2420.0178  EPtot      =    -12675.8027
 BOND   =         0.0000  ANGLE   =         0.0000  DIHED      =         0.0000
 1-4 NB =         0.0000  1-4 EEL =         0.0000  VDWAALS    =      1889.1848
 EELEC  =    -14564.9875  EHBOND  =         0.0000  RESTRAINT  =         0.0000
 EKCMT  =      1213.1239  VIRIAL  =      1091.6475  VOLUME     =     40515.5267
                                                    Density    =         0.9882
 DV/DL  =         0.1563
 ------------------------------------------------------------------------------
 NSTEP =  2370000   TIME(PS) =    4990.000  TEMP(K) =   300.24  PRESS =   297.0
 Etot   =    -10401.6657  EKtot   =      2396.0928  EPtot      =    -12797.7585
 BOND   =         0.0000  ANGLE   =         0.0000  DIHED      =         0.0000
 1-4 NB =         0.0000  1-4 EEL =         0.0000  VDWAALS    =      1955.3840
 EELEC  =    -14753.1425  EHBOND  =         0.0000  RESTRAINT  =         0.0000
 EKCMT  =      1206.9600  VIRIAL  =       947.9884  VOLUME     =     40390.7429
                                                    Density    =         0.9912
 DV/DL  =         2.4275
 ------------------------------------------------------------------------------
 NSTEP =  2500000   TIME(PS) =    5250.000  TEMP(K) =   299.31  PRESS =   468.2
 Etot   =    -10414.5456  EKtot   =      2388.6240  EPtot      =    -12803.1696
 BOND   =         0.0000  ANGLE   =         0.0000  DIHED      =         0.0000
 1-4 NB =         0.0000  1-4 EEL =         0.0000  VDWAALS    =      2014.6463
 EELEC  =    -14817.8159  EHBOND  =         0.0000  RESTRAINT  =         0.0000
 EKCMT  =      1226.3317  VIRIAL  =       813.5913  VOLUME     =     40828.6733
                                                    Density    =         0.9806
 DV/DL  =        -6.0706
 ------------------------------------------------------------------------------
Summary of dvdl values over  20 steps:
    -3.4783
    -4.1650
    -0.9428
    -5.3412
    0.7179
    4.2503
    -0.9105
    -1.3199
    -3.9974
    -0.3111
    -6.4633
    8.2747
    -0.4255
    -4.3609
    -9.7564
    2.0305
    -5.7276
    0.1563
    2.4275
    -6.0706
End of dvdl summary
   5.  TIMINGS
