file generated for tiny fixtures
file generated for tiny fixtures
file generated for tiny fixtures
file generated for tiny fixtures
file generated for tiny fixtures
file generated for tiny fixtures
   2.  CONTROL  DATA  FOR  THE  RUN
Nature and format of output:
 ntpr =       10000

Molecular dynamics:
 nstlim =       2500000, dt = 0.002

temperature regulation:
 temp0 = 300

Free energy options:
 clambda = 0.7

FEP MBAR options:
    ifmbar = 1, bar_intervall = 100
    mbar_states = 15

    MBAR - lambda values considered:
      15 total:  0.0000 0.0500 0.1000 0.1500 0.2000 0.3000 0.4000 0.5000 0.6000 0.7000 0.8000 0.8500 0.9000 0.9500 1.0000
    Extra energies will be computed  25000 times.
   3.  ATOMIC COORDINATES AND VELOCITIES
 begin time coords = 250.000

   4.  RESULTS
MBAR Energy analysis:
Energy at 0.0000 =    -11128.673013
Energy at 0.0500 =    -12391.026044
Energy at 0.1000 =    -12583.275569
Energy at 0.1500 =    -12652.359619
Energy at 0.2000 =    -12683.854693
Energy at 0.3000 =    -12707.263851
Energy at 0.4000 =    -12711.200288
Energy at 0.5000 =    -12707.867693
Energy at 0.6000 =    -12701.217471
Energy at 0.7000 =    -12692.856749
Energy at 0.8000 =    -12683.541078
Energy at 0.8500 =    -12678.655888
Energy at 0.9000 =    -12673.663136
Energy at 0.9500 =    -12668.586036
Energy at 1.0000 =    -12663.442482
 
 ------------------------------------------------------------------------------
MBAR Energy analysis:
Energy at 0.0000 =    -12346.591804
Energy at 0.0500 =    -12626.255934
Energy at 0.1000 =    -12704.150854
Energy at 0.1500 =    -12738.595636
Energy at 0.2000 =    -12756.116174
Energy at 0.3000 =    -12769.618171
Energy at 0.4000 =    -12770.593787
Energy at 0.5000 =    -12766.113641
Energy at 0.6000 =    -12758.871415
Energy at 0.7000 =    -12750.095298
Energy at 0.8000 =    -12740.413400
Energy at 0.8500 =    -12735.348138
Energy at 0.9000 =    -12730.173819
Energy at 0.9500 =    -12724.912426
Energy at 1.0000 =    -12719.581243
 
 ------------------------------------------------------------------------------
MBAR Energy analysis:
Energy at 0.0000 =    -12401.277316
Energy at 0.0500 =    -12655.514443
Energy at 0.1000 =    -12730.096526
Energy at 0.1500 =    -12760.102627
Energy at 0.2000 =    -12773.638452
Energy at 0.3000 =    -12781.582691
Energy at 0.4000 =    -12779.448358
Energy at 0.5000 =    -12773.319720
Energy at 0.6000 =    -12765.288078
Energy at 0.7000 =    -12756.241151
Energy at 0.8000 =    -12746.611306
Energy at 0.8500 =    -12741.654776
Energy at 0.9000 =    -12736.630347
Energy at 0.9500 =    -12731.552243
Energy at 1.0000 =    -12726.431568
 
 ------------------------------------------------------------------------------
MBAR Energy analysis:
Energy at 0.0000 =    -11448.808796
Energy at 0.0500 =    -12537.201181
Energy at 0.1000 =    -12673.773685
Energy at 0.1500 =    -12721.571549
Energy at 0.2000 =    -12743.117252
Energy at 0.3000 =    -12758.044514
Energy at 0.4000 =    -12758.701940
Energy at 0.5000 =    -12753.899599
Energy at 0.6000 =    -12746.584050
Energy at 0.7000 =    -12737.973876
Energy at 0.8000 =    -12728.645369
Energy at 0.8500 =    -12723.811461
Energy at 0.9000 =    -12718.897931
Energy at 0.9500 =    -12713.922385
Energy at 1.0000 =    -12708.898364
 
 ------------------------------------------------------------------------------
MBAR Energy analysis:
Energy at 0.0000 =      3364.622822
Energy at 0.0500 =    -11910.708998
Energy at 0.1000 =    -12502.796675
Energy at 0.1500 =    -12656.713652
Energy at 0.2000 =    -12718.469381
Energy at 0.3000 =    -12763.848013
Energy at 0.4000 =    -12775.902990
Energy at 0.5000 =    -12776.630642
Energy at 0.6000 =    -12772.370548
Energy at 0.7000 =    -12765.561220
Energy at 0.8000 =    -12757.319294
Energy at 0.8500 =    -12752.852406
Energy at 0.9000 =    -12748.219169
Energy at 0.9500 =    -12743.453534
Energy at 1.0000 =    -12738.581758
 
 ------------------------------------------------------------------------------
MBAR Energy analysis:
Energy at 0.0000 =    -12615.633552
Energy at 0.0500 =    -12705.896213
Energy at 0.1000 =    -12738.091751
Energy at 0.1500 =    -12752.587694
Energy at 0.2000 =    -12759.262515
Energy at 0.3000 =    -12761.862497
Energy at 0.4000 =    -12757.850678
Energy at 0.5000 =    -12750.824454
Energy at 0.6000 =    -12742.225950
Energy at 0.7000 =    -12732.735327
Energy at 0.8000 =    -12722.709612
Energy at 0.8500 =    -12717.562994
Energy at 0.9000 =    -12712.351055
Energy at 0.9500 =    -12707.086905
Energy at 1.0000 =    -12701.780944
 
 ------------------------------------------------------------------------------
MBAR Energy analysis:
Energy at 0.0000 =    883013.090688
Energy at 0.0500 =    -12295.581652
Energy at 0.1000 =    -12625.495730
Energy at 0.1500 =    -12704.378236
Energy at 0.2000 =    -12735.372825
Energy at 0.3000 =    -12756.183778
Energy at 0.4000 =    -12758.959943
Energy at 0.5000 =    -12755.487245
Energy at 0.6000 =    -12749.248959
Energy at 0.7000 =    -12741.597329
Energy at 0.8000 =    -12733.152484
Energy at 0.8500 =    -12728.738750
Energy at 0.9000 =    -12724.233101
Energy at 0.9500 =    -12719.654361
Energy at 1.0000 =    -12715.017088
 
 ------------------------------------------------------------------------------
MBAR Energy analysis:
Energy at 0.0000 =    -11679.155283
Energy at 0.0500 =    -12628.028585
Energy at 0.1000 =    -12752.812208
Energy at 0.1500 =    -12796.281045
Energy at 0.2000 =    -12815.874002
Energy at 0.3000 =    -12829.489368
Energy at 0.4000 =    -12830.018853
Energy at 0.5000 =    -12825.440904
Energy at 0.6000 =    -12818.467706
Energy at 0.7000 =    -12810.242730
Energy at 0.8000 =    -12801.316131
Energy at 0.8500 =    -12796.686130
Energy at 0.9000 =    -12791.977639
Energy at 0.9500 =    -12787.207909
Energy at 1.0000 =    -12782.390242
 
 ------------------------------------------------------------------------------
MBAR Energy analysis:
Energy at 0.0000 =    -12635.448478
Energy at 0.0500 =    -12834.501918
Energy at 0.1000 =    -12882.612759
Energy at 0.1500 =    -12901.457149
Energy at 0.2000 =    -12909.986105
Energy at 0.3000 =    -12914.629787
Energy at 0.4000 =    -12912.120263
Energy at 0.5000 =    -12906.388665
Energy at 0.6000 =    -12898.935909
Energy at 0.7000 =    -12890.469765
Energy at 0.8000 =    -12881.369045
Energy at 0.8500 =    -12876.653464
Energy at 0.9000 =    -12871.854284
Energy at 0.9500 =    -12866.986388
Energy at 1.0000 =    -12862.061765
 
 ------------------------------------------------------------------------------
MBAR Energy analysis:
Energy at 0.0000 =    -12666.638071
Energy at 0.0500 =    -12760.210443
Energy at 0.1000 =    -12799.219803
Energy at 0.1500 =    -12818.856988
Energy at 0.2000 =    -12829.232768
Energy at 0.3000 =    -12836.446653
Energy at 0.4000 =    -12834.863771
Energy at 0.5000 =    -12829.053111
Energy at 0.6000 =    -12820.948190
Energy at 0.7000 =    -12811.498558
Energy at 0.8000 =    -12801.218664
Energy at 0.8500 =    -12795.866058
Energy at 0.9000 =    -12790.407472
Energy at 0.9500 =    -12784.862827
Energy at 1.0000 =    -12779.248065
 
 ------------------------------------------------------------------------------
MBAR Energy analysis:
Energy at 0.0000 =     26430.465601
Energy at 0.0500 =    -11869.813921
Energy at 0.1000 =    -12381.678609
Energy at 0.1500 =    -12543.585457
Energy at 0.2000 =    -12616.605627
Energy at 0.3000 =    -12675.408505
Energy at 0.4000 =    -12693.237966
Energy at 0.5000 =    -12696.426454
Energy at 0.6000 =    -12693.158030
Energy at 0.7000 =    -12686.651780
Energy at 0.8000 =    -12678.376178
Energy at 0.8500 =    -12673.822701
Energy at 0.9000 =    -12669.073891
Energy at 0.9500 =    -12664.172251
Energy at 1.0000 =    -12659.150217
 
 ------------------------------------------------------------------------------
MBAR Energy analysis:
Energy at 0.0000 =       899.152140
Energy at 0.0500 =    -11885.476013
Energy at 0.1000 =    -12471.932751
Energy at 0.1500 =    -12620.402341
Energy at 0.2000 =    -12678.415146
Energy at 0.3000 =    -12719.244470
Energy at 0.4000 =    -12728.742134
Energy at 0.5000 =    -12727.938639
Energy at 0.6000 =    -12722.750352
Energy at 0.7000 =    -12715.392933
Energy at 0.8000 =    -12706.853062
Energy at 0.8500 =    -12702.304570
Energy at 0.9000 =    -12697.624620
Energy at 0.9500 =    -12692.841423
Energy at 1.0000 =    -12687.976538
 
 ------------------------------------------------------------------------------
MBAR Energy analysis:
Energy at 0.0000 =   8400920.247010
Energy at 0.0500 =    -11626.176842
Energy at 0.1000 =    -12358.927136
Energy at 0.1500 =    -12528.278502
Energy at 0.2000 =    -12591.522778
Energy at 0.3000 =    -12633.865377
Energy at 0.4000 =    -12642.411616
Energy at 0.5000 =    -12640.188609
Energy at 0.6000 =    -12633.463148
Energy at 0.7000 =    -12624.536885
Energy at 0.8000 =    -12614.423430
Energy at 0.8500 =    -12609.089850
Energy at 0.9000 =    -12603.626910
Energy at 0.9500 =    -12598.063252
Energy at 1.0000 =    -12592.420736
 
 ------------------------------------------------------------------------------
MBAR Energy analysis:
Energy at 0.0000 =      9316.206553
Energy at 0.0500 =    -12128.976059
Energy at 0.1000 =    -12584.851130
Energy at 0.1500 =    -12689.180219
Energy at 0.2000 =    -12728.452859
Energy at 0.3000 =    -12755.199877
Energy at 0.4000 =    -12760.545461
Energy at 0.5000 =    -12758.707876
Energy at 0.6000 =    -12753.706880
Energy at 0.7000 =    -12747.082673
Energy at 0.8000 =    -12739.541060
Energy at 0.8500 =    -12735.547383
Energy at 0.9000 =    -12731.445916
Energy at 0.9500 =    -12727.258257
Energy at 1.0000 =    -12723.001138
 
 ------------------------------------------------------------------------------
MBAR Energy analysis:
Energy at 0.0000 =      6733.441274
Energy at 0.0500 =    -12158.238979
Energy at 0.1000 =    -12593.681634
Energy at 0.1500 =    -12691.568930
Energy at 0.2000 =    -12727.469021
Energy at 0.3000 =    -12750.680921
Energy at 0.4000 =    -12754.083725
Energy at 0.5000 =    -12750.857262
Energy at 0.6000 =    -12744.680823
Energy at 0.7000 =    -12736.965021
Energy at 0.8000 =    -12728.362586
Energy at 0.8500 =    -12723.842452
Energy at 0.9000 =    -12719.215136
Energy at 0.9500 =    -12714.501412
Energy at 1.0000 =    -12709.717526
 
 ------------------------------------------------------------------------------
MBAR Energy analysis:
Energy at 0.0000 =    -11671.327851
Energy at 0.0500 =    -12426.817525
Energy at 0.1000 =    -12590.564391
Energy at 0.1500 =    -12653.220570
Energy at 0.2000 =    -12682.435602
Energy at 0.3000 =    -12704.455505
Energy at 0.4000 =    -12708.245730
Energy at 0.5000 =    -12705.148853
Energy at 0.6000 =    -12698.876999
Energy at 0.7000 =    -12690.946989
Energy at 0.8000 =    -12682.074938
Energy at 0.8500 =    -12677.410219
Energy at 0.9000 =    -12672.635226
Energy at 0.9500 =    -12667.772347
Energy at 1.0000 =    -12662.838946
 
 ------------------------------------------------------------------------------
MBAR Energy analysis:
Energy at 0.0000 =    -11506.357775
Energy at 0.0500 =    -12580.731806
Energy at 0.1000 =    -12743.880148
Energy at 0.1500 =    -12804.145000
Energy at 0.2000 =    -12832.372564
Energy at 0.3000 =    -12853.925150
Energy at 0.4000 =    -12857.655855
Energy at 0.5000 =    -12854.472738
Energy at 0.6000 =    -12848.039069
Energy at 0.7000 =    -12839.885717
Energy at 0.8000 =    -12830.748479
Energy at 0.8500 =    -12825.940552
Energy at 0.9000 =    -12821.017381
Energy at 0.9500 =    -12816.002608
Energy at 1.0000 =    -12810.914634
 
 ------------------------------------------------------------------------------
MBAR Energy analysis:
Energy at 0.0000 =  33256263.372726
Energy at 0.0500 =    -11484.180565
Energy at 0.1000 =    -12306.093293
Energy at 0.1500 =    -12515.414828
Energy at 0.2000 =    -12598.625124
Energy at 0.3000 =    -12658.764548
Energy at 0.4000 =    -12674.548125
Energy at 0.5000 =    -12675.896468
Energy at 0.6000 =    -12671.188155
Energy at 0.7000 =    -12663.528844
Energy at 0.8000 =    -12654.286336
Energy at 0.8500 =    -12649.297679
Energy at 0.9000 =    -12644.137929
Energy at 0.9500 =    -12638.845226
Energy at 1.0000 =    -12633.448568
 
 ------------------------------------------------------------------------------
MBAR Energy analysis:
Energy at 0.0000 =    -12580.990409
Energy at 0.0500 =    -12642.598101
Energy at 0.1000 =    -12666.610630
Energy at 0.1500 =    -12677.129019
Energy at 0.2000 =    -12681.465629
Energy at 0.3000 =    -12681.662293
Energy at 0.4000 =    -12676.733476
Energy at 0.5000 =    -12669.515626
Energy at 0.6000 =    -12661.118843
Energy at 0.7000 =    -12652.056654
Energy at 0.8000 =    -12642.595132
Energy at 0.8500 =    -12637.764128
Energy at 0.9000 =    -12632.883893
Energy at 0.9500 =    -12627.964093
Energy at 1.0000 =    -12623.012398
 
 ------------------------------------------------------------------------------
MBAR Energy analysis:
Energy at 0.0000 =   1881674.900814
Energy at 0.0500 =    -10888.551169
Energy at 0.1000 =    -12130.166422
Energy at 0.1500 =    -12466.074548
Energy at 0.2000 =    -12603.882359
Energy at 0.3000 =    -12708.978000
Energy at 0.4000 =    -12742.283976
Energy at 0.5000 =    -12752.202084
Energy at 0.6000 =    -12752.339490
Energy at 0.7000 =    -12747.725766
Energy at 0.8000 =    -12740.563763
Energy at 0.8500 =    -12736.389496
Energy at 0.9000 =    -12731.937374
Energy at 0.9500 =    -12727.267946
Energy at 1.0000 =    -12722.427138
 
 ------------------------------------------------------------------------------
 NSTEP =    10000   TIME(PS) =     270.000  TEMP(K) =   298.17  PRESS =  -285.4
 Etot   =    -10470.1646  EKtot   =      2379.6025  EPtot      =    -12849.7672
 BOND   =         0.0000  ANGLE   =         0.0000  DIHED      =         0.0000
 1-4 NB =         0.0000  1-4 EEL =         0.0000  VDWAALS    =      1909.4000
 EELEC  =    -14759.1671  EHBOND  =         0.0000  RESTRAINT  =         0.0000
 EKCMT  =      1220.8944  VIRIAL  =      1472.6822  VOLUME     =     40855.8739
                                                    Density    =         0.9800
 DV/DL  =        -2.3178
 ------------------------------------------------------------------------------
 NSTEP =   140000   TIME(PS) =     530.000  TEMP(K) =   300.18  PRESS =     3.1
 Etot   =    -10354.4835  EKtot   =      2395.6118  EPtot      =    -12750.0953
 BOND   =         0.0000  ANGLE   =         0.0000  DIHED      =         0.0000
 1-4 NB =         0.0000  1-4 EEL =         0.0000  VDWAALS    =      1923.3637
 EELEC  =    -14673.4590  EHBOND  =         0.0000  RESTRAINT  =         0.0000
 EKCMT  =      1206.7934  VIRIAL  =      1204.0909  VOLUME     =     40923.0113
                                                    Density    =         0.9783
 DV/DL  =        -3.5833
 ------------------------------------------------------------------------------
 NSTEP =   270000   TIME(PS) =     790.000  TEMP(K) =   293.06  PRESS =  -138.7
 Etot   =    -10411.2166  EKtot   =      2338.7793  EPtot      =    -12749.9959
 BOND   =         0.0000  ANGLE   =         0.0000  DIHED      =         0.0000
 1-4 NB =         0.0000  1-4 EEL =         0.0000  VDWAALS    =      1889.7211
 EELEC  =    -14639.7169  EHBOND  =         0.0000  RESTRAINT  =         0.0000
 EKCMT  =      1157.6073  VIRIAL  =      1279.8851  VOLUME     =     40826.4974
                                                    Density    =         0.9807
 DV/DL  =       -12.4895
 ------------------------------------------------------------------------------
 NSTEP =   400000   TIME(PS) =    1050.000  TEMP(K) =   301.56  PRESS =   117.5
 Etot   =    -10248.5993  EKtot   =      2406.6116  EPtot      =    -12655.2108
 BOND   =         0.0000  ANGLE   =         0.0000  DIHED      =         0.0000
 1-4 NB =         0.0000  1-4 EEL =         0.0000  VDWAALS    =      1912.8907
 EELEC  =    -14568.1016  EHBOND  =         0.0000  RESTRAINT  =         0.0000
 EKCMT  =      1181.8963  VIRIAL  =      1078.3374  VOLUME     =     40833.2848
                                                    Density    =         0.9805
 DV/DL  =         8.7698
 ------------------------------------------------------------------------------
 NSTEP =   530000   TIME(PS) =    1310.000  TEMP(K) =   296.60  PRESS =  -132.1
 Etot   =    -10398.5510  EKtot   =      2367.0103  EPtot      =    -12765.5612
 BOND   =         0.0000  ANGLE   =         0.0000  DIHED      =         0.0000
 1-4 NB =         0.0000  1-4 EEL =         0.0000  VDWAALS    =      1893.9830
 EELEC  =    -14659.5443  EHBOND  =         0.0000  RESTRAINT  =         0.0000
 EKCMT  =      1208.2473  VIRIAL  =      1324.4349  VOLUME     =     40725.4489
                                                    Density    =         0.9831
 DV/DL  =       -19.3093
 ------------------------------------------------------------------------------
 NSTEP =   670000   TIME(PS) =    1590.000  TEMP(K) =   300.17  PRESS =    15.8
 Etot   =    -10337.1055  EKtot   =      2395.5161  EPtot      =    -12732.6216
 BOND   =         0.0000  ANGLE   =         0.0000  DIHED      =         0.0000
 1-4 NB =         0.0000  1-4 EEL =         0.0000  VDWAALS    =      1915.6184
 EELEC  =    -14648.2400  EHBOND  =         0.0000  RESTRAINT  =         0.0000
 EKCMT  =      1168.9350  VIRIAL  =      1155.0208  VOLUME     =     40714.4028
                                                    Density    =         0.9834
 DV/DL  =        -0.4342
 ------------------------------------------------------------------------------
 NSTEP =   800000   TIME(PS) =    1850.000  TEMP(K) =   300.74  PRESS =    82.1
 Etot   =    -10333.8272  EKtot   =      2400.0991  EPtot      =    -12733.9263
 BOND   =         0.0000  ANGLE   =         0.0000  DIHED      =         0.0000
 1-4 NB =         0.0000  1-4 EEL =         0.0000  VDWAALS    =      1927.8554
 EELEC  =    -14661.7818  EHBOND  =         0.0000  RESTRAINT  =         0.0000
 EKCMT  =      1177.5007  VIRIAL  =      1105.2176  VOLUME     =     40776.9768
                                                    Density    =         0.9819
 DV/DL  =         4.2761
 ------------------------------------------------------------------------------
 NSTEP =   930000   TIME(PS) =    2110.000  TEMP(K) =   302.90  PRESS =    40.4
 Etot   =    -10276.7362  EKtot   =      2417.3206  EPtot      =    -12694.0568
 BOND   =         0.0000  ANGLE   =         0.0000  DIHED      =         0.0000
 1-4 NB =         0.0000  1-4 EEL =         0.0000  VDWAALS    =      1898.1292
 EELEC  =    -14592.1860  EHBOND  =         0.0000  RESTRAINT  =         0.0000
 EKCMT  =      1198.2485  VIRIAL  =      1162.6835  VOLUME     =     40821.0604
                                                    Density    =         0.9808
 DV/DL  =        -0.7796
 ------------------------------------------------------------------------------
 NSTEP =  1060000   TIME(PS) =    2370.000  TEMP(K) =   298.43  PRESS =   582.9
 Etot   =    -10370.2059  EKtot   =      2381.6108  EPtot      =    -12751.8168
 BOND   =         0.0000  ANGLE   =         0.0000  DIHED      =         0.0000
 1-4 NB =         0.0000  1-4 EEL =         0.0000  VDWAALS    =      2019.1947
 EELEC  =    -14771.0115  EHBOND  =         0.0000  RESTRAINT  =         0.0000
 EKCMT  =      1195.0609  VIRIAL  =       684.1277  VOLUME     =     40594.8402
                                                    Density    =         0.9863
 DV/DL  =        -7.9661
 ------------------------------------------------------------------------------
 NSTEP =  1190000   TIME(PS) =    2630.000  TEMP(K) =   298.53  PRESS =   -67.9
 Etot   =    -10326.7091  EKtot   =      2382.4490  EPtot      =    -12709.1581
 BOND   =         0.0000  ANGLE   =         0.0000  DIHED      =         0.0000
 1-4 NB =         0.0000  1-4 EEL =         0.0000  VDWAALS    =      1881.9003
 EELEC  =    -14591.0584  EHBOND  =         0.0000  RESTRAINT  =         0.0000
 EKCMT  =      1195.8623  VIRIAL  =      1255.6641  VOLUME     =     40813.9439
                                                    Density    =         0.9810
 DV/DL  =       -23.2198
 ------------------------------------------------------------------------------
 NSTEP =  1320000   TIME(PS) =    2890.000  TEMP(K) =   307.11  PRESS =   -93.1
 Etot   =    -10243.4389  EKtot   =      2450.8726  EPtot      =    -12694.3114
 BOND   =         0.0000  ANGLE   =         0.0000  DIHED      =         0.0000
 1-4 NB =         0.0000  1-4 EEL =         0.0000  VDWAALS    =      1871.4672
 EELEC  =    -14565.7786  EHBOND  =         0.0000  RESTRAINT  =         0.0000
 EKCMT  =      1223.6526  VIRIAL  =      1305.7333  VOLUME     =     40844.6938
                                                    Density    =         0.9802
 DV/DL  =        -3.4535
 ------------------------------------------------------------------------------
 NSTEP =  1450000   TIME(PS) =    3150.000  TEMP(K) =   292.90  PRESS =   -42.3
 Etot   =    -10374.4201  EKtot   =      2337.5449  EPtot      =    -12711.9650
 BOND   =         0.0000  ANGLE   =         0.0000  DIHED      =         0.0000
 1-4 NB =         0.0000  1-4 EEL =         0.0000  VDWAALS    =      1867.3369
 EELEC  =    -14579.3020  EHBOND  =         0.0000  RESTRAINT  =         0.0000
 EKCMT  =      1183.1963  VIRIAL  =      1220.2307  VOLUME     =     40560.3958
                                                    Density    =         0.9871
 DV/DL  =        -0.8100
 ------------------------------------------------------------------------------
 NSTEP =  1580000   TIME(PS) =    3410.000  TEMP(K) =   300.97  PRESS =    98.6
 Etot   =    -10347.7088  EKtot   =      2401.9375  EPtot      =    -12749.6463
 BOND   =         0.0000  ANGLE   =         0.0000  DIHED      =         0.0000
 1-4 NB =         0.0000  1-4 EEL =         0.0000  VDWAALS    =      1904.7677
 EELEC  =    -14654.4140  EHBOND  =         0.0000  RESTRAINT  =         0.0000
 EKCMT  =      1234.3618  VIRIAL  =      1147.8238  VOLUME     =     40632.7825
                                                    Density    =         0.9853
 DV/DL  =         0.0710
 ------------------------------------------------------------------------------
 NSTEP =  1710000   TIME(PS) =    3670.000  TEMP(K) =   296.37  PRESS =   154.6
 Etot   =    -10286.4582  EKtot   =      2365.2185  EPtot      =    -12651.6768
 BOND   =         0.0000  ANGLE   =         0.0000  DIHED      =         0.0000
 1-4 NB =         0.0000  1-4 EEL =         0.0000  VDWAALS    =      1883.1814
 EELEC  =    -14534.8582  EHBOND  =         0.0000  RESTRAINT  =         0.0000
 EKCMT  =      1190.3455  VIRIAL  =      1055.1857  VOLUME     =     40481.2835
                                                    Density    =         0.9890
 DV/DL  =       -14.6837
 ------------------------------------------------------------------------------
 NSTEP =  1840000   TIME(PS) =    3930.000  TEMP(K) =   298.43  PRESS =  -549.9
 Etot   =    -10340.9770  EKtot   =      2381.6497  EPtot      =    -12722.6267
 BOND   =         0.0000  ANGLE   =         0.0000  DIHED      =         0.0000
 1-4 NB =         0.0000  1-4 EEL =         0.0000  VDWAALS    =      1786.1876
 EELEC  =    -14508.8143  EHBOND  =         0.0000  RESTRAINT  =         0.0000
 EKCMT  =      1207.1201  VIRIAL  =      1689.0758  VOLUME     =     40593.8973
                                                    Density    =         0.9863
 DV/DL  =       -10.1448
 ------------------------------------------------------------------------------
 NSTEP =  1980000   TIME(PS) =    4210.000  TEMP(K) =   290.48  PRESS =   -51.9
 Etot   =    -10438.8462  EKtot   =      2318.1855  EPtot      =    -12757.0317
 BOND   =         0.0000  ANGLE   =         0.0000  DIHED      =         0.0000
 1-4 NB =         0.0000  1-4 EEL =         0.0000  VDWAALS    =      1894.9084
 EELEC  =    -14651.9401  EHBOND  =         0.0000  RESTRAINT  =         0.0000
 EKCMT  =      1142.4373  VIRIAL  =      1187.8770  VOLUME     =     40585.3039
                                                    Density    =         0.9865
 DV/DL  =       -16.4184
 ------------------------------------------------------------------------------
 NSTEP =  2110000   TIME(PS) =    4470.000  TEMP(K) =   300.59  PRESS =  -122.6
 Etot   =    -10246.6860  EKtot   =      2398.9033  EPtot      =    -12645.5894
 BOND   =         0.0000  ANGLE   =         0.0000  DIHED      =         0.0000
 1-4 NB =         0.0000  1-4 EEL =         0.0000  VDWAALS    =      1835.5598
 EELEC  =    -14481.1491  EHBOND  =         0.0000  RESTRAINT  =         0.0000
 EKCMT  =      1215.1811  VIRIAL  =      1323.0805  VOLUME     =     40771.9104
                                                    Density    =         0.9820
 DV/DL  =         1.1753
 ------------------------------------------------------------------------------
 NSTEP =  2240000   TIME(PS) =    4730.000  TEMP(K) =   307.88  PRESS =   -15.4
 Etot   =    -10237.0398  EKtot   =      2457.0159  EPtot      =    -12694.0557
 BOND   =         0.0000  ANGLE   =         0.0000  DIHED      =         0.0000
 1-4 NB =         0.0000  1-4 EEL =         0.0000  VDWAALS    =      1890.7434
 EELEC  =    -14584.7992  EHBOND  =         0.0000  RESTRAINT  =         0.0000
 EKCMT  =      1245.6607  VIRIAL  =      1259.2939  VOLUME     =     40885.4673
                                                    Density    =         0.9792
 DV/DL  =        -7.3024
 ------------------------------------------------------------------------------
 NSTEP =  2370000   TIME(PS) =    4990.000  TEMP(K) =   305.19  PRESS =    63.7
 Etot   =    -10334.1529  EKtot   =      2435.5828  EPtot      =    -12769.7356
 BOND   =         0.0000  ANGLE   =         0.0000  DIHED      =         0.0000
 1-4 NB =         0.0000  1-4 EEL =         0.0000  VDWAALS    =      1933.5856
 EELEC  =    -14703.3212  EHBOND  =         0.0000  RESTRAINT  =         0.0000
 EKCMT  =      1237.5695  VIRIAL  =      1181.2349  VOLUME     =     40964.2825
                                                    Density    =         0.9774
 DV/DL  =       -20.0242
 ------------------------------------------------------------------------------
 NSTEP =  2500000   TIME(PS) =    5250.000  TEMP(K) =   296.41  PRESS =    70.2
 Etot   =    -10288.0408  EKtot   =      2365.4893  EPtot      =    -12653.5300
 BOND   =         0.0000  ANGLE   =         0.0000  DIHED      =         0.0000
 1-4 NB =         0.0000  1-4 EEL =         0.0000  VDWAALS    =      1895.6173
 EELEC  =    -14549.1474  EHBOND  =         0.0000  RESTRAINT  =         0.0000
 EKCMT  =      1181.8179  VIRIAL  =      1119.7861  VOLUME     =     40912.6375
                                                    Density    =         0.9786
 DV/DL  =       -20.3422
 ------------------------------------------------------------------------------
   5.  TIMINGS
