file generated for tiny fixtures
file generated for tiny fixtures
file generated for tiny fixtures
file generated for tiny fixtures
file generated for tiny fixtures
file generated for tiny fixtures
   2.  CONTROL  DATA  FOR  THE  RUN
Nature and format of output:
 ntpr =       10000

Molecular dynamics:
 nstlim =       2500000, dt = 0.002

temperature regulation:
 temp0 = 300

Free energy options:
 clambda = 0.0

FEP MBAR options:
    ifmbar = 1, bar_intervall = 100
    mbar_states = 15

    MBAR - lambda values considered:
      15 total:  0.0000 0.0500 0.1000 0.1500 0.2000 0.3000 0.4000 0.5000 0.6000 0.7000 0.8000 0.8500 0.9000 0.9500 1.0000
    Extra energies will be computed  25000 times.
   3.  ATOMIC COORDINATES AND VELOCITIES
 begin time coords = 250.000

   4.  RESULTS
MBAR Energy analysis:
Energy at 0.0000 =    -12771.698380
Energy at 0.0500 =    -12776.717580
Energy at 0.1000 =    -12782.468034
Energy at 0.1500 =    -12788.677102
Energy at 0.2000 =    -12795.190690
Energy at 0.3000 =    -12808.794185
Energy at 0.4000 =    -12822.866902
Energy at 0.5000 =    -12837.221969
Energy at 0.6000 =    -12851.763888
Energy at 0.7000 =    -12866.439183
Energy at 0.8000 =    -12881.215583
Energy at 0.8500 =    -12888.634915
Energy at 0.9000 =    -12896.072340
Energy at 0.9500 =    -12903.526274
Energy at 1.0000 =    -12910.995380
 
 ------------------------------------------------------------------------------
MBAR Energy analysis:
Energy at 0.0000 =    -12721.841362
Energy at 0.0500 =    -12725.603615
Energy at 0.1000 =    -12730.160075
Energy at 0.1500 =    -12735.225519
Energy at 0.2000 =    -12740.634136
Energy at 0.3000 =    -12752.108646
Energy at 0.4000 =    -12764.121676
Energy at 0.5000 =    -12776.458429
Energy at 0.6000 =    -12789.007887
Energy at 0.7000 =    -12801.707802
Energy at 0.8000 =    -12814.520840
Energy at 0.8500 =    -12820.962017
Energy at 0.9000 =    -12827.423283
Energy at 0.9500 =    -12833.902864
Energy at 1.0000 =    -12840.399268
 
 ------------------------------------------------------------------------------
MBAR Energy analysis:
Energy at 0.0000 =    -12819.172837
Energy at 0.0500 =    -12822.497163
Energy at 0.1000 =    -12826.696018
Energy at 0.1500 =    -12831.442178
Energy at 0.2000 =    -12836.553797
Energy at 0.3000 =    -12847.477720
Energy at 0.4000 =    -12858.983127
Energy at 0.5000 =    -12870.846556
Energy at 0.6000 =    -12882.951126
Energy at 0.7000 =    -12895.229741
Energy at 0.8000 =    -12907.640960
Energy at 0.8500 =    -12913.887433
Energy at 0.9000 =    -12920.157626
Energy at 0.9500 =    -12926.449423
Energy at 1.0000 =    -12932.761033
 
 ------------------------------------------------------------------------------
MBAR Energy analysis:
Energy at 0.0000 =    -12688.152060
Energy at 0.0500 =    -12694.524196
Energy at 0.1000 =    -12701.361754
Energy at 0.1500 =    -12708.503096
Energy at 0.2000 =    -12715.852093
Energy at 0.3000 =    -12730.953153
Energy at 0.4000 =    -12746.388810
Energy at 0.5000 =    -12762.028325
Energy at 0.6000 =    -12777.803326
Energy at 0.7000 =    -12793.675173
Energy at 0.8000 =    -12809.620564
Energy at 0.8500 =    -12817.615976
Energy at 0.9000 =    -12825.624637
Energy at 0.9500 =    -12833.645433
Energy at 1.0000 =    -12841.677424
 
 ------------------------------------------------------------------------------
MBAR Energy analysis:
Energy at 0.0000 =    -12785.478141
Energy at 0.0500 =    -12790.168309
Energy at 0.1000 =    -12795.347308
Energy at 0.1500 =    -12800.848148
Energy at 0.2000 =    -12806.572074
Energy at 0.3000 =    -12818.462810
Energy at 0.4000 =    -12830.733241
Energy at 0.5000 =    -12843.244902
Energy at 0.6000 =    -12855.923228
Energy at 0.7000 =    -12868.724647
Energy at 0.8000 =    -12881.621934
Energy at 0.8500 =    -12888.100663
Energy at 0.9000 =    -12894.597104
Energy at 0.9500 =    -12901.109845
Energy at 1.0000 =    -12907.637681
 
 ------------------------------------------------------------------------------
MBAR Energy analysis:
Energy at 0.0000 =    -12784.507199
Energy at 0.0500 =    -12790.529232
Energy at 0.1000 =    -12797.048313
Energy at 0.1500 =    -12803.883817
Energy at 0.2000 =    -12810.934040
Energy at 0.3000 =    -12825.454878
Energy at 0.4000 =    -12840.334688
Energy at 0.5000 =    -12855.444234
Energy at 0.6000 =    -12870.714789
Energy at 0.7000 =    -12886.106094
Energy at 0.8000 =    -12901.592707
Energy at 0.8500 =    -12909.366184
Energy at 0.9000 =    -12917.157515
Energy at 0.9500 =    -12924.965319
Energy at 1.0000 =    -12932.788408
 
 ------------------------------------------------------------------------------
MBAR Energy analysis:
Energy at 0.0000 =    -12734.364206
Energy at 0.0500 =    -12741.757619
Energy at 0.1000 =    -12749.637233
Energy at 0.1500 =    -12757.847470
Energy at 0.2000 =    -12766.292547
Energy at 0.3000 =    -12783.659012
Energy at 0.4000 =    -12801.439982
Energy at 0.5000 =    -12819.485380
Energy at 0.6000 =    -12837.711753
Energy at 0.7000 =    -12856.069268
Energy at 0.8000 =    -12874.526419
Energy at 0.8500 =    -12883.785545
Energy at 0.9000 =    -12893.062321
Energy at 0.9500 =    -12902.355118
Energy at 1.0000 =    -12911.662556
 
 ------------------------------------------------------------------------------
MBAR Energy analysis:
Energy at 0.0000 =    -12789.969944
Energy at 0.0500 =    -12794.563832
Energy at 0.1000 =    -12799.722289
Energy at 0.1500 =    -12805.262270
Energy at 0.2000 =    -12811.070253
Energy at 0.3000 =    -12823.220002
Energy at 0.4000 =    -12835.822717
Energy at 0.5000 =    -12848.705727
Energy at 0.6000 =    -12861.775892
Energy at 0.7000 =    -12874.979501
Energy at 0.8000 =    -12888.283778
Energy at 0.8500 =    -12894.966797
Energy at 0.9000 =    -12901.667729
Energy at 0.9500 =    -12908.384999
Energy at 1.0000 =    -12915.117289
 
 ------------------------------------------------------------------------------
MBAR Energy analysis:
Energy at 0.0000 =    -12673.668904
Energy at 0.0500 =    -12677.781585
Energy at 0.1000 =    -12682.609231
Energy at 0.1500 =    -12687.900545
Energy at 0.2000 =    -12693.507962
Energy at 0.3000 =    -12705.336527
Energy at 0.4000 =    -12717.676526
Energy at 0.5000 =    -12730.330407
Energy at 0.6000 =    -12743.194505
Energy at 0.7000 =    -12756.209775
Energy at 0.8000 =    -12769.340238
Energy at 0.8500 =    -12775.941077
Energy at 0.9000 =    -12782.562671
Energy at 0.9500 =    -12789.203247
Energy at 1.0000 =    -12795.861305
 
 ------------------------------------------------------------------------------
MBAR Energy analysis:
Energy at 0.0000 =    -12766.270386
Energy at 0.0500 =    -12770.633998
Energy at 0.1000 =    -12775.650670
Energy at 0.1500 =    -12781.078395
Energy at 0.2000 =    -12786.779244
Energy at 0.3000 =    -12798.695533
Energy at 0.4000 =    -12811.024946
Energy at 0.5000 =    -12823.596226
Energy at 0.6000 =    -12836.322308
Energy at 0.7000 =    -12849.155309
Energy at 0.8000 =    -12862.067175
Energy at 0.8500 =    -12868.546991
Energy at 0.9000 =    -12875.040571
Energy at 0.9500 =    -12881.546667
Energy at 1.0000 =    -12888.064251
 
 ------------------------------------------------------------------------------
MBAR Energy analysis:
Energy at 0.0000 =    -12662.635622
Energy at 0.0500 =    -12667.889413
Energy at 0.1000 =    -12673.810076
Energy at 0.1500 =    -12680.151419
Energy at 0.2000 =    -12686.774016
Energy at 0.3000 =    -12700.556188
Energy at 0.4000 =    -12714.779550
Energy at 0.5000 =    -12729.270404
Energy at 0.6000 =    -12743.938731
Energy at 0.7000 =    -12758.733551
Energy at 0.8000 =    -12773.623866
Energy at 0.8500 =    -12781.098304
Energy at 0.9000 =    -12788.589699
Energy at 0.9500 =    -12796.096526
Energy at 1.0000 =    -12803.617504
 
 ------------------------------------------------------------------------------
MBAR Energy analysis:
Energy at 0.0000 =    -12809.304794
Energy at 0.0500 =    -12813.180390
Energy at 0.1000 =    -12817.829820
Energy at 0.1500 =    -12822.972436
Energy at 0.2000 =    -12828.445821
Energy at 0.3000 =    -12840.022745
Energy at 0.4000 =    -12852.113964
Energy at 0.5000 =    -12864.514026
Energy at 0.6000 =    -12877.117557
Energy at 0.7000 =    -12889.865698
Energy at 0.8000 =    -12902.723154
Energy at 0.8500 =    -12909.185516
Energy at 0.9000 =    -12915.667432
Energy at 0.9500 =    -12922.167203
Energy at 1.0000 =    -12928.683402
 
 ------------------------------------------------------------------------------
MBAR Energy analysis:
Energy at 0.0000 =    -12799.585617
Energy at 0.0500 =    -12800.602344
Energy at 0.1000 =    -12802.478273
Energy at 0.1500 =    -12804.850109
Energy at 0.2000 =    -12807.524489
Energy at 0.3000 =    -12813.387101
Energy at 0.4000 =    -12819.615207
Energy at 0.5000 =    -12826.030950
Energy at 0.6000 =    -12832.556438
Energy at 0.7000 =    -12839.154762
Energy at 0.8000 =    -12845.807204
Energy at 0.8500 =    -12849.150348
Energy at 0.9000 =    -12852.503604
Energy at 0.9500 =    -12855.866333
Energy at 1.0000 =    -12859.238026
 
 ------------------------------------------------------------------------------
MBAR Energy analysis:
Energy at 0.0000 =    -12732.667894
Energy at 0.0500 =    -12737.146931
Energy at 0.1000 =    -12742.195974
Energy at 0.1500 =    -12747.615985
Energy at 0.2000 =    -12753.289175
Energy at 0.3000 =    -12765.125827
Energy at 0.4000 =    -12777.367573
Energy at 0.5000 =    -12789.854055
Energy at 0.6000 =    -12802.501590
Energy at 0.7000 =    -12815.263228
Energy at 0.8000 =    -12828.110999
Energy at 0.8500 =    -12834.561431
Energy at 0.9000 =    -12841.027355
Energy at 0.9500 =    -12847.507485
Energy at 1.0000 =    -12854.000752
 
 ------------------------------------------------------------------------------
MBAR Energy analysis:
Energy at 0.0000 =    -12715.103745
Energy at 0.0500 =    -12720.225059
Energy at 0.1000 =    -12725.821631
Energy at 0.1500 =    -12731.723440
Energy at 0.2000 =    -12737.830378
Energy at 0.3000 =    -12750.433868
Energy at 0.4000 =    -12763.352630
Energy at 0.5000 =    -12776.458437
Energy at 0.6000 =    -12789.686518
Energy at 0.7000 =    -12803.001559
Energy at 0.8000 =    -12816.383029
Energy at 0.8500 =    -12823.094516
Energy at 0.9000 =    -12829.818256
Energy at 0.9500 =    -12836.553334
Energy at 1.0000 =    -12843.298986
 
 ------------------------------------------------------------------------------
MBAR Energy analysis:
Energy at 0.0000 =    -12718.315448
Energy at 0.0500 =    -12724.815706
Energy at 0.1000 =    -12731.803042
Energy at 0.1500 =    -12739.093533
Energy at 0.2000 =    -12746.584697
Energy at 0.3000 =    -12761.947308
Energy at 0.4000 =    -12777.621752
Energy at 0.5000 =    -12793.486730
Energy at 0.6000 =    -12809.480372
Energy at 0.7000 =    -12825.567996
Energy at 0.8000 =    -12841.728607
Energy at 0.8500 =    -12849.831856
Energy at 0.9000 =    -12857.948656
Energy at 0.9500 =    -12866.077966
Energy at 1.0000 =    -12874.218904
 
 ------------------------------------------------------------------------------
MBAR Energy analysis:
Energy at 0.0000 =    -12658.622266
Energy at 0.0500 =    -12661.198531
Energy at 0.1000 =    -12664.430255
Energy at 0.1500 =    -12668.056901
Energy at 0.2000 =    -12671.935763
Energy at 0.3000 =    -12680.148893
Energy at 0.4000 =    -12688.712955
Energy at 0.5000 =    -12697.476108
Energy at 0.6000 =    -12706.365879
Energy at 0.7000 =    -12715.344496
Energy at 0.8000 =    -12724.390770
Energy at 0.8500 =    -12728.935102
Energy at 0.9000 =    -12733.492003
Energy at 0.9500 =    -12738.060579
Energy at 1.0000 =    -12742.640091
 
 ------------------------------------------------------------------------------
MBAR Energy analysis:
Energy at 0.0000 =    -12762.226548
Energy at 0.0500 =    -12764.448972
Energy at 0.1000 =    -12767.327525
Energy at 0.1500 =    -12770.585693
Energy at 0.2000 =    -12774.078394
Energy at 0.3000 =    -12781.475260
Energy at 0.4000 =    -12789.184749
Energy at 0.5000 =    -12797.074275
Energy at 0.6000 =    -12805.083548
Energy at 0.7000 =    -12813.181838
Energy at 0.8000 =    -12821.351731
Energy at 0.8500 =    -12825.459970
Energy at 0.9000 =    -12829.582342
Energy at 0.9500 =    -12833.718006
Energy at 1.0000 =    -12837.866235
 
 ------------------------------------------------------------------------------
MBAR Energy analysis:
Energy at 0.0000 =    -12732.319621
Energy at 0.0500 =    -12736.802823
Energy at 0.1000 =    -12741.840833
Energy at 0.1500 =    -12747.256879
Energy at 0.2000 =    -12752.938212
Energy at 0.3000 =    -12764.825268
Energy at 0.4000 =    -12777.151655
Energy at 0.5000 =    -12789.745542
Energy at 0.6000 =    -12802.515758
Energy at 0.7000 =    -12815.410650
Energy at 0.8000 =    -12828.399243
Energy at 0.8500 =    -12834.922270
Energy at 0.9000 =    -12841.461984
Energy at 0.9500 =    -12848.016941
Energy at 1.0000 =    -12854.585937
 
 ------------------------------------------------------------------------------
MBAR Energy analysis:
Energy at 0.0000 =    -12729.059346
Energy at 0.0500 =    -12734.991957
Energy at 0.1000 =    -12741.646786
Energy at 0.1500 =    -12748.755813
Energy at 0.2000 =    -12756.167208
Energy at 0.3000 =    -12771.564171
Energy at 0.4000 =    -12787.430731
Energy at 0.5000 =    -12803.581782
Energy at 0.6000 =    -12819.922616
Energy at 0.7000 =    -12836.400162
Energy at 0.8000 =    -12852.982342
Energy at 0.8500 =    -12861.305919
Energy at 0.9000 =    -12869.648497
Energy at 0.9500 =    -12878.008492
Energy at 1.0000 =    -12886.384561
 
 ------------------------------------------------------------------------------
 NSTEP =    10000   TIME(PS) =     270.000  TEMP(K) =   296.23  PRESS =   -62.7
 Etot   =    -10407.6146  EKtot   =      2364.0837  EPtot      =    -12771.6984
 BOND   =         0.0000  ANGLE   =         0.0000  DIHED      =         0.0000
 1-4 NB =         0.0000  1-4 EEL =         0.0000  VDWAALS    =      1903.5175
 EELEC  =    -14675.2159  EHBOND  =         0.0000  RESTRAINT  =         0.0000
 EKCMT  =      1169.3142  VIRIAL  =      1224.4905  VOLUME     =     40789.5210
                                                    Density    =         0.9816
 DV/DL  =        79.0239
 ------------------------------------------------------------------------------
 NSTEP =   140000   TIME(PS) =     530.000  TEMP(K) =   295.56  PRESS =  -435.2
 Etot   =    -10363.1109  EKtot   =      2358.7305  EPtot      =    -12721.8414
 BOND   =         0.0000  ANGLE   =         0.0000  DIHED      =         0.0000
 1-4 NB =         0.0000  1-4 EEL =         0.0000  VDWAALS    =      1824.0302
 EELEC  =    -14545.8716  EHBOND  =         0.0000  RESTRAINT  =         0.0000
 EKCMT  =      1169.2391  VIRIAL  =      1553.7849  VOLUME     =     40925.5951
                                                    Density    =         0.9783
 DV/DL  =        86.5697
 ------------------------------------------------------------------------------
 NSTEP =   270000   TIME(PS) =     790.000  TEMP(K) =   294.31  PRESS =   250.7
 Etot   =    -10470.3750  EKtot   =      2348.7979  EPtot      =    -12819.1728
 BOND   =         0.0000  ANGLE   =         0.0000  DIHED      =         0.0000
 1-4 NB =         0.0000  1-4 EEL =         0.0000  VDWAALS    =      1951.5289
 EELEC  =    -14770.7018  EHBOND  =         0.0000  RESTRAINT  =         0.0000
 EKCMT  =      1152.8961  VIRIAL  =       933.4483  VOLUME     =     40537.4375
                                                    Density    =         0.9877
 DV/DL  =        94.5126
 ------------------------------------------------------------------------------
 NSTEP =   400000   TIME(PS) =    1050.000  TEMP(K) =   316.41  PRESS =   -59.8
 Etot   =    -10163.0214  EKtot   =      2525.1306  EPtot      =    -12688.1521
 BOND   =         0.0000  ANGLE   =         0.0000  DIHED      =         0.0000
 1-4 NB =         0.0000  1-4 EEL =         0.0000  VDWAALS    =      1871.4233
 EELEC  =    -14559.5753  EHBOND  =         0.0000  RESTRAINT  =         0.0000
 EKCMT  =      1218.0200  VIRIAL  =      1270.6728  VOLUME     =     40795.2294
                                                    Density    =         0.9814
 DV/DL  =        56.8892
 ------------------------------------------------------------------------------
 NSTEP =   530000   TIME(PS) =    1310.000  TEMP(K) =   296.00  PRESS =    -3.7
 Etot   =    -10423.2311  EKtot   =      2362.2471  EPtot      =    -12785.4781
 BOND   =         0.0000  ANGLE   =         0.0000  DIHED      =         0.0000
 1-4 NB =         0.0000  1-4 EEL =         0.0000  VDWAALS    =      1904.4923
 EELEC  =    -14689.9705  EHBOND  =         0.0000  RESTRAINT  =         0.0000
 EKCMT  =      1230.0484  VIRIAL  =      1233.3170  VOLUME     =     40821.2335
                                                    Density    =         0.9808
 DV/DL  =        64.0740
 ------------------------------------------------------------------------------
 NSTEP =   670000   TIME(PS) =    1590.000  TEMP(K) =   298.08  PRESS =  -295.2
 Etot   =    -10405.6422  EKtot   =      2378.8650  EPtot      =    -12784.5072
 BOND   =         0.0000  ANGLE   =         0.0000  DIHED      =         0.0000
 1-4 NB =         0.0000  1-4 EEL =         0.0000  VDWAALS    =      1850.2362
 EELEC  =    -14634.7434  EHBOND  =         0.0000  RESTRAINT  =         0.0000
 EKCMT  =      1188.5268  VIRIAL  =      1448.2226  VOLUME     =     40739.1404
                                                    Density    =         0.9828
 DV/DL  =        65.0252
 ------------------------------------------------------------------------------
 NSTEP =   800000   TIME(PS) =    1850.000  TEMP(K) =   306.70  PRESS =   -44.9
 Etot   =    -10286.7036  EKtot   =      2447.6606  EPtot      =    -12734.3642
 BOND   =         0.0000  ANGLE   =         0.0000  DIHED      =         0.0000
 1-4 NB =         0.0000  1-4 EEL =         0.0000  VDWAALS    =      1871.5897
 EELEC  =    -14605.9539  EHBOND  =         0.0000  RESTRAINT  =         0.0000
 EKCMT  =      1260.0703  VIRIAL  =      1299.5832  VOLUME     =     40762.7143
                                                    Density    =         0.9822
 DV/DL  =        62.8124
 ------------------------------------------------------------------------------
 NSTEP =   930000   TIME(PS) =    2110.000  TEMP(K) =   303.61  PRESS =   448.2
 Etot   =    -10366.9660  EKtot   =      2423.0039  EPtot      =    -12789.9699
 BOND   =         0.0000  ANGLE   =         0.0000  DIHED      =         0.0000
 1-4 NB =         0.0000  1-4 EEL =         0.0000  VDWAALS    =      1986.2773
 EELEC  =    -14776.2473  EHBOND  =         0.0000  RESTRAINT  =         0.0000
 EKCMT  =      1213.9445  VIRIAL  =       818.3444  VOLUME     =     40875.7272
                                                    Density    =         0.9795
 DV/DL  =        70.7964
 ------------------------------------------------------------------------------
 NSTEP =  1060000   TIME(PS) =    2370.000  TEMP(K) =   296.00  PRESS =   451.1
 Etot   =    -10311.4038  EKtot   =      2362.2651  EPtot      =    -12673.6689
 BOND   =         0.0000  ANGLE   =         0.0000  DIHED      =         0.0000
 1-4 NB =         0.0000  1-4 EEL =         0.0000  VDWAALS    =      1935.3208
 EELEC  =    -14608.9897  EHBOND  =         0.0000  RESTRAINT  =         0.0000
 EKCMT  =      1211.5044  VIRIAL  =       814.6357  VOLUME     =     40743.2415
                                                    Density    =         0.9827
 DV/DL  =        83.4671
 ------------------------------------------------------------------------------
 NSTEP =  1190000   TIME(PS) =    2630.000  TEMP(K) =   289.61  PRESS =   179.1
 Etot   =    -10454.9935  EKtot   =      2311.2769  EPtot      =    -12766.2704
 BOND   =         0.0000  ANGLE   =         0.0000  DIHED      =         0.0000
 1-4 NB =         0.0000  1-4 EEL =         0.0000  VDWAALS    =      1944.5756
 EELEC  =    -14710.8460  EHBOND  =         0.0000  RESTRAINT  =         0.0000
 EKCMT  =      1143.8688  VIRIAL  =       986.4851  VOLUME     =     40692.3237
                                                    Density    =         0.9839
 DV/DL  =        70.4887
 ------------------------------------------------------------------------------
 NSTEP =  1320000   TIME(PS) =    2890.000  TEMP(K) =   302.89  PRESS =    70.3
 Etot   =    -10245.3905  EKtot   =      2417.2451  EPtot      =    -12662.6356
 BOND   =         0.0000  ANGLE   =         0.0000  DIHED      =         0.0000
 1-4 NB =         0.0000  1-4 EEL =         0.0000  VDWAALS    =      1892.8285
 EELEC  =    -14555.4641  EHBOND  =         0.0000  RESTRAINT  =         0.0000
 EKCMT  =      1232.1478  VIRIAL  =      1169.9664  VOLUME     =     40952.6778
                                                    Density    =         0.9776
 DV/DL  =        71.5448
 ------------------------------------------------------------------------------
 NSTEP =  1450000   TIME(PS) =    3150.000  TEMP(K) =   304.53  PRESS =  -192.2
 Etot   =    -10378.9542  EKtot   =      2430.3506  EPtot      =    -12809.3048
 BOND   =         0.0000  ANGLE   =         0.0000  DIHED      =         0.0000
 1-4 NB =         0.0000  1-4 EEL =         0.0000  VDWAALS    =      1888.7283
 EELEC  =    -14698.0331  EHBOND  =         0.0000  RESTRAINT  =         0.0000
 EKCMT  =      1224.3904  VIRIAL  =      1393.9016  VOLUME     =     40838.0836
                                                    Density    =         0.9804
 DV/DL  =        84.2000
 ------------------------------------------------------------------------------
 NSTEP =  1580000   TIME(PS) =    3410.000  TEMP(K) =   307.15  PRESS =   432.9
 Etot   =    -10348.3395  EKtot   =      2451.2461  EPtot      =    -12799.5856
 BOND   =         0.0000  ANGLE   =         0.0000  DIHED      =         0.0000
 1-4 NB =         0.0000  1-4 EEL =         0.0000  VDWAALS    =      1976.2947
 EELEC  =    -14775.8804  EHBOND  =         0.0000  RESTRAINT  =         0.0000
 EKCMT  =      1244.3527  VIRIAL  =       862.1329  VOLUME     =     40888.8239
                                                    Density    =         0.9792
 DV/DL  =        76.9754
 ------------------------------------------------------------------------------
 NSTEP =  1710000   TIME(PS) =    3670.000  TEMP(K) =   301.77  PRESS =   250.2
 Etot   =    -10324.3735  EKtot   =      2408.2944  EPtot      =    -12732.6679
 BOND   =         0.0000  ANGLE   =         0.0000  DIHED      =         0.0000
 1-4 NB =         0.0000  1-4 EEL =         0.0000  VDWAALS    =      1914.5278
 EELEC  =    -14647.1957  EHBOND  =         0.0000  RESTRAINT  =         0.0000
 EKCMT  =      1220.2310  VIRIAL  =       999.9633  VOLUME     =     40779.7350
                                                    Density    =         0.9818
 DV/DL  =        68.1247
 ------------------------------------------------------------------------------
 NSTEP =  1840000   TIME(PS) =    3930.000  TEMP(K) =   291.91  PRESS =   188.2
 Etot   =    -10385.5034  EKtot   =      2329.6003  EPtot      =    -12715.1037
 BOND   =         0.0000  ANGLE   =         0.0000  DIHED      =         0.0000
 1-4 NB =         0.0000  1-4 EEL =         0.0000  VDWAALS    =      1926.4046
 EELEC  =    -14641.5083  EHBOND  =         0.0000  RESTRAINT  =         0.0000
 EKCMT  =      1139.3272  VIRIAL  =       973.2777  VOLUME     =     40869.8372
                                                    Density    =         0.9796
 DV/DL  =        56.5426
 ------------------------------------------------------------------------------
 NSTEP =  1980000   TIME(PS) =    4210.000  TEMP(K) =   306.50  PRESS =   293.5
 Etot   =    -10272.2569  EKtot   =      2446.0586  EPtot      =    -12718.3154
 BOND   =         0.0000  ANGLE   =         0.0000  DIHED      =         0.0000
 1-4 NB =         0.0000  1-4 EEL =         0.0000  VDWAALS    =      1924.3202
 EELEC  =    -14642.6357  EHBOND  =         0.0000  RESTRAINT  =         0.0000
 EKCMT  =      1271.1987  VIRIAL  =      1011.5715  VOLUME     =     40965.7098
                                                    Density    =         0.9773
 DV/DL  =        58.2514
 ------------------------------------------------------------------------------
 NSTEP =  2110000   TIME(PS) =    4470.000  TEMP(K) =   300.07  PRESS =  -396.5
 Etot   =    -10263.8811  EKtot   =      2394.7412  EPtot      =    -12658.6223
 BOND   =         0.0000  ANGLE   =         0.0000  DIHED      =         0.0000
 1-4 NB =         0.0000  1-4 EEL =         0.0000  VDWAALS    =      1783.8341
 EELEC  =    -14442.4563  EHBOND  =         0.0000  RESTRAINT  =         0.0000
 EKCMT  =      1202.4331  VIRIAL  =      1551.3177  VOLUME     =     40751.0448
                                                    Density    =         0.9825
 DV/DL  =        68.3461
 ------------------------------------------------------------------------------
 NSTEP =  2240000   TIME(PS) =    4730.000  TEMP(K) =   312.80  PRESS =   294.2
 Etot   =    -10265.9443  EKtot   =      2496.2822  EPtot      =    -12762.2265
 BOND   =         0.0000  ANGLE   =         0.0000  DIHED      =         0.0000
 1-4 NB =         0.0000  1-4 EEL =         0.0000  VDWAALS    =      1941.2793
 EELEC  =    -14703.5058  EHBOND  =         0.0000  RESTRAINT  =         0.0000
 EKCMT  =      1228.6283  VIRIAL  =       969.6660  VOLUME     =     40767.2693
                                                    Density    =         0.9821
 DV/DL  =        68.8287
 ------------------------------------------------------------------------------
 NSTEP =  2370000   TIME(PS) =    4990.000  TEMP(K) =   295.80  PRESS =   532.7
 Etot   =    -10371.6482  EKtot   =      2360.6714  EPtot      =    -12732.3196
 BOND   =         0.0000  ANGLE   =         0.0000  DIHED      =         0.0000
 1-4 NB =         0.0000  1-4 EEL =         0.0000  VDWAALS    =      2002.6452
 EELEC  =    -14734.9648  EHBOND  =         0.0000  RESTRAINT  =         0.0000
 EKCMT  =      1141.8199  VIRIAL  =       672.7296  VOLUME     =     40785.7149
                                                    Density    =         0.9816
 DV/DL  =        68.3469
 ------------------------------------------------------------------------------
 NSTEP =  2500000   TIME(PS) =    5250.000  TEMP(K) =   302.38  PRESS =   278.1
 Etot   =    -10315.9319  EKtot   =      2413.1274  EPtot      =    -12729.0593
 BOND   =         0.0000  ANGLE   =         0.0000  DIHED      =         0.0000
 1-4 NB =         0.0000  1-4 EEL =         0.0000  VDWAALS    =      1939.7713
 EELEC  =    -14668.8306  EHBOND  =         0.0000  RESTRAINT  =         0.0000
 EKCMT  =      1206.5613  VIRIAL  =       962.0210  VOLUME     =     40720.9512
                                                    Density    =         0.9832
 DV/DL  =        82.6669
 ------------------------------------------------------------------------------
Summary of dvdl values over  20 steps:
    79.0239
    86.5697
    94.5126
    56.8892
    64.0740
    65.0252
    62.8124
    70.7964
    83.4671
    70.4887
    71.5448
    84.2000
    76.9754
    68.1247
    56.5426
    58.2514
    68.3461
    68.8287
    68.3469
    82.6669
End of dvdl summary
   5.  TIMINGS
