file generated for tiny fixtures
file generated for tiny fixtures
file generated for tiny fixtures
file generated for tiny fixtures
file generated for tiny fixtures
file generated for tiny fixtures
   2.  CONTROL  DATA  FOR  THE  RUN
Nature and format of output:
 ntpr =       10000

Molecular dynamics:
 nstlim =       2500000, dt = 0.002

temperature regulation:
 temp0 = 300

Free energy options:
 clambda = 0.15

FEP MBAR options:
    ifmbar = 1, bar_intervall = 100
    mbar_states = 15

    MBAR - lambda values considered:
      15 total:  0.0000 0.0500 0.1000 0.1500 0.2000 0.3000 0.4000 0.5000 0.6000 0.7000 0.8000 0.8500 0.9000 0.9500 1.0000
    Extra energies will be computed  25000 times.
   3.  ATOMIC COORDINATES AND VELOCITIES
 begin time coords = 250.000

   4.  RESULTS
MBAR Energy analysis:
Energy at 0.0000 =    -12761.298410
Energy at 0.0500 =    -12765.072275
Energy at 0.1000 =    -12769.057931
Energy at 0.1500 =    -12773.170025
Energy at 0.2000 =    -12777.360355
Energy at 0.3000 =    -12785.873531
Energy at 0.4000 =    -12794.479157
Energy at 0.5000 =    -12803.131405
Energy at 0.6000 =    -12811.812015
Energy at 0.7000 =    -12820.513927
Energy at 0.8000 =    -12829.234735
Energy at 0.8500 =    -12833.602029
Energy at 0.9000 =    -12837.973926
Energy at 0.9500 =    -12842.350463
Energy at 1.0000 =    -12846.731684
 
 ------------------------------------------------------------------------------
MBAR Energy analysis:
Energy at 0.0000 =    -12706.669237
Energy at 0.0500 =    -12710.505761
Energy at 0.1000 =    -12714.338600
Energy at 0.1500 =    -12718.168665
Energy at 0.2000 =    -12721.997782
Energy at 0.3000 =    -12729.659655
Energy at 0.4000 =    -12737.334029
Energy at 0.5000 =    -12745.026714
Energy at 0.6000 =    -12752.741099
Energy at 0.7000 =    -12760.479138
Energy at 0.8000 =    -12768.241893
Energy at 0.8500 =    -12772.132708
Energy at 0.9000 =    -12776.029850
Energy at 0.9500 =    -12779.933321
Energy at 1.0000 =    -12783.843104
 
 ------------------------------------------------------------------------------
MBAR Energy analysis:
Energy at 0.0000 =    -12744.340578
Energy at 0.0500 =    -12750.425869
Energy at 0.1000 =    -12756.643696
Energy at 0.1500 =    -12762.959269
Energy at 0.2000 =    -12769.349250
Energy at 0.3000 =    -12782.292089
Energy at 0.4000 =    -12795.389022
Energy at 0.5000 =    -12808.593789
Energy at 0.6000 =    -12821.878726
Energy at 0.7000 =    -12835.226338
Energy at 0.8000 =    -12848.625022
Energy at 0.8500 =    -12855.340912
Energy at 0.9000 =    -12862.066765
Energy at 0.9500 =    -12868.801926
Energy at 1.0000 =    -12875.545829
 
 ------------------------------------------------------------------------------
MBAR Energy analysis:
Energy at 0.0000 =    -12781.924704
Energy at 0.0500 =    -12786.245539
Energy at 0.1000 =    -12790.756061
Energy at 0.1500 =    -12795.385023
Energy at 0.2000 =    -12800.091386
Energy at 0.3000 =    -12809.646434
Energy at 0.4000 =    -12819.313057
Energy at 0.5000 =    -12829.044887
Energy at 0.6000 =    -12838.820495
Energy at 0.7000 =    -12848.629454
Energy at 0.8000 =    -12858.466491
Energy at 0.8500 =    -12863.394615
Energy at 0.9000 =    -12868.328835
Energy at 0.9500 =    -12873.268988
Energy at 1.0000 =    -12878.214948
 
 ------------------------------------------------------------------------------
MBAR Energy analysis:
Energy at 0.0000 =    -12604.259911
Energy at 0.0500 =    -12610.577246
Energy at 0.1000 =    -12616.805152
Energy at 0.1500 =    -12622.971952
Energy at 0.2000 =    -12629.094412
Energy at 0.3000 =    -12641.245956
Energy at 0.4000 =    -12653.312519
Energy at 0.5000 =    -12665.323168
Energy at 0.6000 =    -12677.296166
Energy at 0.7000 =    -12689.243903
Energy at 0.8000 =    -12701.175192
Energy at 0.8500 =    -12707.136753
Energy at 0.9000 =    -12713.096477
Energy at 0.9500 =    -12719.054919
Energy at 1.0000 =    -12725.012559
 
 ------------------------------------------------------------------------------
MBAR Energy analysis:
Energy at 0.0000 =    -12654.313141
Energy at 0.0500 =    -12658.427872
Energy at 0.1000 =    -12662.968228
Energy at 0.1500 =    -12667.798814
Energy at 0.2000 =    -12672.835959
Energy at 0.3000 =    -12683.330388
Energy at 0.4000 =    -12694.192352
Energy at 0.5000 =    -12705.291031
Energy at 0.6000 =    -12716.553770
Energy at 0.7000 =    -12727.937131
Energy at 0.8000 =    -12739.413515
Energy at 0.8500 =    -12745.180585
Energy at 0.9000 =    -12750.964490
Energy at 0.9500 =    -12756.763774
Energy at 1.0000 =    -12762.577191
 
 ------------------------------------------------------------------------------
MBAR Energy analysis:
Energy at 0.0000 =    -12755.993327
Energy at 0.0500 =    -12760.659139
Energy at 0.1000 =    -12765.571380
Energy at 0.1500 =    -12770.625705
Energy at 0.2000 =    -12775.767596
Energy at 0.3000 =    -12786.205708
Energy at 0.4000 =    -12796.763868
Energy at 0.5000 =    -12807.395236
Energy at 0.6000 =    -12818.079156
Energy at 0.7000 =    -12828.805290
Energy at 0.8000 =    -12839.567765
Energy at 0.8500 =    -12844.961405
Energy at 0.9000 =    -12850.362820
Energy at 0.9500 =    -12855.771700
Energy at 1.0000 =    -12861.187775
 
 ------------------------------------------------------------------------------
MBAR Energy analysis:
Energy at 0.0000 =    -12713.851425
Energy at 0.0500 =    -12720.082449
Energy at 0.1000 =    -12726.406459
Energy at 0.1500 =    -12732.803507
Energy at 0.2000 =    -12739.258681
Energy at 0.3000 =    -12752.301660
Energy at 0.4000 =    -12765.475118
Energy at 0.5000 =    -12778.743397
Energy at 0.6000 =    -12792.084322
Energy at 0.7000 =    -12805.483417
Energy at 0.8000 =    -12818.930817
Energy at 0.8500 =    -12825.670362
Energy at 0.9000 =    -12832.419520
Energy at 0.9500 =    -12839.177695
Energy at 1.0000 =    -12845.944372
 
 ------------------------------------------------------------------------------
MBAR Energy analysis:
Energy at 0.0000 =    -12705.631770
Energy at 0.0500 =    -12711.191253
Energy at 0.1000 =    -12716.679704
Energy at 0.1500 =    -12722.106191
Energy at 0.2000 =    -12727.480290
Energy at 0.3000 =    -12738.105235
Energy at 0.4000 =    -12748.610756
Energy at 0.5000 =    -12759.036552
Energy at 0.6000 =    -12769.410155
Energy at 0.7000 =    -12779.750746
Energy at 0.8000 =    -12790.071813
Energy at 0.8500 =    -12795.228137
Energy at 0.9000 =    -12800.382939
Energy at 0.9500 =    -12805.537002
Energy at 1.0000 =    -12810.690991
 
 ------------------------------------------------------------------------------
MBAR Energy analysis:
Energy at 0.0000 =    -12761.682071
Energy at 0.0500 =    -12765.851771
Energy at 0.1000 =    -12770.278875
Energy at 0.1500 =    -12774.884520
Energy at 0.2000 =    -12779.618799
Energy at 0.3000 =    -12789.352008
Energy at 0.4000 =    -12799.319416
Energy at 0.5000 =    -12809.439801
Energy at 0.6000 =    -12819.667990
Energy at 0.7000 =    -12829.977080
Energy at 0.8000 =    -12840.350103
Energy at 0.8500 =    -12845.556920
Energy at 0.9000 =    -12850.775803
Energy at 0.9500 =    -12856.005868
Energy at 1.0000 =    -12861.246361
 
 ------------------------------------------------------------------------------
MBAR Energy analysis:
Energy at 0.0000 =    -12794.933329
Energy at 0.0500 =    -12800.508836
Energy at 0.1000 =    -12806.135085
Energy at 0.1500 =    -12811.805296
Energy at 0.2000 =    -12817.512383
Energy at 0.3000 =    -12829.013679
Energy at 0.4000 =    -12840.602599
Energy at 0.5000 =    -12852.256252
Energy at 0.6000 =    -12863.960297
Energy at 0.7000 =    -12875.705507
Energy at 0.8000 =    -12887.485723
Energy at 0.8500 =    -12893.387569
Energy at 0.9000 =    -12899.296666
Energy at 0.9500 =    -12905.212657
Energy at 1.0000 =    -12911.135232
 
 ------------------------------------------------------------------------------
MBAR Energy analysis:
Energy at 0.0000 =    -12679.237378
Energy at 0.0500 =    -12683.440514
Energy at 0.1000 =    -12687.758221
Energy at 0.1500 =    -12692.152343
Energy at 0.2000 =    -12696.598391
Energy at 0.3000 =    -12705.588406
Energy at 0.4000 =    -12714.656147
Energy at 0.5000 =    -12723.769770
Energy at 0.6000 =    -12732.914926
Energy at 0.7000 =    -12742.085184
Energy at 0.8000 =    -12751.277752
Energy at 0.8500 =    -12755.882014
Energy at 0.9000 =    -12760.491500
Energy at 0.9500 =    -12765.106177
Energy at 1.0000 =    -12769.726027
 
 ------------------------------------------------------------------------------
MBAR Energy analysis:
Energy at 0.0000 =    -12796.273975
Energy at 0.0500 =    -12799.001898
Energy at 0.1000 =    -12801.782192
Energy at 0.1500 =    -12804.549268
Energy at 0.2000 =    -12807.278226
Energy at 0.3000 =    -12812.600699
Energy at 0.4000 =    -12817.760425
Energy at 0.5000 =    -12822.796121
Energy at 0.6000 =    -12827.744108
Energy at 0.7000 =    -12832.632964
Energy at 0.8000 =    -12837.483978
Energy at 0.8500 =    -12839.900330
Energy at 0.9000 =    -12842.312680
Energy at 0.9500 =    -12844.722310
Energy at 1.0000 =    -12847.130309
 
 ------------------------------------------------------------------------------
MBAR Energy analysis:
Energy at 0.0000 =    -12758.991492
Energy at 0.0500 =    -12764.291624
Energy at 0.1000 =    -12769.458813
Energy at 0.1500 =    -12774.550006
Energy at 0.2000 =    -12779.597091
Energy at 0.3000 =    -12789.626287
Energy at 0.4000 =    -12799.624870
Energy at 0.5000 =    -12809.624471
Energy at 0.6000 =    -12819.638825
Energy at 0.7000 =    -12829.674059
Energy at 0.8000 =    -12839.732796
Energy at 0.8500 =    -12844.771298
Energy at 0.9000 =    -12849.815930
Energy at 0.9500 =    -12854.866672
Energy at 1.0000 =    -12859.923476
 
 ------------------------------------------------------------------------------
MBAR Energy analysis:
Energy at 0.0000 =    -12692.641757
Energy at 0.0500 =    -12698.031335
Energy at 0.1000 =    -12703.589879
Energy at 0.1500 =    -12709.248050
Energy at 0.2000 =    -12714.968566
Energy at 0.3000 =    -12726.520744
Energy at 0.4000 =    -12738.159946
Energy at 0.5000 =    -12749.852421
Energy at 0.6000 =    -12761.583343
Energy at 0.7000 =    -12773.345455
Energy at 0.8000 =    -12785.134768
Energy at 0.8500 =    -12791.038816
Energy at 0.9000 =    -12796.948805
Energy at 0.9500 =    -12802.864536
Energy at 1.0000 =    -12808.785834
 
 ------------------------------------------------------------------------------
MBAR Energy analysis:
Energy at 0.0000 =    -12768.794749
Energy at 0.0500 =    -12772.428839
Energy at 0.1000 =    -12776.364653
Energy at 0.1500 =    -12780.436482
Energy at 0.2000 =    -12784.576017
Energy at 0.3000 =    -12792.954245
Energy at 0.4000 =    -12801.405540
Energy at 0.5000 =    -12809.909097
Energy at 0.6000 =    -12818.459826
Energy at 0.7000 =    -12827.055790
Energy at 0.8000 =    -12835.695363
Energy at 0.8500 =    -12840.030940
Energy at 0.9000 =    -12844.376717
Energy at 0.9500 =    -12848.732437
Energy at 1.0000 =    -12853.097841
 
 ------------------------------------------------------------------------------
MBAR Energy analysis:
Energy at 0.0000 =    -12798.553760
Energy at 0.0500 =    -12803.767528
Energy at 0.1000 =    -12809.127182
Energy at 0.1500 =    -12814.595196
Energy at 0.2000 =    -12820.146051
Energy at 0.3000 =    -12831.429683
Energy at 0.4000 =    -12842.885978
Energy at 0.5000 =    -12854.463611
Energy at 0.6000 =    -12866.131938
Energy at 0.7000 =    -12877.871594
Energy at 0.8000 =    -12889.669736
Energy at 0.8500 =    -12895.587854
Energy at 0.9000 =    -12901.517480
Energy at 0.9500 =    -12907.457882
Energy at 1.0000 =    -12913.408429
 
 ------------------------------------------------------------------------------
MBAR Energy analysis:
Energy at 0.0000 =    -12715.543754
Energy at 0.0500 =    -12719.834311
Energy at 0.1000 =    -12724.280190
Energy at 0.1500 =    -12728.825585
Energy at 0.2000 =    -12733.437602
Energy at 0.3000 =    -12742.787891
Energy at 0.4000 =    -12752.241315
Energy at 0.5000 =    -12761.758497
Energy at 0.6000 =    -12771.320802
Energy at 0.7000 =    -12780.918870
Energy at 0.8000 =    -12790.547720
Energy at 0.8500 =    -12795.372753
Energy at 0.9000 =    -12800.204517
Energy at 0.9500 =    -12805.042818
Energy at 1.0000 =    -12809.887496
 
 ------------------------------------------------------------------------------
MBAR Energy analysis:
Energy at 0.0000 =    -12676.774834
Energy at 0.0500 =    -12680.660746
Energy at 0.1000 =    -12684.776600
Energy at 0.1500 =    -12689.055997
Energy at 0.2000 =    -12693.455286
Energy at 0.3000 =    -12702.504077
Energy at 0.4000 =    -12711.776869
Energy at 0.5000 =    -12721.197493
Energy at 0.6000 =    -12730.723344
Energy at 0.7000 =    -12740.329125
Energy at 0.8000 =    -12749.999008
Energy at 0.8500 =    -12754.854593
Energy at 0.9000 =    -12759.722592
Energy at 0.9500 =    -12764.602194
Energy at 1.0000 =    -12769.492712
 
 ------------------------------------------------------------------------------
MBAR Energy analysis:
Energy at 0.0000 =    -12658.691739
Energy at 0.0500 =    -12664.710425
Energy at 0.1000 =    -12670.768359
Energy at 0.1500 =    -12676.868773
Energy at 0.2000 =    -12683.008686
Energy at 0.3000 =    -12695.388716
Energy at 0.4000 =    -12707.874626
Energy at 0.5000 =    -12720.441174
Energy at 0.6000 =    -12733.071012
Energy at 0.7000 =    -12745.752268
Energy at 0.8000 =    -12758.476648
Energy at 0.8500 =    -12764.853086
Energy at 0.9000 =    -12771.238210
Energy at 0.9500 =    -12777.631516
Energy at 1.0000 =    -12784.032562
 
 ------------------------------------------------------------------------------
 NSTEP =    10000   TIME(PS) =     270.000  TEMP(K) =   301.16  PRESS =   427.0
 Etot   =    -10369.7062  EKtot   =      2403.4639  EPtot      =    -12773.1700
 BOND   =         0.0000  ANGLE   =         0.0000  DIHED      =         0.0000
 1-4 NB =         0.0000  1-4 EEL =         0.0000  VDWAALS    =      1972.4234
 EELEC  =    -14745.5934  EHBOND  =         0.0000  RESTRAINT  =         0.0000
 EKCMT  =      1222.1197  VIRIAL  =       846.4508  VOLUME     =     40750.4002
                                                    Density    =         0.9825
 DV/DL  =        19.1971
 ------------------------------------------------------------------------------
 NSTEP =   140000   TIME(PS) =     530.000  TEMP(K) =   300.35  PRESS =   167.0
 Etot   =    -10321.2092  EKtot   =      2396.9595  EPtot      =    -12718.1687
 BOND   =         0.0000  ANGLE   =         0.0000  DIHED      =         0.0000
 1-4 NB =         0.0000  1-4 EEL =         0.0000  VDWAALS    =      1916.7980
 EELEC  =    -14634.9667  EHBOND  =         0.0000  RESTRAINT  =         0.0000
 EKCMT  =      1194.8916  VIRIAL  =      1047.6523  VOLUME     =     40845.6143
                                                    Density    =         0.9802
 DV/DL  =        18.7551
 ------------------------------------------------------------------------------
 NSTEP =   270000   TIME(PS) =     790.000  TEMP(K) =   306.88  PRESS =   185.3
 Etot   =    -10313.8606  EKtot   =      2449.0986  EPtot      =    -12762.9593
 BOND   =         0.0000  ANGLE   =         0.0000  DIHED      =         0.0000
 1-4 NB =         0.0000  1-4 EEL =         0.0000  VDWAALS    =      1927.6819
 EELEC  =    -14690.6411  EHBOND  =         0.0000  RESTRAINT  =         0.0000
 EKCMT  =      1232.5658  VIRIAL  =      1069.9558  VOLUME     =     40639.3692
                                                    Density    =         0.9852
 DV/DL  =        24.8665
 ------------------------------------------------------------------------------
 NSTEP =   400000   TIME(PS) =    1050.000  TEMP(K) =   296.76  PRESS =  -263.3
 Etot   =    -10427.0676  EKtot   =      2368.3174  EPtot      =    -12795.3850
 BOND   =         0.0000  ANGLE   =         0.0000  DIHED      =         0.0000
 1-4 NB =         0.0000  1-4 EEL =         0.0000  VDWAALS    =      1870.2010
 EELEC  =    -14665.5860  EHBOND  =         0.0000  RESTRAINT  =         0.0000
 EKCMT  =      1182.0010  VIRIAL  =      1414.5907  VOLUME     =     40909.5421
                                                    Density    =         0.9787
 DV/DL  =        20.6616
 ------------------------------------------------------------------------------
 NSTEP =   530000   TIME(PS) =    1310.000  TEMP(K) =   299.75  PRESS =  -355.6
 Etot   =    -10230.8128  EKtot   =      2392.1592  EPtot      =    -12622.9720
 BOND   =         0.0000  ANGLE   =         0.0000  DIHED      =         0.0000
 1-4 NB =         0.0000  1-4 EEL =         0.0000  VDWAALS    =      1802.2584
 EELEC  =    -14425.2304  EHBOND  =         0.0000  RESTRAINT  =         0.0000
 EKCMT  =      1153.9152  VIRIAL  =      1467.8243  VOLUME     =     40883.6782
                                                    Density    =         0.9793
 DV/DL  =         7.1695
 ------------------------------------------------------------------------------
 NSTEP =   670000   TIME(PS) =    1590.000  TEMP(K) =   298.14  PRESS =  -188.6
 Etot   =    -10288.4563  EKtot   =      2379.3425  EPtot      =    -12667.7988
 BOND   =         0.0000  ANGLE   =         0.0000  DIHED      =         0.0000
 1-4 NB =         0.0000  1-4 EEL =         0.0000  VDWAALS    =      1819.2247
 EELEC  =    -14487.0235  EHBOND  =         0.0000  RESTRAINT  =         0.0000
 EKCMT  =      1211.2935  VIRIAL  =      1376.6177  VOLUME     =     40595.2901
                                                    Density    =         0.9862
 DV/DL  =        34.0652
 ------------------------------------------------------------------------------
 NSTEP =   800000   TIME(PS) =    1850.000  TEMP(K) =   303.66  PRESS =  -351.8
 Etot   =    -10347.2407  EKtot   =      2423.3850  EPtot      =    -12770.6257
 BOND   =         0.0000  ANGLE   =         0.0000  DIHED      =         0.0000
 1-4 NB =         0.0000  1-4 EEL =         0.0000  VDWAALS    =      1836.2470
 EELEC  =    -14606.8727  EHBOND  =         0.0000  RESTRAINT  =         0.0000
 EKCMT  =      1250.2227  VIRIAL  =      1559.9142  VOLUME     =     40768.0671
                                                    Density    =         0.9821
 DV/DL  =        21.8830
 ------------------------------------------------------------------------------
 NSTEP =   930000   TIME(PS) =    2110.000  TEMP(K) =   298.31  PRESS =  -221.2
 Etot   =    -10352.0940  EKtot   =      2380.7095  EPtot      =    -12732.8035
 BOND   =         0.0000  ANGLE   =         0.0000  DIHED      =         0.0000
 1-4 NB =         0.0000  1-4 EEL =         0.0000  VDWAALS    =      1854.7637
 EELEC  =    -14587.5673  EHBOND  =         0.0000  RESTRAINT  =         0.0000
 EKCMT  =      1208.3220  VIRIAL  =      1403.6235  VOLUME     =     40896.4765
                                                    Density    =         0.9790
 DV/DL  =        21.9894
 ------------------------------------------------------------------------------
 NSTEP =  1060000   TIME(PS) =    2370.000  TEMP(K) =   298.64  PRESS =   -38.4
 Etot   =    -10338.7739  EKtot   =      2383.3323  EPtot      =    -12722.1062
 BOND   =         0.0000  ANGLE   =         0.0000  DIHED      =         0.0000
 1-4 NB =         0.0000  1-4 EEL =         0.0000  VDWAALS    =      1901.2756
 EELEC  =    -14623.3818  EHBOND  =         0.0000  RESTRAINT  =         0.0000
 EKCMT  =      1188.6912  VIRIAL  =      1222.6107  VOLUME     =     40920.9778
                                                    Density    =         0.9784
 DV/DL  =         9.6247
 ------------------------------------------------------------------------------
 NSTEP =  1190000   TIME(PS) =    2630.000  TEMP(K) =   298.61  PRESS =    70.8
 Etot   =    -10391.8218  EKtot   =      2383.0627  EPtot      =    -12774.8845
 BOND   =         0.0000  ANGLE   =         0.0000  DIHED      =         0.0000
 1-4 NB =         0.0000  1-4 EEL =         0.0000  VDWAALS    =      1930.1285
 EELEC  =    -14705.0130  EHBOND  =         0.0000  RESTRAINT  =         0.0000
 EKCMT  =      1165.0416  VIRIAL  =      1102.5746  VOLUME     =     40881.5868
                                                    Density    =         0.9793
 DV/DL  =        27.7660
 ------------------------------------------------------------------------------
 NSTEP =  1320000   TIME(PS) =    2890.000  TEMP(K) =   295.76  PRESS =   -88.6
 Etot   =    -10451.4591  EKtot   =      2360.3462  EPtot      =    -12811.8053
 BOND   =         0.0000  ANGLE   =         0.0000  DIHED      =         0.0000
 1-4 NB =         0.0000  1-4 EEL =         0.0000  VDWAALS    =      1924.6602
 EELEC  =    -14736.4655  EHBOND  =         0.0000  RESTRAINT  =         0.0000
 EKCMT  =      1169.0360  VIRIAL  =      1247.2066  VOLUME     =     40840.8028
                                                    Density    =         0.9803
 DV/DL  =        19.4471
 ------------------------------------------------------------------------------
 NSTEP =  1450000   TIME(PS) =    3150.000  TEMP(K) =   303.37  PRESS =  -542.6
 Etot   =    -10271.0574  EKtot   =      2421.0950  EPtot      =    -12692.1523
 BOND   =         0.0000  ANGLE   =         0.0000  DIHED      =         0.0000
 1-4 NB =         0.0000  1-4 EEL =         0.0000  VDWAALS    =      1793.3252
 EELEC  =    -14485.4775  EHBOND  =         0.0000  RESTRAINT  =         0.0000
 EKCMT  =      1210.7434  VIRIAL  =      1688.9916  VOLUME     =     40823.3422
                                                    Density    =         0.9807
 DV/DL  =        19.8224
 ------------------------------------------------------------------------------
 NSTEP =  1580000   TIME(PS) =    3410.000  TEMP(K) =   299.67  PRESS =  -108.2
 Etot   =    -10413.0219  EKtot   =      2391.5273  EPtot      =    -12804.5493
 BOND   =         0.0000  ANGLE   =         0.0000  DIHED      =         0.0000
 1-4 NB =         0.0000  1-4 EEL =         0.0000  VDWAALS    =      1911.8808
 EELEC  =    -14716.4301  EHBOND  =         0.0000  RESTRAINT  =         0.0000
 EKCMT  =      1211.3493  VIRIAL  =      1307.2703  VOLUME     =     41048.2741
                                                    Density    =         0.9754
 DV/DL  =         7.4925
 ------------------------------------------------------------------------------
 NSTEP =  1710000   TIME(PS) =    3670.000  TEMP(K) =   303.05  PRESS =   -49.9
 Etot   =    -10356.0520  EKtot   =      2418.4980  EPtot      =    -12774.5500
 BOND   =         0.0000  ANGLE   =         0.0000  DIHED      =         0.0000
 1-4 NB =         0.0000  1-4 EEL =         0.0000  VDWAALS    =      1902.7537
 EELEC  =    -14677.3037  EHBOND  =         0.0000  RESTRAINT  =         0.0000
 EKCMT  =      1210.2398  VIRIAL  =      1254.0603  VOLUME     =     40695.1284
                                                    Density    =         0.9838
 DV/DL  =        14.8821
 ------------------------------------------------------------------------------
 NSTEP =  1840000   TIME(PS) =    3930.000  TEMP(K) =   304.00  PRESS =   298.9
 Etot   =    -10283.1404  EKtot   =      2426.1077  EPtot      =    -12709.2480
 BOND   =         0.0000  ANGLE   =         0.0000  DIHED      =         0.0000
 1-4 NB =         0.0000  1-4 EEL =         0.0000  VDWAALS    =      1919.8651
 EELEC  =    -14629.1132  EHBOND  =         0.0000  RESTRAINT  =         0.0000
 EKCMT  =      1255.3253  VIRIAL  =       991.9983  VOLUME     =     40799.5981
                                                    Density    =         0.9813
 DV/DL  =        17.8440
 ------------------------------------------------------------------------------
 NSTEP =  1980000   TIME(PS) =    4210.000  TEMP(K) =   302.26  PRESS =  -380.3
 Etot   =    -10368.1960  EKtot   =      2412.2405  EPtot      =    -12780.4365
 BOND   =         0.0000  ANGLE   =         0.0000  DIHED      =         0.0000
 1-4 NB =         0.0000  1-4 EEL =         0.0000  VDWAALS    =      1862.1491
 EELEC  =    -14642.5855  EHBOND  =         0.0000  RESTRAINT  =         0.0000
 EKCMT  =      1198.7376  VIRIAL  =      1533.9942  VOLUME     =     40831.0279
                                                    Density    =         0.9806
 DV/DL  =        23.8686
 ------------------------------------------------------------------------------
 NSTEP =  2110000   TIME(PS) =    4470.000  TEMP(K) =   293.87  PRESS =   -28.5
 Etot   =    -10469.3286  EKtot   =      2345.2666  EPtot      =    -12814.5952
 BOND   =         0.0000  ANGLE   =         0.0000  DIHED      =         0.0000
 1-4 NB =         0.0000  1-4 EEL =         0.0000  VDWAALS    =      1914.2523
 EELEC  =    -14728.8475  EHBOND  =         0.0000  RESTRAINT  =         0.0000
 EKCMT  =      1192.5828  VIRIAL  =      1217.6145  VOLUME     =     40732.2728
                                                    Density    =         0.9829
 DV/DL  =        27.3582
 ------------------------------------------------------------------------------
 NSTEP =  2240000   TIME(PS) =    4730.000  TEMP(K) =   294.75  PRESS =    36.7
 Etot   =    -10376.5871  EKtot   =      2352.2385  EPtot      =    -12728.8256
 BOND   =         0.0000  ANGLE   =         0.0000  DIHED      =         0.0000
 1-4 NB =         0.0000  1-4 EEL =         0.0000  VDWAALS    =      1899.3445
 EELEC  =    -14628.1701  EHBOND  =         0.0000  RESTRAINT  =         0.0000
 EKCMT  =      1163.3351  VIRIAL  =      1131.0090  VOLUME     =     40800.6952
                                                    Density    =         0.9813
 DV/DL  =        23.5271
 ------------------------------------------------------------------------------
 NSTEP =  2370000   TIME(PS) =    4990.000  TEMP(K) =   293.80  PRESS =   -43.7
 Etot   =    -10344.3548  EKtot   =      2344.7012  EPtot      =    -12689.0560
 BOND   =         0.0000  ANGLE   =         0.0000  DIHED      =         0.0000
 1-4 NB =         0.0000  1-4 EEL =         0.0000  VDWAALS    =      1854.9070
 EELEC  =    -14543.9630  EHBOND  =         0.0000  RESTRAINT  =         0.0000
 EKCMT  =      1187.8206  VIRIAL  =      1226.3613  VOLUME     =     40871.7316
                                                    Density    =         0.9796
 DV/DL  =        29.6391
 ------------------------------------------------------------------------------
 NSTEP =  2500000   TIME(PS) =    5250.000  TEMP(K) =   299.32  PRESS =  -215.6
 Etot   =    -10288.1139  EKtot   =      2388.7549  EPtot      =    -12676.8688
 BOND   =         0.0000  ANGLE   =         0.0000  DIHED      =         0.0000
 1-4 NB =         0.0000  1-4 EEL =         0.0000  VDWAALS    =      1828.0057
 EELEC  =    -14504.8745  EHBOND  =         0.0000  RESTRAINT  =         0.0000
 EKCMT  =      1158.2021  VIRIAL  =      1348.2371  VOLUME     =     40829.7027
                                                    Density    =         0.9806
 DV/DL  =        20.3888
 ------------------------------------------------------------------------------
   5.  TIMINGS
