file generated for tiny fixtures
file generated for tiny fixtures
file generated for tiny fixtures
file generated for tiny fixtures
file generated for tiny fixtures
file generated for tiny fixtures
   2.  CONTROL  DATA  FOR  THE  RUN
Nature and format of output:
 ntpr =       10000

Molecular dynamics:
 nstlim =       2500000, dt = 0.002

temperature regulation:
 temp0 = 300

Free energy options:
 clambda = 0.1

FEP MBAR options:
    ifmbar = 1, bar_intervall = 100
    mbar_states = 15

    MBAR - lambda values considered:
      15 total:  0.0000 0.0500 0.1000 0.1500 0.2000 0.3000 0.4000 0.5000 0.6000 0.7000 0.8000 0.8500 0.9000 0.9500 1.0000
    Extra energies will be computed  25000 times.
   3.  ATOMIC COORDINATES AND VELOCITIES
 begin time coords = 250.000

   4.  RESULTS
MBAR Energy analysis:
Energy at 0.0000 =    -12634.614022
Energy at 0.0500 =    -12638.495223
Energy at 0.1000 =    -12642.644911
Energy at 0.1500 =    -12646.927366
Energy at 0.2000 =    -12651.279776
Energy at 0.3000 =    -12660.086742
Energy at 0.4000 =    -12668.960141
Energy at 0.5000 =    -12677.871960
Energy at 0.6000 =    -12686.815166
Energy at 0.7000 =    -12695.788469
Energy at 0.8000 =    -12704.791869
Energy at 0.8500 =    -12709.304876
Energy at 0.9000 =    -12713.825402
Energy at 0.9500 =    -12718.353410
Energy at 1.0000 =    -12722.888842
 
 ------------------------------------------------------------------------------
MBAR Energy analysis:
Energy at 0.0000 =    -12681.766516
Energy at 0.0500 =    -12686.315678
Energy at 0.1000 =    -12691.296017
Energy at 0.1500 =    -12696.553505
Energy at 0.2000 =    -12701.997884
Energy at 0.3000 =    -12713.244359
Energy at 0.4000 =    -12724.784410
Energy at 0.5000 =    -12736.502666
Energy at 0.6000 =    -12748.340446
Energy at 0.7000 =    -12760.265389
Energy at 0.8000 =    -12772.258349
Energy at 0.8500 =    -12778.276378
Energy at 0.9000 =    -12784.307241
Energy at 0.9500 =    -12790.350032
Energy at 1.0000 =    -12796.403987
 
 ------------------------------------------------------------------------------
MBAR Energy analysis:
Energy at 0.0000 =    -12698.849068
Energy at 0.0500 =    -12705.721322
Energy at 0.1000 =    -12712.599876
Energy at 0.1500 =    -12719.485648
Energy at 0.2000 =    -12726.378701
Energy at 0.3000 =    -12740.185664
Energy at 0.4000 =    -12754.018401
Energy at 0.5000 =    -12767.874955
Energy at 0.6000 =    -12781.753984
Energy at 0.7000 =    -12795.654571
Energy at 0.8000 =    -12809.576042
Energy at 0.8500 =    -12816.544432
Energy at 0.9000 =    -12823.517842
Energy at 0.9500 =    -12830.496208
Energy at 1.0000 =    -12837.479472
 
 ------------------------------------------------------------------------------
MBAR Energy analysis:
Energy at 0.0000 =    -12705.618487
Energy at 0.0500 =    -12710.871011
Energy at 0.1000 =    -12716.298163
Energy at 0.1500 =    -12721.855979
Energy at 0.2000 =    -12727.513461
Energy at 0.3000 =    -12739.044686
Energy at 0.4000 =    -12750.776697
Energy at 0.5000 =    -12762.645551
Energy at 0.6000 =    -12774.613864
Energy at 0.7000 =    -12786.658698
Energy at 0.8000 =    -12798.765355
Energy at 0.8500 =    -12804.838662
Energy at 0.9000 =    -12810.924003
Energy at 0.9500 =    -12817.020600
Energy at 1.0000 =    -12823.127791
 
 ------------------------------------------------------------------------------
MBAR Energy analysis:
Energy at 0.0000 =    -12654.155684
Energy at 0.0500 =    -12659.821465
Energy at 0.1000 =    -12665.740829
Energy at 0.1500 =    -12671.840400
Energy at 0.2000 =    -12678.072405
Energy at 0.3000 =    -12690.814240
Energy at 0.4000 =    -12703.806168
Energy at 0.5000 =    -12716.963447
Energy at 0.6000 =    -12730.237641
Energy at 0.7000 =    -12743.599286
Energy at 0.8000 =    -12757.029508
Energy at 0.8500 =    -12763.766210
Energy at 0.9000 =    -12770.515647
Energy at 0.9500 =    -12777.276815
Energy at 1.0000 =    -12784.048860
 
 ------------------------------------------------------------------------------
MBAR Energy analysis:
Energy at 0.0000 =    -12663.099417
Energy at 0.0500 =    -12667.664363
Energy at 0.1000 =    -12672.637449
Energy at 0.1500 =    -12677.884173
Energy at 0.2000 =    -12683.322028
Energy at 0.3000 =    -12694.577001
Energy at 0.4000 =    -12706.154114
Energy at 0.5000 =    -12717.932369
Energy at 0.6000 =    -12729.847186
Energy at 0.7000 =    -12741.861504
Energy at 0.8000 =    -12753.952703
Energy at 0.8500 =    -12760.022367
Energy at 0.9000 =    -12766.106206
Energy at 0.9500 =    -12772.203108
Energy at 1.0000 =    -12778.312140
 
 ------------------------------------------------------------------------------
MBAR Energy analysis:
Energy at 0.0000 =    -12723.250442
Energy at 0.0500 =    -12728.396204
Energy at 0.1000 =    -12733.803771
Energy at 0.1500 =    -12739.400104
Energy at 0.2000 =    -12745.135064
Energy at 0.3000 =    -12756.892511
Energy at 0.4000 =    -12768.903671
Energy at 0.5000 =    -12781.078425
Energy at 0.6000 =    -12793.366558
Energy at 0.7000 =    -12805.738438
Energy at 0.8000 =    -12818.175650
Energy at 0.8500 =    -12824.414834
Energy at 0.9000 =    -12830.666191
Energy at 0.9500 =    -12836.928801
Energy at 1.0000 =    -12843.201885
 
 ------------------------------------------------------------------------------
MBAR Energy analysis:
Energy at 0.0000 =    -12826.746765
Energy at 0.0500 =    -12832.151805
Energy at 0.1000 =    -12837.626734
Energy at 0.1500 =    -12843.151705
Energy at 0.2000 =    -12848.713315
Energy at 0.3000 =    -12859.912576
Energy at 0.4000 =    -12871.179758
Energy at 0.5000 =    -12882.492579
Energy at 0.6000 =    -12893.839521
Energy at 0.7000 =    -12905.214441
Energy at 0.8000 =    -12916.613937
Energy at 0.8500 =    -12922.322252
Energy at 0.9000 =    -12928.036041
Energy at 0.9500 =    -12933.755171
Energy at 1.0000 =    -12939.479532
 
 ------------------------------------------------------------------------------
MBAR Energy analysis:
Energy at 0.0000 =    -12778.719104
Energy at 0.0500 =    -12782.384957
Energy at 0.1000 =    -12786.399482
Energy at 0.1500 =    -12790.633105
Energy at 0.2000 =    -12795.010878
Energy at 0.3000 =    -12804.034270
Energy at 0.4000 =    -12813.271261
Energy at 0.5000 =    -12822.635754
Energy at 0.6000 =    -12832.086558
Energy at 0.7000 =    -12841.602237
Energy at 0.8000 =    -12851.170685
Energy at 0.8500 =    -12855.972265
Energy at 0.9000 =    -12860.784482
Energy at 0.9500 =    -12865.606780
Energy at 1.0000 =    -12870.438689
 
 ------------------------------------------------------------------------------
MBAR Energy analysis:
Energy at 0.0000 =    -12737.241156
Energy at 0.0500 =    -12742.375510
Energy at 0.1000 =    -12747.821385
Energy at 0.1500 =    -12753.432887
Energy at 0.2000 =    -12759.138443
Energy at 0.3000 =    -12770.698606
Energy at 0.4000 =    -12782.360287
Energy at 0.5000 =    -12794.075863
Energy at 0.6000 =    -12805.827605
Energy at 0.7000 =    -12817.608331
Energy at 0.8000 =    -12829.414817
Energy at 0.8500 =    -12835.327159
Energy at 0.9000 =    -12841.245363
Energy at 0.9500 =    -12847.169302
Energy at 1.0000 =    -12853.098864
 
 ------------------------------------------------------------------------------
MBAR Energy analysis:
Energy at 0.0000 =    -12757.198140
Energy at 0.0500 =    -12761.933748
Energy at 0.1000 =    -12767.104322
Energy at 0.1500 =    -12772.557092
Energy at 0.2000 =    -12778.201554
Energy at 0.3000 =    -12789.859170
Energy at 0.4000 =    -12801.818801
Energy at 0.5000 =    -12813.959022
Energy at 0.6000 =    -12826.217038
Energy at 0.7000 =    -12838.557885
Energy at 0.8000 =    -12850.960888
Energy at 0.8500 =    -12857.181466
Energy at 0.9000 =    -12863.413145
Energy at 0.9500 =    -12869.654986
Energy at 1.0000 =    -12875.906209
 
 ------------------------------------------------------------------------------
MBAR Energy analysis:
Energy at 0.0000 =    -12762.612781
Energy at 0.0500 =    -12768.062230
Energy at 0.1000 =    -12773.763011
Energy at 0.1500 =    -12779.632651
Energy at 0.2000 =    -12785.621115
Energy at 0.3000 =    -12797.837347
Energy at 0.4000 =    -12810.261797
Energy at 0.5000 =    -12822.820941
Energy at 0.6000 =    -12835.475068
Energy at 0.7000 =    -12848.201057
Energy at 0.8000 =    -12860.984555
Energy at 0.8500 =    -12867.394793
Energy at 0.9000 =    -12873.816135
Energy at 0.9500 =    -12880.247843
Energy at 1.0000 =    -12886.689291
 
 ------------------------------------------------------------------------------
MBAR Energy analysis:
Energy at 0.0000 =    -12757.867780
Energy at 0.0500 =    -12765.117478
Energy at 0.1000 =    -12772.485952
Energy at 0.1500 =    -12779.943928
Energy at 0.2000 =    -12787.471192
Energy at 0.3000 =    -12802.679768
Energy at 0.4000 =    -12818.035875
Energy at 0.5000 =    -12833.495827
Energy at 0.6000 =    -12849.032743
Energy at 0.7000 =    -12864.629202
Energy at 0.8000 =    -12880.273432
Energy at 0.8500 =    -12888.110785
Energy at 0.9000 =    -12895.957189
Energy at 0.9500 =    -12903.811962
Energy at 1.0000 =    -12911.674515
 
 ------------------------------------------------------------------------------
MBAR Energy analysis:
Energy at 0.0000 =    -12727.226763
Energy at 0.0500 =    -12730.619888
Energy at 0.1000 =    -12734.219607
Energy at 0.1500 =    -12737.956858
Energy at 0.2000 =    -12741.788132
Energy at 0.3000 =    -12749.629974
Energy at 0.4000 =    -12757.615848
Energy at 0.5000 =    -12765.686575
Energy at 0.6000 =    -12773.813757
Energy at 0.7000 =    -12781.983308
Energy at 0.8000 =    -12790.188050
Energy at 0.8500 =    -12794.302360
Energy at 0.9000 =    -12798.424212
Energy at 0.9500 =    -12802.553389
Energy at 1.0000 =    -12806.689723
 
 ------------------------------------------------------------------------------
MBAR Energy analysis:
Energy at 0.0000 =    -12756.456560
Energy at 0.0500 =    -12762.257242
Energy at 0.1000 =    -12768.068560
Energy at 0.1500 =    -12773.891957
Energy at 0.2000 =    -12779.727254
Energy at 0.3000 =    -12791.430711
Energy at 0.4000 =    -12803.173253
Energy at 0.5000 =    -12814.950601
Energy at 0.6000 =    -12826.759988
Energy at 0.7000 =    -12838.599602
Energy at 0.8000 =    -12850.468181
Energy at 0.8500 =    -12856.413020
Energy at 0.9000 =    -12862.364747
Energy at 0.9500 =    -12868.323263
Energy at 1.0000 =    -12874.288468
 
 ------------------------------------------------------------------------------
MBAR Energy analysis:
Energy at 0.0000 =    -12784.709737
Energy at 0.0500 =    -12789.889538
Energy at 0.1000 =    -12795.357522
Energy at 0.1500 =    -12801.028031
Energy at 0.2000 =    -12806.845933
Energy at 0.3000 =    -12818.788633
Energy at 0.4000 =    -12831.007204
Energy at 0.5000 =    -12843.409590
Energy at 0.6000 =    -12855.943914
Energy at 0.7000 =    -12868.578740
Energy at 0.8000 =    -12881.293810
Energy at 0.8500 =    -12887.676967
Energy at 0.9000 =    -12894.075383
Energy at 0.9500 =    -12900.487945
Energy at 1.0000 =    -12906.913694
 
 ------------------------------------------------------------------------------
MBAR Energy analysis:
Energy at 0.0000 =    -12637.721744
Energy at 0.0500 =    -12643.549201
Energy at 0.1000 =    -12649.484299
Energy at 0.1500 =    -12655.496955
Energy at 0.2000 =    -12661.567356
Energy at 0.3000 =    -12673.831714
Energy at 0.4000 =    -12686.211099
Energy at 0.5000 =    -12698.670978
Energy at 0.6000 =    -12711.191927
Energy at 0.7000 =    -12723.762260
Energy at 0.8000 =    -12736.374480
Energy at 0.8500 =    -12742.694640
Energy at 0.9000 =    -12749.023485
Energy at 0.9500 =    -12755.360593
Energy at 1.0000 =    -12761.705596
 
 ------------------------------------------------------------------------------
MBAR Energy analysis:
Energy at 0.0000 =    -12631.787707
Energy at 0.0500 =    -12638.903877
Energy at 0.1000 =    -12646.073991
Energy at 0.1500 =    -12653.291627
Energy at 0.2000 =    -12660.550444
Energy at 0.3000 =    -12675.169916
Energy at 0.4000 =    -12689.896936
Energy at 0.5000 =    -12704.706820
Energy at 0.6000 =    -12719.582531
Energy at 0.7000 =    -12734.512144
Energy at 0.8000 =    -12749.487143
Energy at 0.8500 =    -12756.989649
Energy at 0.9000 =    -12764.501303
Energy at 0.9500 =    -12772.021564
Energy at 1.0000 =    -12779.549961
 
 ------------------------------------------------------------------------------
MBAR Energy analysis:
Energy at 0.0000 =    -12704.939148
Energy at 0.0500 =    -12709.345515
Energy at 0.1000 =    -12714.052028
Energy at 0.1500 =    -12718.951569
Energy at 0.2000 =    -12723.981364
Energy at 0.3000 =    -12734.290527
Energy at 0.4000 =    -12744.804892
Energy at 0.5000 =    -12755.444232
Energy at 0.6000 =    -12766.167839
Energy at 0.7000 =    -12776.953362
Energy at 0.8000 =    -12787.787677
Energy at 0.8500 =    -12793.220446
Energy at 0.9000 =    -12798.662592
Energy at 0.9500 =    -12804.113508
Energy at 1.0000 =    -12809.572687
 
 ------------------------------------------------------------------------------
MBAR Energy analysis:
Energy at 0.0000 =    -12752.671104
Energy at 0.0500 =    -12757.638043
Energy at 0.1000 =    -12762.884072
Energy at 0.1500 =    -12768.319452
Energy at 0.2000 =    -12773.889317
Energy at 0.3000 =    -12785.303371
Energy at 0.4000 =    -12796.960292
Energy at 0.5000 =    -12808.777853
Energy at 0.6000 =    -12820.711016
Energy at 0.7000 =    -12832.733058
Energy at 0.8000 =    -12844.827025
Energy at 0.8500 =    -12850.897271
Energy at 0.9000 =    -12856.981523
Energy at 0.9500 =    -12863.078861
Energy at 1.0000 =    -12869.188494
 
 ------------------------------------------------------------------------------
 NSTEP =    10000   TIME(PS) =     270.000  TEMP(K) =   299.74  PRESS =  -292.4
 Etot   =    -10250.5180  EKtot   =      2392.1270  EPtot      =    -12642.6449
 BOND   =         0.0000  ANGLE   =         0.0000  DIHED      =         0.0000
 1-4 NB =         0.0000  1-4 EEL =         0.0000  VDWAALS    =      1800.9414
 EELEC  =    -14443.5863  EHBOND  =         0.0000  RESTRAINT  =         0.0000
 EKCMT  =      1190.3865  VIRIAL  =      1448.2843  VOLUME     =     40854.6358
                                                    Density    =         0.9800
 DV/DL  =        23.6789
 ------------------------------------------------------------------------------
 NSTEP =   140000   TIME(PS) =     530.000  TEMP(K) =   296.32  PRESS =   242.9
 Etot   =    -10326.5240  EKtot   =      2364.7720  EPtot      =    -12691.2960
 BOND   =         0.0000  ANGLE   =         0.0000  DIHED      =         0.0000
 1-4 NB =         0.0000  1-4 EEL =         0.0000  VDWAALS    =      1919.8210
 EELEC  =    -14611.1170  EHBOND  =         0.0000  RESTRAINT  =         0.0000
 EKCMT  =      1193.9262  VIRIAL  =       980.4003  VOLUME     =     40709.3694
                                                    Density    =         0.9835
 DV/DL  =        37.2139
 ------------------------------------------------------------------------------
 NSTEP =   270000   TIME(PS) =     790.000  TEMP(K) =   302.59  PRESS =   108.9
 Etot   =    -10297.7422  EKtot   =      2414.8577  EPtot      =    -12712.5999
 BOND   =         0.0000  ANGLE   =         0.0000  DIHED      =         0.0000
 1-4 NB =         0.0000  1-4 EEL =         0.0000  VDWAALS    =      1932.3901
 EELEC  =    -14644.9900  EHBOND  =         0.0000  RESTRAINT  =         0.0000
 EKCMT  =      1211.3596  VIRIAL  =      1114.7853  VOLUME     =     41083.0211
                                                    Density    =         0.9745
 DV/DL  =        16.4588
 ------------------------------------------------------------------------------
 NSTEP =   400000   TIME(PS) =    1050.000  TEMP(K) =   306.73  PRESS =   105.5
 Etot   =    -10268.4102  EKtot   =      2447.8879  EPtot      =    -12716.2982
 BOND   =         0.0000  ANGLE   =         0.0000  DIHED      =         0.0000
 1-4 NB =         0.0000  1-4 EEL =         0.0000  VDWAALS    =      1925.2703
 EELEC  =    -14641.5685  EHBOND  =         0.0000  RESTRAINT  =         0.0000
 EKCMT  =      1208.2374  VIRIAL  =      1114.3610  VOLUME     =     41203.2799
                                                    Density    =         0.9717
 DV/DL  =        31.0993
 ------------------------------------------------------------------------------
 NSTEP =   530000   TIME(PS) =    1310.000  TEMP(K) =   298.80  PRESS =    57.2
 Etot   =    -10281.1266  EKtot   =      2384.6143  EPtot      =    -12665.7408
 BOND   =         0.0000  ANGLE   =         0.0000  DIHED      =         0.0000
 1-4 NB =         0.0000  1-4 EEL =         0.0000  VDWAALS    =      1883.5472
 EELEC  =    -14549.2880  EHBOND  =         0.0000  RESTRAINT  =         0.0000
 EKCMT  =      1203.2013  VIRIAL  =      1152.7095  VOLUME     =     40855.3738
                                                    Density    =         0.9800
 DV/DL  =        31.3323
 ------------------------------------------------------------------------------
 NSTEP =   670000   TIME(PS) =    1590.000  TEMP(K) =   295.63  PRESS =   262.5
 Etot   =    -10313.3267  EKtot   =      2359.3108  EPtot      =    -12672.6374
 BOND   =         0.0000  ANGLE   =         0.0000  DIHED      =         0.0000
 1-4 NB =         0.0000  1-4 EEL =         0.0000  VDWAALS    =      1937.1365
 EELEC  =    -14609.7739  EHBOND  =         0.0000  RESTRAINT  =         0.0000
 EKCMT  =      1176.3002  VIRIAL  =       944.5866  VOLUME     =     40883.6800
                                                    Density    =         0.9793
 DV/DL  =        37.3436
 ------------------------------------------------------------------------------
 NSTEP =   800000   TIME(PS) =    1850.000  TEMP(K) =   299.42  PRESS =    63.0
 Etot   =    -10344.2247  EKtot   =      2389.5791  EPtot      =    -12733.8038
 BOND   =         0.0000  ANGLE   =         0.0000  DIHED      =         0.0000
 1-4 NB =         0.0000  1-4 EEL =         0.0000  VDWAALS    =      1907.5319
 EELEC  =    -14641.3357  EHBOND  =         0.0000  RESTRAINT  =         0.0000
 EKCMT  =      1222.3169  VIRIAL  =      1166.6914  VOLUME     =     40925.0548
                                                    Density    =         0.9783
 DV/DL  =        33.0071
 ------------------------------------------------------------------------------
 NSTEP =   930000   TIME(PS) =    2110.000  TEMP(K) =   306.99  PRESS =  -247.3
 Etot   =    -10387.6992  EKtot   =      2449.9275  EPtot      =    -12837.6267
 BOND   =         0.0000  ANGLE   =         0.0000  DIHED      =         0.0000
 1-4 NB =         0.0000  1-4 EEL =         0.0000  VDWAALS    =      1900.4457
 EELEC  =    -14738.0725  EHBOND  =         0.0000  RESTRAINT  =         0.0000
 EKCMT  =      1232.2645  VIRIAL  =      1449.8616  VOLUME     =     40746.6432
                                                    Density    =         0.9826
 DV/DL  =        19.6457
 ------------------------------------------------------------------------------
 NSTEP =  1060000   TIME(PS) =    2370.000  TEMP(K) =   297.64  PRESS =  -399.8
 Etot   =    -10411.0999  EKtot   =      2375.2996  EPtot      =    -12786.3995
 BOND   =         0.0000  ANGLE   =         0.0000  DIHED      =         0.0000
 1-4 NB =         0.0000  1-4 EEL =         0.0000  VDWAALS    =      1849.1731
 EELEC  =    -14635.5726  EHBOND  =         0.0000  RESTRAINT  =         0.0000
 EKCMT  =      1193.5809  VIRIAL  =      1545.1867  VOLUME     =     40731.1059
                                                    Density    =         0.9830
 DV/DL  =        32.8352
 ------------------------------------------------------------------------------
 NSTEP =  1190000   TIME(PS) =    2630.000  TEMP(K) =   296.32  PRESS =   200.5
 Etot   =    -10383.0506  EKtot   =      2364.7708  EPtot      =    -12747.8214
 BOND   =         0.0000  ANGLE   =         0.0000  DIHED      =         0.0000
 1-4 NB =         0.0000  1-4 EEL =         0.0000  VDWAALS    =      1948.0880
 EELEC  =    -14695.9094  EHBOND  =         0.0000  RESTRAINT  =         0.0000
 EKCMT  =      1184.8370  VIRIAL  =      1007.8789  VOLUME     =     40869.8963
                                                    Density    =         0.9796
 DV/DL  =        21.4153
 ------------------------------------------------------------------------------
 NSTEP =  1320000   TIME(PS) =    2890.000  TEMP(K) =   293.51  PRESS =   376.6
 Etot   =    -10424.6990  EKtot   =      2342.4053  EPtot      =    -12767.1043
 BOND   =         0.0000  ANGLE   =         0.0000  DIHED      =         0.0000
 1-4 NB =         0.0000  1-4 EEL =         0.0000  VDWAALS    =      1989.3588
 EELEC  =    -14756.4632  EHBOND  =         0.0000  RESTRAINT  =         0.0000
 EKCMT  =      1162.3096  VIRIAL  =       830.8522  VOLUME     =     40762.5457
                                                    Density    =         0.9822
 DV/DL  =        34.4821
 ------------------------------------------------------------------------------
 NSTEP =  1450000   TIME(PS) =    3150.000  TEMP(K) =   298.65  PRESS =    -2.8
 Etot   =    -10390.3973  EKtot   =      2383.3657  EPtot      =    -12773.7630
 BOND   =         0.0000  ANGLE   =         0.0000  DIHED      =         0.0000
 1-4 NB =         0.0000  1-4 EEL =         0.0000  VDWAALS    =      1902.6040
 EELEC  =    -14676.3671  EHBOND  =         0.0000  RESTRAINT  =         0.0000
 EKCMT  =      1189.1623  VIRIAL  =      1191.6109  VOLUME     =     40781.2248
                                                    Density    =         0.9818
 DV/DL  =        32.3146
 ------------------------------------------------------------------------------
 NSTEP =  1580000   TIME(PS) =    3410.000  TEMP(K) =   304.96  PRESS =  -538.4
 Etot   =    -10338.7355  EKtot   =      2433.7505  EPtot      =    -12772.4860
 BOND   =         0.0000  ANGLE   =         0.0000  DIHED      =         0.0000
 1-4 NB =         0.0000  1-4 EEL =         0.0000  VDWAALS    =      1807.3497
 EELEC  =    -14579.8357  EHBOND  =         0.0000  RESTRAINT  =         0.0000
 EKCMT  =      1221.0813  VIRIAL  =      1694.8669  VOLUME     =     40756.5034
                                                    Density    =         0.9823
 DV/DL  =        23.2938
 ------------------------------------------------------------------------------
 NSTEP =  1710000   TIME(PS) =    3670.000  TEMP(K) =   304.53  PRESS =  -124.5
 Etot   =    -10303.8715  EKtot   =      2430.3481  EPtot      =    -12734.2196
 BOND   =         0.0000  ANGLE   =         0.0000  DIHED      =         0.0000
 1-4 NB =         0.0000  1-4 EEL =         0.0000  VDWAALS    =      1855.6580
 EELEC  =    -14589.8776  EHBOND  =         0.0000  RESTRAINT  =         0.0000
 EKCMT  =      1217.5460  VIRIAL  =      1326.8586  VOLUME     =     40651.9025
                                                    Density    =         0.9849
 DV/DL  =        28.0459
 ------------------------------------------------------------------------------
 NSTEP =  1840000   TIME(PS) =    3930.000  TEMP(K) =   303.14  PRESS =   404.4
 Etot   =    -10348.8151  EKtot   =      2419.2534  EPtot      =    -12768.0686
 BOND   =         0.0000  ANGLE   =         0.0000  DIHED      =         0.0000
 1-4 NB =         0.0000  1-4 EEL =         0.0000  VDWAALS    =      1987.0253
 EELEC  =    -14755.0939  EHBOND  =         0.0000  RESTRAINT  =         0.0000
 EKCMT  =      1209.4515  VIRIAL  =       854.1251  VOLUME     =     40696.8099
                                                    Density    =         0.9838
 DV/DL  =        21.1185
 ------------------------------------------------------------------------------
 NSTEP =  1980000   TIME(PS) =    4210.000  TEMP(K) =   307.77  PRESS =    21.6
 Etot   =    -10339.2096  EKtot   =      2456.1479  EPtot      =    -12795.3575
 BOND   =         0.0000  ANGLE   =         0.0000  DIHED      =         0.0000
 1-4 NB =         0.0000  1-4 EEL =         0.0000  VDWAALS    =      1918.2349
 EELEC  =    -14713.5924  EHBOND  =         0.0000  RESTRAINT  =         0.0000
 EKCMT  =      1191.6213  VIRIAL  =      1172.6192  VOLUME     =     40659.3162
                                                    Density    =         0.9847
 DV/DL  =        36.1785
 ------------------------------------------------------------------------------
 NSTEP =  2110000   TIME(PS) =    4470.000  TEMP(K) =   305.25  PRESS =    26.9
 Etot   =    -10213.3945  EKtot   =      2436.0898  EPtot      =    -12649.4843
 BOND   =         0.0000  ANGLE   =         0.0000  DIHED      =         0.0000
 1-4 NB =         0.0000  1-4 EEL =         0.0000  VDWAALS    =      1860.9312
 EELEC  =    -14510.4155  EHBOND  =         0.0000  RESTRAINT  =         0.0000
 EKCMT  =      1207.1222  VIRIAL  =      1183.4378  VOLUME     =     40766.0052
                                                    Density    =         0.9821
 DV/DL  =        23.5092
 ------------------------------------------------------------------------------
 NSTEP =  2240000   TIME(PS) =    4730.000  TEMP(K) =   291.87  PRESS =  -259.6
 Etot   =    -10316.8228  EKtot   =      2329.2512  EPtot      =    -12646.0740
 BOND   =         0.0000  ANGLE   =         0.0000  DIHED      =         0.0000
 1-4 NB =         0.0000  1-4 EEL =         0.0000  VDWAALS    =      1832.6392
 EELEC  =    -14478.7132  EHBOND  =         0.0000  RESTRAINT  =         0.0000
 EKCMT  =      1142.6500  VIRIAL  =      1371.0449  VOLUME     =     40743.1720
                                                    Density    =         0.9827
 DV/DL  =        21.9344
 ------------------------------------------------------------------------------
 NSTEP =  2370000   TIME(PS) =    4990.000  TEMP(K) =   297.12  PRESS =   423.0
 Etot   =    -10342.8894  EKtot   =      2371.1626  EPtot      =    -12714.0520
 BOND   =         0.0000  ANGLE   =         0.0000  DIHED      =         0.0000
 1-4 NB =         0.0000  1-4 EEL =         0.0000  VDWAALS    =      1956.1061
 EELEC  =    -14670.1581  EHBOND  =         0.0000  RESTRAINT  =         0.0000
 EKCMT  =      1196.5103  VIRIAL  =       824.6088  VOLUME     =     40724.8784
                                                    Density    =         0.9831
 DV/DL  =        30.5020
 ------------------------------------------------------------------------------
 NSTEP =  2500000   TIME(PS) =    5250.000  TEMP(K) =   296.04  PRESS =  -214.3
 Etot   =    -10400.2972  EKtot   =      2362.5869  EPtot      =    -12762.8841
 BOND   =         0.0000  ANGLE   =         0.0000  DIHED      =         0.0000
 1-4 NB =         0.0000  1-4 EEL =         0.0000  VDWAALS    =      1876.9271
 EELEC  =    -14639.8112  EHBOND  =         0.0000  RESTRAINT  =         0.0000
 EKCMT  =      1160.7719  VIRIAL  =      1348.5984  VOLUME     =     40600.7227
                                                    Density    =         0.9861
 DV/DL  =        36.1049
 ------------------------------------------------------------------------------
   5.  TIMINGS
