file generated for tiny fixtures
file generated for tiny fixtures
file generated for tiny fixtures
file generated for tiny fixtures
file generated for tiny fixtures
file generated for tiny fixtures
   2.  CONTROL  DATA  FOR  THE  RUN
Nature and format of output:
 ntpr =       10000

Molecular dynamics:
 nstlim =       2500000, dt = 0.002

temperature regulation:
 temp0 = 300

Free energy options:
 clambda = 0.90

FEP MBAR options:
    ifmbar = 1, bar_intervall = 100
    mbar_states = 15

    MBAR - lambda values considered:
      15 total:  0.0000 0.0500 0.1000 0.1500 0.2000 0.3000 0.4000 0.5000 0.6000 0.7000 0.8000 0.8500 0.9000 0.9500 1.0000
    Extra energies will be computed  25000 times.
   3.  ATOMIC COORDINATES AND VELOCITIES
 begin time coords = 250.000

   4.  RESULTS
MBAR Energy analysis:
Energy at 0.0000 =     -6384.082499
Energy at 0.0500 =    -12046.239168
Energy at 0.1000 =    -12486.178431
Energy at 0.1500 =    -12628.597087
Energy at 0.2000 =    -12691.505315
Energy at 0.3000 =    -12738.579799
Energy at 0.4000 =    -12748.202368
Energy at 0.5000 =    -12744.140313
Energy at 0.6000 =    -12733.897214
Energy at 0.7000 =    -12720.482869
Energy at 0.8000 =    -12705.298502
Energy at 0.8500 =    -12697.283364
Energy at 0.9000 =    -12689.066919
Energy at 0.9500 =    -12680.691579
Energy at 1.0000 =    -12672.189985
 
 ------------------------------------------------------------------------------
MBAR Energy analysis:
Energy at 0.0000 = 489130607.683414
Energy at 0.0500 =    -10220.521969
Energy at 0.1000 =    -12061.363450
Energy at 0.1500 =    -12487.553620
Energy at 0.2000 =    -12650.124008
Energy at 0.3000 =    -12765.348877
Energy at 0.4000 =    -12796.455936
Energy at 0.5000 =    -12801.124413
Energy at 0.6000 =    -12794.952857
Energy at 0.7000 =    -12783.586360
Energy at 0.8000 =    -12769.463427
Energy at 0.8500 =    -12761.765543
Energy at 0.9000 =    -12753.771454
Energy at 0.9500 =    -12745.546710
Energy at 1.0000 =    -12737.140837
 
 ------------------------------------------------------------------------------
MBAR Energy analysis:
Energy at 0.0000 =  46965689.461344
Energy at 0.0500 =     -9433.075464
Energy at 0.1000 =    -11892.679069
Energy at 0.1500 =    -12407.126585
Energy at 0.2000 =    -12593.601028
Energy at 0.3000 =    -12720.731814
Energy at 0.4000 =    -12753.908465
Energy at 0.5000 =    -12758.788440
Energy at 0.6000 =    -12752.382932
Energy at 0.7000 =    -12740.670774
Energy at 0.8000 =    -12726.179631
Energy at 0.8500 =    -12718.297550
Energy at 0.9000 =    -12710.120567
Energy at 0.9500 =    -12701.714486
Energy at 1.0000 =    -12693.128820
 
 ------------------------------------------------------------------------------
MBAR Energy analysis:
Energy at 0.0000 =   1025405.938802
Energy at 0.0500 =    -11036.004406
Energy at 0.1000 =    -12197.882361
Energy at 0.1500 =    -12481.562343
Energy at 0.2000 =    -12592.836461
Energy at 0.3000 =    -12672.197196
Energy at 0.4000 =    -12691.711465
Energy at 0.5000 =    -12691.589550
Energy at 0.6000 =    -12683.176777
Energy at 0.7000 =    -12670.708147
Energy at 0.8000 =    -12656.055726
Energy at 0.8500 =    -12648.220595
Energy at 0.9000 =    -12640.147283
Energy at 0.9500 =    -12631.887952
Energy at 1.0000 =    -12623.482221
 
 ------------------------------------------------------------------------------
MBAR Energy analysis:
Energy at 0.0000 = 320033857.503672
Energy at 0.0500 =    -10515.234460
Energy at 0.1000 =    -12215.626615
Energy at 0.1500 =    -12571.109250
Energy at 0.2000 =    -12700.737445
Energy at 0.3000 =    -12789.010568
Energy at 0.4000 =    -12810.414170
Energy at 0.5000 =    -12810.990720
Energy at 0.6000 =    -12803.025905
Energy at 0.7000 =    -12790.960313
Energy at 0.8000 =    -12776.716378
Energy at 0.8500 =    -12769.091530
Energy at 0.9000 =    -12761.232874
Energy at 0.9500 =    -12753.192404
Energy at 1.0000 =    -12745.009437
 
 ------------------------------------------------------------------------------
MBAR Energy analysis:
Energy at 0.0000 =      4569.330181
Energy at 0.0500 =    -11693.583409
Energy at 0.1000 =    -12355.231648
Energy at 0.1500 =    -12533.760220
Energy at 0.2000 =    -12605.008604
Energy at 0.3000 =    -12653.284256
Energy at 0.4000 =    -12660.940110
Energy at 0.5000 =    -12655.030759
Energy at 0.6000 =    -12643.355192
Energy at 0.7000 =    -12628.849441
Energy at 0.8000 =    -12612.816588
Energy at 0.8500 =    -12604.443776
Energy at 0.9000 =    -12595.904023
Energy at 0.9500 =    -12587.233830
Energy at 1.0000 =    -12578.460950
 
 ------------------------------------------------------------------------------
MBAR Energy analysis:
Energy at 0.0000 =  13875680.609003
Energy at 0.0500 =    -11695.796969
Energy at 0.1000 =    -12467.000204
Energy at 0.1500 =    -12668.915709
Energy at 0.2000 =    -12752.625740
Energy at 0.3000 =    -12815.066221
Energy at 0.4000 =    -12830.773611
Energy at 0.5000 =    -12830.218138
Energy at 0.6000 =    -12822.519135
Energy at 0.7000 =    -12811.219943
Energy at 0.8000 =    -12797.934382
Energy at 0.8500 =    -12790.819912
Energy at 0.9000 =    -12783.481563
Energy at 0.9500 =    -12775.966629
Energy at 1.0000 =    -12768.311347
 
 ------------------------------------------------------------------------------
MBAR Energy analysis:
Energy at 0.0000 =    409781.822465
Energy at 0.0500 =    -11043.797759
Energy at 0.1000 =    -12346.270302
Energy at 0.1500 =    -12644.310700
Energy at 0.2000 =    -12758.849714
Energy at 0.3000 =    -12840.277633
Energy at 0.4000 =    -12860.903934
Energy at 0.5000 =    -12861.643269
Energy at 0.6000 =    -12853.939529
Energy at 0.7000 =    -12842.069333
Energy at 0.8000 =    -12827.933306
Energy at 0.8500 =    -12820.332383
Energy at 0.9000 =    -12812.480139
Energy at 0.9500 =    -12804.430481
Energy at 1.0000 =    -12796.224520
 
 ------------------------------------------------------------------------------
MBAR Energy analysis:
Energy at 0.0000 =     -4904.508547
Energy at 0.0500 =    -11911.132206
Energy at 0.1000 =    -12451.654234
Energy at 0.1500 =    -12626.322490
Energy at 0.2000 =    -12704.322568
Energy at 0.3000 =    -12764.941533
Energy at 0.4000 =    -12780.452731
Energy at 0.5000 =    -12779.655910
Energy at 0.6000 =    -12771.583467
Energy at 0.7000 =    -12759.825334
Energy at 0.8000 =    -12746.035209
Energy at 0.8500 =    -12738.659423
Energy at 0.9000 =    -12731.056514
Energy at 0.9500 =    -12723.275203
Energy at 1.0000 =    -12715.352767
 
 ------------------------------------------------------------------------------
MBAR Energy analysis:
Energy at 0.0000 =     16334.913958
Energy at 0.0500 =    -11810.609480
Energy at 0.1000 =    -12464.942195
Energy at 0.1500 =    -12666.269723
Energy at 0.2000 =    -12754.558259
Energy at 0.3000 =    -12822.793468
Energy at 0.4000 =    -12840.739437
Energy at 0.5000 =    -12840.716826
Energy at 0.6000 =    -12832.709440
Energy at 0.7000 =    -12820.658071
Energy at 0.8000 =    -12806.373006
Energy at 0.8500 =    -12798.700591
Energy at 0.9000 =    -12790.777130
Energy at 0.9500 =    -12782.656015
Energy at 1.0000 =    -12774.378141
 
 ------------------------------------------------------------------------------
MBAR Energy analysis:
Energy at 0.0000 =  42937406.750106
Energy at 0.0500 =    -11493.168871
Energy at 0.1000 =    -12415.170988
Energy at 0.1500 =    -12642.988703
Energy at 0.2000 =    -12732.675986
Energy at 0.3000 =    -12795.762093
Energy at 0.4000 =    -12809.605777
Energy at 0.5000 =    -12807.053567
Energy at 0.6000 =    -12797.489291
Energy at 0.7000 =    -12784.455264
Energy at 0.8000 =    -12769.534567
Energy at 0.8500 =    -12761.631416
Energy at 0.9000 =    -12753.520091
Energy at 0.9500 =    -12745.245775
Energy at 1.0000 =    -12736.842946
 
 ------------------------------------------------------------------------------
MBAR Energy analysis:
Energy at 0.0000 =     -3366.144274
Energy at 0.0500 =    -11842.081234
Energy at 0.1000 =    -12521.941626
Energy at 0.1500 =    -12719.704650
Energy at 0.2000 =    -12801.714652
Energy at 0.3000 =    -12861.352780
Energy at 0.4000 =    -12875.052851
Energy at 0.5000 =    -12872.976970
Energy at 0.6000 =    -12863.998064
Energy at 0.7000 =    -12851.533475
Energy at 0.8000 =    -12837.136763
Energy at 0.8500 =    -12829.477389
Energy at 0.9000 =    -12821.598336
Energy at 0.9500 =    -12813.545541
Energy at 1.0000 =    -12805.354297
 
 ------------------------------------------------------------------------------
MBAR Energy analysis:
Energy at 0.0000 =  13155323.095385
Energy at 0.0500 =    -10370.657727
Energy at 0.1000 =    -12175.262463
Energy at 0.1500 =    -12544.060021
Energy at 0.2000 =    -12674.911385
Energy at 0.3000 =    -12760.171784
Energy at 0.4000 =    -12778.488965
Energy at 0.5000 =    -12776.754140
Energy at 0.6000 =    -12767.057104
Energy at 0.7000 =    -12753.639718
Energy at 0.8000 =    -12738.293132
Energy at 0.8500 =    -12730.183286
Energy at 0.9000 =    -12721.873716
Energy at 0.9500 =    -12713.410707
Energy at 1.0000 =    -12704.828979
 
 ------------------------------------------------------------------------------
MBAR Energy analysis:
Energy at 0.0000 =    -12396.841169
Energy at 0.0500 =    -12752.482670
Energy at 0.1000 =    -12823.237474
Energy at 0.1500 =    -12848.476110
Energy at 0.2000 =    -12858.492993
Energy at 0.3000 =    -12860.801287
Energy at 0.4000 =    -12853.244405
Energy at 0.5000 =    -12841.426098
Energy at 0.6000 =    -12827.413379
Energy at 0.7000 =    -12812.148998
Energy at 0.8000 =    -12796.122152
Energy at 0.8500 =    -12787.914351
Energy at 0.9000 =    -12779.609693
Energy at 0.9500 =    -12771.226239
Energy at 1.0000 =    -12762.778370
 
 ------------------------------------------------------------------------------
MBAR Energy analysis:
Energy at 0.0000 = 717110353.955151
Energy at 0.0500 =     -9434.867702
Energy at 0.1000 =    -11865.774707
Energy at 0.1500 =    -12385.825415
Energy at 0.2000 =    -12576.036229
Energy at 0.3000 =    -12706.879157
Energy at 0.4000 =    -12741.955523
Energy at 0.5000 =    -12748.152958
Energy at 0.6000 =    -12742.840551
Energy at 0.7000 =    -12732.127644
Energy at 0.8000 =    -12718.597410
Energy at 0.8500 =    -12711.190092
Energy at 0.9000 =    -12703.486714
Energy at 0.9500 =    -12695.554330
Energy at 1.0000 =    -12687.443324
 
 ------------------------------------------------------------------------------
MBAR Energy analysis:
Energy at 0.0000 =    395108.865221
Energy at 0.0500 =    -10900.634354
Energy at 0.1000 =    -12288.804506
Energy at 0.1500 =    -12613.294326
Energy at 0.2000 =    -12738.320971
Energy at 0.3000 =    -12827.925741
Energy at 0.4000 =    -12851.815794
Energy at 0.5000 =    -12854.333100
Energy at 0.6000 =    -12847.800354
Energy at 0.7000 =    -12836.804556
Energy at 0.8000 =    -12823.380183
Energy at 0.8500 =    -12816.096124
Energy at 0.9000 =    -12808.542002
Energy at 0.9500 =    -12800.775497
Energy at 1.0000 =    -12792.840610
 
 ------------------------------------------------------------------------------
MBAR Energy analysis:
Energy at 0.0000 =   5276076.635606
Energy at 0.0500 =    -11054.025119
Energy at 0.1000 =    -12278.991247
Energy at 0.1500 =    -12593.506254
Energy at 0.2000 =    -12720.063084
Energy at 0.3000 =    -12813.240905
Energy at 0.4000 =    -12838.693954
Energy at 0.5000 =    -12841.804456
Energy at 0.6000 =    -12835.490928
Energy at 0.7000 =    -12824.583526
Energy at 0.8000 =    -12811.213761
Energy at 0.8500 =    -12803.957344
Energy at 0.9000 =    -12796.434253
Energy at 0.9500 =    -12788.703292
Energy at 1.0000 =    -12780.809012
 
 ------------------------------------------------------------------------------
MBAR Energy analysis:
Energy at 0.0000 =    -12765.238864
Energy at 0.0500 =    -12828.225086
Energy at 0.1000 =    -12857.608850
Energy at 0.1500 =    -12871.851659
Energy at 0.2000 =    -12878.121558
Energy at 0.3000 =    -12878.426934
Energy at 0.4000 =    -12870.587663
Energy at 0.5000 =    -12858.787352
Energy at 0.6000 =    -12844.827603
Energy at 0.7000 =    -12829.598378
Energy at 0.8000 =    -12813.582863
Energy at 0.8500 =    -12805.373004
Energy at 0.9000 =    -12797.062067
Energy at 0.9500 =    -12788.668784
Energy at 1.0000 =    -12780.208141
 
 ------------------------------------------------------------------------------
MBAR Energy analysis:
Energy at 0.0000 = 345478232.642603
Energy at 0.0500 =    -10554.027303
Energy at 0.1000 =    -12207.154939
Energy at 0.1500 =    -12576.243695
Energy at 0.2000 =    -12717.411382
Energy at 0.3000 =    -12818.595770
Energy at 0.4000 =    -12846.035916
Energy at 0.5000 =    -12849.746745
Energy at 0.6000 =    -12843.559446
Energy at 0.7000 =    -12832.578867
Energy at 0.8000 =    -12819.043559
Energy at 0.8500 =    -12811.686241
Energy at 0.9000 =    -12804.055303
Energy at 0.9500 =    -12796.212110
Energy at 1.0000 =    -12788.203100
 
 ------------------------------------------------------------------------------
MBAR Energy analysis:
Energy at 0.0000 =    352226.833260
Energy at 0.0500 =    -10911.885419
Energy at 0.1000 =    -12157.307264
Energy at 0.1500 =    -12458.366113
Energy at 0.2000 =    -12579.073089
Energy at 0.3000 =    -12668.967152
Energy at 0.4000 =    -12694.124000
Energy at 0.5000 =    -12697.471724
Energy at 0.6000 =    -12691.413249
Energy at 0.7000 =    -12680.667659
Energy at 0.8000 =    -12667.354691
Energy at 0.8500 =    -12660.091040
Energy at 0.9000 =    -12652.539794
Energy at 0.9500 =    -12644.761901
Energy at 1.0000 =    -12636.803937
 
 ------------------------------------------------------------------------------
 NSTEP =    10000   TIME(PS) =     270.000  TEMP(K) =   291.41  PRESS =  -270.5
 Etot   =    -10363.4490  EKtot   =      2325.6179  EPtot      =    -12689.0669
 BOND   =         0.0000  ANGLE   =         0.0000  DIHED      =         0.0000
 1-4 NB =         0.0000  1-4 EEL =         0.0000  VDWAALS    =      1841.4596
 EELEC  =    -14530.5265  EHBOND  =         0.0000  RESTRAINT  =         0.0000
 EKCMT  =      1134.8285  VIRIAL  =      1372.7345  VOLUME     =     40730.7433
                                                    Density    =         0.9830
 DV/DL  =         1.1872
 ------------------------------------------------------------------------------
 NSTEP =   140000   TIME(PS) =     530.000  TEMP(K) =   304.38  PRESS =    38.2
 Etot   =    -10324.6445  EKtot   =      2429.1270  EPtot      =    -12753.7715
 BOND   =         0.0000  ANGLE   =         0.0000  DIHED      =         0.0000
 1-4 NB =         0.0000  1-4 EEL =         0.0000  VDWAALS    =      1906.1455
 EELEC  =    -14659.9170  EHBOND  =         0.0000  RESTRAINT  =         0.0000
 EKCMT  =      1232.6132  VIRIAL  =      1198.9524  VOLUME     =     40773.3485
                                                    Density    =         0.9819
 DV/DL  =        -5.6361
 ------------------------------------------------------------------------------
 NSTEP =   270000   TIME(PS) =     790.000  TEMP(K) =   298.16  PRESS =  -465.4
 Etot   =    -10323.0904  EKtot   =      2379.5002  EPtot      =    -12702.5906
 BOND   =         0.0000  ANGLE   =         0.0000  DIHED      =         0.0000
 1-4 NB =         0.0000  1-4 EEL =         0.0000  VDWAALS    =      1803.4104
 EELEC  =    -14506.0010  EHBOND  =         0.0000  RESTRAINT  =         0.0000
 EKCMT  =      1188.5909  VIRIAL  =      1599.2368  VOLUME     =     40866.8708
                                                    Density    =         0.9797
 DV/DL  =         0.1103
 ------------------------------------------------------------------------------
 NSTEP =   400000   TIME(PS) =    1050.000  TEMP(K) =   301.80  PRESS =   241.6
 Etot   =    -10302.9358  EKtot   =      2408.5225  EPtot      =    -12711.4583
 BOND   =         0.0000  ANGLE   =         0.0000  DIHED      =         0.0000
 1-4 NB =         0.0000  1-4 EEL =         0.0000  VDWAALS    =      1936.7325
 EELEC  =    -14648.1907  EHBOND  =         0.0000  RESTRAINT  =         0.0000
 EKCMT  =      1196.8291  VIRIAL  =       984.0482  VOLUME     =     40787.5981
                                                    Density    =         0.9816
 DV/DL  =         2.6086
 ------------------------------------------------------------------------------
 NSTEP =   530000   TIME(PS) =    1310.000  TEMP(K) =   306.82  PRESS =  -338.5
 Etot   =    -10242.5673  EKtot   =      2448.6008  EPtot      =    -12691.1682
 BOND   =         0.0000  ANGLE   =         0.0000  DIHED      =         0.0000
 1-4 NB =         0.0000  1-4 EEL =         0.0000  VDWAALS    =      1820.4799
 EELEC  =    -14511.6481  EHBOND  =         0.0000  RESTRAINT  =         0.0000
 EKCMT  =      1220.6111  VIRIAL  =      1518.4160  VOLUME     =     40741.7882
                                                    Density    =         0.9827
 DV/DL  =         0.1197
 ------------------------------------------------------------------------------
 NSTEP =   670000   TIME(PS) =    1590.000  TEMP(K) =   299.46  PRESS =  -340.4
 Etot   =    -10210.8493  EKtot   =      2389.8560  EPtot      =    -12600.7052
 BOND   =         0.0000  ANGLE   =         0.0000  DIHED      =         0.0000
 1-4 NB =         0.0000  1-4 EEL =         0.0000  VDWAALS    =      1776.4649
 EELEC  =    -14377.1701  EHBOND  =         0.0000  RESTRAINT  =         0.0000
 EKCMT  =      1213.1051  VIRIAL  =      1512.1702  VOLUME     =     40685.3229
                                                    Density    =         0.9841
 DV/DL  =        -2.8276
 ------------------------------------------------------------------------------
 NSTEP =   800000   TIME(PS) =    1850.000  TEMP(K) =   306.01  PRESS =  -181.9
 Etot   =    -10419.9882  EKtot   =      2442.1348  EPtot      =    -12862.1229
 BOND   =         0.0000  ANGLE   =         0.0000  DIHED      =         0.0000
 1-4 NB =         0.0000  1-4 EEL =         0.0000  VDWAALS    =      1918.9660
 EELEC  =    -14781.0889  EHBOND  =         0.0000  RESTRAINT  =         0.0000
 EKCMT  =      1235.4386  VIRIAL  =      1395.9513  VOLUME     =     40873.5879
                                                    Density    =         0.9795
 DV/DL  =         1.6807
 ------------------------------------------------------------------------------
 NSTEP =   930000   TIME(PS) =    2110.000  TEMP(K) =   297.92  PRESS =  -307.5
 Etot   =    -10375.6722  EKtot   =      2377.6084  EPtot      =    -12753.2806
 BOND   =         0.0000  ANGLE   =         0.0000  DIHED      =         0.0000
 1-4 NB =         0.0000  1-4 EEL =         0.0000  VDWAALS    =      1863.1006
 EELEC  =    -14616.3811  EHBOND  =         0.0000  RESTRAINT  =         0.0000
 EKCMT  =      1211.2167  VIRIAL  =      1482.5205  VOLUME     =     40860.6749
                                                    Density    =         0.9798
 DV/DL  =         2.4297
 ------------------------------------------------------------------------------
 NSTEP =  1060000   TIME(PS) =    2370.000  TEMP(K) =   302.42  PRESS =   104.6
 Etot   =    -10264.9887  EKtot   =      2413.4646  EPtot      =    -12678.4533
 BOND   =         0.0000  ANGLE   =         0.0000  DIHED      =         0.0000
 1-4 NB =         0.0000  1-4 EEL =         0.0000  VDWAALS    =      1905.7541
 EELEC  =    -14584.2074  EHBOND  =         0.0000  RESTRAINT  =         0.0000
 EKCMT  =      1207.5064  VIRIAL  =      1115.5107  VOLUME     =     40742.1618
                                                    Density    =         0.9827
 DV/DL  =        -2.0973
 ------------------------------------------------------------------------------
 NSTEP =  1190000   TIME(PS) =    2630.000  TEMP(K) =   298.84  PRESS =  -201.9
 Etot   =    -10313.2855  EKtot   =      2384.8833  EPtot      =    -12698.1688
 BOND   =         0.0000  ANGLE   =         0.0000  DIHED      =         0.0000
 1-4 NB =         0.0000  1-4 EEL =         0.0000  VDWAALS    =      1850.1168
 EELEC  =    -14548.2856  EHBOND  =         0.0000  RESTRAINT  =         0.0000
 EKCMT  =      1173.9809  VIRIAL  =      1351.1919  VOLUME     =     40658.9202
                                                    Density    =         0.9847
 DV/DL  =        -2.6675
 ------------------------------------------------------------------------------
 NSTEP =  1320000   TIME(PS) =    2890.000  TEMP(K) =   300.39  PRESS =   -69.9
 Etot   =    -10340.8746  EKtot   =      2397.2925  EPtot      =    -12738.1671
 BOND   =         0.0000  ANGLE   =         0.0000  DIHED      =         0.0000
 1-4 NB =         0.0000  1-4 EEL =         0.0000  VDWAALS    =      1889.6897
 EELEC  =    -14627.8568  EHBOND  =         0.0000  RESTRAINT  =         0.0000
 EKCMT  =      1217.3305  VIRIAL  =      1278.5802  VOLUME     =     40611.4663
                                                    Density    =         0.9859
 DV/DL  =        -9.1748
 ------------------------------------------------------------------------------
 NSTEP =  1450000   TIME(PS) =    3150.000  TEMP(K) =   303.74  PRESS =   121.6
 Etot   =    -10349.1812  EKtot   =      2424.0520  EPtot      =    -12773.2332
 BOND   =         0.0000  ANGLE   =         0.0000  DIHED      =         0.0000
 1-4 NB =         0.0000  1-4 EEL =         0.0000  VDWAALS    =      1943.7167
 EELEC  =    -14716.9499  EHBOND  =         0.0000  RESTRAINT  =         0.0000
 EKCMT  =      1209.1975  VIRIAL  =      1102.1239  VOLUME     =     40773.7930
                                                    Density    =         0.9819
 DV/DL  =        -5.0674
 ------------------------------------------------------------------------------
 NSTEP =  1580000   TIME(PS) =    3410.000  TEMP(K) =   304.60  PRESS =   116.0
 Etot   =    -10409.2566  EKtot   =      2430.8455  EPtot      =    -12840.1020
 BOND   =         0.0000  ANGLE   =         0.0000  DIHED      =         0.0000
 1-4 NB =         0.0000  1-4 EEL =         0.0000  VDWAALS    =      1953.6677
 EELEC  =    -14793.7697  EHBOND  =         0.0000  RESTRAINT  =         0.0000
 EKCMT  =      1221.7451  VIRIAL  =      1119.9081  VOLUME     =     40652.5075
                                                    Density    =         0.9849
 DV/DL  =        -2.2226
 ------------------------------------------------------------------------------
 NSTEP =  1710000   TIME(PS) =    3670.000  TEMP(K) =   298.86  PRESS =  -199.3
 Etot   =    -10377.7881  EKtot   =      2385.0935  EPtot      =    -12762.8816
 BOND   =         0.0000  ANGLE   =         0.0000  DIHED      =         0.0000
 1-4 NB =         0.0000  1-4 EEL =         0.0000  VDWAALS    =      1853.4265
 EELEC  =    -14616.3081  EHBOND  =         0.0000  RESTRAINT  =         0.0000
 EKCMT  =      1187.6206  VIRIAL  =      1362.0895  VOLUME     =     40543.6943
                                                    Density    =         0.9875
 DV/DL  =        -3.9476
 ------------------------------------------------------------------------------
 NSTEP =  1840000   TIME(PS) =    3930.000  TEMP(K) =   298.13  PRESS =  -127.7
 Etot   =    -10275.3940  EKtot   =      2379.2722  EPtot      =    -12654.6663
 BOND   =         0.0000  ANGLE   =         0.0000  DIHED      =         0.0000
 1-4 NB =         0.0000  1-4 EEL =         0.0000  VDWAALS    =      1848.7591
 EELEC  =    -14503.4254  EHBOND  =         0.0000  RESTRAINT  =         0.0000
 EKCMT  =      1222.4613  VIRIAL  =      1334.7513  VOLUME     =     40719.1923
                                                    Density    =         0.9832
 DV/DL  =        -4.6189
 ------------------------------------------------------------------------------
 NSTEP =  1980000   TIME(PS) =    4210.000  TEMP(K) =   295.48  PRESS =    84.0
 Etot   =    -10450.4233  EKtot   =      2358.1187  EPtot      =    -12808.5420
 BOND   =         0.0000  ANGLE   =         0.0000  DIHED      =         0.0000
 1-4 NB =         0.0000  1-4 EEL =         0.0000  VDWAALS    =      1938.9556
 EELEC  =    -14747.4976  EHBOND  =         0.0000  RESTRAINT  =         0.0000
 EKCMT  =      1170.8285  VIRIAL  =      1097.1072  VOLUME     =     40655.5390
                                                    Density    =         0.9848
 DV/DL  =        -6.0385
 ------------------------------------------------------------------------------
 NSTEP =  2110000   TIME(PS) =    4470.000  TEMP(K) =   297.99  PRESS =   -27.8
 Etot   =    -10307.3310  EKtot   =      2378.1333  EPtot      =    -12685.4643
 BOND   =         0.0000  ANGLE   =         0.0000  DIHED      =         0.0000
 1-4 NB =         0.0000  1-4 EEL =         0.0000  VDWAALS    =      1887.8889
 EELEC  =    -14573.3532  EHBOND  =         0.0000  RESTRAINT  =         0.0000
 EKCMT  =      1206.1513  VIRIAL  =      1230.5498  VOLUME     =     40694.1721
                                                    Density    =         0.9839
 DV/DL  =        -5.8696
 ------------------------------------------------------------------------------
 NSTEP =  2240000   TIME(PS) =    4730.000  TEMP(K) =   295.91  PRESS =   117.2
 Etot   =    -10435.5162  EKtot   =      2361.5459  EPtot      =    -12797.0621
 BOND   =         0.0000  ANGLE   =         0.0000  DIHED      =         0.0000
 1-4 NB =         0.0000  1-4 EEL =         0.0000  VDWAALS    =      1953.1873
 EELEC  =    -14750.2494  EHBOND  =         0.0000  RESTRAINT  =         0.0000
 EKCMT  =      1159.7663  VIRIAL  =      1056.4875  VOLUME     =     40806.5780
                                                    Density    =         0.9811
 DV/DL  =         4.7776
 ------------------------------------------------------------------------------
 NSTEP =  2370000   TIME(PS) =    4990.000  TEMP(K) =   304.54  PRESS =  -720.3
 Etot   =    -10373.6227  EKtot   =      2430.4326  EPtot      =    -12804.0553
 BOND   =         0.0000  ANGLE   =         0.0000  DIHED      =         0.0000
 1-4 NB =         0.0000  1-4 EEL =         0.0000  VDWAALS    =      1795.0344
 EELEC  =    -14599.0897  EHBOND  =         0.0000  RESTRAINT  =         0.0000
 EKCMT  =      1237.6684  VIRIAL  =      1872.8934  VOLUME     =     40844.7788
                                                    Density    =         0.9802
 DV/DL  =        -2.1268
 ------------------------------------------------------------------------------
 NSTEP =  2500000   TIME(PS) =    5250.000  TEMP(K) =   302.99  PRESS =  -354.8
 Etot   =    -10234.4956  EKtot   =      2418.0442  EPtot      =    -12652.5398
 BOND   =         0.0000  ANGLE   =         0.0000  DIHED      =         0.0000
 1-4 NB =         0.0000  1-4 EEL =         0.0000  VDWAALS    =      1805.7283
 EELEC  =    -14458.2681  EHBOND  =         0.0000  RESTRAINT  =         0.0000
 EKCMT  =      1195.3650  VIRIAL  =      1506.9158  VOLUME     =     40669.6476
                                                    Density    =         0.9844
 DV/DL  =        -8.8237
 ------------------------------------------------------------------------------
   5.  TIMINGS
